2019.11.26 14:19 B C:\Chincoteague.com\Webpages\chinco-page-listings\images\vacation-rental-homes\original\adip.jpg --> www.chincoteague.com /usr/home/daiseys/public_html/chinco-page/listings/images/vacation-rental-homes/original adip.jpg
2019.11.26 14:19 B C:\Chincoteague.com\Webpages\chinco-page-listings\images\vacation-rental-homes\original\allseasons.jpg --> www.chincoteague.com /usr/home/daiseys/public_html/chinco-page/listings/images/vacation-rental-homes/original allseasons.jpg
2019.11.26 14:19 B C:\Chincoteague.com\Webpages\chinco-page-listings\images\vacation-rental-homes\original\almostheaven.jpg --> www.chincoteague.com /usr/home/daiseys/public_html/chinco-page/listings/images/vacation-rental-homes/original almostheaven.jpg
2019.11.26 14:19 B C:\Chincoteague.com\Webpages\chinco-page-listings\images\vacation-rental-homes\original\appletree.jpg --> www.chincoteague.com /usr/home/daiseys/public_html/chinco-page/listings/images/vacation-rental-homes/original appletree.jpg
2019.11.26 14:19 B C:\Chincoteague.com\Webpages\chinco-page-listings\images\vacation-rental-homes\original\baywatch-rentals.jpg --> www.chincoteague.com /usr/home/daiseys/public_html/chinco-page/listings/images/vacation-rental-homes/original baywatch-rentals.jpg
2019.11.26 14:19 B C:\Chincoteague.com\Webpages\chinco-page-listings\images\vacation-rental-homes\original\baywatchsuite2.jpg --> www.chincoteague.com /usr/home/daiseys/public_html/chinco-page/listings/images/vacation-rental-homes/original baywatchsuite2.jpg
2019.11.26 14:19 B C:\Chincoteague.com\Webpages\chinco-page-listings\images\vacation-rental-homes\original\blue-haven.jpg --> www.chincoteague.com /usr/home/daiseys/public_html/chinco-page/listings/images/vacation-rental-homes/original blue-haven.jpg
2019.11.26 14:19 B C:\Chincoteague.com\Webpages\chinco-page-listings\images\vacation-rental-homes\original\bradleylane.jpg --> www.chincoteague.com /usr/home/daiseys/public_html/chinco-page/listings/images/vacation-rental-homes/original bradleylane.jpg
2019.11.26 14:19 B C:\Chincoteague.com\Webpages\chinco-page-listings\images\vacation-rental-homes\original\captainsquarters.jpg --> www.chincoteague.com /usr/home/daiseys/public_html/chinco-page/listings/images/vacation-rental-homes/original captainsquarters.jpg
2019.11.26 14:19 B C:\Chincoteague.com\Webpages\chinco-page-listings\images\vacation-rental-homes\original\channelview.jpg --> www.chincoteague.com /usr/home/daiseys/public_html/chinco-page/listings/images/vacation-rental-homes/original channelview.jpg
2019.11.26 14:19 B C:\Chincoteague.com\Webpages\chinco-page-listings\images\vacation-rental-homes\original\Deep-Hole-Creek-House.jpg --> www.chincoteague.com /usr/home/daiseys/public_html/chinco-page/listings/images/vacation-rental-homes/original Deep-Hole-Creek-House.jpg
2019.11.26 14:19 B C:\Chincoteague.com\Webpages\chinco-page-listings\images\vacation-rental-homes\original\east-side-marina.jpg --> www.chincoteague.com /usr/home/daiseys/public_html/chinco-page/listings/images/vacation-rental-homes/original east-side-marina.jpg
2019.11.26 14:19 B C:\Chincoteague.com\Webpages\chinco-page-listings\images\vacation-rental-homes\original\edi_vacations_banner.jpg --> www.chincoteague.com /usr/home/daiseys/public_html/chinco-page/listings/images/vacation-rental-homes/original edi_vacations_banner.jpg
2019.11.26 14:19 B C:\Chincoteague.com\Webpages\chinco-page-listings\images\vacation-rental-homes\original\gandbrentals.jpg --> www.chincoteague.com /usr/home/daiseys/public_html/chinco-page/listings/images/vacation-rental-homes/original gandbrentals.jpg
2019.11.26 14:19 B C:\Chincoteague.com\Webpages\chinco-page-listings\images\vacation-rental-homes\original\grey-heron.jpg --> www.chincoteague.com /usr/home/daiseys/public_html/chinco-page/listings/images/vacation-rental-homes/original grey-heron.jpg
2019.11.26 14:19 B C:\Chincoteague.com\Webpages\chinco-page-listings\images\vacation-rental-homes\original\happiness_house.jpg --> www.chincoteague.com /usr/home/daiseys/public_html/chinco-page/listings/images/vacation-rental-homes/original happiness_house.jpg
2019.11.26 14:19 B C:\Chincoteague.com\Webpages\chinco-page-listings\images\vacation-rental-homes\original\holiday-cottages.jpg --> www.chincoteague.com /usr/home/daiseys/public_html/chinco-page/listings/images/vacation-rental-homes/original holiday-cottages.jpg
2019.11.26 14:19 B C:\Chincoteague.com\Webpages\chinco-page-listings\images\vacation-rental-homes\original\moorings-north.jpg --> www.chincoteague.com /usr/home/daiseys/public_html/chinco-page/listings/images/vacation-rental-homes/original moorings-north.jpg
2019.11.26 14:19 B C:\Chincoteague.com\Webpages\chinco-page-listings\images\vacation-rental-homes\original\myrtle-on-mumford.jpg --> www.chincoteague.com /usr/home/daiseys/public_html/chinco-page/listings/images/vacation-rental-homes/original myrtle-on-mumford.jpg
2019.11.26 14:19 B C:\Chincoteague.com\Webpages\chinco-page-listings\images\vacation-rental-homes\original\ocean-cabanas.jpg --> www.chincoteague.com /usr/home/daiseys/public_html/chinco-page/listings/images/vacation-rental-homes/original ocean-cabanas.jpg
2019.11.26 14:19 B C:\Chincoteague.com\Webpages\chinco-page-listings\images\vacation-rental-homes\original\saltydogs.jpg --> www.chincoteague.com /usr/home/daiseys/public_html/chinco-page/listings/images/vacation-rental-homes/original saltydogs.jpg
2019.11.26 14:19 B C:\Chincoteague.com\Webpages\chinco-page-listings\images\vacation-rental-homes\original\sea-shell-cottages.jpg --> www.chincoteague.com /usr/home/daiseys/public_html/chinco-page/listings/images/vacation-rental-homes/original sea-shell-cottages.jpg
2019.11.26 14:19 B C:\Chincoteague.com\Webpages\chinco-page-listings\images\vacation-rental-homes\original\sip.jpg --> www.chincoteague.com /usr/home/daiseys/public_html/chinco-page/listings/images/vacation-rental-homes/original sip.jpg
2019.11.26 14:19 B C:\Chincoteague.com\Webpages\chinco-page-listings\images\vacation-rental-homes\original\sos-backup.jpg --> www.chincoteague.com /usr/home/daiseys/public_html/chinco-page/listings/images/vacation-rental-homes/original sos-backup.jpg
2019.11.26 14:19 B C:\Chincoteague.com\Webpages\chinco-page-listings\images\vacation-rental-homes\original\sos.jpg --> www.chincoteague.com /usr/home/daiseys/public_html/chinco-page/listings/images/vacation-rental-homes/original sos.jpg
2019.11.26 14:19 B C:\Chincoteague.com\Webpages\chinco-page-listings\images\vacation-rental-homes\original\sos.pspimage --> www.chincoteague.com /usr/home/daiseys/public_html/chinco-page/listings/images/vacation-rental-homes/original sos.pspimage
2019.11.26 14:19 B C:\Chincoteague.com\Webpages\chinco-page-listings\images\vacation-rental-homes\original\spinnaker-house.jpg --> www.chincoteague.com /usr/home/daiseys/public_html/chinco-page/listings/images/vacation-rental-homes/original spinnaker-house.jpg
2019.11.26 14:19 B C:\Chincoteague.com\Webpages\chinco-page-listings\images\vacation-rental-homes\original\sunset-bay.jpg --> www.chincoteague.com /usr/home/daiseys/public_html/chinco-page/listings/images/vacation-rental-homes/original sunset-bay.jpg
2019.12.21 13:03 B C:\Chincoteague.com\Webpages\new\chinco-page\listings\images\vacation-rental-homes\original\adip.jpg --> www.chincoteague.com /usr/home/daiseys/public_html/new/chinco-page/listings/images/vacation-rental-homes/original adip.jpg
2019.12.21 13:03 B C:\Chincoteague.com\Webpages\new\chinco-page\listings\images\vacation-rental-homes\original\allseasons.jpg --> www.chincoteague.com /usr/home/daiseys/public_html/new/chinco-page/listings/images/vacation-rental-homes/original allseasons.jpg
2019.12.21 13:03 B C:\Chincoteague.com\Webpages\new\chinco-page\listings\images\vacation-rental-homes\original\almostheaven.jpg --> www.chincoteague.com /usr/home/daiseys/public_html/new/chinco-page/listings/images/vacation-rental-homes/original almostheaven.jpg
2019.12.21 13:03 B C:\Chincoteague.com\Webpages\new\chinco-page\listings\images\vacation-rental-homes\original\appletree.jpg --> www.chincoteague.com /usr/home/daiseys/public_html/new/chinco-page/listings/images/vacation-rental-homes/original appletree.jpg
2019.12.21 13:03 B C:\Chincoteague.com\Webpages\new\chinco-page\listings\images\vacation-rental-homes\original\baywatch-rentals.jpg --> www.chincoteague.com /usr/home/daiseys/public_html/new/chinco-page/listings/images/vacation-rental-homes/original baywatch-rentals.jpg
2019.12.21 13:03 B C:\Chincoteague.com\Webpages\new\chinco-page\listings\images\vacation-rental-homes\original\baywatchsuite2.jpg --> www.chincoteague.com /usr/home/daiseys/public_html/new/chinco-page/listings/images/vacation-rental-homes/original baywatchsuite2.jpg
2019.12.21 13:03 B C:\Chincoteague.com\Webpages\new\chinco-page\listings\images\vacation-rental-homes\original\blue-haven.jpg --> www.chincoteague.com /usr/home/daiseys/public_html/new/chinco-page/listings/images/vacation-rental-homes/original blue-haven.jpg
2019.12.21 13:03 B C:\Chincoteague.com\Webpages\new\chinco-page\listings\images\vacation-rental-homes\original\bradleylane.jpg --> www.chincoteague.com /usr/home/daiseys/public_html/new/chinco-page/listings/images/vacation-rental-homes/original bradleylane.jpg
2019.12.21 13:03 B C:\Chincoteague.com\Webpages\new\chinco-page\listings\images\vacation-rental-homes\original\captainsquarters.jpg --> www.chincoteague.com /usr/home/daiseys/public_html/new/chinco-page/listings/images/vacation-rental-homes/original captainsquarters.jpg
2019.12.21 13:03 B C:\Chincoteague.com\Webpages\new\chinco-page\listings\images\vacation-rental-homes\original\channelview.jpg --> www.chincoteague.com /usr/home/daiseys/public_html/new/chinco-page/listings/images/vacation-rental-homes/original channelview.jpg
2019.12.21 13:03 B C:\Chincoteague.com\Webpages\new\chinco-page\listings\images\vacation-rental-homes\original\Deep-Hole-Creek-House.jpg --> www.chincoteague.com /usr/home/daiseys/public_html/new/chinco-page/listings/images/vacation-rental-homes/original Deep-Hole-Creek-House.jpg
2019.12.21 13:03 B C:\Chincoteague.com\Webpages\new\chinco-page\listings\images\vacation-rental-homes\original\east-side-marina.jpg --> www.chincoteague.com /usr/home/daiseys/public_html/new/chinco-page/listings/images/vacation-rental-homes/original east-side-marina.jpg
2019.12.21 13:03 B C:\Chincoteague.com\Webpages\new\chinco-page\listings\images\vacation-rental-homes\original\edi_vacations_banner.jpg --> www.chincoteague.com /usr/home/daiseys/public_html/new/chinco-page/listings/images/vacation-rental-homes/original edi_vacations_banner.jpg
2019.12.21 13:03 B C:\Chincoteague.com\Webpages\new\chinco-page\listings\images\vacation-rental-homes\original\gandbrentals.jpg --> www.chincoteague.com /usr/home/daiseys/public_html/new/chinco-page/listings/images/vacation-rental-homes/original gandbrentals.jpg
2019.12.21 13:03 B C:\Chincoteague.com\Webpages\new\chinco-page\listings\images\vacation-rental-homes\original\grey-heron.jpg --> www.chincoteague.com /usr/home/daiseys/public_html/new/chinco-page/listings/images/vacation-rental-homes/original grey-heron.jpg
2019.12.21 13:03 B C:\Chincoteague.com\Webpages\new\chinco-page\listings\images\vacation-rental-homes\original\happiness_house.jpg --> www.chincoteague.com /usr/home/daiseys/public_html/new/chinco-page/listings/images/vacation-rental-homes/original happiness_house.jpg
2019.12.21 13:03 B C:\Chincoteague.com\Webpages\new\chinco-page\listings\images\vacation-rental-homes\original\holiday-cottages.jpg --> www.chincoteague.com /usr/home/daiseys/public_html/new/chinco-page/listings/images/vacation-rental-homes/original holiday-cottages.jpg
2019.12.21 13:03 B C:\Chincoteague.com\Webpages\new\chinco-page\listings\images\vacation-rental-homes\original\moorings-north.jpg --> www.chincoteague.com /usr/home/daiseys/public_html/new/chinco-page/listings/images/vacation-rental-homes/original moorings-north.jpg
2019.12.21 13:03 B C:\Chincoteague.com\Webpages\new\chinco-page\listings\images\vacation-rental-homes\original\myrtle-on-mumford.jpg --> www.chincoteague.com /usr/home/daiseys/public_html/new/chinco-page/listings/images/vacation-rental-homes/original myrtle-on-mumford.jpg
2019.12.21 13:03 B C:\Chincoteague.com\Webpages\new\chinco-page\listings\images\vacation-rental-homes\original\ocean-cabanas.jpg --> www.chincoteague.com /usr/home/daiseys/public_html/new/chinco-page/listings/images/vacation-rental-homes/original ocean-cabanas.jpg
2019.12.21 13:03 B C:\Chincoteague.com\Webpages\new\chinco-page\listings\images\vacation-rental-homes\original\saltydogs.jpg --> www.chincoteague.com /usr/home/daiseys/public_html/new/chinco-page/listings/images/vacation-rental-homes/original saltydogs.jpg
2019.12.21 13:03 B C:\Chincoteague.com\Webpages\new\chinco-page\listings\images\vacation-rental-homes\original\sea-shell-cottages.jpg --> www.chincoteague.com /usr/home/daiseys/public_html/new/chinco-page/listings/images/vacation-rental-homes/original sea-shell-cottages.jpg
2019.12.21 13:03 B C:\Chincoteague.com\Webpages\new\chinco-page\listings\images\vacation-rental-homes\original\sip.jpg --> www.chincoteague.com /usr/home/daiseys/public_html/new/chinco-page/listings/images/vacation-rental-homes/original sip.jpg
2019.12.21 13:03 B C:\Chincoteague.com\Webpages\new\chinco-page\listings\images\vacation-rental-homes\original\sos-backup.jpg --> www.chincoteague.com /usr/home/daiseys/public_html/new/chinco-page/listings/images/vacation-rental-homes/original sos-backup.jpg
2019.12.21 13:03 B C:\Chincoteague.com\Webpages\new\chinco-page\listings\images\vacation-rental-homes\original\sos.jpg --> www.chincoteague.com /usr/home/daiseys/public_html/new/chinco-page/listings/images/vacation-rental-homes/original sos.jpg
2019.12.21 13:03 B C:\Chincoteague.com\Webpages\new\chinco-page\listings\images\vacation-rental-homes\original\sos.pspimage --> www.chincoteague.com /usr/home/daiseys/public_html/new/chinco-page/listings/images/vacation-rental-homes/original sos.pspimage
2019.12.21 13:03 B C:\Chincoteague.com\Webpages\new\chinco-page\listings\images\vacation-rental-homes\original\spinnaker-house.jpg --> www.chincoteague.com /usr/home/daiseys/public_html/new/chinco-page/listings/images/vacation-rental-homes/original spinnaker-house.jpg
2019.12.21 13:03 B C:\Chincoteague.com\Webpages\new\chinco-page\listings\images\vacation-rental-homes\original\sunset-bay.jpg --> www.chincoteague.com /usr/home/daiseys/public_html/new/chinco-page/listings/images/vacation-rental-homes/original sunset-bay.jpg
2019.12.21 13:03 B C:\Chincoteague.com\Webpages\new\chinco-page\listings\images\vacation-rental-homes\original\WS_FTP.LOG --> www.chincoteague.com /usr/home/daiseys/public_html/new/chinco-page/listings/images/vacation-rental-homes/original WS_FTP.LOG
