2019.11.29 16:31 B C:\Chincoteague.com\Webpages\chinco-page\js\chincoMap.js --> www.chincoteague.com /usr/home/daiseys/public_html/chinco-page/js chincoMap.js
2019.11.29 16:42 B C:\Chincoteague.com\Webpages\chinco-page\js\chincoMap.js --> www.chincoteague.com /usr/home/daiseys/public_html/chinco-page/js chincoMap.js
2019.11.29 16:50 B C:\Chincoteague.com\Webpages\chinco-page\js\chincoMap.js --> www.chincoteague.com /usr/home/daiseys/public_html/chinco-page/js chincoMap.js
2019.11.30 08:48 B C:\Chincoteague.com\Webpages\chinco-page\js\chincoMap.js --> www.chincoteague.com /usr/home/daiseys/public_html/chinco-page/js chincoMap.js
2019.11.30 08:49 B C:\Chincoteague.com\Webpages\chinco-page\js\chincoMap.js --> www.chincoteague.com /usr/home/daiseys/public_html/chinco-page/js chincoMap.js
2019.11.30 09:46 B C:\Chincoteague.com\Webpages\chinco-page\js\chincoMap.js --> www.chincoteague.com /usr/home/daiseys/public_html/chinco-page/js chincoMap.js
2019.11.30 09:50 B C:\Chincoteague.com\Webpages\chinco-page\js\chincoMap.js --> www.chincoteague.com /usr/home/daiseys/public_html/chinco-page/js chincoMap.js
2019.11.30 09:56 B C:\Chincoteague.com\Webpages\chinco-page\js\chincoMap.js --> www.chincoteague.com /usr/home/daiseys/public_html/chinco-page/js chincoMap.js
2019.11.30 10:08 B C:\Chincoteague.com\Webpages\chinco-page\js\chincoMap.js --> www.chincoteague.com /usr/home/daiseys/public_html/chinco-page/js chincoMap.js
2019.11.30 10:14 B C:\Chincoteague.com\Webpages\chinco-page\js\chincoMap.js --> www.chincoteague.com /usr/home/daiseys/public_html/chinco-page/js chincoMap.js
2019.11.30 10:19 B C:\Chincoteague.com\Webpages\chinco-page\js\chincoMap.js --> www.chincoteague.com /usr/home/daiseys/public_html/chinco-page/js chincoMap.js
2019.11.30 10:25 B C:\Chincoteague.com\Webpages\chinco-page\js\chincoMap.js --> www.chincoteague.com /usr/home/daiseys/public_html/chinco-page/js chincoMap.js
2019.11.30 16:27 B C:\Chincoteague.com\Webpages\chinco-page\js\chincoMap.js --> www.chincoteague.com /usr/home/daiseys/public_html/chinco-page/js chincoMap.js
2019.12.01 09:24 B C:\Chincoteague.com\Webpages\chinco-page\js\chincoMap.js --> www.chincoteague.com /usr/home/daiseys/public_html/chinco-page/js chincoMap.js
2019.12.01 09:31 B C:\Chincoteague.com\Webpages\chinco-page\js\chincoMap.js --> www.chincoteague.com /usr/home/daiseys/public_html/chinco-page/js chincoMap.js
2019.12.01 09:35 B C:\Chincoteague.com\Webpages\chinco-page\js\chincoMap.js --> www.chincoteague.com /usr/home/daiseys/public_html/chinco-page/js chincoMap.js
2019.12.01 09:36 B C:\Chincoteague.com\Webpages\chinco-page\js\chincoMap.js --> www.chincoteague.com /usr/home/daiseys/public_html/chinco-page/js chincoMap.js
2019.12.01 09:54 B C:\Chincoteague.com\Webpages\chinco-page\js\chincoMap.js --> www.chincoteague.com /usr/home/daiseys/public_html/chinco-page/js chincoMap.js
2019.12.01 12:12 B C:\Chincoteague.com\Webpages\chinco-page\js\chincoMap.js --> www.chincoteague.com /usr/home/daiseys/public_html/chinco-page/js chincoMap.js
2019.12.01 12:17 B C:\Chincoteague.com\Webpages\chinco-page\js\chincoMap.js --> www.chincoteague.com /usr/home/daiseys/public_html/chinco-page/js chincoMap.js
2019.12.01 12:19 B C:\Chincoteague.com\Webpages\chinco-page\js\chincoMap.js --> www.chincoteague.com /usr/home/daiseys/public_html/chinco-page/js chincoMap.js
2019.12.01 12:21 B C:\Chincoteague.com\Webpages\chinco-page\js\chincoMap.js --> www.chincoteague.com /usr/home/daiseys/public_html/chinco-page/js chincoMap.js
2019.12.01 12:22 B C:\Chincoteague.com\Webpages\chinco-page\js\chincoMap.js --> www.chincoteague.com /usr/home/daiseys/public_html/chinco-page/js chincoMap.js
2019.12.01 19:47 B C:\Chincoteague.com\Webpages\chinco-page\js\chincoMap.js --> www.chincoteague.com /usr/home/daiseys/public_html/chinco-page/js chincoMap.js
2019.12.01 19:50 B C:\Chincoteague.com\Webpages\chinco-page\js\chincoMap.js --> www.chincoteague.com /usr/home/daiseys/public_html/chinco-page/js chincoMap.js
2019.12.01 19:51 B C:\Chincoteague.com\Webpages\chinco-page\js\chincoMap.js --> www.chincoteague.com /usr/home/daiseys/public_html/chinco-page/js chincoMap.js
2019.12.01 20:33 B C:\Chincoteague.com\Webpages\chinco-page\js\chincoMap.js --> www.chincoteague.com /usr/home/daiseys/public_html/chinco-page/js chincoMap.js
2019.12.01 21:12 B C:\Chincoteague.com\Webpages\chinco-page\js\chincoMap.js --> www.chincoteague.com /usr/home/daiseys/public_html/chinco-page/js chincoMap.js
2019.12.21 12:58 B C:\Chincoteague.com\Webpages\new\chinco-page\js\chincoMap.js --> www.chincoteague.com /usr/home/daiseys/public_html/new/chinco-page/js chincoMap.js
2019.12.21 12:58 B C:\Chincoteague.com\Webpages\new\chinco-page\js\WS_FTP.LOG --> www.chincoteague.com /usr/home/daiseys/public_html/new/chinco-page/js WS_FTP.LOG
2020.01.16 20:52 B C:\Chincoteague.com\Webpages\new\chinco-page\js\test.js --> www.chincoteague.com /usr/home/daiseys/public_html/new/chinco-page/js test.js
2020.01.16 21:03 B C:\Chincoteague.com\Webpages\new\chinco-page\js\test.js --> www.chincoteague.com /usr/home/daiseys/public_html/new/chinco-page/js test.js
2020.01.17 17:39 B C:\Chincoteague.com\Webpages\new\chinco-page\js\chincoMap-test.js --> www.chincoteague.com /usr/home/daiseys/public_html/new/chinco-page/js chincoMap-test.js
2020.01.17 17:41 B C:\Chincoteague.com\Webpages\new\chinco-page\js\chincoMap-test.js --> www.chincoteague.com /usr/home/daiseys/public_html/new/chinco-page/js chincoMap-test.js
2020.01.17 17:42 B C:\Chincoteague.com\Webpages\new\chinco-page\js\chincoMap-test.js --> www.chincoteague.com /usr/home/daiseys/public_html/new/chinco-page/js chincoMap-test.js
2020.01.17 19:53 B C:\Chincoteague.com\Webpages\new\chinco-page\js\chincoMap-test.js --> www.chincoteague.com /usr/home/daiseys/public_html/new/chinco-page/js chincoMap-test.js
2020.01.17 19:56 B C:\Chincoteague.com\Webpages\new\chinco-page\js\chincoMap-test.js --> www.chincoteague.com /usr/home/daiseys/public_html/new/chinco-page/js chincoMap-test.js
2020.01.18 19:26 A C:\Chincoteague.com\Webpages\new\chinco-page\js\chincoMap.js --> www.chincoteague.com /usr/home/daiseys/public_html/new/chinco-page/js chincoMap.js
2020.01.18 19:27 A C:\Chincoteague.com\Webpages\new\chinco-page\js\chincoMap.js --> www.chincoteague.com /usr/home/daiseys/public_html/new/chinco-page/js chincoMap.js
2020.01.18 19:27 A C:\Chincoteague.com\Webpages\new\chinco-page\js\page-top-test.php <-- Chincoteague.com /usr/home/daiseys/public_html/new/chinco-page/php page-top-test.php
2020.01.18 19:28 A C:\Chincoteague.com\Webpages\new\chinco-page\js\page-top_backup.php <-- Chincoteague.com /usr/home/daiseys/public_html/new/chinco-page/php page-top_backup.php
2020.01.18 19:31 A C:\Chincoteague.com\Webpages\new\chinco-page\js\chincoMap.js --> www.chincoteague.com /usr/home/daiseys/public_html/new/chinco-page/js chincoMap.js
2020.01.18 19:40 A C:\Chincoteague.com\Webpages\new\chinco-page\js\chincoMap.js --> www.chincoteague.com /usr/home/daiseys/public_html/new/chinco-page/js chincoMap.js
2020.01.18 19:43 A C:\Chincoteague.com\Webpages\new\chinco-page\js\chincoMap.js --> www.chincoteague.com /usr/home/daiseys/public_html/new/chinco-page/js chincoMap.js
2020.01.18 19:48 A C:\Chincoteague.com\Webpages\new\chinco-page\js\chincoMap.js --> www.chincoteague.com /usr/home/daiseys/public_html/new/chinco-page/js chincoMap.js
2020.01.18 19:54 A C:\Chincoteague.com\Webpages\new\chinco-page\js\chincoMap.js --> www.chincoteague.com /usr/home/daiseys/public_html/new chincoMap.js
2020.01.18 19:56 A C:\Chincoteague.com\Webpages\new\chinco-page\js\chincoMap.js --> www.chincoteague.com /usr/home/daiseys/public_html/new chincoMap.js
2020.01.18 19:57 A C:\Chincoteague.com\Webpages\new\chinco-page\js\chincoMap.js --> www.chincoteague.com /usr/home/daiseys/public_html/new/chinco-page/js chincoMap.js
2020.01.18 19:58 A C:\Chincoteague.com\Webpages\new\chinco-page\js\chincoMap.js --> www.chincoteague.com /usr/home/daiseys/public_html/new/chinco-page/js chincoMap.js
2020.01.18 19:59 A C:\Chincoteague.com\Webpages\new\chinco-page\js\chincoMap.js --> www.chincoteague.com /usr/home/daiseys/public_html/new/chinco-page/js chincoMap.js
2020.01.18 20:00 A C:\Chincoteague.com\Webpages\new\chinco-page\js\markers.js <-- Chincoteague.com /usr/home/daiseys/public_html/js markers.js
2020.01.18 20:07 A C:\Chincoteague.com\Webpages\new\chinco-page\js\chincoMap.js --> www.chincoteague.com /usr/home/daiseys/public_html/js chincoMap.js
2020.01.18 20:12 B C:\Chincoteague.com\Webpages\new\chinco-page\js\chincoMap.js --> www.chincoteague.com /usr/home/daiseys/public_html/new/chinco-page/js chincoMap.js
2020.01.18 20:12 B C:\Chincoteague.com\Webpages\new\chinco-page\js\chincoMap.js --> www.chincoteague.com /usr/home/daiseys/public_html/new/chinco-page/js chincoMap.js
2020.01.18 20:14 B C:\Chincoteague.com\Webpages\new\chinco-page\js\chincoMap.js --> www.chincoteague.com /usr/home/daiseys/public_html/new/chinco-page/js chincoMap.js
2020.01.18 20:14 B C:\Chincoteague.com\Webpages\new\chinco-page\js\chincoMap.js --> www.chincoteague.com /usr/home/daiseys/public_html/new/chinco-page/js chincoMap.js
2020.01.18 20:15 B C:\Chincoteague.com\Webpages\new\chinco-page\js\chincoMap.js --> www.chincoteague.com /usr/home/daiseys/public_html/new/chinco-page/js chincoMap.js
2020.01.18 20:15 B C:\Chincoteague.com\Webpages\new\chinco-page\js\chincoMap.js --> www.chincoteague.com /usr/home/daiseys/public_html/new/chinco-page/js chincoMap.js
2020.01.18 20:16 B C:\Chincoteague.com\Webpages\new\chinco-page\js\chincoMap.js --> www.chincoteague.com /usr/home/daiseys/public_html/new/chinco-page/js chincoMap.js
