2019.09.28 17:23 B C:\Chincoteague.com\Webpages\chinco-page\images\logos\chinco-page-logo.png --> www.chincoteague.com /usr/home/daiseys/public_html/chinco-page/images/logos chinco-page-logo.png
2019.09.28 17:23 B C:\Chincoteague.com\Webpages\chinco-page\images\logos\SocialSprite.png --> www.chincoteague.com /usr/home/daiseys/public_html/chinco-page/images/logos SocialSprite.png
2019.09.29 08:34 B C:\Chincoteague.com\Webpages\chinco-page\images\logos\top-logo.png --> www.chincoteague.com /usr/home/daiseys/public_html/chinco-page/images/logos top-logo.png
2019.09.29 08:38 B C:\Chincoteague.com\Webpages\chinco-page\images\logos\top-logo.png --> www.chincoteague.com /usr/home/daiseys/public_html/chinco-page/images/logos top-logo.png
2019.09.29 08:40 B C:\Chincoteague.com\Webpages\chinco-page\images\logos\top-logo.png --> www.chincoteague.com /usr/home/daiseys/public_html/chinco-page/images/logos top-logo.png
2019.09.29 08:53 B C:\Chincoteague.com\Webpages\chinco-page\images\logos\logo-dark.png --> www.chincoteague.com /usr/home/daiseys/public_html/chinco-page/images/logos logo-dark.png
2019.09.29 08:53 B C:\Chincoteague.com\Webpages\chinco-page\images\logos\logo-light.png --> www.chincoteague.com /usr/home/daiseys/public_html/chinco-page/images/logos logo-light.png
2019.09.29 11:41 B C:\Chincoteague.com\Webpages\chinco-page\images\logos\logo-light.png --> www.chincoteague.com /usr/home/daiseys/public_html/chinco-page/images/logos logo-light.png
2019.09.29 11:42 B C:\Chincoteague.com\Webpages\chinco-page\images\logos\logo-light.png --> www.chincoteague.com /usr/home/daiseys/public_html/chinco-page/images/logos logo-light.png
2019.09.29 14:14 B C:\Chincoteague.com\Webpages\chinco-page\images\logos\chinco-page-logo.png --> www.chincoteague.com /usr/home/daiseys/public_html/chinco-page/images/logos chinco-page-logo.png
2019.09.29 14:15 B C:\Chincoteague.com\Webpages\chinco-page\images\logos\chinco-page-logo.png --> www.chincoteague.com /usr/home/daiseys/public_html/chinco-page/images/logos chinco-page-logo.png
2019.09.29 14:34 B C:\Chincoteague.com\Webpages\chinco-page\images\logos\chinco-page-logo.png --> www.chincoteague.com /usr/home/daiseys/public_html/chinco-page/images/logos chinco-page-logo.png
2019.10.19 20:28 B C:\Chincoteague.com\Webpages\chinco-site\images\logos\logo-dark.png --> www.chincoteague.com /usr/home/daiseys/public_html/chinco-site/images/logos logo-dark.png
2019.10.19 20:31 B C:\Chincoteague.com\Webpages\chinco-site\images\logos\logo-dark.png --> www.chincoteague.com /usr/home/daiseys/public_html/chinco-site/images/logos logo-dark.png
2019.10.19 20:33 B C:\Chincoteague.com\Webpages\chinco-site\images\logos\logo-dark.png --> www.chincoteague.com /usr/home/daiseys/public_html/chinco-site/images/logos logo-dark.png
2019.10.19 20:46 B C:\Chincoteague.com\Webpages\chinco-site\images\logos\logo-dark.png --> www.chincoteague.com /usr/home/daiseys/public_html/chinco-site/images/logos logo-dark.png
2019.11.09 19:34 B C:\Chincoteague.com\Webpages\chinco-page\images\logos\Chincoteague_logo_reverse.png --> www.chincoteague.com /usr/home/daiseys/public_html/chinco-page/images/logos Chincoteague_logo_reverse.png
2019.11.09 19:46 B C:\Chincoteague.com\Webpages\chinco-page\images\logos\chinco-logo-bottom.png --> www.chincoteague.com /usr/home/daiseys/public_html/chinco-page/images/logos chinco-logo-bottom.png
2019.11.09 20:02 B C:\Chincoteague.com\Webpages\chinco-page\images\logos\chinco-logo-crop.png --> www.chincoteague.com /usr/home/daiseys/public_html/chinco-page/images/logos chinco-logo-crop.png
2019.11.10 12:44 B C:\Chincoteague.com\Webpages\chinco-page\images\logos\chinco-logo-top.png --> www.chincoteague.com /usr/home/daiseys/public_html/chinco-page/images/logos chinco-logo-top.png
2019.11.10 12:49 B C:\Chincoteague.com\Webpages\chinco-page\images\logos\chinco-logo-top.png --> www.chincoteague.com /usr/home/daiseys/public_html/chinco-page/images/logos chinco-logo-top.png
2019.11.10 13:22 B C:\Chincoteague.com\Webpages\chinco-page\images\logos\chinco-logo-top.png --> www.chincoteague.com /usr/home/daiseys/public_html/chinco-page/images/logos chinco-logo-top.png
2019.11.10 13:26 B C:\Chincoteague.com\Webpages\chinco-page\images\logos\chinco-logo-top.png --> www.chincoteague.com /usr/home/daiseys/public_html/chinco-page/images/logos chinco-logo-top.png
2019.11.25 20:22 B C:\Chincoteague.com\Webpages\chinco-page\images\logos\page-logo-top.png --> www.chincoteague.com /usr/home/daiseys/public_html/chinco-page/images/logos page-logo-top.png
2019.11.25 20:30 B C:\Chincoteague.com\Webpages\chinco-page\images\logos\page-logo-top.png --> www.chincoteague.com /usr/home/daiseys/public_html/chinco-page/images/logos page-logo-top.png
2019.11.26 09:29 B C:\Chincoteague.com\Webpages\chinco-page\images\logos\chinco-logo-top.png --> www.chincoteague.com /usr/home/daiseys/public_html/chinco-page/images/logos chinco-logo-top.png
2019.12.03 19:43 B C:\Chincoteague.com\Webpages\chinco-page\images\logos\chinco-logo-top-smaller.png --> www.chincoteague.com /usr/home/daiseys/public_html/chinco-page/images/logos chinco-logo-top-smaller.png
2019.12.03 19:54 B C:\Chincoteague.com\Webpages\chinco-page\images\logos\chinco-logo-top.png --> www.chincoteague.com /usr/home/daiseys/public_html/chinco-page/images/logos chinco-logo-top.png
2019.12.21 12:57 B C:\Chincoteague.com\Webpages\new\chinco-page\images\logos\chinco-logo-bottom.png --> www.chincoteague.com /usr/home/daiseys/public_html/new/chinco-page/images/logos chinco-logo-bottom.png
2019.12.21 12:57 B C:\Chincoteague.com\Webpages\new\chinco-page\images\logos\chinco-logo-top.png --> www.chincoteague.com /usr/home/daiseys/public_html/new/chinco-page/images/logos chinco-logo-top.png
2019.12.21 12:57 B C:\Chincoteague.com\Webpages\new\chinco-page\images\logos\SocialSprite.png --> www.chincoteague.com /usr/home/daiseys/public_html/new/chinco-page/images/logos SocialSprite.png
2019.12.21 12:57 B C:\Chincoteague.com\Webpages\new\chinco-page\images\logos\WS_FTP.LOG --> www.chincoteague.com /usr/home/daiseys/public_html/new/chinco-page/images/logos WS_FTP.LOG
2020.05.05 17:43 B C:\Chincoteague.com\Webpages\new\chinco-page\images\logos\chinco-logo-bottom.png --> www.chincoteague.com /usr/home/daiseys/public_html/chinco-page/images/logos chinco-logo-bottom.png
2020.05.05 17:43 B C:\Chincoteague.com\Webpages\new\chinco-page\images\logos\chinco-logo-top.png --> www.chincoteague.com /usr/home/daiseys/public_html/chinco-page/images/logos chinco-logo-top.png
2020.05.05 17:43 B C:\Chincoteague.com\Webpages\new\chinco-page\images\logos\WS_FTP.LOG --> www.chincoteague.com /usr/home/daiseys/public_html/chinco-page/images/logos WS_FTP.LOG
2020.05.05 18:08 B C:\Chincoteague.com\Webpages\new\chinco-page\images\logos\WS_FTP.LOG --> www.chincoteague.com /usr/home/daiseys/public_html/chinco-page/images/logos WS_FTP.LOG
2020.05.05 18:31 B C:\Chincoteague.com\Webpages\new\chinco-page\images\logos\chinco-logo-bottom.png --> www.chincoteague.com /usr/home/daiseys/public_html/chinco-page/images/logos chinco-logo-bottom.png
2020.05.05 18:31 B C:\Chincoteague.com\Webpages\new\chinco-page\images\logos\chinco-logo-top.png --> www.chincoteague.com /usr/home/daiseys/public_html/chinco-page/images/logos chinco-logo-top.png
2020.05.05 18:31 B C:\Chincoteague.com\Webpages\new\chinco-page\images\logos\SocialSprite.png --> www.chincoteague.com /usr/home/daiseys/public_html/chinco-page/images/logos SocialSprite.png
