2019.09.29 07:48 B C:\Chincoteague.com\Webpages\chinco-page\css\chinco-page-style.css --> www.chincoteague.com /usr/home/daiseys/public_html/chinco-page/css chinco-page-style.css
2019.09.29 07:53 B C:\Chincoteague.com\Webpages\chinco-page\css\chinco-page-style.css --> www.chincoteague.com /usr/home/daiseys/public_html/chinco-page/css chinco-page-style.css
2019.09.29 09:03 B C:\Chincoteague.com\Webpages\chinco-page\css\chinco-page-style.css --> www.chincoteague.com /usr/home/daiseys/public_html/chinco-page/css chinco-page-style.css
2019.09.29 09:04 B C:\Chincoteague.com\Webpages\chinco-page\css\chinco-page-style.css --> www.chincoteague.com /usr/home/daiseys/public_html/chinco-page/css chinco-page-style.css
2019.09.29 09:06 B C:\Chincoteague.com\Webpages\chinco-page\css\chinco-page-style.css --> www.chincoteague.com /usr/home/daiseys/public_html/chinco-page/css chinco-page-style.css
2019.09.29 09:07 B C:\Chincoteague.com\Webpages\chinco-page\css\chinco-page-style.css --> www.chincoteague.com /usr/home/daiseys/public_html/chinco-page/css chinco-page-style.css
2019.09.29 09:08 B C:\Chincoteague.com\Webpages\chinco-page\css\chinco-page-style.css --> www.chincoteague.com /usr/home/daiseys/public_html/chinco-page/css chinco-page-style.css
2019.09.29 11:43 B C:\Chincoteague.com\Webpages\chinco-page\css\chinco-page-style.css --> www.chincoteague.com /usr/home/daiseys/public_html/chinco-page/css chinco-page-style.css
2019.09.29 11:43 B C:\Chincoteague.com\Webpages\chinco-page\css\chinco-page-style.css --> www.chincoteague.com /usr/home/daiseys/public_html/chinco-page/css chinco-page-style.css
2019.09.29 15:04 B C:\Chincoteague.com\Webpages\chinco-page\css\chinco-page-style.css --> www.chincoteague.com /usr/home/daiseys/public_html/chinco-page/css chinco-page-style.css
2019.09.29 15:23 B C:\Chincoteague.com\Webpages\chinco-page\css\chinco-page-style.css --> www.chincoteague.com /usr/home/daiseys/public_html/chinco-page/css chinco-page-style.css
2019.10.16 18:24 B C:\Chincoteague.com\Webpages\chinco-site\css\page-style.css --> www.chincoteague.com /usr/home/daiseys/public_html/chinco-site/css page-style.css
2019.10.16 18:46 B C:\Chincoteague.com\Webpages\chinco-site\css\page-style2.css --> www.chincoteague.com /usr/home/daiseys/public_html/chinco-site/css page-style2.css
2019.10.16 19:28 B C:\Chincoteague.com\Webpages\chinco-site\css\page-style2.css --> www.chincoteague.com /usr/home/daiseys/public_html/chinco-site/css page-style2.css
2019.10.19 18:59 B C:\Chincoteague.com\Webpages\chinco-site\css\page-style.css --> www.chincoteague.com /usr/home/daiseys/public_html/chinco-site/css page-style.css
2019.10.19 19:02 B C:\Chincoteague.com\Webpages\chinco-site\css\page-style.css --> www.chincoteague.com /usr/home/daiseys/public_html/chinco-site/css page-style.css
2019.10.20 08:48 B C:\Chincoteague.com\Webpages\chinco-site\css\page-style.css --> www.chincoteague.com /usr/home/daiseys/public_html/chinco-site/css page-style.css
2019.10.20 08:56 B C:\Chincoteague.com\Webpages\chinco-site\css\page-style.css --> www.chincoteague.com /usr/home/daiseys/public_html/chinco-site/css page-style.css
2019.10.20 09:55 B C:\Chincoteague.com\Webpages\chinco-site\css\page-style.css --> www.chincoteague.com /usr/home/daiseys/public_html/chinco-site/css page-style.css
2019.10.20 09:59 B C:\Chincoteague.com\Webpages\chinco-site\css\page-style.css --> www.chincoteague.com /usr/home/daiseys/public_html/chinco-site/css page-style.css
2019.10.26 19:18 B C:\Chincoteague.com\Webpages\chinco-site\css\page-style.css --> www.chincoteague.com /usr/home/daiseys/public_html/chinco-site/css page-style.css
2019.10.27 13:42 B C:\Chincoteague.com\Webpages\chinco-site\css\page-style.css --> www.chincoteague.com /usr/home/daiseys/public_html/chinco-site/css page-style.css
2019.10.27 13:44 B C:\Chincoteague.com\Webpages\chinco-site\css\page-style.css --> www.chincoteague.com /usr/home/daiseys/public_html/chinco-site/css page-style.css
2019.10.27 13:46 B C:\Chincoteague.com\Webpages\chinco-site\css\page-style.css --> www.chincoteague.com /usr/home/daiseys/public_html/chinco-site/css page-style.css
2019.10.27 13:46 B C:\Chincoteague.com\Webpages\chinco-site\css\page-style.css --> www.chincoteague.com /usr/home/daiseys/public_html/chinco-site/css page-style.css
2019.10.27 13:47 B C:\Chincoteague.com\Webpages\chinco-site\css\page-style.css --> www.chincoteague.com /usr/home/daiseys/public_html/chinco-site/css page-style.css
2019.10.27 13:48 B C:\Chincoteague.com\Webpages\chinco-site\css\page-style.css --> www.chincoteague.com /usr/home/daiseys/public_html/chinco-site/css page-style.css
2019.10.27 13:49 B C:\Chincoteague.com\Webpages\chinco-site\css\page-style.css --> www.chincoteague.com /usr/home/daiseys/public_html/chinco-site/css page-style.css
2019.10.27 13:56 B C:\Chincoteague.com\Webpages\chinco-site\css\page-style.css --> www.chincoteague.com /usr/home/daiseys/public_html/chinco-site/css page-style.css
2019.10.27 13:57 B C:\Chincoteague.com\Webpages\chinco-site\css\page-style.css --> www.chincoteague.com /usr/home/daiseys/public_html/chinco-site/css page-style.css
2019.10.27 13:59 B C:\Chincoteague.com\Webpages\chinco-site\css\page-style.css --> www.chincoteague.com /usr/home/daiseys/public_html/chinco-site/css page-style.css
2019.10.27 14:06 B C:\Chincoteague.com\Webpages\chinco-site\css\page-style.css --> www.chincoteague.com /usr/home/daiseys/public_html/chinco-site/css page-style.css
2019.10.28 19:51 B C:\Chincoteague.com\Webpages\chinco-page\css\page-style.css --> www.chincoteague.com /usr/home/daiseys/public_html/chinco-page/css page-style.css
2019.10.28 19:54 B C:\Chincoteague.com\Webpages\chinco-page\css\page-style.css --> www.chincoteague.com /usr/home/daiseys/public_html/chinco-page/css page-style.css
2019.10.28 19:55 B C:\Chincoteague.com\Webpages\chinco-page\css\page-style.css --> www.chincoteague.com /usr/home/daiseys/public_html/chinco-page/css page-style.css
2019.10.29 20:09 B C:\Chincoteague.com\Webpages\chinco-page\css\page-style2.css --> www.chincoteague.com /usr/home/daiseys/public_html/chinco-page/css page-style2.css
2019.10.29 20:11 B C:\Chincoteague.com\Webpages\chinco-page\css\page-style2.css --> www.chincoteague.com /usr/home/daiseys/public_html/chinco-page/css page-style2.css
2019.10.29 20:12 B C:\Chincoteague.com\Webpages\chinco-page\css\page-style2.css --> www.chincoteague.com /usr/home/daiseys/public_html/chinco-page/css page-style2.css
2019.10.29 20:13 B C:\Chincoteague.com\Webpages\chinco-page\css\page-style2.css --> www.chincoteague.com /usr/home/daiseys/public_html/chinco-page/css page-style2.css
2019.10.29 20:14 B C:\Chincoteague.com\Webpages\chinco-page\css\page-style2.css --> www.chincoteague.com /usr/home/daiseys/public_html/chinco-page/css page-style2.css
2019.11.02 10:43 B C:\Chincoteague.com\Webpages\chinco-page\css\page-style.css --> www.chincoteague.com /usr/home/daiseys/public_html/chinco-page/css page-style.css
2019.11.02 10:58 B C:\Chincoteague.com\Webpages\chinco-page\css\page-style.css --> www.chincoteague.com /usr/home/daiseys/public_html/chinco-page/css page-style.css
2019.11.02 11:04 B C:\Chincoteague.com\Webpages\chinco-page\css\page-style.css --> www.chincoteague.com /usr/home/daiseys/public_html/chinco-page/css page-style.css
2019.11.02 11:07 B C:\Chincoteague.com\Webpages\chinco-page\css\page-style.css --> www.chincoteague.com /usr/home/daiseys/public_html/chinco-page/css page-style.css
2019.11.02 11:09 B C:\Chincoteague.com\Webpages\chinco-page\css\page-style.css --> www.chincoteague.com /usr/home/daiseys/public_html/chinco-page/css page-style.css
2019.11.07 19:35 B C:\Chincoteague.com\Webpages\chinco-page\css\page-style.css --> www.chincoteague.com /usr/home/daiseys/public_html/chinco-page/css page-style.css
2019.11.09 19:33 B C:\Chincoteague.com\Webpages\chinco-page\css\page-style.css --> www.chincoteague.com /usr/home/daiseys/public_html/chinco-page/css page-style.css
2019.11.09 20:44 B C:\Chincoteague.com\Webpages\chinco-page\css\page-style.css --> www.chincoteague.com /usr/home/daiseys/public_html/chinco-page/css page-style.css
2019.11.10 13:06 B C:\Chincoteague.com\Webpages\chinco-page\css\page-style.css --> www.chincoteague.com /usr/home/daiseys/public_html/chinco-page/css page-style.css
2019.11.25 11:53 B C:\Chincoteague.com\Webpages\chinco-page\css\page-style.css --> www.chincoteague.com /usr/home/daiseys/public_html/chinco-page/css page-style.css
2019.11.25 12:09 B C:\Chincoteague.com\Webpages\chinco-page\css\page-style.css --> www.chincoteague.com /usr/home/daiseys/public_html/chinco-page/css page-style.css
2019.11.25 12:22 B C:\Chincoteague.com\Webpages\chinco-page\css\page-style.css --> www.chincoteague.com /usr/home/daiseys/public_html/chinco-page/css page-style.css
2019.11.25 12:23 B C:\Chincoteague.com\Webpages\chinco-page\css\page-style.css --> www.chincoteague.com /usr/home/daiseys/public_html/chinco-page/css page-style.css
2019.11.25 12:23 B C:\Chincoteague.com\Webpages\chinco-page\css\page-style.css --> www.chincoteague.com /usr/home/daiseys/public_html/chinco-page/css page-style.css
2019.11.25 12:24 B C:\Chincoteague.com\Webpages\chinco-page\css\page-style.css --> www.chincoteague.com /usr/home/daiseys/public_html/chinco-page/css page-style.css
2019.11.25 12:30 B C:\Chincoteague.com\Webpages\chinco-page\css\page-style.css --> www.chincoteague.com /usr/home/daiseys/public_html/chinco-page/css page-style.css
2019.11.25 12:30 B C:\Chincoteague.com\Webpages\chinco-page\css\page-style.css --> www.chincoteague.com /usr/home/daiseys/public_html/chinco-page/css page-style.css
2019.11.25 12:33 B C:\Chincoteague.com\Webpages\chinco-page\css\page-style.css --> www.chincoteague.com /usr/home/daiseys/public_html/chinco-page/css page-style.css
2019.11.25 17:34 B C:\Chincoteague.com\Webpages\chinco-page\css\page-style.css --> www.chincoteague.com /usr/home/daiseys/public_html/chinco-page/css page-style.css
2019.11.25 17:40 B C:\Chincoteague.com\Webpages\chinco-page\css\page-style.css --> www.chincoteague.com /usr/home/daiseys/public_html/chinco-page/css page-style.css
2019.11.25 17:54 B C:\Chincoteague.com\Webpages\chinco-page\css\page-style.css --> www.chincoteague.com /usr/home/daiseys/public_html/chinco-page/css page-style.css
2019.11.25 17:55 B C:\Chincoteague.com\Webpages\chinco-page\css\page-style.css --> www.chincoteague.com /usr/home/daiseys/public_html/chinco-page/css page-style.css
2019.11.25 18:36 B C:\Chincoteague.com\Webpages\chinco-page\css\page-style.css --> www.chincoteague.com /usr/home/daiseys/public_html/chinco-page/css page-style.css
2019.11.25 18:43 B C:\Chincoteague.com\Webpages\chinco-page\css\page-style.css --> www.chincoteague.com /usr/home/daiseys/public_html/chinco-page/css page-style.css
2019.11.25 18:45 B C:\Chincoteague.com\Webpages\chinco-page\css\page-style.css --> www.chincoteague.com /usr/home/daiseys/public_html/chinco-page/css page-style.css
2019.11.25 18:46 B C:\Chincoteague.com\Webpages\chinco-page\css\page-style.css --> www.chincoteague.com /usr/home/daiseys/public_html/chinco-page/css page-style.css
2019.11.25 18:51 B C:\Chincoteague.com\Webpages\chinco-page\css\page-style.css --> www.chincoteague.com /usr/home/daiseys/public_html/chinco-page/css page-style.css
2019.11.25 18:54 B C:\Chincoteague.com\Webpages\chinco-page\css\page-style.css --> www.chincoteague.com /usr/home/daiseys/public_html/chinco-page/css page-style.css
2019.11.25 18:56 B C:\Chincoteague.com\Webpages\chinco-page\css\page-style.css --> www.chincoteague.com /usr/home/daiseys/public_html/chinco-page/css page-style.css
2019.11.25 18:57 B C:\Chincoteague.com\Webpages\chinco-page\css\page-style.css --> www.chincoteague.com /usr/home/daiseys/public_html/chinco-page/css page-style.css
2019.11.25 19:05 B C:\Chincoteague.com\Webpages\chinco-page\css\page-style.css --> www.chincoteague.com /usr/home/daiseys/public_html/chinco-page/css page-style.css
2019.11.25 19:13 B C:\Chincoteague.com\Webpages\chinco-page\css\page-style.css --> www.chincoteague.com /usr/home/daiseys/public_html/chinco-page/css page-style.css
2019.11.25 19:18 B C:\Chincoteague.com\Webpages\chinco-page\css\page-style.css --> www.chincoteague.com /usr/home/daiseys/public_html/chinco-page/css page-style.css
2019.11.25 19:21 B C:\Chincoteague.com\Webpages\chinco-page\css\page-style.css --> www.chincoteague.com /usr/home/daiseys/public_html/chinco-page/css page-style.css
2019.11.25 20:23 B C:\Chincoteague.com\Webpages\chinco-page\css\page-style.css --> www.chincoteague.com /usr/home/daiseys/public_html/chinco-page/css page-style.css
2019.11.25 20:24 B C:\Chincoteague.com\Webpages\chinco-page\css\page-style.css --> www.chincoteague.com /usr/home/daiseys/public_html/chinco-page/css page-style.css
2019.11.25 20:27 B C:\Chincoteague.com\Webpages\chinco-page\css\page-style.css --> www.chincoteague.com /usr/home/daiseys/public_html/chinco-page/css page-style.css
2019.11.25 20:34 B C:\Chincoteague.com\Webpages\chinco-page\css\page-style.css --> www.chincoteague.com /usr/home/daiseys/public_html/chinco-page/css page-style.css
2019.11.25 20:35 B C:\Chincoteague.com\Webpages\chinco-page\css\page-style.css --> www.chincoteague.com /usr/home/daiseys/public_html/chinco-page/css page-style.css
2019.11.25 20:38 B C:\Chincoteague.com\Webpages\chinco-page\css\page-style.css --> www.chincoteague.com /usr/home/daiseys/public_html/chinco-page/css page-style.css
2019.11.26 09:31 B C:\Chincoteague.com\Webpages\chinco-page\css\page-style.css --> www.chincoteague.com /usr/home/daiseys/public_html/chinco-page/css page-style.css
2019.11.26 11:21 B C:\Chincoteague.com\Webpages\chinco-page\css\page-style.css --> www.chincoteague.com /usr/home/daiseys/public_html/chinco-page/css page-style.css
2019.11.26 11:24 B C:\Chincoteague.com\Webpages\chinco-page\css\page-style.css --> www.chincoteague.com /usr/home/daiseys/public_html/chinco-page/css page-style.css
2019.11.26 11:25 B C:\Chincoteague.com\Webpages\chinco-page\css\page-style.css --> www.chincoteague.com /usr/home/daiseys/public_html/chinco-page/css page-style.css
2019.11.26 16:16 B C:\Chincoteague.com\Webpages\chinco-page\css\page-style.css --> www.chincoteague.com /usr/home/daiseys/public_html/chinco-page/css page-style.css
2019.11.26 16:16 B C:\Chincoteague.com\Webpages\chinco-page\css\page-style.css --> www.chincoteague.com /usr/home/daiseys/public_html/chinco-page/css page-style.css
2019.11.29 20:30 B C:\Chincoteague.com\Webpages\chinco-page\css\page-style.css --> www.chincoteague.com /usr/home/daiseys/public_html/chinco-page/css page-style.css
2019.11.29 20:32 B C:\Chincoteague.com\Webpages\chinco-page\css\page-style.css --> www.chincoteague.com /usr/home/daiseys/public_html/chinco-page/css page-style.css
2019.11.29 20:33 B C:\Chincoteague.com\Webpages\chinco-page\css\page-style.css --> www.chincoteague.com /usr/home/daiseys/public_html/chinco-page/css page-style.css
2019.11.29 20:35 B C:\Chincoteague.com\Webpages\chinco-page\css\page-style.css --> www.chincoteague.com /usr/home/daiseys/public_html/chinco-page/css page-style.css
2019.11.29 20:37 B C:\Chincoteague.com\Webpages\chinco-page\css\page-style.css --> www.chincoteague.com /usr/home/daiseys/public_html/chinco-page/css page-style.css
2019.11.29 20:44 B C:\Chincoteague.com\Webpages\chinco-page\css\page-style.css --> www.chincoteague.com /usr/home/daiseys/public_html/chinco-page/css page-style.css
2019.11.30 08:39 B C:\Chincoteague.com\Webpages\chinco-page\css\page-style.css --> www.chincoteague.com /usr/home/daiseys/public_html/chinco-page/css page-style.css
2019.11.30 08:39 B C:\Chincoteague.com\Webpages\chinco-page\css\page-style.css --> www.chincoteague.com /usr/home/daiseys/public_html/chinco-page/css page-style.css
2019.11.30 08:42 B C:\Chincoteague.com\Webpages\chinco-page\css\page-style.css --> www.chincoteague.com /usr/home/daiseys/public_html/chinco-page/css page-style.css
2019.11.30 08:44 B C:\Chincoteague.com\Webpages\chinco-page\css\page-style.css --> www.chincoteague.com /usr/home/daiseys/public_html/chinco-page/css page-style.css
2019.12.02 20:12 B C:\Chincoteague.com\Webpages\chinco-page\css\page-style.css --> www.chincoteague.com /usr/home/daiseys/public_html/chinco-page/css page-style.css
2019.12.02 20:22 B C:\Chincoteague.com\Webpages\chinco-page\css\page-style.css --> www.chincoteague.com /usr/home/daiseys/public_html/chinco-page/css page-style.css
2019.12.02 20:26 B C:\Chincoteague.com\Webpages\chinco-page\css\page-style.css --> www.chincoteague.com /usr/home/daiseys/public_html/chinco-page/css page-style.css
2019.12.02 20:28 B C:\Chincoteague.com\Webpages\chinco-page\css\page-style.css --> www.chincoteague.com /usr/home/daiseys/public_html/chinco-page/css page-style.css
2019.12.02 20:29 B C:\Chincoteague.com\Webpages\chinco-page\css\page-style.css --> www.chincoteague.com /usr/home/daiseys/public_html/chinco-page/css page-style.css
2019.12.02 20:30 B C:\Chincoteague.com\Webpages\chinco-page\css\page-style.css --> www.chincoteague.com /usr/home/daiseys/public_html/chinco-page/css page-style.css
2019.12.02 20:46 B C:\Chincoteague.com\Webpages\chinco-page\css\page-style.css --> www.chincoteague.com /usr/home/daiseys/public_html/chinco-page/css page-style.css
2019.12.02 20:51 B C:\Chincoteague.com\Webpages\chinco-page\css\page-style.css --> www.chincoteague.com /usr/home/daiseys/public_html/chinco-page/css page-style.css
2019.12.02 20:53 B C:\Chincoteague.com\Webpages\chinco-page\css\page-style.css --> www.chincoteague.com /usr/home/daiseys/public_html/chinco-page/css page-style.css
2019.12.03 19:38 B C:\Chincoteague.com\Webpages\chinco-page\css\page-style.css --> www.chincoteague.com /usr/home/daiseys/public_html/chinco-page/css page-style.css
2019.12.03 19:38 B C:\Chincoteague.com\Webpages\chinco-page\css\page-style.css --> www.chincoteague.com /usr/home/daiseys/public_html/chinco-page/css page-style.css
2019.12.03 19:39 B C:\Chincoteague.com\Webpages\chinco-page\css\page-style.css --> www.chincoteague.com /usr/home/daiseys/public_html/chinco-page/css page-style.css
2019.12.03 19:49 B C:\Chincoteague.com\Webpages\chinco-page\css\page-style.css --> www.chincoteague.com /usr/home/daiseys/public_html/chinco-page/css page-style.css
2019.12.03 20:02 B C:\Chincoteague.com\Webpages\chinco-page\css\page-style.css --> www.chincoteague.com /usr/home/daiseys/public_html/chinco-page/css page-style.css
2019.12.03 20:05 B C:\Chincoteague.com\Webpages\chinco-page\css\page-style.css --> www.chincoteague.com /usr/home/daiseys/public_html/chinco-page/css page-style.css
2019.12.03 20:09 B C:\Chincoteague.com\Webpages\chinco-page\css\page-style.css --> www.chincoteague.com /usr/home/daiseys/public_html page-style.css
2019.12.03 20:11 B C:\Chincoteague.com\Webpages\chinco-page\css\page-style.css --> www.chincoteague.com /usr/home/daiseys/public_html/chinco-page/css page-style.css
2019.12.03 20:19 B C:\Chincoteague.com\Webpages\chinco-page\css\page-style.css --> www.chincoteague.com /usr/home/daiseys/public_html/chinco-page/css page-style.css
2019.12.03 20:21 B C:\Chincoteague.com\Webpages\chinco-page\css\page-style.css --> www.chincoteague.com /usr/home/daiseys/public_html/chinco-page/css page-style.css
2019.12.03 20:29 B C:\Chincoteague.com\Webpages\chinco-page\css\page-style.css --> www.chincoteague.com /usr/home/daiseys/public_html/chinco-page/css page-style.css
2019.12.04 10:42 B C:\Chincoteague.com\Webpages\chinco-page\css\page-style.css --> www.chincoteague.com /usr/home/daiseys/public_html/chinco-page/css page-style.css
2019.12.21 12:44 B C:\Chincoteague.com\Webpages\new\chinco-page\css\page-style.css --> www.chincoteague.com /usr/home/daiseys/public_html/new/chinco-page/css page-style.css
2019.12.21 12:44 B C:\Chincoteague.com\Webpages\new\chinco-page\css\WS_FTP.LOG --> www.chincoteague.com /usr/home/daiseys/public_html/new/chinco-page/css WS_FTP.LOG
2019.12.21 12:57 B C:\Chincoteague.com\Webpages\new\chinco-page\css\page-style.css --> www.chincoteague.com /usr/home/daiseys/public_html/new/chinco-page/css page-style.css
2019.12.21 12:57 B C:\Chincoteague.com\Webpages\new\chinco-page\css\WS_FTP.LOG --> www.chincoteague.com /usr/home/daiseys/public_html/new/chinco-page/css WS_FTP.LOG
2019.12.21 14:49 B C:\Chincoteague.com\Webpages\new\chinco-page\css\page-style.css --> www.chincoteague.com /usr/home/daiseys/public_html/new/chinco-page/css page-style.css
2019.12.21 15:02 B C:\Chincoteague.com\Webpages\new\chinco-page\css\page-style.css --> www.chincoteague.com /usr/home/daiseys/public_html/new/chinco-page/css page-style.css
2019.12.21 15:03 B C:\Chincoteague.com\Webpages\new\chinco-page\css\page-style.css --> www.chincoteague.com /usr/home/daiseys/public_html/new/chinco-page/css page-style.css
2019.12.21 15:03 B C:\Chincoteague.com\Webpages\new\chinco-page\css\page-style.css --> www.chincoteague.com /usr/home/daiseys/public_html/new/chinco-page/css page-style.css
2019.12.21 15:07 B C:\Chincoteague.com\Webpages\new\chinco-page\css\page-style.css --> www.chincoteague.com /usr/home/daiseys/public_html/new/chinco-page/css page-style.css
2019.12.21 15:09 B C:\Chincoteague.com\Webpages\new\chinco-page\css\page-style.css --> www.chincoteague.com /usr/home/daiseys/public_html/new/chinco-page/css page-style.css
2019.12.21 15:10 B C:\Chincoteague.com\Webpages\new\chinco-page\css\page-style.css --> www.chincoteague.com /usr/home/daiseys/public_html/new/chinco-page/css page-style.css
2019.12.21 15:12 B C:\Chincoteague.com\Webpages\new\chinco-page\css\page-style.css --> www.chincoteague.com /usr/home/daiseys/public_html/new/chinco-page/css page-style.css
2019.12.21 15:16 B C:\Chincoteague.com\Webpages\new\chinco-page\css\page-style.css --> www.chincoteague.com /usr/home/daiseys/public_html/new/chinco-page/css page-style.css
2019.12.21 15:17 B C:\Chincoteague.com\Webpages\new\chinco-page\css\page-style.css --> www.chincoteague.com /usr/home/daiseys/public_html/new/chinco-page/css page-style.css
2019.12.21 15:19 B C:\Chincoteague.com\Webpages\new\chinco-page\css\page-style.css --> www.chincoteague.com /usr/home/daiseys/public_html/new/chinco-page/css page-style.css
2019.12.21 15:32 B C:\Chincoteague.com\Webpages\new\chinco-page\css\page-style.css --> www.chincoteague.com /usr/home/daiseys/public_html/new/chinco-page/css page-style.css
2019.12.21 15:33 B C:\Chincoteague.com\Webpages\new\chinco-page\css\page-style.css --> www.chincoteague.com /usr/home/daiseys/public_html/new/chinco-page/css page-style.css
2019.12.21 15:33 B C:\Chincoteague.com\Webpages\new\chinco-page\css\page-style.css --> www.chincoteague.com /usr/home/daiseys/public_html/new/chinco-page/css page-style.css
2019.12.21 15:35 B C:\Chincoteague.com\Webpages\new\chinco-page\css\page-style.css --> www.chincoteague.com /usr/home/daiseys/public_html/new/chinco-page/css page-style.css
2019.12.21 15:39 B C:\Chincoteague.com\Webpages\new\chinco-page\css\page-style.css --> www.chincoteague.com /usr/home/daiseys/public_html/new/chinco-page/css page-style.css
2019.12.21 15:40 B C:\Chincoteague.com\Webpages\new\chinco-page\css\page-style.css --> www.chincoteague.com /usr/home/daiseys/public_html/new/chinco-page/css page-style.css
2019.12.21 15:42 B C:\Chincoteague.com\Webpages\new\chinco-page\css\page-style.css --> www.chincoteague.com /usr/home/daiseys/public_html/new/chinco-page/css page-style.css
2019.12.21 15:43 B C:\Chincoteague.com\Webpages\new\chinco-page\css\page-style.css --> www.chincoteague.com /usr/home/daiseys/public_html/new/chinco-page/css page-style.css
2019.12.21 15:50 B C:\Chincoteague.com\Webpages\new\chinco-page\css\page-style.css --> www.chincoteague.com /usr/home/daiseys/public_html/new/chinco-page/css page-style.css
2019.12.21 15:51 B C:\Chincoteague.com\Webpages\new\chinco-page\css\page-style.css --> www.chincoteague.com /usr/home/daiseys/public_html/new/chinco-page/css page-style.css
2019.12.21 15:51 B C:\Chincoteague.com\Webpages\new\chinco-page\css\page-style.css --> www.chincoteague.com /usr/home/daiseys/public_html/new/chinco-page/css page-style.css
2019.12.21 15:51 B C:\Chincoteague.com\Webpages\new\chinco-page\css\page-style.css --> www.chincoteague.com /usr/home/daiseys/public_html/new/chinco-page/css page-style.css
2019.12.21 15:52 B C:\Chincoteague.com\Webpages\new\chinco-page\css\page-style.css --> www.chincoteague.com /usr/home/daiseys/public_html/new/chinco-page/css page-style.css
2019.12.21 15:52 B C:\Chincoteague.com\Webpages\new\chinco-page\css\page-style.css --> www.chincoteague.com /usr/home/daiseys/public_html/new/chinco-page/css page-style.css
2019.12.21 15:53 B C:\Chincoteague.com\Webpages\new\chinco-page\css\page-style.css --> www.chincoteague.com /usr/home/daiseys/public_html/new/chinco-page/css page-style.css
2019.12.21 15:53 B C:\Chincoteague.com\Webpages\new\chinco-page\css\page-style.css --> www.chincoteague.com /usr/home/daiseys/public_html/new/chinco-page/css page-style.css
2019.12.22 19:18 B C:\Chincoteague.com\Webpages\new\chinco-page\css\page-style.css --> www.chincoteague.com /usr/home/daiseys/public_html/new/chinco-page/css page-style.css
2019.12.22 20:13 B C:\Chincoteague.com\Webpages\new\chinco-page\css\page-style.css --> www.chincoteague.com /usr/home/daiseys/public_html/new/chinco-page/css page-style.css
2019.12.22 20:28 B C:\Chincoteague.com\Webpages\new\chinco-page\css\page-style.css --> www.chincoteague.com /usr/home/daiseys/public_html/new/chinco-page/css page-style.css
2019.12.23 08:38 B C:\Chincoteague.com\Webpages\new\chinco-page\css\page-style.css --> www.chincoteague.com /usr/home/daiseys/public_html/new/chinco-page/css page-style.css
2019.12.23 08:39 B C:\Chincoteague.com\Webpages\new\chinco-page\css\page-style.css --> www.chincoteague.com /usr/home/daiseys/public_html/new/chinco-page/css page-style.css
2019.12.23 08:40 B C:\Chincoteague.com\Webpages\new\chinco-page\css\page-style.css --> www.chincoteague.com /usr/home/daiseys/public_html/new/chinco-page/css page-style.css
2019.12.23 08:41 B C:\Chincoteague.com\Webpages\new\chinco-page\css\page-style.css --> www.chincoteague.com /usr/home/daiseys/public_html/new/chinco-page/css page-style.css
2019.12.23 08:42 B C:\Chincoteague.com\Webpages\new\chinco-page\css\page-style.css --> www.chincoteague.com /usr/home/daiseys/public_html/new/chinco-page/css page-style.css
2019.12.23 08:42 B C:\Chincoteague.com\Webpages\new\chinco-page\css\page-style.css --> www.chincoteague.com /usr/home/daiseys/public_html/new/chinco-page/css page-style.css
2019.12.23 08:56 B C:\Chincoteague.com\Webpages\new\chinco-page\css\page-style.css --> www.chincoteague.com /usr/home/daiseys/public_html/new/chinco-page/css page-style.css
2019.12.23 08:57 B C:\Chincoteague.com\Webpages\new\chinco-page\css\page-style.css --> www.chincoteague.com /usr/home/daiseys/public_html/new/chinco-page/css page-style.css
2019.12.23 08:58 B C:\Chincoteague.com\Webpages\new\chinco-page\css\page-style.css --> www.chincoteague.com /usr/home/daiseys/public_html/new/chinco-page/css page-style.css
2019.12.23 08:59 B C:\Chincoteague.com\Webpages\new\chinco-page\css\page-style.css --> www.chincoteague.com /usr/home/daiseys/public_html/new/chinco-page/css page-style.css
2019.12.23 09:51 B C:\Chincoteague.com\Webpages\new\chinco-page\css\page-style.css --> www.chincoteague.com /usr/home/daiseys/public_html/new/chinco-page/css page-style.css
2019.12.23 09:53 B C:\Chincoteague.com\Webpages\new\chinco-page\css\page-style.css --> www.chincoteague.com /usr/home/daiseys/public_html/new/chinco-page/css page-style.css
2019.12.27 14:48 B C:\Chincoteague.com\Webpages\new\chinco-page\css\page-style.css --> www.chincoteague.com /usr/home/daiseys/public_html/new/chinco-page/css page-style.css
2019.12.27 14:49 B C:\Chincoteague.com\Webpages\new\chinco-page\css\page-style.css --> www.chincoteague.com /usr/home/daiseys/public_html/new/chinco-page/css page-style.css
2019.12.27 15:00 B C:\Chincoteague.com\Webpages\new\chinco-page\css\page-style.css --> www.chincoteague.com /usr/home/daiseys/public_html/new/chinco-page/css page-style.css
2019.12.27 16:45 B C:\Chincoteague.com\Webpages\new\chinco-page\css\page-style.css --> www.chincoteague.com /usr/home/daiseys/public_html/new/chinco-page/css page-style.css
2019.12.27 16:55 B C:\Chincoteague.com\Webpages\new\chinco-page\css\page-style.css --> www.chincoteague.com /usr/home/daiseys/public_html/new/chinco-page/css page-style.css
2019.12.27 17:01 B C:\Chincoteague.com\Webpages\new\chinco-page\css\page-style.css --> www.chincoteague.com /usr/home/daiseys/public_html/new/chinco-page/css page-style.css
2019.12.27 17:03 B C:\Chincoteague.com\Webpages\new\chinco-page\css\page-style.css --> www.chincoteague.com /usr/home/daiseys/public_html/new/chinco-page/css page-style.css
2019.12.30 13:31 B C:\Chincoteague.com\Webpages\new\chinco-page\css\page-style.css --> www.chincoteague.com /usr/home/daiseys/public_html/new/chinco-page/css page-style.css
2019.12.30 13:38 B C:\Chincoteague.com\Webpages\new\chinco-page\css\page-style.css --> www.chincoteague.com /usr/home/daiseys/public_html/new/chinco-page/css page-style.css
2019.12.30 17:32 B C:\Chincoteague.com\Webpages\new\chinco-page\css\page-style.css --> www.chincoteague.com /usr/home/daiseys/public_html/new/chinco-page/css page-style.css
2019.12.30 17:49 B C:\Chincoteague.com\Webpages\new\chinco-page\css\page-style.css --> www.chincoteague.com /usr/home/daiseys/public_html/new/chinco-page/css page-style.css
2019.12.30 17:50 B C:\Chincoteague.com\Webpages\new\chinco-page\css\page-style.css --> www.chincoteague.com /usr/home/daiseys/public_html/new/chinco-page/css page-style.css
2020.01.11 18:49 B C:\Chincoteague.com\Webpages\new\chinco-page\css\page-style.css --> www.chincoteague.com /usr/home/daiseys/public_html/new/chinco-page/css page-style.css
2020.01.11 18:52 B C:\Chincoteague.com\Webpages\new\chinco-page\css\page-style.css --> www.chincoteague.com /usr/home/daiseys/public_html/new/chinco-page/css page-style.css
2020.01.11 18:55 B C:\Chincoteague.com\Webpages\new\chinco-page\css\page-style.css --> www.chincoteague.com /usr/home/daiseys/public_html/new/chinco-page/css page-style.css
2020.01.11 20:31 B C:\Chincoteague.com\Webpages\new\chinco-page\css\page-style.css --> www.chincoteague.com /usr/home/daiseys/public_html/new/chinco-page/css page-style.css
2020.01.11 20:32 B C:\Chincoteague.com\Webpages\new\chinco-page\css\page-style.css --> www.chincoteague.com /usr/home/daiseys/public_html/new/chinco-page/css page-style.css
2020.01.11 20:32 B C:\Chincoteague.com\Webpages\new\chinco-page\css\page-style.css --> www.chincoteague.com /usr/home/daiseys/public_html/new/chinco-page/css page-style.css
2020.01.11 20:36 B C:\Chincoteague.com\Webpages\new\chinco-page\css\page-style.css --> www.chincoteague.com /usr/home/daiseys/public_html/new/chinco-page/css page-style.css
2020.01.11 20:38 B C:\Chincoteague.com\Webpages\new\chinco-page\css\page-style.css --> www.chincoteague.com /usr/home/daiseys/public_html/new/chinco-page/css page-style.css
2020.01.11 20:39 B C:\Chincoteague.com\Webpages\new\chinco-page\css\page-style.css --> www.chincoteague.com /usr/home/daiseys/public_html/new/chinco-page/css page-style.css
2020.01.11 20:39 B C:\Chincoteague.com\Webpages\new\chinco-page\css\page-style.css --> www.chincoteague.com /usr/home/daiseys/public_html/new/chinco-page/css page-style.css
2020.01.11 20:40 B C:\Chincoteague.com\Webpages\new\chinco-page\css\page-style.css --> www.chincoteague.com /usr/home/daiseys/public_html/new/chinco-page/css page-style.css
2020.01.11 20:46 B C:\Chincoteague.com\Webpages\new\chinco-page\css\page-style.css --> www.chincoteague.com /usr/home/daiseys/public_html/new/chinco-page/css page-style.css
2020.01.15 19:24 B C:\Chincoteague.com\Webpages\new\chinco-page\css\page-style.css --> www.chincoteague.com /usr/home/daiseys/public_html/new/chinco-page/css page-style.css
2020.01.15 19:25 B C:\Chincoteague.com\Webpages\new\chinco-page\css\page-style.css --> www.chincoteague.com /usr/home/daiseys/public_html/new/chinco-page/css page-style.css
2020.01.15 19:25 B C:\Chincoteague.com\Webpages\new\chinco-page\css\page-style.css --> www.chincoteague.com /usr/home/daiseys/public_html/new/chinco-page/css page-style.css
2020.01.15 19:26 B C:\Chincoteague.com\Webpages\new\chinco-page\css\page-style.css --> www.chincoteague.com /usr/home/daiseys/public_html/new/chinco-page/css page-style.css
2020.01.15 19:27 B C:\Chincoteague.com\Webpages\new\chinco-page\css\page-style.css --> www.chincoteague.com /usr/home/daiseys/public_html/new/chinco-page/css page-style.css
2020.01.15 19:30 B C:\Chincoteague.com\Webpages\new\chinco-page\css\page-style.css --> www.chincoteague.com /usr/home/daiseys/public_html/new/chinco-page/css page-style.css
2020.01.15 19:30 B C:\Chincoteague.com\Webpages\new\chinco-page\css\page-style.css --> www.chincoteague.com /usr/home/daiseys/public_html/new/chinco-page/css page-style.css
2020.01.18 18:52 A C:\Chincoteague.com\Webpages\new\chinco-page\css\page-style.css --> www.chincoteague.com /usr/home/daiseys/public_html/new/chinco-page/css page-style.css
2020.01.18 18:53 A C:\Chincoteague.com\Webpages\new\chinco-page\css\page-style.css --> www.chincoteague.com /usr/home/daiseys/public_html/new/chinco-page/css page-style.css
2020.01.18 18:54 A C:\Chincoteague.com\Webpages\new\chinco-page\css\page-style.css --> www.chincoteague.com /usr/home/daiseys/public_html/new/chinco-page/css page-style.css
2020.01.18 19:04 A C:\Chincoteague.com\Webpages\new\chinco-page\css\page-style.css --> www.chincoteague.com /usr/home/daiseys/public_html/new/chinco-page/css page-style.css
2020.01.20 08:55 B C:\Chincoteague.com\Webpages\new\chinco-page\css\page-style.css --> www.chincoteague.com /usr/home/daiseys/public_html/new/chinco-page/css page-style.css
2020.01.20 08:56 B C:\Chincoteague.com\Webpages\new\chinco-page\css\page-style.css --> www.chincoteague.com /usr/home/daiseys/public_html/new/chinco-page/css page-style.css
2020.02.10 19:45 B C:\Chincoteague.com\Webpages\new\chinco-page\css\page-style.css --> www.chincoteague.com /usr/home/daiseys/public_html/new/chinco-page/css page-style.css
2020.02.12 19:38 A C:\Chincoteague.com\Webpages\new\chinco-page\css\page-style.css --> www.chincoteague.com /usr/home/daiseys/public_html/new/chinco-page/css page-style.css
2020.04.20 19:33 B C:\Chincoteague.com\Webpages\new\chinco-page\css\page-style.css --> www.chincoteague.com /usr/home/daiseys/public_html/new/chinco-page/css page-style.css
2020.04.20 19:35 B C:\Chincoteague.com\Webpages\new\chinco-page\css\page-style.css --> www.chincoteague.com /usr/home/daiseys/public_html/new/chinco-page/css page-style.css
2020.04.20 19:37 B C:\Chincoteague.com\Webpages\new\chinco-page\css\page-style.css --> www.chincoteague.com /usr/home/daiseys/public_html/new/chinco-page/css page-style.css
2020.04.20 19:38 B C:\Chincoteague.com\Webpages\new\chinco-page\css\page-style.css --> www.chincoteague.com /usr/home/daiseys/public_html/new/chinco-page/css page-style.css
2020.04.20 20:04 B C:\Chincoteague.com\Webpages\new\chinco-page\css\page-style.css --> www.chincoteague.com /usr/home/daiseys/public_html/new/chinco-page/css page-style.css
2020.04.23 20:13 B C:\Chincoteague.com\Webpages\new\chinco-page\css\page-style.css --> www.chincoteague.com /usr/home/daiseys/public_html/new/chinco-page/css page-style.css
2020.04.30 19:47 B C:\Chincoteague.com\Webpages\new\chinco-page\css\page-style.css --> www.chincoteague.com /usr/home/daiseys/public_html/new/chinco-page/css page-style.css
2020.04.30 19:48 B C:\Chincoteague.com\Webpages\new\chinco-page\css\page-style.css --> www.chincoteague.com /usr/home/daiseys/public_html/new/chinco-page/css page-style.css
2020.04.30 19:51 B C:\Chincoteague.com\Webpages\new\chinco-page\css\page-style.css --> www.chincoteague.com /usr/home/daiseys/public_html/new/chinco-page/css page-style.css
2020.05.05 17:35 B C:\Chincoteague.com\Webpages\new\chinco-page\css\page-style.css --> www.chincoteague.com /usr/home/daiseys/public_html/chinco-page/css page-style.css
2020.05.05 17:35 B C:\Chincoteague.com\Webpages\new\chinco-page\css\WS_FTP.LOG --> www.chincoteague.com /usr/home/daiseys/public_html/chinco-page/css WS_FTP.LOG
2020.05.05 17:37 B C:\Chincoteague.com\Webpages\new\chinco-page\css\WS_FTP.LOG --> www.chincoteague.com /usr/home/daiseys/public_html/chinco-page/css WS_FTP.LOG
2020.05.05 19:25 B C:\Chincoteague.com\Webpages\chinco-page\css\page-style.css --> www.chincoteague.com /usr/home/daiseys/public_html/chinco-page/css page-style.css
2020.05.05 19:29 B C:\Chincoteague.com\Webpages\chinco-page\css\page-style.css --> www.chincoteague.com /usr/home/daiseys/public_html/chinco-page/css page-style.css
2020.10.12 17:32 B C:\Chincoteague.com\Webpages\chinco-page\css\page-style.css --> www.chincoteague.com /usr/home/daiseys/public_html/chinco-page/css page-style.css
2020.10.12 17:37 B C:\Chincoteague.com\Webpages\chinco-page\css\page-style.css --> www.chincoteague.com /usr/home/daiseys/public_html/chinco-page/css page-style.css
2020.10.12 17:38 B C:\Chincoteague.com\Webpages\chinco-page\css\page-style.css --> www.chincoteague.com /usr/home/daiseys/public_html/chinco-page/css page-style.css
2020.10.12 17:41 B C:\Chincoteague.com\Webpages\chinco-page\css\page-style.css --> www.chincoteague.com /usr/home/daiseys/public_html/chinco-page/css page-style.css
2020.10.12 17:50 B C:\Chincoteague.com\Webpages\chinco-page\css\page-style.css --> www.chincoteague.com /usr/home/daiseys/public_html/chinco-page/css page-style.css
2020.10.12 17:52 B C:\Chincoteague.com\Webpages\chinco-page\css\page-style.css --> www.chincoteague.com /usr/home/daiseys/public_html/chinco-page/css page-style.css
2020.10.12 17:53 B C:\Chincoteague.com\Webpages\chinco-page\css\page-style.css --> www.chincoteague.com /usr/home/daiseys/public_html/chinco-page/css page-style.css
2020.10.12 17:55 B C:\Chincoteague.com\Webpages\chinco-page\css\page-style.css --> www.chincoteague.com /usr/home/daiseys/public_html/chinco-page/css page-style.css
2020.10.12 18:29 B C:\Chincoteague.com\Webpages\chinco-page\css\page-style.css --> www.chincoteague.com /usr/home/daiseys/public_html/chinco-page/css page-style.css
2020.10.12 18:31 B C:\Chincoteague.com\Webpages\chinco-page\css\page-style.css --> www.chincoteague.com /usr/home/daiseys/public_html/chinco-page/css page-style.css
2020.10.12 18:32 B C:\Chincoteague.com\Webpages\chinco-page\css\page-style.css --> www.chincoteague.com /usr/home/daiseys/public_html/chinco-page/css page-style.css
2020.10.12 18:33 B C:\Chincoteague.com\Webpages\chinco-page\css\page-style.css --> www.chincoteague.com /usr/home/daiseys/public_html/chinco-page/css page-style.css
