2016.12.09 10:32 B C:\Chincoteague.com\Webpages\chinco-page-listings\images\restaurants\ajs.jpg --> www.chincoteague.com /usr/home/daiseys/public_html/chinco-page-listings/images/restaurants ajs.jpg
2016.12.09 10:32 B C:\Chincoteague.com\Webpages\chinco-page-listings\images\restaurants\bills.jpg --> www.chincoteague.com /usr/home/daiseys/public_html/chinco-page-listings/images/restaurants bills.jpg
2016.12.09 10:32 B C:\Chincoteague.com\Webpages\chinco-page-listings\images\restaurants\dons.jpg --> www.chincoteague.com /usr/home/daiseys/public_html/chinco-page-listings/images/restaurants dons.jpg
2016.12.09 10:32 B C:\Chincoteague.com\Webpages\chinco-page-listings\images\restaurants\ettas.jpg --> www.chincoteague.com /usr/home/daiseys/public_html/chinco-page-listings/images/restaurants ettas.jpg
2016.12.09 10:32 B C:\Chincoteague.com\Webpages\chinco-page-listings\images\restaurants\famous-pizza.jpg --> www.chincoteague.com /usr/home/daiseys/public_html/chinco-page-listings/images/restaurants famous-pizza.jpg
2016.12.09 10:32 B C:\Chincoteague.com\Webpages\chinco-page-listings\images\restaurants\jackspot.jpg --> www.chincoteague.com /usr/home/daiseys/public_html/chinco-page-listings/images/restaurants jackspot.jpg
2016.12.09 10:32 B C:\Chincoteague.com\Webpages\chinco-page-listings\images\restaurants\steamers.jpg --> www.chincoteague.com /usr/home/daiseys/public_html/chinco-page-listings/images/restaurants steamers.jpg
2016.12.09 10:32 B C:\Chincoteague.com\Webpages\chinco-page-listings\images\restaurants\the-village.jpg --> www.chincoteague.com /usr/home/daiseys/public_html/chinco-page-listings/images/restaurants the-village.jpg
2017.04.22 18:30 B C:\Chincoteague.com\Webpages\chinco-page-listings\images\restaurants\ropewalk.jpg --> www.chincoteague.com /usr/home/daiseys/public_html/chinco-page-listings/images/restaurants ropewalk.jpg
2017.11.08 15:07 B C:\Chincoteague.com\Webpages\chinco-page-listings\images\restaurants\ajs.jpg --> www.chincoteague.com /usr/home/daiseys/public_html/chinco-page-listings/images/restaurants ajs.jpg
2017.11.08 15:07 B C:\Chincoteague.com\Webpages\chinco-page-listings\images\restaurants\bills.jpg --> www.chincoteague.com /usr/home/daiseys/public_html/chinco-page-listings/images/restaurants bills.jpg
2017.11.08 15:07 B C:\Chincoteague.com\Webpages\chinco-page-listings\images\restaurants\dons.jpg --> www.chincoteague.com /usr/home/daiseys/public_html/chinco-page-listings/images/restaurants dons.jpg
2017.11.08 15:07 B C:\Chincoteague.com\Webpages\chinco-page-listings\images\restaurants\ettas.jpg --> www.chincoteague.com /usr/home/daiseys/public_html/chinco-page-listings/images/restaurants ettas.jpg
2017.11.08 15:07 B C:\Chincoteague.com\Webpages\chinco-page-listings\images\restaurants\famous-pizza.jpg --> www.chincoteague.com /usr/home/daiseys/public_html/chinco-page-listings/images/restaurants famous-pizza.jpg
2017.11.08 15:08 B C:\Chincoteague.com\Webpages\chinco-page-listings\images\restaurants\jackspot.jpg --> www.chincoteague.com /usr/home/daiseys/public_html/chinco-page-listings/images/restaurants jackspot.jpg
2017.11.08 15:08 B C:\Chincoteague.com\Webpages\chinco-page-listings\images\restaurants\ropewalk.jpg --> www.chincoteague.com /usr/home/daiseys/public_html/chinco-page-listings/images/restaurants ropewalk.jpg
2017.11.08 15:08 B C:\Chincoteague.com\Webpages\chinco-page-listings\images\restaurants\steamers.jpg --> www.chincoteague.com /usr/home/daiseys/public_html/chinco-page-listings/images/restaurants steamers.jpg
2017.11.08 15:08 B C:\Chincoteague.com\Webpages\chinco-page-listings\images\restaurants\the-village.jpg --> www.chincoteague.com /usr/home/daiseys/public_html/chinco-page-listings/images/restaurants the-village.jpg
2019.11.26 14:18 B C:\Chincoteague.com\Webpages\chinco-page-listings\images\restaurants\ajs.jpg --> www.chincoteague.com /usr/home/daiseys/public_html/chinco-page/listings/images/restaurants ajs.jpg
2019.11.26 14:18 B C:\Chincoteague.com\Webpages\chinco-page-listings\images\restaurants\bills.jpg --> www.chincoteague.com /usr/home/daiseys/public_html/chinco-page/listings/images/restaurants bills.jpg
2019.11.26 14:18 B C:\Chincoteague.com\Webpages\chinco-page-listings\images\restaurants\dons.jpg --> www.chincoteague.com /usr/home/daiseys/public_html/chinco-page/listings/images/restaurants dons.jpg
2019.11.26 14:18 B C:\Chincoteague.com\Webpages\chinco-page-listings\images\restaurants\ettas.jpg --> www.chincoteague.com /usr/home/daiseys/public_html/chinco-page/listings/images/restaurants ettas.jpg
2019.11.26 14:18 B C:\Chincoteague.com\Webpages\chinco-page-listings\images\restaurants\famous-pizza.jpg --> www.chincoteague.com /usr/home/daiseys/public_html/chinco-page/listings/images/restaurants famous-pizza.jpg
2019.11.26 14:18 B C:\Chincoteague.com\Webpages\chinco-page-listings\images\restaurants\jackspot.jpg --> www.chincoteague.com /usr/home/daiseys/public_html/chinco-page/listings/images/restaurants jackspot.jpg
2019.11.26 14:18 B C:\Chincoteague.com\Webpages\chinco-page-listings\images\restaurants\ropewalk.jpg --> www.chincoteague.com /usr/home/daiseys/public_html/chinco-page/listings/images/restaurants ropewalk.jpg
2019.11.26 14:18 B C:\Chincoteague.com\Webpages\chinco-page-listings\images\restaurants\steamers.jpg --> www.chincoteague.com /usr/home/daiseys/public_html/chinco-page/listings/images/restaurants steamers.jpg
2019.11.26 14:18 B C:\Chincoteague.com\Webpages\chinco-page-listings\images\restaurants\the-village.jpg --> www.chincoteague.com /usr/home/daiseys/public_html/chinco-page/listings/images/restaurants the-village.jpg
2019.11.26 14:18 B C:\Chincoteague.com\Webpages\chinco-page-listings\images\restaurants\WS_FTP.LOG --> www.chincoteague.com /usr/home/daiseys/public_html/chinco-page/listings/images/restaurants WS_FTP.LOG
2019.12.21 13:02 B C:\Chincoteague.com\Webpages\new\chinco-page\listings\images\restaurants\ajs.jpg --> www.chincoteague.com /usr/home/daiseys/public_html/new/chinco-page/listings/images/restaurants ajs.jpg
2019.12.21 13:02 B C:\Chincoteague.com\Webpages\new\chinco-page\listings\images\restaurants\bills.jpg --> www.chincoteague.com /usr/home/daiseys/public_html/new/chinco-page/listings/images/restaurants bills.jpg
2019.12.21 13:02 B C:\Chincoteague.com\Webpages\new\chinco-page\listings\images\restaurants\dons.jpg --> www.chincoteague.com /usr/home/daiseys/public_html/new/chinco-page/listings/images/restaurants dons.jpg
2019.12.21 13:02 B C:\Chincoteague.com\Webpages\new\chinco-page\listings\images\restaurants\ettas.jpg --> www.chincoteague.com /usr/home/daiseys/public_html/new/chinco-page/listings/images/restaurants ettas.jpg
2019.12.21 13:02 B C:\Chincoteague.com\Webpages\new\chinco-page\listings\images\restaurants\famous-pizza.jpg --> www.chincoteague.com /usr/home/daiseys/public_html/new/chinco-page/listings/images/restaurants famous-pizza.jpg
2019.12.21 13:02 B C:\Chincoteague.com\Webpages\new\chinco-page\listings\images\restaurants\jackspot.jpg --> www.chincoteague.com /usr/home/daiseys/public_html/new/chinco-page/listings/images/restaurants jackspot.jpg
2019.12.21 13:02 B C:\Chincoteague.com\Webpages\new\chinco-page\listings\images\restaurants\ropewalk.jpg --> www.chincoteague.com /usr/home/daiseys/public_html/new/chinco-page/listings/images/restaurants ropewalk.jpg
2019.12.21 13:02 B C:\Chincoteague.com\Webpages\new\chinco-page\listings\images\restaurants\steamers.jpg --> www.chincoteague.com /usr/home/daiseys/public_html/new/chinco-page/listings/images/restaurants steamers.jpg
2019.12.21 13:02 B C:\Chincoteague.com\Webpages\new\chinco-page\listings\images\restaurants\the-village.jpg --> www.chincoteague.com /usr/home/daiseys/public_html/new/chinco-page/listings/images/restaurants the-village.jpg
2019.12.21 13:02 B C:\Chincoteague.com\Webpages\new\chinco-page\listings\images\restaurants\WS_FTP.LOG --> www.chincoteague.com /usr/home/daiseys/public_html/new/chinco-page/listings/images/restaurants WS_FTP.LOG
