2019.10.20 09:57 B C:\Chincoteague.com\Webpages\chinco-site\images\top-pic.png --> www.chincoteague.com /usr/home/daiseys/public_html/chinco-site/images top-pic.png
2019.12.21 12:58 B C:\Chincoteague.com\Webpages\new\chinco-page\images\top-pic.png --> www.chincoteague.com /usr/home/daiseys/public_html/new/chinco-page/images top-pic.png
2019.12.21 12:58 B C:\Chincoteague.com\Webpages\new\chinco-page\images\WS_FTP.LOG --> www.chincoteague.com /usr/home/daiseys/public_html/new/chinco-page/images WS_FTP.LOG
2019.12.27 16:15 B C:\Chincoteague.com\Webpages\new\chinco-page\images\refuge-trek.jpg --> www.chincoteague.com /usr/home/daiseys/public_html/new/chinco-page/images refuge-trek.jpg
2019.12.27 16:22 B C:\Chincoteague.com\Webpages\new\chinco-page\images\assateague-lighthouse.jpg --> www.chincoteague.com /usr/home/daiseys/public_html/new/chinco-page/images assateague-lighthouse.jpg
2019.12.29 12:46 B C:\Chincoteague.com\Webpages\new\chinco-page\images\biking.jpg --> www.chincoteague.com /usr/home/daiseys/public_html/new/chinco-page/images biking.jpg
2019.12.29 13:21 B C:\Chincoteague.com\Webpages\new\chinco-page\images\beach-fire.jpg --> www.chincoteague.com /usr/home/daiseys/public_html/new/chinco-page/images beach-fire.jpg
2019.12.29 13:21 B C:\Chincoteague.com\Webpages\new\chinco-page\images\toms-cove-visitor-center.jpg --> www.chincoteague.com /usr/home/daiseys/public_html/new/chinco-page/images toms-cove-visitor-center.jpg
2019.12.29 14:20 B C:\Chincoteague.com\Webpages\new\chinco-page\images\beach.jpg --> www.chincoteague.com /usr/home/daiseys/public_html/new/chinco-page/images beach.jpg
2019.12.29 14:20 B C:\Chincoteague.com\Webpages\new\chinco-page\images\beach.jpg --> www.chincoteague.com /usr/home/daiseys/public_html/new/chinco-page/images beach.jpg
2019.12.29 14:41 B C:\Chincoteague.com\Webpages\new\chinco-page\images\osv.jpg --> www.chincoteague.com /usr/home/daiseys/public_html/new/chinco-page/images osv.jpg
2019.12.29 18:05 B C:\Chincoteague.com\Webpages\new\chinco-page\images\ponies.png --> www.chincoteague.com /usr/home/daiseys/public_html/new/chinco-page/images ponies.png
2019.12.29 18:06 B C:\Chincoteague.com\Webpages\new\chinco-page\images\ponies.png --> www.chincoteague.com /usr/home/daiseys/public_html/new/chinco-page/images ponies.png
2019.12.29 18:12 B C:\Chincoteague.com\Webpages\new\chinco-page\images\assateague-lighthouse.jpg --> www.chincoteague.com /usr/home/daiseys/public_html/new/chinco-page/images assateague-lighthouse.jpg
2019.12.29 18:12 B C:\Chincoteague.com\Webpages\new\chinco-page\images\assateague-lighthouse.jpg --> www.chincoteague.com /usr/home/daiseys/public_html/new/chinco-page/images assateague-lighthouse.jpg
2019.12.30 17:42 B C:\Chincoteague.com\Webpages\new\chinco-page\images\pony_roundup.jpg --> www.chincoteague.com /usr/home/daiseys/public_html/new/chinco-page/images pony_roundup.jpg
2019.12.30 17:47 B C:\Chincoteague.com\Webpages\new\chinco-page\images\pony_beach_walk.jpg --> www.chincoteague.com /usr/home/daiseys/public_html/new/chinco-page/images pony_beach_walk.jpg
2019.12.30 18:13 B C:\Chincoteague.com\Webpages\new\chinco-page\images\pony_parade.jpg --> www.chincoteague.com /usr/home/daiseys/public_html/new/chinco-page/images pony_parade.jpg
2019.12.30 18:15 B C:\Chincoteague.com\Webpages\new\chinco-page\images\pony_swim.jpg --> www.chincoteague.com /usr/home/daiseys/public_html/new/chinco-page/images pony_swim.jpg
2019.12.30 18:24 B C:\Chincoteague.com\Webpages\new\chinco-page\images\pony_auction.jpg --> www.chincoteague.com /usr/home/daiseys/public_html/new/chinco-page/images pony_auction.jpg
2020.01.05 15:05 B C:\Chincoteague.com\Webpages\new\chinco-page\images\pony_shuttle_map.png --> www.chincoteague.com /usr/home/daiseys/public_html/new/chinco-page/images pony_shuttle_map.png
2020.01.11 15:26 B C:\Chincoteague.com\Webpages\new\chinco-page\images\pony_auction_0156.jpg --> www.chincoteague.com /usr/home/daiseys/public_html/new/chinco-page/images pony_auction_0156.jpg
2020.01.11 15:26 B C:\Chincoteague.com\Webpages\new\chinco-page\images\pony_auction_0262.jpg --> www.chincoteague.com /usr/home/daiseys/public_html/new/chinco-page/images pony_auction_0262.jpg
2020.01.11 15:26 B C:\Chincoteague.com\Webpages\new\chinco-page\images\pony_auction_0266.jpg --> www.chincoteague.com /usr/home/daiseys/public_html/new/chinco-page/images pony_auction_0266.jpg
2020.01.11 18:39 B C:\Chincoteague.com\Webpages\new\chinco-page\images\ponies_2451.jpg --> www.chincoteague.com /usr/home/daiseys/public_html/new/chinco-page/images ponies_2451.jpg
2020.01.11 18:44 B C:\Chincoteague.com\Webpages\new\chinco-page\images\ponies_2451.jpg --> www.chincoteague.com /usr/home/daiseys/public_html/new/chinco-page/images ponies_2451.jpg
2020.01.11 18:48 B C:\Chincoteague.com\Webpages\new\chinco-page\images\ponies_2451.jpg --> www.chincoteague.com /usr/home/daiseys/public_html/new/chinco-page/images ponies_2451.jpg
2020.01.11 18:56 B C:\Chincoteague.com\Webpages\new\chinco-page\images\shipwreck-map.jpg --> www.chincoteague.com /usr/home/daiseys/public_html/new/chinco-page/images shipwreck-map.jpg
2020.01.11 19:50 B C:\Chincoteague.com\Webpages\new\chinco-page\images\postcard.jpg --> www.chincoteague.com /usr/home/daiseys/public_html/new/chinco-page/images postcard.jpg
2020.01.11 20:01 B C:\Chincoteague.com\Webpages\new\chinco-page\images\ponies_2412.jpg --> www.chincoteague.com /usr/home/daiseys/public_html/new/chinco-page/images ponies_2412.jpg
2020.01.11 20:19 B C:\Chincoteague.com\Webpages\new\chinco-page\images\ponies_2437.jpg --> www.chincoteague.com /usr/home/daiseys/public_html/new/chinco-page/images ponies_2437.jpg
2020.02.10 19:37 B C:\Chincoteague.com\Webpages\new\chinco-page\images\Pony-Express-Route.jpg --> www.chincoteague.com /usr/home/daiseys/public_html/new/chinco-page/images Pony-Express-Route.jpg
2020.02.10 19:37 B C:\Chincoteague.com\Webpages\new\chinco-page\images\Pony-Express.jpg --> www.chincoteague.com /usr/home/daiseys/public_html/new/chinco-page/images Pony-Express.jpg
2020.02.10 19:37 B C:\Chincoteague.com\Webpages\new\chinco-page\images\Pony-Express-Schedule.jpg --> www.chincoteague.com /usr/home/daiseys/public_html/new/chinco-page/images Pony-Express-Schedule.jpg
2020.02.10 19:42 B C:\Chincoteague.com\Webpages\new\chinco-page\images\Pony-Express.jpg --> www.chincoteague.com /usr/home/daiseys/public_html/new/chinco-page/images Pony-Express.jpg
2020.02.10 19:49 B C:\Chincoteague.com\Webpages\new\chinco-page\images\Pony-Express-Schedule.jpg --> www.chincoteague.com /usr/home/daiseys/public_html/new/chinco-page/images Pony-Express-Schedule.jpg
2020.03.29 11:47 B C:\Chincoteague.com\Webpages\new\chinco-page\images\hampton_inn_web_cam.jpg --> www.chincoteague.com /usr/home/daiseys/public_html/new/chinco-page/images hampton_inn_web_cam.jpg
2020.03.29 12:10 B C:\Chincoteague.com\Webpages\new\chinco-page\images\downtown_park_web_cam.jpg --> www.chincoteague.com /usr/home/daiseys/public_html/new/chinco-page/images downtown_park_web_cam.jpg
2020.03.29 12:10 B C:\Chincoteague.com\Webpages\new\chinco-page\images\daiseys_dockside_web_cam.jpg --> www.chincoteague.com /usr/home/daiseys/public_html/new/chinco-page/images daiseys_dockside_web_cam.jpg
2020.03.30 14:33 B C:\Chincoteague.com\Webpages\new\chinco-page\images\daiseys_dockside_web_cam.jpg --> www.chincoteague.com /usr/home/daiseys/public_html/new/chinco-page/images daiseys_dockside_web_cam.jpg
2020.03.30 14:38 B C:\Chincoteague.com\Webpages\new\chinco-page\images\downtown_park_web_cam.jpg --> www.chincoteague.com /usr/home/daiseys/public_html/new/chinco-page/images downtown_park_web_cam.jpg
2020.03.30 21:14 B C:\Chincoteague.com\Webpages\new\chinco-page\images\daiseys_dockside_web_cam.jpg --> www.chincoteague.com /usr/home/daiseys/public_html/chinco-page/images daiseys_dockside_web_cam.jpg
2020.03.30 21:14 B C:\Chincoteague.com\Webpages\new\chinco-page\images\downtown_park_web_cam.jpg --> www.chincoteague.com /usr/home/daiseys/public_html/chinco-page/images downtown_park_web_cam.jpg
2020.03.30 21:17 B C:\Chincoteague.com\Webpages\new\chinco-page\images\downtown_park_web_cam.jpg --> www.chincoteague.com /usr/home/daiseys/public_html/chinco-page/images downtown_park_web_cam.jpg
2020.03.30 21:18 B C:\Chincoteague.com\Webpages\new\chinco-page\images\downtown_park_web_cam.jpg --> www.chincoteague.com /usr/home/daiseys/public_html/new/chinco-page/images downtown_park_web_cam.jpg
2020.03.30 21:18 B C:\Chincoteague.com\Webpages\new\chinco-page\images\daiseys_dockside_web_cam.jpg --> www.chincoteague.com /usr/home/daiseys/public_html/new/chinco-page/images daiseys_dockside_web_cam.jpg
2020.04.18 14:56 B C:\Chincoteague.com\Webpages\new\chinco-page\images\fp-image1.png --> www.chincoteague.com /usr/home/daiseys/public_html/new/chinco-page/images fp-image1.png
2020.04.18 14:56 B C:\Chincoteague.com\Webpages\new\chinco-page\images\fp-image2.png --> www.chincoteague.com /usr/home/daiseys/public_html/new/chinco-page/images fp-image2.png
2020.04.18 14:56 B C:\Chincoteague.com\Webpages\new\chinco-page\images\fp-image3.png --> www.chincoteague.com /usr/home/daiseys/public_html/new/chinco-page/images fp-image3.png
2020.04.18 14:56 B C:\Chincoteague.com\Webpages\new\chinco-page\images\fp-image4.png --> www.chincoteague.com /usr/home/daiseys/public_html/new/chinco-page/images fp-image4.png
2020.04.27 20:44 B C:\Chincoteague.com\Webpages\new\chinco-page\images\bateman_center.jpg --> www.chincoteague.com /usr/home/daiseys/public_html/new/chinco-page/images bateman_center.jpg
2020.04.28 19:26 B C:\Chincoteague.com\Webpages\new\chinco-page\images\snowgeese.jpg --> www.chincoteague.com /usr/home/daiseys/public_html/new/chinco-page/images snowgeese.jpg
2020.04.28 19:27 B C:\Chincoteague.com\Webpages\new\chinco-page\images\horseback-riding.jpg --> www.chincoteague.com /usr/home/daiseys/public_html/new/chinco-page/images horseback-riding.jpg
2020.04.28 20:58 B C:\Chincoteague.com\Webpages\new\chinco-page\images\surfing.jpg --> www.chincoteague.com /usr/home/daiseys/public_html/new/chinco-page/images surfing.jpg
2020.05.03 16:28 B C:\Chincoteague.com\Webpages\new\chinco-page\images\hampton_inn_web_cam.jpg --> www.chincoteague.com /usr/home/daiseys/public_html/new/chinco-page/images hampton_inn_web_cam.jpg
2020.05.03 17:21 B C:\Chincoteague.com\Webpages\new\chinco-page\images\pony_swim_2.jpg --> www.chincoteague.com /usr/home/daiseys/public_html/new/chinco-page/images pony_swim_2.jpg
2020.05.03 17:34 B C:\Chincoteague.com\Webpages\new\chinco-page\images\pony_roundup_2.jpg --> www.chincoteague.com /usr/home/daiseys/public_html/new/chinco-page/images pony_roundup_2.jpg
2020.05.03 18:29 B C:\Chincoteague.com\Webpages\new\chinco-page\images\hampton_inn_web_cam.jpg --> www.chincoteague.com /usr/home/daiseys/public_html/new/chinco-page/images hampton_inn_web_cam.jpg
2020.05.04 20:46 B C:\Chincoteague.com\Webpages\new\chinco-page\images\chinco.png --> www.chincoteague.com /usr/home/daiseys/public_html/new/chinco-page/images chinco.png
2020.05.05 16:06 B C:\Chincoteague.com\Webpages\new\chinco-page\images\daiseys_dockside_web_cam.jpg --> www.chincoteague.com /usr/home/daiseys/public_html/new/chinco-page/images daiseys_dockside_web_cam.jpg
2020.05.05 17:48 B C:\Chincoteague.com\Webpages\new\chinco-page\images\84444419_1508870819272752_1660238785297776640_n.png --> www.chincoteague.com /usr/home/daiseys/public_html/chinco-page/images 84444419_1508870819272752_1660238785297776640_n.png
2020.05.05 17:49 B C:\Chincoteague.com\Webpages\new\chinco-page\images\85072119_1508870445939456_2601399555895328768_n.png --> www.chincoteague.com /usr/home/daiseys/public_html/chinco-page/images 85072119_1508870445939456_2601399555895328768_n.png
2020.05.05 17:50 B C:\Chincoteague.com\Webpages\new\chinco-page\images\assateague-lighthouse.jpg --> www.chincoteague.com /usr/home/daiseys/public_html/chinco-page/images assateague-lighthouse.jpg
2020.05.05 17:50 B C:\Chincoteague.com\Webpages\new\chinco-page\images\bateman_center.jpg --> www.chincoteague.com /usr/home/daiseys/public_html/chinco-page/images bateman_center.jpg
2020.05.05 17:50 B C:\Chincoteague.com\Webpages\new\chinco-page\images\beach-fire.jpg --> www.chincoteague.com /usr/home/daiseys/public_html/chinco-page/images beach-fire.jpg
2020.05.05 17:50 B C:\Chincoteague.com\Webpages\new\chinco-page\images\beach.jpg --> www.chincoteague.com /usr/home/daiseys/public_html/chinco-page/images beach.jpg
2020.05.05 17:50 B C:\Chincoteague.com\Webpages\new\chinco-page\images\biking.jpg --> www.chincoteague.com /usr/home/daiseys/public_html/chinco-page/images biking.jpg
2020.05.05 17:51 B C:\Chincoteague.com\Webpages\new\chinco-page\images\chinco.png --> www.chincoteague.com /usr/home/daiseys/public_html/chinco-page/images chinco.png
2020.05.05 17:51 B C:\Chincoteague.com\Webpages\new\chinco-page\images\daiseys_dockside_web_cam.jpg --> www.chincoteague.com /usr/home/daiseys/public_html/chinco-page/images daiseys_dockside_web_cam.jpg
2020.05.05 17:51 B C:\Chincoteague.com\Webpages\new\chinco-page\images\downtown_park_web_cam.jpg --> www.chincoteague.com /usr/home/daiseys/public_html/chinco-page/images downtown_park_web_cam.jpg
2020.05.05 17:51 B C:\Chincoteague.com\Webpages\new\chinco-page\images\fp-image1.png --> www.chincoteague.com /usr/home/daiseys/public_html/chinco-page/images fp-image1.png
2020.05.05 17:51 B C:\Chincoteague.com\Webpages\new\chinco-page\images\fp-image2.png --> www.chincoteague.com /usr/home/daiseys/public_html/chinco-page/images fp-image2.png
2020.05.05 17:51 B C:\Chincoteague.com\Webpages\new\chinco-page\images\fp-image3.png --> www.chincoteague.com /usr/home/daiseys/public_html/chinco-page/images fp-image3.png
2020.05.05 17:52 B C:\Chincoteague.com\Webpages\new\chinco-page\images\fp-image4.png --> www.chincoteague.com /usr/home/daiseys/public_html/chinco-page/images fp-image4.png
2020.05.05 17:52 B C:\Chincoteague.com\Webpages\new\chinco-page\images\hampton_inn_web_cam.jpg --> www.chincoteague.com /usr/home/daiseys/public_html/chinco-page/images hampton_inn_web_cam.jpg
2020.05.05 17:52 B C:\Chincoteague.com\Webpages\new\chinco-page\images\horseback-riding.jpg --> www.chincoteague.com /usr/home/daiseys/public_html/chinco-page/images horseback-riding.jpg
2020.05.05 17:52 B C:\Chincoteague.com\Webpages\new\chinco-page\images\osv.jpg --> www.chincoteague.com /usr/home/daiseys/public_html/chinco-page/images osv.jpg
2020.05.05 17:53 B C:\Chincoteague.com\Webpages\new\chinco-page\images\ponies.png --> www.chincoteague.com /usr/home/daiseys/public_html/chinco-page/images ponies.png
2020.05.05 17:53 B C:\Chincoteague.com\Webpages\new\chinco-page\images\ponies_2412.jpg --> www.chincoteague.com /usr/home/daiseys/public_html/chinco-page/images ponies_2412.jpg
2020.05.05 17:53 B C:\Chincoteague.com\Webpages\new\chinco-page\images\ponies_2437.jpg --> www.chincoteague.com /usr/home/daiseys/public_html/chinco-page/images ponies_2437.jpg
2020.05.05 17:53 B C:\Chincoteague.com\Webpages\new\chinco-page\images\ponies_2451.jpg --> www.chincoteague.com /usr/home/daiseys/public_html/chinco-page/images ponies_2451.jpg
2020.05.05 17:55 B C:\Chincoteague.com\Webpages\new\chinco-page\images\Pony-Express-Brochure-page-001.jpg --> www.chincoteague.com /usr/home/daiseys/public_html/chinco-page/images Pony-Express-Brochure-page-001.jpg
2020.05.05 18:09 B C:\Chincoteague.com\Webpages\new\chinco-page\images\Pony-Express-Brochure-page-002.jpg --> www.chincoteague.com /usr/home/daiseys/public_html/chinco-page/images Pony-Express-Brochure-page-002.jpg
2020.05.05 18:09 B C:\Chincoteague.com\Webpages\new\chinco-page\images\Pony-Express-Route.jpg --> www.chincoteague.com /usr/home/daiseys/public_html/chinco-page/images Pony-Express-Route.jpg
2020.05.05 18:09 B C:\Chincoteague.com\Webpages\new\chinco-page\images\Pony-Express-Schedule.jpg --> www.chincoteague.com /usr/home/daiseys/public_html/chinco-page/images Pony-Express-Schedule.jpg
2020.05.05 18:09 B C:\Chincoteague.com\Webpages\new\chinco-page\images\Pony-Express.jpg --> www.chincoteague.com /usr/home/daiseys/public_html/chinco-page/images Pony-Express.jpg
2020.05.05 18:09 B C:\Chincoteague.com\Webpages\new\chinco-page\images\pony-express.png --> www.chincoteague.com /usr/home/daiseys/public_html/chinco-page/images pony-express.png
2020.05.05 18:09 B C:\Chincoteague.com\Webpages\new\chinco-page\images\pony_auction.jpg --> www.chincoteague.com /usr/home/daiseys/public_html/chinco-page/images pony_auction.jpg
2020.05.05 18:10 B C:\Chincoteague.com\Webpages\new\chinco-page\images\pony_auction_0156.jpg --> www.chincoteague.com /usr/home/daiseys/public_html/chinco-page/images pony_auction_0156.jpg
2020.05.05 18:10 B C:\Chincoteague.com\Webpages\new\chinco-page\images\pony_auction_0262.jpg --> www.chincoteague.com /usr/home/daiseys/public_html/chinco-page/images pony_auction_0262.jpg
2020.05.05 18:10 B C:\Chincoteague.com\Webpages\new\chinco-page\images\pony_auction_0266.jpg --> www.chincoteague.com /usr/home/daiseys/public_html/chinco-page/images pony_auction_0266.jpg
2020.05.05 18:10 B C:\Chincoteague.com\Webpages\new\chinco-page\images\pony_beach_walk.jpg --> www.chincoteague.com /usr/home/daiseys/public_html/chinco-page/images pony_beach_walk.jpg
2020.05.05 18:10 B C:\Chincoteague.com\Webpages\new\chinco-page\images\pony_parade.jpg --> www.chincoteague.com /usr/home/daiseys/public_html/chinco-page/images pony_parade.jpg
2020.05.05 18:10 B C:\Chincoteague.com\Webpages\new\chinco-page\images\pony_roundup.jpg --> www.chincoteague.com /usr/home/daiseys/public_html/chinco-page/images pony_roundup.jpg
2020.05.05 18:10 B C:\Chincoteague.com\Webpages\new\chinco-page\images\pony_roundup_2.jpg --> www.chincoteague.com /usr/home/daiseys/public_html/chinco-page/images pony_roundup_2.jpg
2020.05.05 18:10 B C:\Chincoteague.com\Webpages\new\chinco-page\images\pony_shuttle_map.png --> www.chincoteague.com /usr/home/daiseys/public_html/chinco-page/images pony_shuttle_map.png
2020.05.05 18:10 B C:\Chincoteague.com\Webpages\new\chinco-page\images\pony_swim.jpg --> www.chincoteague.com /usr/home/daiseys/public_html/chinco-page/images pony_swim.jpg
2020.05.05 18:10 B C:\Chincoteague.com\Webpages\new\chinco-page\images\pony_swim_2.jpg --> www.chincoteague.com /usr/home/daiseys/public_html/chinco-page/images pony_swim_2.jpg
2020.05.05 18:10 B C:\Chincoteague.com\Webpages\new\chinco-page\images\postcard.jpg --> www.chincoteague.com /usr/home/daiseys/public_html/chinco-page/images postcard.jpg
2020.05.05 18:10 B C:\Chincoteague.com\Webpages\new\chinco-page\images\refuge-trek.jpg --> www.chincoteague.com /usr/home/daiseys/public_html/chinco-page/images refuge-trek.jpg
2020.05.05 18:10 B C:\Chincoteague.com\Webpages\new\chinco-page\images\shipwreck-map.jpg --> www.chincoteague.com /usr/home/daiseys/public_html/chinco-page/images shipwreck-map.jpg
2020.05.05 18:10 B C:\Chincoteague.com\Webpages\new\chinco-page\images\snapshot.jpg --> www.chincoteague.com /usr/home/daiseys/public_html/chinco-page/images snapshot.jpg
2020.05.05 18:10 B C:\Chincoteague.com\Webpages\new\chinco-page\images\snowgeese.jpg --> www.chincoteague.com /usr/home/daiseys/public_html/chinco-page/images snowgeese.jpg
2020.05.05 18:10 B C:\Chincoteague.com\Webpages\new\chinco-page\images\surfing.jpg --> www.chincoteague.com /usr/home/daiseys/public_html/chinco-page/images surfing.jpg
2020.05.05 18:11 B C:\Chincoteague.com\Webpages\new\chinco-page\images\toms-cove-visitor-center.jpg --> www.chincoteague.com /usr/home/daiseys/public_html/chinco-page/images toms-cove-visitor-center.jpg
2020.05.05 18:11 B C:\Chincoteague.com\Webpages\new\chinco-page\images\web_cam.pspimage --> www.chincoteague.com /usr/home/daiseys/public_html/chinco-page/images web_cam.pspimage
2020.05.05 18:11 B C:\Chincoteague.com\Webpages\new\chinco-page\images\WS_FTP.LOG --> www.chincoteague.com /usr/home/daiseys/public_html/chinco-page/images WS_FTP.LOG
2020.07.18 09:21 B C:\Chincoteague.com\Webpages\chinco-page\images\daiseys_dockside_web_cam.jpg --> www.chincoteague.com /usr/home/daiseys/public_html/chinco-page/images daiseys_dockside_web_cam.jpg
