2016.12.08 14:01 B C:\Chincoteague.com\Webpages\chinco-page-listings\images\vacation-rental-companies\chincoteague-island-vacation-cottages.jpg --> www.chincoteague.com /usr/home/daiseys/public_html/chinco-page-listings/images/vacation-rental-companies chincoteague-island-vacation-cottages.jpg
2016.12.08 14:01 B C:\Chincoteague.com\Webpages\chinco-page-listings\images\vacation-rental-companies\chincoteague-resort-realty.jpg --> www.chincoteague.com /usr/home/daiseys/public_html/chinco-page-listings/images/vacation-rental-companies chincoteague-resort-realty.jpg
2016.12.08 14:01 B C:\Chincoteague.com\Webpages\chinco-page-listings\images\vacation-rental-companies\island-getaways.jpg --> www.chincoteague.com /usr/home/daiseys/public_html/chinco-page-listings/images/vacation-rental-companies island-getaways.jpg
2016.12.08 14:10 B C:\Chincoteague.com\Webpages\chinco-page-listings\images\vacation-rental-companies\chincoteague-resort-realty.jpg --> www.chincoteague.com /usr/home/daiseys/public_html/chinco-page-listings/images/vacation-rental-companies chincoteague-resort-realty.jpg
2016.12.08 14:11 B C:\Chincoteague.com\Webpages\chinco-page-listings\images\vacation-rental-companies\chincoteague-island-vacation-cottages.jpg --> www.chincoteague.com /usr/home/daiseys/public_html/chinco-page-listings/images/vacation-rental-companies chincoteague-island-vacation-cottages.jpg
2016.12.08 14:17 B C:\Chincoteague.com\Webpages\chinco-page-listings\images\vacation-rental-companies\eastern-shore-retreats.jpg --> www.chincoteague.com /usr/home/daiseys/public_html/chinco-page-listings/images/vacation-rental-companies eastern-shore-retreats.jpg
2016.12.08 14:23 B C:\Chincoteague.com\Webpages\chinco-page-listings\images\vacation-rental-companies\chincoteague-resort-realty.jpg --> www.chincoteague.com /usr/home/daiseys/public_html/chinco-page-listings/images/vacation-rental-companies chincoteague-resort-realty.jpg
2016.12.08 14:24 B C:\Chincoteague.com\Webpages\chinco-page-listings\images\vacation-rental-companies\chincoteague-resort-realty.jpg --> www.chincoteague.com /usr/home/daiseys/public_html/chinco-page-listings/images/vacation-rental-companies chincoteague-resort-realty.jpg
2016.12.08 14:31 B C:\Chincoteague.com\Webpages\chinco-page-listings\images\vacation-rental-companies\eastern-shore-retreats.jpg --> www.chincoteague.com /usr/home/daiseys/public_html/chinco-page-listings/images/vacation-rental-companies eastern-shore-retreats.jpg
2016.12.08 14:36 B C:\Chincoteague.com\Webpages\chinco-page-listings\images\vacation-rental-companies\harbor-rentals.jpg --> www.chincoteague.com /usr/home/daiseys/public_html/chinco-page-listings/images/vacation-rental-companies harbor-rentals.jpg
2016.12.08 14:37 B C:\Chincoteague.com\Webpages\chinco-page-listings\images\vacation-rental-companies\island-getaways.jpg --> www.chincoteague.com /usr/home/daiseys/public_html/chinco-page-listings/images/vacation-rental-companies island-getaways.jpg
2016.12.08 14:41 B C:\Chincoteague.com\Webpages\chinco-page-listings\images\vacation-rental-companies\sea-shell-cottages.jpg --> www.chincoteague.com /usr/home/daiseys/public_html/chinco-page-listings/images/vacation-rental-companies sea-shell-cottages.jpg
2016.12.08 14:47 B C:\Chincoteague.com\Webpages\chinco-page-listings\images\vacation-rental-companies\seaside-vacations.jpg --> www.chincoteague.com /usr/home/daiseys/public_html/chinco-page-listings/images/vacation-rental-companies seaside-vacations.jpg
2017.02.13 16:11 B C:\Chincoteague.com\Webpages\chinco-page-listings\images\vacation-rental-companies\SeasideVacations_logo_oval_small.jpg --> www.chincoteague.com /usr/home/daiseys/public_html/chinco-page-listings/images/vacation-rental-companies SeasideVacations_logo_oval_small.jpg
2017.02.27 19:23 B C:\Chincoteague.com\Webpages\chinco-page-listings\images\vacation-rental-companies\SeasideVacations_logo_oval_small.jpg --> www.chincoteague.com /usr/home/daiseys/public_html/chinco-page-listings/images/vacation-rental-companies SeasideVacations_logo_oval_small.jpg
2017.02.27 19:29 B C:\Chincoteague.com\Webpages\chinco-page-listings\images\vacation-rental-companies\SeasideVacations_logo_oval_small.jpg --> www.chincoteague.com /usr/home/daiseys/public_html/chinco-page-listings/images/vacation-rental-companies SeasideVacations_logo_oval_small.jpg
2017.12.27 10:50 B C:\Chincoteague.com\Webpages\chinco-page-listings\images\vacation-rental-companies\chincoteague-island-vacation-cottages.jpg --> www.chincoteague.com /usr/home/daiseys/public_html/chinco-page-listings/images/vacation-rental-companies chincoteague-island-vacation-cottages.jpg
2017.12.27 10:51 B C:\Chincoteague.com\Webpages\chinco-page-listings\images\vacation-rental-companies\chincoteague-resort-realty.jpg --> www.chincoteague.com /usr/home/daiseys/public_html/chinco-page-listings/images/vacation-rental-companies chincoteague-resort-realty.jpg
2017.12.27 10:51 B C:\Chincoteague.com\Webpages\chinco-page-listings\images\vacation-rental-companies\eastern-shore-retreats.jpg --> www.chincoteague.com /usr/home/daiseys/public_html/chinco-page-listings/images/vacation-rental-companies eastern-shore-retreats.jpg
2017.12.27 10:51 B C:\Chincoteague.com\Webpages\chinco-page-listings\images\vacation-rental-companies\harbor-rentals.jpg --> www.chincoteague.com /usr/home/daiseys/public_html/chinco-page-listings/images/vacation-rental-companies harbor-rentals.jpg
2017.12.27 10:51 B C:\Chincoteague.com\Webpages\chinco-page-listings\images\vacation-rental-companies\island-getaways.jpg --> www.chincoteague.com /usr/home/daiseys/public_html/chinco-page-listings/images/vacation-rental-companies island-getaways.jpg
2017.12.27 10:51 B C:\Chincoteague.com\Webpages\chinco-page-listings\images\vacation-rental-companies\sea-shell-cottages.jpg --> www.chincoteague.com /usr/home/daiseys/public_html/chinco-page-listings/images/vacation-rental-companies sea-shell-cottages.jpg
2017.12.27 10:51 B C:\Chincoteague.com\Webpages\chinco-page-listings\images\vacation-rental-companies\SeasideVacations_logo_oval_small.jpg --> www.chincoteague.com /usr/home/daiseys/public_html/chinco-page-listings/images/vacation-rental-companies SeasideVacations_logo_oval_small.jpg
2018.07.02 13:22 B C:\Chincoteague.com\Webpages\chinco-page-listings\images\vacation-rental-companies\sv_listing.jpg --> www.chincoteague.com /usr/home/daiseys/public_html/chinco-page-listings/images/vacation-rental-companies sv_listing.jpg
2019.11.26 14:18 B C:\Chincoteague.com\Webpages\chinco-page-listings\images\vacation-rental-companies\chincoteague-island-vacation-cottages.jpg --> www.chincoteague.com /usr/home/daiseys/public_html/chinco-page/listings/images/vacation-rental-companies chincoteague-island-vacation-cottages.jpg
2019.11.26 14:18 B C:\Chincoteague.com\Webpages\chinco-page-listings\images\vacation-rental-companies\chincoteague-resort-realty.jpg --> www.chincoteague.com /usr/home/daiseys/public_html/chinco-page/listings/images/vacation-rental-companies chincoteague-resort-realty.jpg
2019.11.26 14:18 B C:\Chincoteague.com\Webpages\chinco-page-listings\images\vacation-rental-companies\eastern-shore-retreats.jpg --> www.chincoteague.com /usr/home/daiseys/public_html/chinco-page/listings/images/vacation-rental-companies eastern-shore-retreats.jpg
2019.11.26 14:18 B C:\Chincoteague.com\Webpages\chinco-page-listings\images\vacation-rental-companies\harbor-rentals.jpg --> www.chincoteague.com /usr/home/daiseys/public_html/chinco-page/listings/images/vacation-rental-companies harbor-rentals.jpg
2019.11.26 14:18 B C:\Chincoteague.com\Webpages\chinco-page-listings\images\vacation-rental-companies\island-getaways.jpg --> www.chincoteague.com /usr/home/daiseys/public_html/chinco-page/listings/images/vacation-rental-companies island-getaways.jpg
2019.11.26 14:18 B C:\Chincoteague.com\Webpages\chinco-page-listings\images\vacation-rental-companies\sea-shell-cottages.jpg --> www.chincoteague.com /usr/home/daiseys/public_html/chinco-page/listings/images/vacation-rental-companies sea-shell-cottages.jpg
2019.11.26 14:18 B C:\Chincoteague.com\Webpages\chinco-page-listings\images\vacation-rental-companies\SeasideVacations_logo_oval_small.jpg --> www.chincoteague.com /usr/home/daiseys/public_html/chinco-page/listings/images/vacation-rental-companies SeasideVacations_logo_oval_small.jpg
2019.11.26 14:19 B C:\Chincoteague.com\Webpages\chinco-page-listings\images\vacation-rental-companies\sv_listing.jpg --> www.chincoteague.com /usr/home/daiseys/public_html/chinco-page/listings/images/vacation-rental-companies sv_listing.jpg
2019.11.26 14:19 B C:\Chincoteague.com\Webpages\chinco-page-listings\images\vacation-rental-companies\WS_FTP.LOG --> www.chincoteague.com /usr/home/daiseys/public_html/chinco-page/listings/images/vacation-rental-companies WS_FTP.LOG
2019.12.21 13:02 B C:\Chincoteague.com\Webpages\new\chinco-page\listings\images\vacation-rental-companies\chincoteague-island-vacation-cottages.jpg --> www.chincoteague.com /usr/home/daiseys/public_html/new/chinco-page/listings/images/vacation-rental-companies chincoteague-island-vacation-cottages.jpg
2019.12.21 13:02 B C:\Chincoteague.com\Webpages\new\chinco-page\listings\images\vacation-rental-companies\chincoteague-resort-realty.jpg --> www.chincoteague.com /usr/home/daiseys/public_html/new/chinco-page/listings/images/vacation-rental-companies chincoteague-resort-realty.jpg
2019.12.21 13:02 B C:\Chincoteague.com\Webpages\new\chinco-page\listings\images\vacation-rental-companies\eastern-shore-retreats.jpg --> www.chincoteague.com /usr/home/daiseys/public_html/new/chinco-page/listings/images/vacation-rental-companies eastern-shore-retreats.jpg
2019.12.21 13:02 B C:\Chincoteague.com\Webpages\new\chinco-page\listings\images\vacation-rental-companies\harbor-rentals.jpg --> www.chincoteague.com /usr/home/daiseys/public_html/new/chinco-page/listings/images/vacation-rental-companies harbor-rentals.jpg
2019.12.21 13:02 B C:\Chincoteague.com\Webpages\new\chinco-page\listings\images\vacation-rental-companies\island-getaways.jpg --> www.chincoteague.com /usr/home/daiseys/public_html/new/chinco-page/listings/images/vacation-rental-companies island-getaways.jpg
2019.12.21 13:02 B C:\Chincoteague.com\Webpages\new\chinco-page\listings\images\vacation-rental-companies\sea-shell-cottages.jpg --> www.chincoteague.com /usr/home/daiseys/public_html/new/chinco-page/listings/images/vacation-rental-companies sea-shell-cottages.jpg
2019.12.21 13:02 B C:\Chincoteague.com\Webpages\new\chinco-page\listings\images\vacation-rental-companies\SeasideVacations_logo_oval_small.jpg --> www.chincoteague.com /usr/home/daiseys/public_html/new/chinco-page/listings/images/vacation-rental-companies SeasideVacations_logo_oval_small.jpg
2019.12.21 13:02 B C:\Chincoteague.com\Webpages\new\chinco-page\listings\images\vacation-rental-companies\sv_listing.jpg --> www.chincoteague.com /usr/home/daiseys/public_html/new/chinco-page/listings/images/vacation-rental-companies sv_listing.jpg
2019.12.21 13:02 B C:\Chincoteague.com\Webpages\new\chinco-page\listings\images\vacation-rental-companies\WS_FTP.LOG --> www.chincoteague.com /usr/home/daiseys/public_html/new/chinco-page/listings/images/vacation-rental-companies WS_FTP.LOG
