2016.10.24 10:17 B C:\Chincoteague.com\Webpages\chinco-page-listings\images\bandbs\cedar-gables-inn.jpg --> www.chincoteague.com /usr/home/daiseys/public_html/chinco-page-listings/images/bandbs cedar-gables-inn.jpg
2016.10.24 10:17 B C:\Chincoteague.com\Webpages\chinco-page-listings\images\bandbs\Channel_Bass_Inn.jpg --> www.chincoteague.com /usr/home/daiseys/public_html/chinco-page-listings/images/bandbs Channel_Bass_Inn.jpg
2016.10.24 10:17 B C:\Chincoteague.com\Webpages\chinco-page-listings\images\bandbs\gardenandseainn.jpg --> www.chincoteague.com /usr/home/daiseys/public_html/chinco-page-listings/images/bandbs gardenandseainn.jpg
2016.10.24 10:17 B C:\Chincoteague.com\Webpages\chinco-page-listings\images\bandbs\islandmanorhouse2.jpg --> www.chincoteague.com /usr/home/daiseys/public_html/chinco-page-listings/images/bandbs islandmanorhouse2.jpg
2016.10.24 10:17 B C:\Chincoteague.com\Webpages\chinco-page-listings\images\bandbs\missmollysinn3.jpg --> www.chincoteague.com /usr/home/daiseys/public_html/chinco-page-listings/images/bandbs missmollysinn3.jpg
2016.10.24 10:17 B C:\Chincoteague.com\Webpages\chinco-page-listings\images\bandbs\watsonhouse.jpg --> www.chincoteague.com /usr/home/daiseys/public_html/chinco-page-listings/images/bandbs watsonhouse.jpg
2017.12.27 09:51 B C:\Chincoteague.com\Webpages\chinco-page-listings\images\bandbs\cedar-gables-inn.jpg --> www.chincoteague.com /usr/home/daiseys/public_html/chinco-page-listings/images cedar-gables-inn.jpg
2017.12.27 09:51 B C:\Chincoteague.com\Webpages\chinco-page-listings\images\bandbs\Channel_Bass_Inn.jpg --> www.chincoteague.com /usr/home/daiseys/public_html/chinco-page-listings/images Channel_Bass_Inn.jpg
2017.12.27 09:51 B C:\Chincoteague.com\Webpages\chinco-page-listings\images\bandbs\gardenandseainn.jpg --> www.chincoteague.com /usr/home/daiseys/public_html/chinco-page-listings/images gardenandseainn.jpg
2017.12.27 09:51 B C:\Chincoteague.com\Webpages\chinco-page-listings\images\bandbs\islandmanorhouse2.jpg --> www.chincoteague.com /usr/home/daiseys/public_html/chinco-page-listings/images islandmanorhouse2.jpg
2017.12.27 09:51 B C:\Chincoteague.com\Webpages\chinco-page-listings\images\bandbs\missmollysinn3.jpg --> www.chincoteague.com /usr/home/daiseys/public_html/chinco-page-listings/images missmollysinn3.jpg
2017.12.27 09:51 B C:\Chincoteague.com\Webpages\chinco-page-listings\images\bandbs\watsonhouse.jpg --> www.chincoteague.com /usr/home/daiseys/public_html/chinco-page-listings/images watsonhouse.jpg
2017.12.27 09:51 B C:\Chincoteague.com\Webpages\chinco-page-listings\images\bandbs\cedar-gables-inn.jpg --> www.chincoteague.com /usr/home/daiseys/public_html/chinco-page-listings/images/bandbs cedar-gables-inn.jpg
2017.12.27 09:51 B C:\Chincoteague.com\Webpages\chinco-page-listings\images\bandbs\Channel_Bass_Inn.jpg --> www.chincoteague.com /usr/home/daiseys/public_html/chinco-page-listings/images/bandbs Channel_Bass_Inn.jpg
2017.12.27 09:51 B C:\Chincoteague.com\Webpages\chinco-page-listings\images\bandbs\gardenandseainn.jpg --> www.chincoteague.com /usr/home/daiseys/public_html/chinco-page-listings/images/bandbs gardenandseainn.jpg
2017.12.27 09:51 B C:\Chincoteague.com\Webpages\chinco-page-listings\images\bandbs\islandmanorhouse2.jpg --> www.chincoteague.com /usr/home/daiseys/public_html/chinco-page-listings/images/bandbs islandmanorhouse2.jpg
2017.12.27 09:51 B C:\Chincoteague.com\Webpages\chinco-page-listings\images\bandbs\missmollysinn3.jpg --> www.chincoteague.com /usr/home/daiseys/public_html/chinco-page-listings/images/bandbs missmollysinn3.jpg
2017.12.27 09:52 B C:\Chincoteague.com\Webpages\chinco-page-listings\images\bandbs\watsonhouse.jpg --> www.chincoteague.com /usr/home/daiseys/public_html/chinco-page-listings/images/bandbs watsonhouse.jpg
2018.05.15 20:11 B C:\Chincoteague.com\Webpages\chinco-page-listings\images\bandbs\gardenandseainn.jpg --> www.chincoteague.com /usr/home/daiseys/public_html/chinco-page-listings/images/bandbs gardenandseainn.jpg
2018.05.15 20:12 B C:\Chincoteague.com\Webpages\chinco-page-listings\images\bandbs\gardenandseainn.jpg --> www.chincoteague.com /usr/home/daiseys/public_html/chinco-page-listings/images/bandbs gardenandseainn.jpg
2019.11.26 14:14 B C:\Chincoteague.com\Webpages\chinco-page-listings\images\bandbs\cedar-gables-inn.jpg --> www.chincoteague.com /usr/home/daiseys/public_html/chinco-page/listings/images/bandbs cedar-gables-inn.jpg
2019.11.26 14:14 B C:\Chincoteague.com\Webpages\chinco-page-listings\images\bandbs\Channel_Bass_Inn.jpg --> www.chincoteague.com /usr/home/daiseys/public_html/chinco-page/listings/images/bandbs Channel_Bass_Inn.jpg
2019.11.26 14:14 B C:\Chincoteague.com\Webpages\chinco-page-listings\images\bandbs\gardenandseainn.jpg --> www.chincoteague.com /usr/home/daiseys/public_html/chinco-page/listings/images/bandbs gardenandseainn.jpg
2019.11.26 14:14 B C:\Chincoteague.com\Webpages\chinco-page-listings\images\bandbs\islandmanorhouse2.jpg --> www.chincoteague.com /usr/home/daiseys/public_html/chinco-page/listings/images/bandbs islandmanorhouse2.jpg
2019.11.26 14:14 B C:\Chincoteague.com\Webpages\chinco-page-listings\images\bandbs\missmollysinn3.jpg --> www.chincoteague.com /usr/home/daiseys/public_html/chinco-page/listings/images/bandbs missmollysinn3.jpg
2019.11.26 14:14 B C:\Chincoteague.com\Webpages\chinco-page-listings\images\bandbs\watsonhouse.jpg --> www.chincoteague.com /usr/home/daiseys/public_html/chinco-page/listings/images/bandbs watsonhouse.jpg
2019.11.26 14:14 B C:\Chincoteague.com\Webpages\chinco-page-listings\images\bandbs\WS_FTP.LOG --> www.chincoteague.com /usr/home/daiseys/public_html/chinco-page/listings/images/bandbs WS_FTP.LOG
2019.12.21 12:58 B C:\Chincoteague.com\Webpages\new\chinco-page\listings\images\bandbs\cedar-gables-inn.jpg --> www.chincoteague.com /usr/home/daiseys/public_html/new/chinco-page/listings/images/bandbs cedar-gables-inn.jpg
2019.12.21 12:58 B C:\Chincoteague.com\Webpages\new\chinco-page\listings\images\bandbs\Channel_Bass_Inn.jpg --> www.chincoteague.com /usr/home/daiseys/public_html/new/chinco-page/listings/images/bandbs Channel_Bass_Inn.jpg
2019.12.21 12:58 B C:\Chincoteague.com\Webpages\new\chinco-page\listings\images\bandbs\gardenandseainn.jpg --> www.chincoteague.com /usr/home/daiseys/public_html/new/chinco-page/listings/images/bandbs gardenandseainn.jpg
2019.12.21 12:58 B C:\Chincoteague.com\Webpages\new\chinco-page\listings\images\bandbs\islandmanorhouse2.jpg --> www.chincoteague.com /usr/home/daiseys/public_html/new/chinco-page/listings/images/bandbs islandmanorhouse2.jpg
2019.12.21 12:58 B C:\Chincoteague.com\Webpages\new\chinco-page\listings\images\bandbs\missmollysinn3.jpg --> www.chincoteague.com /usr/home/daiseys/public_html/new/chinco-page/listings/images/bandbs missmollysinn3.jpg
2019.12.21 12:58 B C:\Chincoteague.com\Webpages\new\chinco-page\listings\images\bandbs\watsonhouse.jpg --> www.chincoteague.com /usr/home/daiseys/public_html/new/chinco-page/listings/images/bandbs watsonhouse.jpg
2019.12.21 12:58 B C:\Chincoteague.com\Webpages\new\chinco-page\listings\images\bandbs\WS_FTP.LOG --> www.chincoteague.com /usr/home/daiseys/public_html/new/chinco-page/listings/images/bandbs WS_FTP.LOG
