2016.10.26 17:20 B C:\Chincoteague.com\Webpages\chinco-page-listings\images\vacation-rental-homes\allseasons.jpg --> www.chincoteague.com /usr/home/daiseys/public_html/chinco-page-listings/images/vacation-rental-homes allseasons.jpg
2016.10.26 17:20 B C:\Chincoteague.com\Webpages\chinco-page-listings\images\vacation-rental-homes\almostheaven.jpg --> www.chincoteague.com /usr/home/daiseys/public_html/chinco-page-listings/images/vacation-rental-homes almostheaven.jpg
2016.10.26 17:20 B C:\Chincoteague.com\Webpages\chinco-page-listings\images\vacation-rental-homes\appletree.jpg --> www.chincoteague.com /usr/home/daiseys/public_html/chinco-page-listings/images/vacation-rental-homes appletree.jpg
2016.10.26 17:20 B C:\Chincoteague.com\Webpages\chinco-page-listings\images\vacation-rental-homes\baywatch-rentals.jpg --> www.chincoteague.com /usr/home/daiseys/public_html/chinco-page-listings/images/vacation-rental-homes baywatch-rentals.jpg
2016.10.26 17:20 B C:\Chincoteague.com\Webpages\chinco-page-listings\images\vacation-rental-homes\baywatchsuite2.jpg --> www.chincoteague.com /usr/home/daiseys/public_html/chinco-page-listings/images/vacation-rental-homes baywatchsuite2.jpg
2016.10.26 17:20 B C:\Chincoteague.com\Webpages\chinco-page-listings\images\vacation-rental-homes\bradleylane.jpg --> www.chincoteague.com /usr/home/daiseys/public_html/chinco-page-listings/images/vacation-rental-homes bradleylane.jpg
2016.10.26 17:20 B C:\Chincoteague.com\Webpages\chinco-page-listings\images\vacation-rental-homes\captainsquarters.jpg --> www.chincoteague.com /usr/home/daiseys/public_html/chinco-page-listings/images/vacation-rental-homes captainsquarters.jpg
2016.10.26 17:20 B C:\Chincoteague.com\Webpages\chinco-page-listings\images\vacation-rental-homes\channelview.jpg --> www.chincoteague.com /usr/home/daiseys/public_html/chinco-page-listings/images/vacation-rental-homes channelview.jpg
2016.10.26 17:20 B C:\Chincoteague.com\Webpages\chinco-page-listings\images\vacation-rental-homes\Deep-Hole-Creek-House.jpg --> www.chincoteague.com /usr/home/daiseys/public_html/chinco-page-listings/images/vacation-rental-homes Deep-Hole-Creek-House.jpg
2016.10.26 17:20 B C:\Chincoteague.com\Webpages\chinco-page-listings\images\vacation-rental-homes\east-side-marina.jpg --> www.chincoteague.com /usr/home/daiseys/public_html/chinco-page-listings/images/vacation-rental-homes east-side-marina.jpg
2016.10.26 17:20 B C:\Chincoteague.com\Webpages\chinco-page-listings\images\vacation-rental-homes\edi_vacations_banner.jpg --> www.chincoteague.com /usr/home/daiseys/public_html/chinco-page-listings/images/vacation-rental-homes edi_vacations_banner.jpg
2016.10.26 17:20 B C:\Chincoteague.com\Webpages\chinco-page-listings\images\vacation-rental-homes\gandbrentals.jpg --> www.chincoteague.com /usr/home/daiseys/public_html/chinco-page-listings/images/vacation-rental-homes gandbrentals.jpg
2016.10.26 17:20 B C:\Chincoteague.com\Webpages\chinco-page-listings\images\vacation-rental-homes\happiness_house.jpg --> www.chincoteague.com /usr/home/daiseys/public_html/chinco-page-listings/images/vacation-rental-homes happiness_house.jpg
2016.10.26 17:20 B C:\Chincoteague.com\Webpages\chinco-page-listings\images\vacation-rental-homes\holiday-cottages.jpg --> www.chincoteague.com /usr/home/daiseys/public_html/chinco-page-listings/images/vacation-rental-homes holiday-cottages.jpg
2016.10.26 17:20 B C:\Chincoteague.com\Webpages\chinco-page-listings\images\vacation-rental-homes\moorings-north.jpg --> www.chincoteague.com /usr/home/daiseys/public_html/chinco-page-listings/images/vacation-rental-homes moorings-north.jpg
2016.10.26 17:20 B C:\Chincoteague.com\Webpages\chinco-page-listings\images\vacation-rental-homes\myrtle-on-mumford.jpg --> www.chincoteague.com /usr/home/daiseys/public_html/chinco-page-listings/images/vacation-rental-homes myrtle-on-mumford.jpg
2016.10.26 17:20 B C:\Chincoteague.com\Webpages\chinco-page-listings\images\vacation-rental-homes\ocean-cabanas.jpg --> www.chincoteague.com /usr/home/daiseys/public_html/chinco-page-listings/images/vacation-rental-homes ocean-cabanas.jpg
2016.10.26 17:20 B C:\Chincoteague.com\Webpages\chinco-page-listings\images\vacation-rental-homes\saltydogs.jpg --> www.chincoteague.com /usr/home/daiseys/public_html/chinco-page-listings/images/vacation-rental-homes saltydogs.jpg
2016.10.26 17:20 B C:\Chincoteague.com\Webpages\chinco-page-listings\images\vacation-rental-homes\sea-shell-cottages.jpg --> www.chincoteague.com /usr/home/daiseys/public_html/chinco-page-listings/images/vacation-rental-homes sea-shell-cottages.jpg
2016.10.26 17:20 B C:\Chincoteague.com\Webpages\chinco-page-listings\images\vacation-rental-homes\spinnaker-house.jpg --> www.chincoteague.com /usr/home/daiseys/public_html/chinco-page-listings/images/vacation-rental-homes spinnaker-house.jpg
2016.10.26 17:20 B C:\Chincoteague.com\Webpages\chinco-page-listings\images\vacation-rental-homes\sunset-bay.jpg --> www.chincoteague.com /usr/home/daiseys/public_html/chinco-page-listings/images/vacation-rental-homes sunset-bay.jpg
2017.03.01 19:08 B C:\Chincoteague.com\Webpages\chinco-page-listings\images\vacation-rental-homes\sos.jpg --> www.chincoteague.com /usr/home/daiseys/public_html/chinco-page-listings/images/vacation-rental-homes sos.jpg
2017.03.01 19:15 B C:\Chincoteague.com\Webpages\chinco-page-listings\images\vacation-rental-homes\sos.jpg --> www.chincoteague.com /usr/home/daiseys/public_html/chinco-page-listings/images/vacation-rental-homes sos.jpg
2017.03.05 17:06 B C:\Chincoteague.com\Webpages\chinco-page-listings\images\vacation-rental-homes\sos.jpg --> www.chincoteague.com /usr/home/daiseys/public_html/chinco-page-listings/images/vacation-rental-homes sos.jpg
2017.03.07 10:38 B C:\Chincoteague.com\Webpages\chinco-page-listings\images\vacation-rental-homes\sos.jpg --> www.chincoteague.com /usr/home/daiseys/public_html/chinco-page-listings/images/vacation-rental-homes sos.jpg
2017.03.09 19:10 B C:\Chincoteague.com\Webpages\chinco-page-listings\images\vacation-rental-homes\sos.jpg --> www.chincoteague.com /usr/home/daiseys/public_html/chinco-page-listings/images/vacation-rental-homes sos.jpg
2017.03.19 10:30 B C:\Chincoteague.com\Webpages\chinco-page-listings\images\vacation-rental-homes\grey-heron.jpg --> www.chincoteague.com /usr/home/daiseys/public_html/chinco-page-listings/images/vacation-rental-homes grey-heron.jpg
2017.03.22 16:13 B C:\Chincoteague.com\Webpages\chinco-page-listings\images\vacation-rental-homes\grey-heron.jpg --> www.chincoteague.com /usr/home/daiseys/public_html/chinco-page-listings/images/vacation-rental-homes grey-heron.jpg
2017.03.22 16:14 B C:\Chincoteague.com\Webpages\chinco-page-listings\images\vacation-rental-homes\grey-heron.jpg --> www.chincoteague.com /usr/home/daiseys/public_html/chinco-page-listings/images/vacation-rental-homes grey-heron.jpg
2017.05.01 16:04 B C:\Chincoteague.com\Webpages\chinco-page-listings\images\vacation-rental-homes\blue-haven.jpg --> www.chincoteague.com /usr/home/daiseys/public_html/chinco-page-listings/images/vacation-rental-homes blue-haven.jpg
2017.09.02 20:48 B C:\Chincoteague.com\Webpages\chinco-page-listings\images\vacation-rental-homes\adip.jpg --> www.chincoteague.com /usr/home/daiseys/public_html/chinco-page-listings/images/vacation-rental-homes adip.jpg
2017.09.02 20:48 B C:\Chincoteague.com\Webpages\chinco-page-listings\images\vacation-rental-homes\sip.jpg --> www.chincoteague.com /usr/home/daiseys/public_html/chinco-page-listings/images/vacation-rental-homes sip.jpg
2017.10.02 10:28 B C:\Chincoteague.com\Webpages\chinco-page-listings\images\vacation-rental-homes\sip.jpg --> www.chincoteague.com /usr/home/daiseys/public_html/chinco-page-listings/images/vacation-rental-homes sip.jpg
2017.12.27 10:19 B C:\Chincoteague.com\Webpages\chinco-page-listings\images\vacation-rental-homes\adip.jpg --> www.chincoteague.com /usr/home/daiseys/public_html/chinco-page-listings/images/vacation-rental-homes adip.jpg
2017.12.27 10:19 B C:\Chincoteague.com\Webpages\chinco-page-listings\images\vacation-rental-homes\allseasons.jpg --> www.chincoteague.com /usr/home/daiseys/public_html/chinco-page-listings/images/vacation-rental-homes allseasons.jpg
2017.12.27 10:19 B C:\Chincoteague.com\Webpages\chinco-page-listings\images\vacation-rental-homes\almostheaven.jpg --> www.chincoteague.com /usr/home/daiseys/public_html/chinco-page-listings/images/vacation-rental-homes almostheaven.jpg
2017.12.27 10:19 B C:\Chincoteague.com\Webpages\chinco-page-listings\images\vacation-rental-homes\appletree.jpg --> www.chincoteague.com /usr/home/daiseys/public_html/chinco-page-listings/images/vacation-rental-homes appletree.jpg
2017.12.27 10:19 B C:\Chincoteague.com\Webpages\chinco-page-listings\images\vacation-rental-homes\baywatch-rentals.jpg --> www.chincoteague.com /usr/home/daiseys/public_html/chinco-page-listings/images/vacation-rental-homes baywatch-rentals.jpg
2017.12.27 10:19 B C:\Chincoteague.com\Webpages\chinco-page-listings\images\vacation-rental-homes\baywatchsuite2.jpg --> www.chincoteague.com /usr/home/daiseys/public_html/chinco-page-listings/images/vacation-rental-homes baywatchsuite2.jpg
2017.12.27 10:19 B C:\Chincoteague.com\Webpages\chinco-page-listings\images\vacation-rental-homes\blue-haven.jpg --> www.chincoteague.com /usr/home/daiseys/public_html/chinco-page-listings/images/vacation-rental-homes blue-haven.jpg
2017.12.27 10:19 B C:\Chincoteague.com\Webpages\chinco-page-listings\images\vacation-rental-homes\bradleylane.jpg --> www.chincoteague.com /usr/home/daiseys/public_html/chinco-page-listings/images/vacation-rental-homes bradleylane.jpg
2017.12.27 10:19 B C:\Chincoteague.com\Webpages\chinco-page-listings\images\vacation-rental-homes\captainsquarters.jpg --> www.chincoteague.com /usr/home/daiseys/public_html/chinco-page-listings/images/vacation-rental-homes captainsquarters.jpg
2017.12.27 10:19 B C:\Chincoteague.com\Webpages\chinco-page-listings\images\vacation-rental-homes\channelview.jpg --> www.chincoteague.com /usr/home/daiseys/public_html/chinco-page-listings/images/vacation-rental-homes channelview.jpg
2017.12.27 10:19 B C:\Chincoteague.com\Webpages\chinco-page-listings\images\vacation-rental-homes\Deep-Hole-Creek-House.jpg --> www.chincoteague.com /usr/home/daiseys/public_html/chinco-page-listings/images/vacation-rental-homes Deep-Hole-Creek-House.jpg
2017.12.27 10:19 B C:\Chincoteague.com\Webpages\chinco-page-listings\images\vacation-rental-homes\east-side-marina.jpg --> www.chincoteague.com /usr/home/daiseys/public_html/chinco-page-listings/images/vacation-rental-homes east-side-marina.jpg
2017.12.27 10:19 B C:\Chincoteague.com\Webpages\chinco-page-listings\images\vacation-rental-homes\edi_vacations_banner.jpg --> www.chincoteague.com /usr/home/daiseys/public_html/chinco-page-listings/images/vacation-rental-homes edi_vacations_banner.jpg
2017.12.27 10:19 B C:\Chincoteague.com\Webpages\chinco-page-listings\images\vacation-rental-homes\gandbrentals.jpg --> www.chincoteague.com /usr/home/daiseys/public_html/chinco-page-listings/images/vacation-rental-homes gandbrentals.jpg
2017.12.27 10:19 B C:\Chincoteague.com\Webpages\chinco-page-listings\images\vacation-rental-homes\grey-heron.jpg --> www.chincoteague.com /usr/home/daiseys/public_html/chinco-page-listings/images/vacation-rental-homes grey-heron.jpg
2017.12.27 10:19 B C:\Chincoteague.com\Webpages\chinco-page-listings\images\vacation-rental-homes\happiness_house.jpg --> www.chincoteague.com /usr/home/daiseys/public_html/chinco-page-listings/images/vacation-rental-homes happiness_house.jpg
2017.12.27 10:19 B C:\Chincoteague.com\Webpages\chinco-page-listings\images\vacation-rental-homes\holiday-cottages.jpg --> www.chincoteague.com /usr/home/daiseys/public_html/chinco-page-listings/images/vacation-rental-homes holiday-cottages.jpg
2017.12.27 10:19 B C:\Chincoteague.com\Webpages\chinco-page-listings\images\vacation-rental-homes\moorings-north.jpg --> www.chincoteague.com /usr/home/daiseys/public_html/chinco-page-listings/images/vacation-rental-homes moorings-north.jpg
2017.12.27 10:19 B C:\Chincoteague.com\Webpages\chinco-page-listings\images\vacation-rental-homes\myrtle-on-mumford.jpg --> www.chincoteague.com /usr/home/daiseys/public_html/chinco-page-listings/images/vacation-rental-homes myrtle-on-mumford.jpg
2017.12.27 10:20 B C:\Chincoteague.com\Webpages\chinco-page-listings\images\vacation-rental-homes\ocean-cabanas.jpg --> www.chincoteague.com /usr/home/daiseys/public_html/chinco-page-listings/images/vacation-rental-homes ocean-cabanas.jpg
2017.12.27 10:20 B C:\Chincoteague.com\Webpages\chinco-page-listings\images\vacation-rental-homes\saltydogs.jpg --> www.chincoteague.com /usr/home/daiseys/public_html/chinco-page-listings/images/vacation-rental-homes saltydogs.jpg
2017.12.27 10:20 B C:\Chincoteague.com\Webpages\chinco-page-listings\images\vacation-rental-homes\sea-shell-cottages.jpg --> www.chincoteague.com /usr/home/daiseys/public_html/chinco-page-listings/images/vacation-rental-homes sea-shell-cottages.jpg
2017.12.27 10:20 B C:\Chincoteague.com\Webpages\chinco-page-listings\images\vacation-rental-homes\sip.jpg --> www.chincoteague.com /usr/home/daiseys/public_html/chinco-page-listings/images/vacation-rental-homes sip.jpg
2017.12.27 10:20 B C:\Chincoteague.com\Webpages\chinco-page-listings\images\vacation-rental-homes\sos-backup.jpg --> www.chincoteague.com /usr/home/daiseys/public_html/chinco-page-listings/images/vacation-rental-homes sos-backup.jpg
2017.12.27 10:20 B C:\Chincoteague.com\Webpages\chinco-page-listings\images\vacation-rental-homes\sos.jpg --> www.chincoteague.com /usr/home/daiseys/public_html/chinco-page-listings/images/vacation-rental-homes sos.jpg
2017.12.27 10:20 B C:\Chincoteague.com\Webpages\chinco-page-listings\images\vacation-rental-homes\sos.pspimage --> www.chincoteague.com /usr/home/daiseys/public_html/chinco-page-listings/images/vacation-rental-homes sos.pspimage
2017.12.27 10:20 B C:\Chincoteague.com\Webpages\chinco-page-listings\images\vacation-rental-homes\spinnaker-house.jpg --> www.chincoteague.com /usr/home/daiseys/public_html/chinco-page-listings/images/vacation-rental-homes spinnaker-house.jpg
2017.12.27 10:20 B C:\Chincoteague.com\Webpages\chinco-page-listings\images\vacation-rental-homes\sunset-bay.jpg --> www.chincoteague.com /usr/home/daiseys/public_html/chinco-page-listings/images/vacation-rental-homes sunset-bay.jpg
2017.12.27 10:33 B C:\Chincoteague.com\Webpages\chinco-page-listings\images\vacation-rental-homes\myrtle-on-mumford.jpg --> www.chincoteague.com /usr/home/daiseys/public_html/chinco-page-listings/images/vacation-rental-homes myrtle-on-mumford.jpg
2018.02.04 12:08 B C:\Chincoteague.com\Webpages\chinco-page-listings\images\vacation-rental-homes\myrtle-on-mumford.jpg --> www.chincoteague.com /usr/home/daiseys/public_html/chinco-page-listings/images myrtle-on-mumford.jpg
2018.02.04 12:09 B C:\Chincoteague.com\Webpages\chinco-page-listings\images\vacation-rental-homes\myrtle-on-mumford.jpg --> www.chincoteague.com /usr/home/daiseys/public_html/chinco-page-listings/images/vacation-rental-homes myrtle-on-mumford.jpg
2018.03.25 19:46 B C:\Chincoteague.com\Webpages\chinco-page-listings\images\vacation-rental-homes\eagles-view.jpg --> www.chincoteague.com /usr/home/daiseys/public_html/chinco-page-listings/images/vacation-rental-homes eagles-view.jpg
2018.03.25 19:51 B C:\Chincoteague.com\Webpages\chinco-page-listings\images\vacation-rental-homes\eagles-view.jpg --> www.chincoteague.com /usr/home/daiseys/public_html/chinco-page-listings/images/vacation-rental-homes eagles-view.jpg
2018.07.06 12:03 B C:\Chincoteague.com\Webpages\chinco-page-listings\images\vacation-rental-homes\steves-cottages.jpg --> www.chincoteague.com /usr/home/daiseys/public_html/chinco-page-listings/images/vacation-rental-homes steves-cottages.jpg
2018.12.31 17:09 B C:\Chincoteague.com\Webpages\chinco-page-listings\images\vacation-rental-homes\key-west-cottages.jpg --> www.chincoteague.com /usr/home/daiseys/public_html/chinco-page-listings/images/vacation-rental-homes key-west-cottages.jpg
2018.12.31 17:09 B C:\Chincoteague.com\Webpages\chinco-page-listings\images\vacation-rental-homes\key-west-cottages.jpg --> www.chincoteague.com /usr/home/daiseys/public_html/chinco-page-listings/images/vacation-rental-homes key-west-cottages.jpg
2019.01.03 18:28 B C:\Chincoteague.com\Webpages\chinco-page-listings\images\vacation-rental-homes\saltydogs.jpg --> www.chincoteague.com /usr/home/daiseys/public_html/chinco-page-listings/images/vacation-rental-homes saltydogs.jpg
2019.02.03 08:22 B C:\Chincoteague.com\Webpages\chinco-page-listings\images\vacation-rental-homes\holiday-cottages.jpg --> www.chincoteague.com /usr/home/daiseys/public_html/chinco-page-listings/images/vacation-rental-homes holiday-cottages.jpg
2019.02.03 08:23 B C:\Chincoteague.com\Webpages\chinco-page-listings\images\vacation-rental-homes\holiday-cottages.jpg --> www.chincoteague.com /usr/home/daiseys/public_html/chinco-page-listings/images/vacation-rental-homes holiday-cottages.jpg
2019.03.19 19:28 B C:\Chincoteague.com\Webpages\chinco-page-listings\images\vacation-rental-homes\my-island-escape.jpg --> www.chincoteague.com /usr/home/daiseys/public_html/chinco-page-listings/images/vacation-rental-homes my-island-escape.jpg
2019.03.19 19:31 B C:\Chincoteague.com\Webpages\chinco-page-listings\images\vacation-rental-homes\my-island-escape.jpg --> www.chincoteague.com /usr/home/daiseys/public_html/chinco-page-listings/images/vacation-rental-homes my-island-escape.jpg
2019.04.15 20:29 B C:\Chincoteague.com\Webpages\chinco-page-listings\images\vacation-rental-homes\WatersEdge.jpg --> www.chincoteague.com /usr/home/daiseys/public_html/chinco-page-listings/images/vacation-rental-homes WatersEdge.jpg
2019.04.15 20:30 B C:\Chincoteague.com\Webpages\chinco-page-listings\images\vacation-rental-homes\WatersEdge.jpg --> www.chincoteague.com /usr/home/daiseys/public_html/chinco-page-listings/images/vacation-rental-homes WatersEdge.jpg
2019.04.15 20:39 B C:\Chincoteague.com\Webpages\chinco-page-listings\images\vacation-rental-homes\WatersEdge.jpg --> www.chincoteague.com /usr/home/daiseys/public_html/chinco-page-listings/images/vacation-rental-homes WatersEdge.jpg
2019.11.26 14:19 B C:\Chincoteague.com\Webpages\chinco-page-listings\images\vacation-rental-homes\adip.jpg --> www.chincoteague.com /usr/home/daiseys/public_html/chinco-page/listings/images/vacation-rental-homes adip.jpg
2019.11.26 14:19 B C:\Chincoteague.com\Webpages\chinco-page-listings\images\vacation-rental-homes\allseasons.jpg --> www.chincoteague.com /usr/home/daiseys/public_html/chinco-page/listings/images/vacation-rental-homes allseasons.jpg
2019.11.26 14:19 B C:\Chincoteague.com\Webpages\chinco-page-listings\images\vacation-rental-homes\almostheaven.jpg --> www.chincoteague.com /usr/home/daiseys/public_html/chinco-page/listings/images/vacation-rental-homes almostheaven.jpg
2019.11.26 14:19 B C:\Chincoteague.com\Webpages\chinco-page-listings\images\vacation-rental-homes\appletree.jpg --> www.chincoteague.com /usr/home/daiseys/public_html/chinco-page/listings/images/vacation-rental-homes appletree.jpg
2019.11.26 14:19 B C:\Chincoteague.com\Webpages\chinco-page-listings\images\vacation-rental-homes\baywatch-rentals.jpg --> www.chincoteague.com /usr/home/daiseys/public_html/chinco-page/listings/images/vacation-rental-homes baywatch-rentals.jpg
2019.11.26 14:19 B C:\Chincoteague.com\Webpages\chinco-page-listings\images\vacation-rental-homes\baywatchsuite2.jpg --> www.chincoteague.com /usr/home/daiseys/public_html/chinco-page/listings/images/vacation-rental-homes baywatchsuite2.jpg
2019.11.26 14:19 B C:\Chincoteague.com\Webpages\chinco-page-listings\images\vacation-rental-homes\blue-haven.jpg --> www.chincoteague.com /usr/home/daiseys/public_html/chinco-page/listings/images/vacation-rental-homes blue-haven.jpg
2019.11.26 14:19 B C:\Chincoteague.com\Webpages\chinco-page-listings\images\vacation-rental-homes\bradleylane.jpg --> www.chincoteague.com /usr/home/daiseys/public_html/chinco-page/listings/images/vacation-rental-homes bradleylane.jpg
2019.11.26 14:19 B C:\Chincoteague.com\Webpages\chinco-page-listings\images\vacation-rental-homes\captainsquarters.jpg --> www.chincoteague.com /usr/home/daiseys/public_html/chinco-page/listings/images/vacation-rental-homes captainsquarters.jpg
2019.11.26 14:19 B C:\Chincoteague.com\Webpages\chinco-page-listings\images\vacation-rental-homes\channelview.jpg --> www.chincoteague.com /usr/home/daiseys/public_html/chinco-page/listings/images/vacation-rental-homes channelview.jpg
2019.11.26 14:19 B C:\Chincoteague.com\Webpages\chinco-page-listings\images\vacation-rental-homes\Deep-Hole-Creek-House.jpg --> www.chincoteague.com /usr/home/daiseys/public_html/chinco-page/listings/images/vacation-rental-homes Deep-Hole-Creek-House.jpg
2019.11.26 14:19 B C:\Chincoteague.com\Webpages\chinco-page-listings\images\vacation-rental-homes\eagles-view.jpg --> www.chincoteague.com /usr/home/daiseys/public_html/chinco-page/listings/images/vacation-rental-homes eagles-view.jpg
2019.11.26 14:19 B C:\Chincoteague.com\Webpages\chinco-page-listings\images\vacation-rental-homes\east-side-marina.jpg --> www.chincoteague.com /usr/home/daiseys/public_html/chinco-page/listings/images/vacation-rental-homes east-side-marina.jpg
2019.11.26 14:19 B C:\Chincoteague.com\Webpages\chinco-page-listings\images\vacation-rental-homes\edi_vacations_banner.jpg --> www.chincoteague.com /usr/home/daiseys/public_html/chinco-page/listings/images/vacation-rental-homes edi_vacations_banner.jpg
2019.11.26 14:19 B C:\Chincoteague.com\Webpages\chinco-page-listings\images\vacation-rental-homes\gandbrentals.jpg --> www.chincoteague.com /usr/home/daiseys/public_html/chinco-page/listings/images/vacation-rental-homes gandbrentals.jpg
2019.11.26 14:19 B C:\Chincoteague.com\Webpages\chinco-page-listings\images\vacation-rental-homes\grey-heron.jpg --> www.chincoteague.com /usr/home/daiseys/public_html/chinco-page/listings/images/vacation-rental-homes grey-heron.jpg
2019.11.26 14:19 B C:\Chincoteague.com\Webpages\chinco-page-listings\images\vacation-rental-homes\happiness_house.jpg --> www.chincoteague.com /usr/home/daiseys/public_html/chinco-page/listings/images/vacation-rental-homes happiness_house.jpg
2019.11.26 14:19 B C:\Chincoteague.com\Webpages\chinco-page-listings\images\vacation-rental-homes\holiday-cottages.jpg --> www.chincoteague.com /usr/home/daiseys/public_html/chinco-page/listings/images/vacation-rental-homes holiday-cottages.jpg
2019.11.26 14:19 B C:\Chincoteague.com\Webpages\chinco-page-listings\images\vacation-rental-homes\key-west-cottages.jpg --> www.chincoteague.com /usr/home/daiseys/public_html/chinco-page/listings/images/vacation-rental-homes key-west-cottages.jpg
2019.11.26 14:19 B C:\Chincoteague.com\Webpages\chinco-page-listings\images\vacation-rental-homes\moorings-north.jpg --> www.chincoteague.com /usr/home/daiseys/public_html/chinco-page/listings/images/vacation-rental-homes moorings-north.jpg
2019.11.26 14:19 B C:\Chincoteague.com\Webpages\chinco-page-listings\images\vacation-rental-homes\my-island-escape.jpg --> www.chincoteague.com /usr/home/daiseys/public_html/chinco-page/listings/images/vacation-rental-homes my-island-escape.jpg
2019.11.26 14:19 B C:\Chincoteague.com\Webpages\chinco-page-listings\images\vacation-rental-homes\myrtle-on-mumford.jpg --> www.chincoteague.com /usr/home/daiseys/public_html/chinco-page/listings/images/vacation-rental-homes myrtle-on-mumford.jpg
2019.11.26 14:19 B C:\Chincoteague.com\Webpages\chinco-page-listings\images\vacation-rental-homes\ocean-cabanas.jpg --> www.chincoteague.com /usr/home/daiseys/public_html/chinco-page/listings/images/vacation-rental-homes ocean-cabanas.jpg
2019.11.26 14:19 B C:\Chincoteague.com\Webpages\chinco-page-listings\images\vacation-rental-homes\saltydogs.jpg --> www.chincoteague.com /usr/home/daiseys/public_html/chinco-page/listings/images/vacation-rental-homes saltydogs.jpg
2019.11.26 14:19 B C:\Chincoteague.com\Webpages\chinco-page-listings\images\vacation-rental-homes\sea-shell-cottages.jpg --> www.chincoteague.com /usr/home/daiseys/public_html/chinco-page/listings/images/vacation-rental-homes sea-shell-cottages.jpg
2019.11.26 14:19 B C:\Chincoteague.com\Webpages\chinco-page-listings\images\vacation-rental-homes\sip.jpg --> www.chincoteague.com /usr/home/daiseys/public_html/chinco-page/listings/images/vacation-rental-homes sip.jpg
2019.11.26 14:19 B C:\Chincoteague.com\Webpages\chinco-page-listings\images\vacation-rental-homes\sos-backup.jpg --> www.chincoteague.com /usr/home/daiseys/public_html/chinco-page/listings/images/vacation-rental-homes sos-backup.jpg
2019.11.26 14:19 B C:\Chincoteague.com\Webpages\chinco-page-listings\images\vacation-rental-homes\sos.jpg --> www.chincoteague.com /usr/home/daiseys/public_html/chinco-page/listings/images/vacation-rental-homes sos.jpg
2019.11.26 14:20 B C:\Chincoteague.com\Webpages\chinco-page-listings\images\vacation-rental-homes\sos.pspimage --> www.chincoteague.com /usr/home/daiseys/public_html/chinco-page/listings/images/vacation-rental-homes sos.pspimage
2019.11.26 14:20 B C:\Chincoteague.com\Webpages\chinco-page-listings\images\vacation-rental-homes\spinnaker-house.jpg --> www.chincoteague.com /usr/home/daiseys/public_html/chinco-page/listings/images/vacation-rental-homes spinnaker-house.jpg
2019.11.26 14:20 B C:\Chincoteague.com\Webpages\chinco-page-listings\images\vacation-rental-homes\steves-cottages.jpg --> www.chincoteague.com /usr/home/daiseys/public_html/chinco-page/listings/images/vacation-rental-homes steves-cottages.jpg
2019.11.26 14:20 B C:\Chincoteague.com\Webpages\chinco-page-listings\images\vacation-rental-homes\sunset-bay.jpg --> www.chincoteague.com /usr/home/daiseys/public_html/chinco-page/listings/images/vacation-rental-homes sunset-bay.jpg
2019.11.26 14:20 B C:\Chincoteague.com\Webpages\chinco-page-listings\images\vacation-rental-homes\WatersEdge.jpg --> www.chincoteague.com /usr/home/daiseys/public_html/chinco-page/listings/images/vacation-rental-homes WatersEdge.jpg
2019.11.26 14:20 B C:\Chincoteague.com\Webpages\chinco-page-listings\images\vacation-rental-homes\WS_FTP.LOG --> www.chincoteague.com /usr/home/daiseys/public_html/chinco-page/listings/images/vacation-rental-homes WS_FTP.LOG
2019.12.21 13:03 B C:\Chincoteague.com\Webpages\new\chinco-page\listings\images\vacation-rental-homes\adip.jpg --> www.chincoteague.com /usr/home/daiseys/public_html/new/chinco-page/listings/images/vacation-rental-homes adip.jpg
2019.12.21 13:03 B C:\Chincoteague.com\Webpages\new\chinco-page\listings\images\vacation-rental-homes\allseasons.jpg --> www.chincoteague.com /usr/home/daiseys/public_html/new/chinco-page/listings/images/vacation-rental-homes allseasons.jpg
2019.12.21 13:03 B C:\Chincoteague.com\Webpages\new\chinco-page\listings\images\vacation-rental-homes\almostheaven.jpg --> www.chincoteague.com /usr/home/daiseys/public_html/new/chinco-page/listings/images/vacation-rental-homes almostheaven.jpg
2019.12.21 13:03 B C:\Chincoteague.com\Webpages\new\chinco-page\listings\images\vacation-rental-homes\appletree.jpg --> www.chincoteague.com /usr/home/daiseys/public_html/new/chinco-page/listings/images/vacation-rental-homes appletree.jpg
2019.12.21 13:03 B C:\Chincoteague.com\Webpages\new\chinco-page\listings\images\vacation-rental-homes\baywatch-rentals.jpg --> www.chincoteague.com /usr/home/daiseys/public_html/new/chinco-page/listings/images/vacation-rental-homes baywatch-rentals.jpg
2019.12.21 13:03 B C:\Chincoteague.com\Webpages\new\chinco-page\listings\images\vacation-rental-homes\baywatchsuite2.jpg --> www.chincoteague.com /usr/home/daiseys/public_html/new/chinco-page/listings/images/vacation-rental-homes baywatchsuite2.jpg
2019.12.21 13:03 B C:\Chincoteague.com\Webpages\new\chinco-page\listings\images\vacation-rental-homes\blue-haven.jpg --> www.chincoteague.com /usr/home/daiseys/public_html/new/chinco-page/listings/images/vacation-rental-homes blue-haven.jpg
2019.12.21 13:03 B C:\Chincoteague.com\Webpages\new\chinco-page\listings\images\vacation-rental-homes\bradleylane.jpg --> www.chincoteague.com /usr/home/daiseys/public_html/new/chinco-page/listings/images/vacation-rental-homes bradleylane.jpg
2019.12.21 13:03 B C:\Chincoteague.com\Webpages\new\chinco-page\listings\images\vacation-rental-homes\captainsquarters.jpg --> www.chincoteague.com /usr/home/daiseys/public_html/new/chinco-page/listings/images/vacation-rental-homes captainsquarters.jpg
2019.12.21 13:03 B C:\Chincoteague.com\Webpages\new\chinco-page\listings\images\vacation-rental-homes\channelview.jpg --> www.chincoteague.com /usr/home/daiseys/public_html/new/chinco-page/listings/images/vacation-rental-homes channelview.jpg
2019.12.21 13:03 B C:\Chincoteague.com\Webpages\new\chinco-page\listings\images\vacation-rental-homes\Deep-Hole-Creek-House.jpg --> www.chincoteague.com /usr/home/daiseys/public_html/new/chinco-page/listings/images/vacation-rental-homes Deep-Hole-Creek-House.jpg
2019.12.21 13:03 B C:\Chincoteague.com\Webpages\new\chinco-page\listings\images\vacation-rental-homes\eagles-view.jpg --> www.chincoteague.com /usr/home/daiseys/public_html/new/chinco-page/listings/images/vacation-rental-homes eagles-view.jpg
2019.12.21 13:03 B C:\Chincoteague.com\Webpages\new\chinco-page\listings\images\vacation-rental-homes\east-side-marina.jpg --> www.chincoteague.com /usr/home/daiseys/public_html/new/chinco-page/listings/images/vacation-rental-homes east-side-marina.jpg
2019.12.21 13:03 B C:\Chincoteague.com\Webpages\new\chinco-page\listings\images\vacation-rental-homes\edi_vacations_banner.jpg --> www.chincoteague.com /usr/home/daiseys/public_html/new/chinco-page/listings/images/vacation-rental-homes edi_vacations_banner.jpg
2019.12.21 13:03 B C:\Chincoteague.com\Webpages\new\chinco-page\listings\images\vacation-rental-homes\gandbrentals.jpg --> www.chincoteague.com /usr/home/daiseys/public_html/new/chinco-page/listings/images/vacation-rental-homes gandbrentals.jpg
2019.12.21 13:03 B C:\Chincoteague.com\Webpages\new\chinco-page\listings\images\vacation-rental-homes\grey-heron.jpg --> www.chincoteague.com /usr/home/daiseys/public_html/new/chinco-page/listings/images/vacation-rental-homes grey-heron.jpg
2019.12.21 13:03 B C:\Chincoteague.com\Webpages\new\chinco-page\listings\images\vacation-rental-homes\happiness_house.jpg --> www.chincoteague.com /usr/home/daiseys/public_html/new/chinco-page/listings/images/vacation-rental-homes happiness_house.jpg
2019.12.21 13:03 B C:\Chincoteague.com\Webpages\new\chinco-page\listings\images\vacation-rental-homes\holiday-cottages.jpg --> www.chincoteague.com /usr/home/daiseys/public_html/new/chinco-page/listings/images/vacation-rental-homes holiday-cottages.jpg
2019.12.21 13:03 B C:\Chincoteague.com\Webpages\new\chinco-page\listings\images\vacation-rental-homes\key-west-cottages.jpg --> www.chincoteague.com /usr/home/daiseys/public_html/new/chinco-page/listings/images/vacation-rental-homes key-west-cottages.jpg
2019.12.21 13:03 B C:\Chincoteague.com\Webpages\new\chinco-page\listings\images\vacation-rental-homes\moorings-north.jpg --> www.chincoteague.com /usr/home/daiseys/public_html/new/chinco-page/listings/images/vacation-rental-homes moorings-north.jpg
2019.12.21 13:03 B C:\Chincoteague.com\Webpages\new\chinco-page\listings\images\vacation-rental-homes\my-island-escape.jpg --> www.chincoteague.com /usr/home/daiseys/public_html/new/chinco-page/listings/images/vacation-rental-homes my-island-escape.jpg
2019.12.21 13:03 B C:\Chincoteague.com\Webpages\new\chinco-page\listings\images\vacation-rental-homes\myrtle-on-mumford.jpg --> www.chincoteague.com /usr/home/daiseys/public_html/new/chinco-page/listings/images/vacation-rental-homes myrtle-on-mumford.jpg
2019.12.21 13:03 B C:\Chincoteague.com\Webpages\new\chinco-page\listings\images\vacation-rental-homes\ocean-cabanas.jpg --> www.chincoteague.com /usr/home/daiseys/public_html/new/chinco-page/listings/images/vacation-rental-homes ocean-cabanas.jpg
2019.12.21 13:03 B C:\Chincoteague.com\Webpages\new\chinco-page\listings\images\vacation-rental-homes\saltydogs.jpg --> www.chincoteague.com /usr/home/daiseys/public_html/new/chinco-page/listings/images/vacation-rental-homes saltydogs.jpg
2019.12.21 13:03 B C:\Chincoteague.com\Webpages\new\chinco-page\listings\images\vacation-rental-homes\sea-shell-cottages.jpg --> www.chincoteague.com /usr/home/daiseys/public_html/new/chinco-page/listings/images/vacation-rental-homes sea-shell-cottages.jpg
2019.12.21 13:03 B C:\Chincoteague.com\Webpages\new\chinco-page\listings\images\vacation-rental-homes\sip.jpg --> www.chincoteague.com /usr/home/daiseys/public_html/new/chinco-page/listings/images/vacation-rental-homes sip.jpg
2019.12.21 13:03 B C:\Chincoteague.com\Webpages\new\chinco-page\listings\images\vacation-rental-homes\sos-backup.jpg --> www.chincoteague.com /usr/home/daiseys/public_html/new/chinco-page/listings/images/vacation-rental-homes sos-backup.jpg
2019.12.21 13:03 B C:\Chincoteague.com\Webpages\new\chinco-page\listings\images\vacation-rental-homes\sos.jpg --> www.chincoteague.com /usr/home/daiseys/public_html/new/chinco-page/listings/images/vacation-rental-homes sos.jpg
2019.12.21 13:04 B C:\Chincoteague.com\Webpages\new\chinco-page\listings\images\vacation-rental-homes\sos.pspimage --> www.chincoteague.com /usr/home/daiseys/public_html/new/chinco-page/listings/images/vacation-rental-homes sos.pspimage
2019.12.21 13:04 B C:\Chincoteague.com\Webpages\new\chinco-page\listings\images\vacation-rental-homes\spinnaker-house.jpg --> www.chincoteague.com /usr/home/daiseys/public_html/new/chinco-page/listings/images/vacation-rental-homes spinnaker-house.jpg
2019.12.21 13:04 B C:\Chincoteague.com\Webpages\new\chinco-page\listings\images\vacation-rental-homes\steves-cottages.jpg --> www.chincoteague.com /usr/home/daiseys/public_html/new/chinco-page/listings/images/vacation-rental-homes steves-cottages.jpg
2019.12.21 13:04 B C:\Chincoteague.com\Webpages\new\chinco-page\listings\images\vacation-rental-homes\sunset-bay.jpg --> www.chincoteague.com /usr/home/daiseys/public_html/new/chinco-page/listings/images/vacation-rental-homes sunset-bay.jpg
2019.12.21 13:04 B C:\Chincoteague.com\Webpages\new\chinco-page\listings\images\vacation-rental-homes\WatersEdge.jpg --> www.chincoteague.com /usr/home/daiseys/public_html/new/chinco-page/listings/images/vacation-rental-homes WatersEdge.jpg
2019.12.21 13:04 B C:\Chincoteague.com\Webpages\new\chinco-page\listings\images\vacation-rental-homes\WS_FTP.LOG --> www.chincoteague.com /usr/home/daiseys/public_html/new/chinco-page/listings/images/vacation-rental-homes WS_FTP.LOG
2020.07.01 18:37 B C:\Chincoteague.com\Webpages\chinco-page\listings\images\vacation-rental-homes\miss-ida.jpg --> www.chincoteague.com /usr/home/daiseys/public_html/chinco-page/listings/images/vacation-rental-homes miss-ida.jpg
