2016.12.14 09:57 B C:\Chincoteague.com\Webpages\chinco-page-listings\images\activities\bike-depot-banner.jpg --> www.chincoteague.com /usr/home/daiseys/public_html/chinco-page-listings/images/activities bike-depot-banner.jpg
2016.12.14 16:25 B C:\Chincoteague.com\Webpages\chinco-page-listings\images\activities\capt-bobs.jpg --> www.chincoteague.com /usr/home/daiseys/public_html/chinco-page-listings/images/activities capt-bobs.jpg
2016.12.18 17:41 B C:\Chincoteague.com\Webpages\chinco-page-listings\images\activities\east-side-marina.jpg --> www.chincoteague.com /usr/home/daiseys/public_html/chinco-page-listings/images/activities east-side-marina.jpg
2016.12.18 17:41 B C:\Chincoteague.com\Webpages\chinco-page-listings\images\activities\snug-harbor.jpg --> www.chincoteague.com /usr/home/daiseys/public_html/chinco-page-listings/images/activities snug-harbor.jpg
2016.12.18 17:44 B C:\Chincoteague.com\Webpages\chinco-page-listings\images\activities\capt-bobs.jpg --> www.chincoteague.com /usr/home/daiseys/public_html/chinco-page-listings/images/activities capt-bobs.jpg
2016.12.18 18:35 B C:\Chincoteague.com\Webpages\chinco-page-listings\images\activities\chincoteague-center.jpg --> www.chincoteague.com /usr/home/daiseys/public_html/chinco-page-listings/images/activities chincoteague-center.jpg
2016.12.18 20:03 B C:\Chincoteague.com\Webpages\chinco-page-listings\images\activities\captain-steves.jpg --> www.chincoteague.com /usr/home/daiseys/public_html/chinco-page-listings/images/activities captain-steves.jpg
2016.12.18 20:28 B C:\Chincoteague.com\Webpages\chinco-page-listings\images\activities\refuge-golf.jpg --> www.chincoteague.com /usr/home/daiseys/public_html/chinco-page-listings/images/activities refuge-golf.jpg
2017.02.15 10:33 B C:\Chincoteague.com\Webpages\chinco-page-listings\images\activities\vhg-glider-flight.jpg --> www.chincoteague.com /usr/home/daiseys/public_html/chinco-page-listings/images/activities vhg-glider-flight.jpg
2017.02.15 10:53 B C:\Chincoteague.com\Webpages\chinco-page-listings\images\activities\vhg-glider-flight.jpg --> www.chincoteague.com /usr/home/daiseys/public_html/chinco-page-listings/images/activities vhg-glider-flight.jpg
2017.02.15 11:12 B C:\Chincoteague.com\Webpages\chinco-page-listings\images\activities\vhg-glider-flight.jpg --> www.chincoteague.com /usr/home/daiseys/public_html/chinco-page-listings/images/activities vhg-glider-flight.jpg
2017.02.15 15:30 B C:\Chincoteague.com\Webpages\chinco-page-listings\images\activities\queen-hive.jpg --> www.chincoteague.com /usr/home/daiseys/public_html/chinco-page-listings/images/activities queen-hive.jpg
2017.03.02 12:44 B C:\Chincoteague.com\Webpages\chinco-page-listings\images\activities\snug-harbor-kayak-tours.jpg --> www.chincoteague.com /usr/home/daiseys/public_html/chinco-page-listings/images/activities snug-harbor-kayak-tours.jpg
2017.03.02 12:44 B C:\Chincoteague.com\Webpages\chinco-page-listings\images\activities\assateague-explorer-kayak-tour.jpg --> www.chincoteague.com /usr/home/daiseys/public_html/chinco-page-listings/images/activities assateague-explorer-kayak-tour.jpg
2017.03.02 13:03 B C:\Chincoteague.com\Webpages\chinco-page-listings\images\activities\chinco-bay-field-station.jpg --> www.chincoteague.com /usr/home/daiseys/public_html/chinco-page-listings/images/activities chinco-bay-field-station.jpg
2017.03.03 14:22 B C:\Chincoteague.com\Webpages\chinco-page-listings\images\activities\pony-center.jpg --> www.chincoteague.com /usr/home/daiseys/public_html/chinco-page-listings/images pony-center.jpg
2017.03.03 14:22 B C:\Chincoteague.com\Webpages\chinco-page-listings\images\activities\delmarva-discovery-center.jpg --> www.chincoteague.com /usr/home/daiseys/public_html/chinco-page-listings/images/activities delmarva-discovery-center.jpg
2017.03.03 14:23 B C:\Chincoteague.com\Webpages\chinco-page-listings\images\activities\pony-center.jpg --> www.chincoteague.com /usr/home/daiseys/public_html/chinco-page-listings/images/activities pony-center.jpg
2017.03.03 14:24 B C:\Chincoteague.com\Webpages\chinco-page-listings\images\activities\delmarva-discovery-center.jpg --> www.chincoteague.com /usr/home/daiseys/public_html/chinco-page-listings/images/activities delmarva-discovery-center.jpg
2017.03.03 15:11 B C:\Chincoteague.com\Webpages\chinco-page-listings\images\activities\library.jpg --> www.chincoteague.com /usr/home/daiseys/public_html/chinco-page-listings/images/activities library.jpg
2017.03.03 15:19 B C:\Chincoteague.com\Webpages\chinco-page-listings\images\activities\vhg-scenic-flights.jpg --> www.chincoteague.com /usr/home/daiseys/public_html/chinco-page-listings/images/activities vhg-scenic-flights.jpg
2017.03.03 15:19 B C:\Chincoteague.com\Webpages\chinco-page-listings\images\activities\carter-crabbe.jpg --> www.chincoteague.com /usr/home/daiseys/public_html/chinco-page-listings/images/activities carter-crabbe.jpg
2017.03.18 12:02 B C:\Chincoteague.com\Webpages\chinco-page-listings\images\activities\teaguers-tump-tours.png --> www.chincoteague.com /usr/home/daiseys/public_html/chinco-page-listings/images/activities teaguers-tump-tours.png
2017.12.27 11:21 B C:\Chincoteague.com\Webpages\chinco-page-listings\images\activities\vhg-scenic-flights.jpg --> www.chincoteague.com /usr/home/daiseys/public_html/chinco-page-listings/images/activities vhg-scenic-flights.jpg
2017.12.27 11:21 B C:\Chincoteague.com\Webpages\chinco-page-listings\images\activities\carter-crabbe.jpg --> www.chincoteague.com /usr/home/daiseys/public_html/chinco-page-listings/images/activities carter-crabbe.jpg
2017.12.27 11:21 B C:\Chincoteague.com\Webpages\chinco-page-listings\images\activities\chinco-bay-field-station.jpg --> www.chincoteague.com /usr/home/daiseys/public_html/chinco-page-listings/images/activities chinco-bay-field-station.jpg
2018.03.27 13:15 B C:\Chincoteague.com\Webpages\chinco-page-listings\images\activities\MJ_Logos-FullColor.jpg --> www.chincoteague.com /usr/home/daiseys/public_html/chinco-page-listings/images/activities MJ_Logos-FullColor.jpg
2018.03.27 13:15 B C:\Chincoteague.com\Webpages\chinco-page-listings\images\activities\MJ_Logos-FullColor.jpg --> www.chincoteague.com /usr/home/daiseys/public_html/chinco-page-listings/images/activities MJ_Logos-FullColor.jpg
2018.07.23 20:00 B C:\Chincoteague.com\Webpages\chinco-page-listings\images\activities\TIC_Banner_Ad.png --> www.chincoteague.com /usr/home/daiseys/public_html/chinco-page-listings/images/activities TIC_Banner_Ad.png
2018.08.05 10:04 B C:\Chincoteague.com\Webpages\chinco-page-listings\images\activities\sunscooters.jpg --> www.chincoteague.com /usr/home/daiseys/public_html/chinco-page-listings/images/activities sunscooters.jpg
2019.08.04 20:21 B C:\Chincoteague.com\Webpages\chinco-page-listings\images\activities\cio.jpg --> www.chincoteague.com /usr/home/daiseys/public_html/chinco-page-listings/images/activities cio.jpg
2019.08.04 20:28 B C:\Chincoteague.com\Webpages\chinco-page-listings\images\activities\cio.jpg --> www.chincoteague.com /usr/home/daiseys/public_html/chinco-page-listings/images/activities cio.jpg
2019.08.04 20:30 B C:\Chincoteague.com\Webpages\chinco-page-listings\images\activities\cio.jpg --> www.chincoteague.com /usr/home/daiseys/public_html/chinco-page-listings/images/activities cio.jpg
2019.11.16 16:29 B C:\Chincoteague.com\Webpages\chinco-page-listings\images\activities\assateague-explorer-kayak-tour.png <-- Chincoteague.com /usr/home/daiseys/public_html/chinco-page-listings/images/activities assateague-explorer-kayak-tour.png
2019.11.26 14:14 B C:\Chincoteague.com\Webpages\chinco-page-listings\images\activities\assateague-explorer-kayak-tour.jpg --> www.chincoteague.com /usr/home/daiseys/public_html/chinco-page/listings/images/activities assateague-explorer-kayak-tour.jpg
2019.11.26 14:14 B C:\Chincoteague.com\Webpages\chinco-page-listings\images\activities\assateague-explorer-kayak-tour.png --> www.chincoteague.com /usr/home/daiseys/public_html/chinco-page/listings/images/activities assateague-explorer-kayak-tour.png
2019.11.26 14:14 B C:\Chincoteague.com\Webpages\chinco-page-listings\images\activities\bike-depot-banner.jpg --> www.chincoteague.com /usr/home/daiseys/public_html/chinco-page/listings/images/activities bike-depot-banner.jpg
2019.11.26 14:14 B C:\Chincoteague.com\Webpages\chinco-page-listings\images\activities\capt-bobs.jpg --> www.chincoteague.com /usr/home/daiseys/public_html/chinco-page/listings/images/activities capt-bobs.jpg
2019.11.26 14:14 B C:\Chincoteague.com\Webpages\chinco-page-listings\images\activities\captain-steves.jpg --> www.chincoteague.com /usr/home/daiseys/public_html/chinco-page/listings/images/activities captain-steves.jpg
2019.11.26 14:14 B C:\Chincoteague.com\Webpages\chinco-page-listings\images\activities\carter-crabbe.jpg --> www.chincoteague.com /usr/home/daiseys/public_html/chinco-page/listings/images/activities carter-crabbe.jpg
2019.11.26 14:14 B C:\Chincoteague.com\Webpages\chinco-page-listings\images\activities\chinco-bay-field-station.jpg --> www.chincoteague.com /usr/home/daiseys/public_html/chinco-page/listings/images/activities chinco-bay-field-station.jpg
2019.11.26 14:14 B C:\Chincoteague.com\Webpages\chinco-page-listings\images\activities\chincoteague-center.jpg --> www.chincoteague.com /usr/home/daiseys/public_html/chinco-page/listings/images/activities chincoteague-center.jpg
2019.11.26 14:14 B C:\Chincoteague.com\Webpages\chinco-page-listings\images\activities\cio.jpg --> www.chincoteague.com /usr/home/daiseys/public_html/chinco-page/listings/images/activities cio.jpg
2019.11.26 14:14 B C:\Chincoteague.com\Webpages\chinco-page-listings\images\activities\delmarva-discovery-center.jpg --> www.chincoteague.com /usr/home/daiseys/public_html/chinco-page/listings/images/activities delmarva-discovery-center.jpg
2019.11.26 14:14 B C:\Chincoteague.com\Webpages\chinco-page-listings\images\activities\east-side-marina.jpg --> www.chincoteague.com /usr/home/daiseys/public_html/chinco-page/listings/images/activities east-side-marina.jpg
2019.11.26 14:14 B C:\Chincoteague.com\Webpages\chinco-page-listings\images\activities\library.jpg --> www.chincoteague.com /usr/home/daiseys/public_html/chinco-page/listings/images/activities library.jpg
2019.11.26 14:14 B C:\Chincoteague.com\Webpages\chinco-page-listings\images\activities\MJ_Logos-FullColor.jpg --> www.chincoteague.com /usr/home/daiseys/public_html/chinco-page/listings/images/activities MJ_Logos-FullColor.jpg
2019.11.26 14:14 B C:\Chincoteague.com\Webpages\chinco-page-listings\images\activities\MJ_Logos-FullColor.png --> www.chincoteague.com /usr/home/daiseys/public_html/chinco-page/listings/images/activities MJ_Logos-FullColor.png
2019.11.26 14:14 B C:\Chincoteague.com\Webpages\chinco-page-listings\images\activities\pony-center.jpg --> www.chincoteague.com /usr/home/daiseys/public_html/chinco-page/listings/images/activities pony-center.jpg
2019.11.26 14:14 B C:\Chincoteague.com\Webpages\chinco-page-listings\images\activities\queen-hive.jpg --> www.chincoteague.com /usr/home/daiseys/public_html/chinco-page/listings/images/activities queen-hive.jpg
2019.11.26 14:14 B C:\Chincoteague.com\Webpages\chinco-page-listings\images\activities\refuge-golf.jpg --> www.chincoteague.com /usr/home/daiseys/public_html/chinco-page/listings/images/activities refuge-golf.jpg
2019.11.26 14:14 B C:\Chincoteague.com\Webpages\chinco-page-listings\images\activities\snug-harbor-kayak-tours.jpg --> www.chincoteague.com /usr/home/daiseys/public_html/chinco-page/listings/images/activities snug-harbor-kayak-tours.jpg
2019.11.26 14:14 B C:\Chincoteague.com\Webpages\chinco-page-listings\images\activities\snug-harbor.jpg --> www.chincoteague.com /usr/home/daiseys/public_html/chinco-page/listings/images/activities snug-harbor.jpg
2019.11.26 14:14 B C:\Chincoteague.com\Webpages\chinco-page-listings\images\activities\sunscooters.jpg --> www.chincoteague.com /usr/home/daiseys/public_html/chinco-page/listings/images/activities sunscooters.jpg
2019.11.26 14:14 B C:\Chincoteague.com\Webpages\chinco-page-listings\images\activities\teaguers-tump-tours.png --> www.chincoteague.com /usr/home/daiseys/public_html/chinco-page/listings/images/activities teaguers-tump-tours.png
2019.11.26 14:14 B C:\Chincoteague.com\Webpages\chinco-page-listings\images\activities\TIC_Banner_Ad.png --> www.chincoteague.com /usr/home/daiseys/public_html/chinco-page/listings/images/activities TIC_Banner_Ad.png
2019.11.26 14:14 B C:\Chincoteague.com\Webpages\chinco-page-listings\images\activities\vhg-glider-flight.jpg --> www.chincoteague.com /usr/home/daiseys/public_html/chinco-page/listings/images/activities vhg-glider-flight.jpg
2019.11.26 14:14 B C:\Chincoteague.com\Webpages\chinco-page-listings\images\activities\vhg-scenic-flights.jpg --> www.chincoteague.com /usr/home/daiseys/public_html/chinco-page/listings/images/activities vhg-scenic-flights.jpg
2019.11.26 14:14 B C:\Chincoteague.com\Webpages\chinco-page-listings\images\activities\WS_FTP.LOG --> www.chincoteague.com /usr/home/daiseys/public_html/chinco-page/listings/images/activities WS_FTP.LOG
2019.12.21 12:58 B C:\Chincoteague.com\Webpages\new\chinco-page\listings\images\activities\assateague-explorer-kayak-tour.jpg --> www.chincoteague.com /usr/home/daiseys/public_html/new/chinco-page/listings/images/activities assateague-explorer-kayak-tour.jpg
2019.12.21 12:58 B C:\Chincoteague.com\Webpages\new\chinco-page\listings\images\activities\assateague-explorer-kayak-tour.png --> www.chincoteague.com /usr/home/daiseys/public_html/new/chinco-page/listings/images/activities assateague-explorer-kayak-tour.png
2019.12.21 12:58 B C:\Chincoteague.com\Webpages\new\chinco-page\listings\images\activities\bike-depot-banner.jpg --> www.chincoteague.com /usr/home/daiseys/public_html/new/chinco-page/listings/images/activities bike-depot-banner.jpg
2019.12.21 12:58 B C:\Chincoteague.com\Webpages\new\chinco-page\listings\images\activities\capt-bobs.jpg --> www.chincoteague.com /usr/home/daiseys/public_html/new/chinco-page/listings/images/activities capt-bobs.jpg
2019.12.21 12:58 B C:\Chincoteague.com\Webpages\new\chinco-page\listings\images\activities\captain-steves.jpg --> www.chincoteague.com /usr/home/daiseys/public_html/new/chinco-page/listings/images/activities captain-steves.jpg
2019.12.21 12:58 B C:\Chincoteague.com\Webpages\new\chinco-page\listings\images\activities\carter-crabbe.jpg --> www.chincoteague.com /usr/home/daiseys/public_html/new/chinco-page/listings/images/activities carter-crabbe.jpg
2019.12.21 12:58 B C:\Chincoteague.com\Webpages\new\chinco-page\listings\images\activities\chinco-bay-field-station.jpg --> www.chincoteague.com /usr/home/daiseys/public_html/new/chinco-page/listings/images/activities chinco-bay-field-station.jpg
2019.12.21 12:58 B C:\Chincoteague.com\Webpages\new\chinco-page\listings\images\activities\chincoteague-center.jpg --> www.chincoteague.com /usr/home/daiseys/public_html/new/chinco-page/listings/images/activities chincoteague-center.jpg
2019.12.21 12:58 B C:\Chincoteague.com\Webpages\new\chinco-page\listings\images\activities\cio.jpg --> www.chincoteague.com /usr/home/daiseys/public_html/new/chinco-page/listings/images/activities cio.jpg
2019.12.21 12:58 B C:\Chincoteague.com\Webpages\new\chinco-page\listings\images\activities\delmarva-discovery-center.jpg --> www.chincoteague.com /usr/home/daiseys/public_html/new/chinco-page/listings/images/activities delmarva-discovery-center.jpg
2019.12.21 12:58 B C:\Chincoteague.com\Webpages\new\chinco-page\listings\images\activities\east-side-marina.jpg --> www.chincoteague.com /usr/home/daiseys/public_html/new/chinco-page/listings/images/activities east-side-marina.jpg
2019.12.21 12:58 B C:\Chincoteague.com\Webpages\new\chinco-page\listings\images\activities\library.jpg --> www.chincoteague.com /usr/home/daiseys/public_html/new/chinco-page/listings/images/activities library.jpg
2019.12.21 12:58 B C:\Chincoteague.com\Webpages\new\chinco-page\listings\images\activities\MJ_Logos-FullColor.jpg --> www.chincoteague.com /usr/home/daiseys/public_html/new/chinco-page/listings/images/activities MJ_Logos-FullColor.jpg
2019.12.21 12:58 B C:\Chincoteague.com\Webpages\new\chinco-page\listings\images\activities\MJ_Logos-FullColor.png --> www.chincoteague.com /usr/home/daiseys/public_html/new/chinco-page/listings/images/activities MJ_Logos-FullColor.png
2019.12.21 12:58 B C:\Chincoteague.com\Webpages\new\chinco-page\listings\images\activities\pony-center.jpg --> www.chincoteague.com /usr/home/daiseys/public_html/new/chinco-page/listings/images/activities pony-center.jpg
2019.12.21 12:58 B C:\Chincoteague.com\Webpages\new\chinco-page\listings\images\activities\queen-hive.jpg --> www.chincoteague.com /usr/home/daiseys/public_html/new/chinco-page/listings/images/activities queen-hive.jpg
2019.12.21 12:58 B C:\Chincoteague.com\Webpages\new\chinco-page\listings\images\activities\refuge-golf.jpg --> www.chincoteague.com /usr/home/daiseys/public_html/new/chinco-page/listings/images/activities refuge-golf.jpg
2019.12.21 12:58 B C:\Chincoteague.com\Webpages\new\chinco-page\listings\images\activities\snug-harbor-kayak-tours.jpg --> www.chincoteague.com /usr/home/daiseys/public_html/new/chinco-page/listings/images/activities snug-harbor-kayak-tours.jpg
2019.12.21 12:58 B C:\Chincoteague.com\Webpages\new\chinco-page\listings\images\activities\snug-harbor.jpg --> www.chincoteague.com /usr/home/daiseys/public_html/new/chinco-page/listings/images/activities snug-harbor.jpg
2019.12.21 12:58 B C:\Chincoteague.com\Webpages\new\chinco-page\listings\images\activities\sunscooters.jpg --> www.chincoteague.com /usr/home/daiseys/public_html/new/chinco-page/listings/images/activities sunscooters.jpg
2019.12.21 12:58 B C:\Chincoteague.com\Webpages\new\chinco-page\listings\images\activities\teaguers-tump-tours.png --> www.chincoteague.com /usr/home/daiseys/public_html/new/chinco-page/listings/images/activities teaguers-tump-tours.png
2019.12.21 12:58 B C:\Chincoteague.com\Webpages\new\chinco-page\listings\images\activities\TIC_Banner_Ad.png --> www.chincoteague.com /usr/home/daiseys/public_html/new/chinco-page/listings/images/activities TIC_Banner_Ad.png
2019.12.21 12:58 B C:\Chincoteague.com\Webpages\new\chinco-page\listings\images\activities\vhg-glider-flight.jpg --> www.chincoteague.com /usr/home/daiseys/public_html/new/chinco-page/listings/images/activities vhg-glider-flight.jpg
2019.12.21 12:58 B C:\Chincoteague.com\Webpages\new\chinco-page\listings\images\activities\vhg-scenic-flights.jpg --> www.chincoteague.com /usr/home/daiseys/public_html/new/chinco-page/listings/images/activities vhg-scenic-flights.jpg
2019.12.21 12:58 B C:\Chincoteague.com\Webpages\new\chinco-page\listings\images\activities\WS_FTP.LOG --> www.chincoteague.com /usr/home/daiseys/public_html/new/chinco-page/listings/images/activities WS_FTP.LOG
2020.07.01 19:54 B C:\Chincoteague.com\Webpages\chinco-page\listings\images\activities\step_through_time_tours.jpg --> www.chincoteague.com /usr/home/daiseys/public_html/chinco-page/listings/images/activities step_through_time_tours.jpg
2020.07.06 16:58 B C:\Chincoteague.com\Webpages\chinco-page\listings\images\activities\assateague-adventures.jpg --> www.chincoteague.com /usr/home/daiseys/public_html/chinco-page/listings/images/activities assateague-adventures.jpg
2020.07.07 21:08 B C:\Chincoteague.com\Webpages\chinco-page\listings\images\activities\assateague-adventures.jpg --> www.chincoteague.com /usr/home/daiseys/public_html/chinco-page/listings/images/activities assateague-adventures.jpg
2020.07.08 21:44 B C:\Chincoteague.com\Webpages\chinco-page\listings\images\activities\assateague-adventures.jpg --> www.chincoteague.com /usr/home/daiseys/public_html/chinco-page/listings/images/activities assateague-adventures.jpg
2020.07.10 16:54 B C:\Chincoteague.com\Webpages\chinco-page\listings\images\activities\assateague-adventures.jpg --> www.chincoteague.com /usr/home/daiseys/public_html/chinco-page/listings/images/activities assateague-adventures.jpg
2020.07.28 09:38 B C:\Chincoteague.com\Webpages\chinco-page\listings\images\activities\riptide-eride.jpg --> www.chincoteague.com /usr/home/daiseys/public_html/chinco-page/listings/images/activities riptide-eride.jpg
