2017.03.18 16:26 B C:\Chincoteague.com\Webpages\chinco-page-listings\images\boat-tours\assateague-explorer-ad.jpg --> www.chincoteague.com /usr/home/daiseys/public_html/chinco-page-listings/images/boat-tours assateague-explorer-ad.jpg
2017.03.18 16:26 B C:\Chincoteague.com\Webpages\chinco-page-listings\images\boat-tours\assateague-tours-ad.jpg --> www.chincoteague.com /usr/home/daiseys/public_html/chinco-page-listings/images/boat-tours assateague-tours-ad.jpg
2017.03.18 16:26 B C:\Chincoteague.com\Webpages\chinco-page-listings\images\boat-tours\barnacle-bills-banner.jpg --> www.chincoteague.com /usr/home/daiseys/public_html/chinco-page-listings/images/boat-tours barnacle-bills-banner.jpg
2017.03.18 16:26 B C:\Chincoteague.com\Webpages\chinco-page-listings\images\boat-tours\capt-barry-logo.jpg --> www.chincoteague.com /usr/home/daiseys/public_html/chinco-page-listings/images/boat-tours capt-barry-logo.jpg
2017.03.18 16:26 B C:\Chincoteague.com\Webpages\chinco-page-listings\images\boat-tours\chincoteague-island-adventures.jpg --> www.chincoteague.com /usr/home/daiseys/public_html/chinco-page-listings/images/boat-tours chincoteague-island-adventures.jpg
2017.03.18 16:26 B C:\Chincoteague.com\Webpages\chinco-page-listings\images\boat-tours\daiseys-cruises-banner8.jpg --> www.chincoteague.com /usr/home/daiseys/public_html/chinco-page-listings/images/boat-tours daiseys-cruises-banner8.jpg
2017.03.18 16:26 B C:\Chincoteague.com\Webpages\chinco-page-listings\images\boat-tours\islandqueen.jpg --> www.chincoteague.com /usr/home/daiseys/public_html/chinco-page-listings/images/boat-tours islandqueen.jpg
2017.03.18 16:26 B C:\Chincoteague.com\Webpages\chinco-page-listings\images\boat-tours\LTC-Banner.jpg --> www.chincoteague.com /usr/home/daiseys/public_html/chinco-page-listings/images/boat-tours LTC-Banner.jpg
2017.03.18 16:26 B C:\Chincoteague.com\Webpages\chinco-page-listings\images\boat-tours\marshland-charters.jpg --> www.chincoteague.com /usr/home/daiseys/public_html/chinco-page-listings/images/boat-tours marshland-charters.jpg
2017.03.18 16:26 B C:\Chincoteague.com\Webpages\chinco-page-listings\images\boat-tours\miss-chincoteague-fishing.jpg --> www.chincoteague.com /usr/home/daiseys/public_html/chinco-page-listings/images/boat-tours miss-chincoteague-fishing.jpg
2017.03.18 16:26 B C:\Chincoteague.com\Webpages\chinco-page-listings\images\boat-tours\pirate-ship-adventure.jpg --> www.chincoteague.com /usr/home/daiseys/public_html/chinco-page-listings/images/boat-tours pirate-ship-adventure.jpg
2017.03.18 16:26 B C:\Chincoteague.com\Webpages\chinco-page-listings\images\boat-tours\pm-charters.jpg --> www.chincoteague.com /usr/home/daiseys/public_html/chinco-page-listings/images/boat-tours pm-charters.jpg
2017.03.18 16:26 B C:\Chincoteague.com\Webpages\chinco-page-listings\images\boat-tours\salt-water-pony-tours.jpg --> www.chincoteague.com /usr/home/daiseys/public_html/chinco-page-listings/images/boat-tours salt-water-pony-tours.jpg
2017.03.18 16:26 B C:\Chincoteague.com\Webpages\chinco-page-listings\images\boat-tours\spiders-explorer-banner.jpg --> www.chincoteague.com /usr/home/daiseys/public_html/chinco-page-listings/images/boat-tours spiders-explorer-banner.jpg
2017.03.18 16:30 B C:\Chincoteague.com\Webpages\chinco-page-listings\images\boat-tours\captdans3.jpg --> www.chincoteague.com /usr/home/daiseys/public_html/chinco-page-listings/images/boat-tours captdans3.jpg
2017.04.14 19:40 B C:\Chincoteague.com\Webpages\chinco-page-listings\images\boat-tours\captdans3.jpg --> www.chincoteague.com /usr/home/daiseys/public_html/chinco-page-listings/images/boat-tours captdans3.jpg
2019.11.16 16:10 B C:\Chincoteague.com\Webpages\chinco-page-listings\images\boat-tours\assateague-explorer-ad.jpg --> www.chincoteague.com /usr/home/daiseys/public_html/chinco-page-listings/images/boat-tours assateague-explorer-ad.jpg
2019.11.26 14:15 B C:\Chincoteague.com\Webpages\chinco-page-listings\images\boat-tours\assateague-explorer-ad.jpg --> www.chincoteague.com /usr/home/daiseys/public_html/chinco-page/listings/images/boat-tours assateague-explorer-ad.jpg
2019.11.26 14:15 B C:\Chincoteague.com\Webpages\chinco-page-listings\images\boat-tours\assateague-tours-ad.jpg --> www.chincoteague.com /usr/home/daiseys/public_html/chinco-page/listings/images/boat-tours assateague-tours-ad.jpg
2019.11.26 14:15 B C:\Chincoteague.com\Webpages\chinco-page-listings\images\boat-tours\barnacle-bills-banner.jpg --> www.chincoteague.com /usr/home/daiseys/public_html/chinco-page/listings/images/boat-tours barnacle-bills-banner.jpg
2019.11.26 14:15 B C:\Chincoteague.com\Webpages\chinco-page-listings\images\boat-tours\capt-barry-logo.jpg --> www.chincoteague.com /usr/home/daiseys/public_html/chinco-page/listings/images/boat-tours capt-barry-logo.jpg
2019.11.26 14:15 B C:\Chincoteague.com\Webpages\chinco-page-listings\images\boat-tours\captdans3.jpg --> www.chincoteague.com /usr/home/daiseys/public_html/chinco-page/listings/images/boat-tours captdans3.jpg
2019.11.26 14:15 B C:\Chincoteague.com\Webpages\chinco-page-listings\images\boat-tours\chincoteague-island-adventures.jpg --> www.chincoteague.com /usr/home/daiseys/public_html/chinco-page/listings/images/boat-tours chincoteague-island-adventures.jpg
2019.11.26 14:15 B C:\Chincoteague.com\Webpages\chinco-page-listings\images\boat-tours\daiseys-cruises-banner8.jpg --> www.chincoteague.com /usr/home/daiseys/public_html/chinco-page/listings/images/boat-tours daiseys-cruises-banner8.jpg
2019.11.26 14:15 B C:\Chincoteague.com\Webpages\chinco-page-listings\images\boat-tours\islandqueen.jpg --> www.chincoteague.com /usr/home/daiseys/public_html/chinco-page/listings/images/boat-tours islandqueen.jpg
2019.11.26 14:15 B C:\Chincoteague.com\Webpages\chinco-page-listings\images\boat-tours\LTC-Banner.jpg --> www.chincoteague.com /usr/home/daiseys/public_html/chinco-page/listings/images/boat-tours LTC-Banner.jpg
2019.11.26 14:15 B C:\Chincoteague.com\Webpages\chinco-page-listings\images\boat-tours\marshland-charters.jpg --> www.chincoteague.com /usr/home/daiseys/public_html/chinco-page/listings/images/boat-tours marshland-charters.jpg
2019.11.26 14:15 B C:\Chincoteague.com\Webpages\chinco-page-listings\images\boat-tours\miss-chincoteague-fishing.jpg --> www.chincoteague.com /usr/home/daiseys/public_html/chinco-page/listings/images/boat-tours miss-chincoteague-fishing.jpg
2019.11.26 14:15 B C:\Chincoteague.com\Webpages\chinco-page-listings\images\boat-tours\pirate-ship-adventure.jpg --> www.chincoteague.com /usr/home/daiseys/public_html/chinco-page/listings/images/boat-tours pirate-ship-adventure.jpg
2019.11.26 14:15 B C:\Chincoteague.com\Webpages\chinco-page-listings\images\boat-tours\pm-charters.jpg --> www.chincoteague.com /usr/home/daiseys/public_html/chinco-page/listings/images/boat-tours pm-charters.jpg
2019.11.26 14:15 B C:\Chincoteague.com\Webpages\chinco-page-listings\images\boat-tours\salt-water-pony-tours.jpg --> www.chincoteague.com /usr/home/daiseys/public_html/chinco-page/listings/images/boat-tours salt-water-pony-tours.jpg
2019.11.26 14:15 B C:\Chincoteague.com\Webpages\chinco-page-listings\images\boat-tours\spiders-explorer-banner.jpg --> www.chincoteague.com /usr/home/daiseys/public_html/chinco-page/listings/images/boat-tours spiders-explorer-banner.jpg
2019.11.26 14:15 B C:\Chincoteague.com\Webpages\chinco-page-listings\images\boat-tours\WS_FTP.LOG --> www.chincoteague.com /usr/home/daiseys/public_html/chinco-page/listings/images/boat-tours WS_FTP.LOG
2019.12.21 12:59 B C:\Chincoteague.com\Webpages\new\chinco-page\listings\images\boat-tours\assateague-explorer-ad.jpg --> www.chincoteague.com /usr/home/daiseys/public_html/new/chinco-page/listings/images/boat-tours assateague-explorer-ad.jpg
2019.12.21 12:59 B C:\Chincoteague.com\Webpages\new\chinco-page\listings\images\boat-tours\assateague-tours-ad.jpg --> www.chincoteague.com /usr/home/daiseys/public_html/new/chinco-page/listings/images/boat-tours assateague-tours-ad.jpg
2019.12.21 12:59 B C:\Chincoteague.com\Webpages\new\chinco-page\listings\images\boat-tours\barnacle-bills-banner.jpg --> www.chincoteague.com /usr/home/daiseys/public_html/new/chinco-page/listings/images/boat-tours barnacle-bills-banner.jpg
2019.12.21 12:59 B C:\Chincoteague.com\Webpages\new\chinco-page\listings\images\boat-tours\capt-barry-logo.jpg --> www.chincoteague.com /usr/home/daiseys/public_html/new/chinco-page/listings/images/boat-tours capt-barry-logo.jpg
2019.12.21 12:59 B C:\Chincoteague.com\Webpages\new\chinco-page\listings\images\boat-tours\captdans3.jpg --> www.chincoteague.com /usr/home/daiseys/public_html/new/chinco-page/listings/images/boat-tours captdans3.jpg
2019.12.21 12:59 B C:\Chincoteague.com\Webpages\new\chinco-page\listings\images\boat-tours\chincoteague-island-adventures.jpg --> www.chincoteague.com /usr/home/daiseys/public_html/new/chinco-page/listings/images/boat-tours chincoteague-island-adventures.jpg
2019.12.21 12:59 B C:\Chincoteague.com\Webpages\new\chinco-page\listings\images\boat-tours\daiseys-cruises-banner8.jpg --> www.chincoteague.com /usr/home/daiseys/public_html/new/chinco-page/listings/images/boat-tours daiseys-cruises-banner8.jpg
2019.12.21 12:59 B C:\Chincoteague.com\Webpages\new\chinco-page\listings\images\boat-tours\islandqueen.jpg --> www.chincoteague.com /usr/home/daiseys/public_html/new/chinco-page/listings/images/boat-tours islandqueen.jpg
2019.12.21 12:59 B C:\Chincoteague.com\Webpages\new\chinco-page\listings\images\boat-tours\LTC-Banner.jpg --> www.chincoteague.com /usr/home/daiseys/public_html/new/chinco-page/listings/images/boat-tours LTC-Banner.jpg
2019.12.21 12:59 B C:\Chincoteague.com\Webpages\new\chinco-page\listings\images\boat-tours\marshland-charters.jpg --> www.chincoteague.com /usr/home/daiseys/public_html/new/chinco-page/listings/images/boat-tours marshland-charters.jpg
2019.12.21 12:59 B C:\Chincoteague.com\Webpages\new\chinco-page\listings\images\boat-tours\miss-chincoteague-fishing.jpg --> www.chincoteague.com /usr/home/daiseys/public_html/new/chinco-page/listings/images/boat-tours miss-chincoteague-fishing.jpg
2019.12.21 12:59 B C:\Chincoteague.com\Webpages\new\chinco-page\listings\images\boat-tours\pirate-ship-adventure.jpg --> www.chincoteague.com /usr/home/daiseys/public_html/new/chinco-page/listings/images/boat-tours pirate-ship-adventure.jpg
2019.12.21 12:59 B C:\Chincoteague.com\Webpages\new\chinco-page\listings\images\boat-tours\pm-charters.jpg --> www.chincoteague.com /usr/home/daiseys/public_html/new/chinco-page/listings/images/boat-tours pm-charters.jpg
2019.12.21 12:59 B C:\Chincoteague.com\Webpages\new\chinco-page\listings\images\boat-tours\salt-water-pony-tours.jpg --> www.chincoteague.com /usr/home/daiseys/public_html/new/chinco-page/listings/images/boat-tours salt-water-pony-tours.jpg
2019.12.21 12:59 B C:\Chincoteague.com\Webpages\new\chinco-page\listings\images\boat-tours\spiders-explorer-banner.jpg --> www.chincoteague.com /usr/home/daiseys/public_html/new/chinco-page/listings/images/boat-tours spiders-explorer-banner.jpg
2019.12.21 12:59 B C:\Chincoteague.com\Webpages\new\chinco-page\listings\images\boat-tours\WS_FTP.LOG --> www.chincoteague.com /usr/home/daiseys/public_html/new/chinco-page/listings/images/boat-tours WS_FTP.LOG
