2017.12.26 08:13 B C:\Chincoteague.com\Webpages\chinco-page-listings\images\hotels\anchor-inn.jpg --> www.chincoteague.com /usr/home/daiseys/public_html/chinco-page-listings/images/hotels anchor-inn.jpg
2017.12.26 08:16 B C:\Chincoteague.com\Webpages\chinco-page-listings\images\hotels\anchor-inn.jpg --> www.chincoteague.com /usr/home/daiseys/public_html/chinco-page-listings/images/hotels anchor-inn.jpg
2017.12.26 10:54 B C:\Chincoteague.com\Webpages\chinco-page-listings\images\hotels\anchor-inn.jpg --> www.chincoteague.com /usr/home/daiseys/public_html/chinco-page-listings/images/hotels anchor-inn.jpg
2017.12.26 10:54 B C:\Chincoteague.com\Webpages\chinco-page-listings\images\hotels\assateagueinn.jpg --> www.chincoteague.com /usr/home/daiseys/public_html/chinco-page-listings/images/hotels assateagueinn.jpg
2017.12.26 10:54 B C:\Chincoteague.com\Webpages\chinco-page-listings\images\hotels\bestwestern.jpg --> www.chincoteague.com /usr/home/daiseys/public_html/chinco-page-listings/images/hotels bestwestern.jpg
2017.12.26 10:54 B C:\Chincoteague.com\Webpages\chinco-page-listings\images\hotels\birchwoodmotel.jpg --> www.chincoteague.com /usr/home/daiseys/public_html/chinco-page-listings/images/hotels birchwoodmotel.jpg
2017.12.26 10:54 B C:\Chincoteague.com\Webpages\chinco-page-listings\images\hotels\comfort-suites.jpg --> www.chincoteague.com /usr/home/daiseys/public_html/chinco-page-listings/images/hotels comfort-suites.jpg
2017.12.26 10:54 B C:\Chincoteague.com\Webpages\chinco-page-listings\images\hotels\fairfield-inn-chincoteague.jpg --> www.chincoteague.com /usr/home/daiseys/public_html/chinco-page-listings/images/hotels fairfield-inn-chincoteague.jpg
2017.12.26 10:54 B C:\Chincoteague.com\Webpages\chinco-page-listings\images\hotels\hamptoninn-listing.jpg --> www.chincoteague.com /usr/home/daiseys/public_html/chinco-page-listings/images/hotels hamptoninn-listing.jpg
2017.12.26 10:54 B C:\Chincoteague.com\Webpages\chinco-page-listings\images\hotels\holiday-cottages.jpg --> www.chincoteague.com /usr/home/daiseys/public_html/chinco-page-listings/images/hotels holiday-cottages.jpg
2017.12.26 10:54 B C:\Chincoteague.com\Webpages\chinco-page-listings\images\hotels\islandmotorinn.jpg --> www.chincoteague.com /usr/home/daiseys/public_html/chinco-page-listings/images/hotels islandmotorinn.jpg
2017.12.26 10:54 B C:\Chincoteague.com\Webpages\chinco-page-listings\images\hotels\marina-bay-hotel-and-suites.jpg --> www.chincoteague.com /usr/home/daiseys/public_html/chinco-page-listings/images/hotels marina-bay-hotel-and-suites.jpg
2017.12.26 10:54 B C:\Chincoteague.com\Webpages\chinco-page-listings\images\hotels\new-anchor-inn-room.jpg --> www.chincoteague.com /usr/home/daiseys/public_html/chinco-page-listings/images/hotels new-anchor-inn-room.jpg
2017.12.26 10:54 B C:\Chincoteague.com\Webpages\chinco-page-listings\images\hotels\refugeinn.jpg --> www.chincoteague.com /usr/home/daiseys/public_html/chinco-page-listings/images/hotels refugeinn.jpg
2017.12.26 10:54 B C:\Chincoteague.com\Webpages\chinco-page-listings\images\hotels\rodeway-inn.jpg --> www.chincoteague.com /usr/home/daiseys/public_html/chinco-page-listings/images/hotels rodeway-inn.jpg
2017.12.26 10:54 B C:\Chincoteague.com\Webpages\chinco-page-listings\images\hotels\sea-shell-motel-banner.jpg --> www.chincoteague.com /usr/home/daiseys/public_html/chinco-page-listings/images/hotels sea-shell-motel-banner.jpg
2017.12.26 10:54 B C:\Chincoteague.com\Webpages\chinco-page-listings\images\hotels\seahawkmotel.jpg --> www.chincoteague.com /usr/home/daiseys/public_html/chinco-page-listings/images/hotels seahawkmotel.jpg
2017.12.26 10:54 B C:\Chincoteague.com\Webpages\chinco-page-listings\images\hotels\snug-harbor.jpg --> www.chincoteague.com /usr/home/daiseys/public_html/chinco-page-listings/images/hotels snug-harbor.jpg
2017.12.26 10:54 B C:\Chincoteague.com\Webpages\chinco-page-listings\images\hotels\waterside-inn-pic.jpg --> www.chincoteague.com /usr/home/daiseys/public_html/chinco-page-listings/images/hotels waterside-inn-pic.jpg
2018.02.10 17:10 B C:\Chincoteague.com\Webpages\chinco-page-listings\images\hotels\snug-harbor.jpg --> www.chincoteague.com /usr/home/daiseys/public_html/chinco-page-listings/images/hotels snug-harbor.jpg
2018.02.24 16:28 B C:\Chincoteague.com\Webpages\chinco-page-listings\images\hotels\chincoteague-inn.jpg --> www.chincoteague.com /usr/home/daiseys/public_html/chinco-page-listings/images/hotels chincoteague-inn.jpg
2018.10.05 14:34 B C:\Chincoteague.com\Webpages\chinco-page-listings\images\hotels\atlantic_shores.jpg --> www.chincoteague.com /usr/home/daiseys/public_html/chinco-page-listings/images/hotels atlantic_shores.jpg
2019.01.27 20:01 B C:\Chincoteague.com\Webpages\chinco-page-listings\images\hotels\assateagueinn.jpg --> www.chincoteague.com /usr/home/daiseys/public_html/island-getaways assateagueinn.jpg
2019.02.05 19:00 B C:\Chincoteague.com\Webpages\chinco-page-listings\images\hotels\holiday-cottages.jpg --> www.chincoteague.com /usr/home/daiseys/public_html/chinco-page-listings/images/hotels holiday-cottages.jpg
2019.05.22 19:49 B C:\Chincoteague.com\Webpages\chinco-page-listings\images\hotels\marina-bay-hotel-and-suites.jpg --> www.chincoteague.com /usr/home/daiseys/public_html/chinco-page-listings/images/hotels marina-bay-hotel-and-suites.jpg
2019.11.16 17:51 B C:\Chincoteague.com\Webpages\chinco-page-listings\images\hotels\atlantic_shores.jpg --> www.chincoteague.com /usr/home/daiseys/public_html/chinco-page-listings/images/hotels atlantic_shores.jpg
2019.11.16 17:52 B C:\Chincoteague.com\Webpages\chinco-page-listings\images\hotels\atlantic_shores.jpg --> www.chincoteague.com /usr/home/daiseys/public_html/chinco-page-listings/images/hotels atlantic_shores.jpg
2019.11.26 14:17 B C:\Chincoteague.com\Webpages\chinco-page-listings\images\hotels\anchor-inn.jpg --> www.chincoteague.com /usr/home/daiseys/public_html/chinco-page/listings/images/hotels anchor-inn.jpg
2019.11.26 14:17 B C:\Chincoteague.com\Webpages\chinco-page-listings\images\hotels\assateagueinn.jpg --> www.chincoteague.com /usr/home/daiseys/public_html/chinco-page/listings/images/hotels assateagueinn.jpg
2019.11.26 14:17 B C:\Chincoteague.com\Webpages\chinco-page-listings\images\hotels\atlantic_shores.jpg --> www.chincoteague.com /usr/home/daiseys/public_html/chinco-page/listings/images/hotels atlantic_shores.jpg
2019.11.26 14:17 B C:\Chincoteague.com\Webpages\chinco-page-listings\images\hotels\bestwestern.jpg --> www.chincoteague.com /usr/home/daiseys/public_html/chinco-page/listings/images/hotels bestwestern.jpg
2019.11.26 14:17 B C:\Chincoteague.com\Webpages\chinco-page-listings\images\hotels\birchwoodmotel.jpg --> www.chincoteague.com /usr/home/daiseys/public_html/chinco-page/listings/images/hotels birchwoodmotel.jpg
2019.11.26 14:17 B C:\Chincoteague.com\Webpages\chinco-page-listings\images\hotels\chincoteague-inn.jpg --> www.chincoteague.com /usr/home/daiseys/public_html/chinco-page/listings/images/hotels chincoteague-inn.jpg
2019.11.26 14:17 B C:\Chincoteague.com\Webpages\chinco-page-listings\images\hotels\comfort-suites.jpg --> www.chincoteague.com /usr/home/daiseys/public_html/chinco-page/listings/images/hotels comfort-suites.jpg
2019.11.26 14:17 B C:\Chincoteague.com\Webpages\chinco-page-listings\images\hotels\fairfield-inn-chincoteague.jpg --> www.chincoteague.com /usr/home/daiseys/public_html/chinco-page/listings/images/hotels fairfield-inn-chincoteague.jpg
2019.11.26 14:17 B C:\Chincoteague.com\Webpages\chinco-page-listings\images\hotels\hamptoninn-listing.jpg --> www.chincoteague.com /usr/home/daiseys/public_html/chinco-page/listings/images/hotels hamptoninn-listing.jpg
2019.11.26 14:17 B C:\Chincoteague.com\Webpages\chinco-page-listings\images\hotels\holiday-cottages.jpg --> www.chincoteague.com /usr/home/daiseys/public_html/chinco-page/listings/images/hotels holiday-cottages.jpg
2019.11.26 14:17 B C:\Chincoteague.com\Webpages\chinco-page-listings\images\hotels\islandmotorinn.jpg --> www.chincoteague.com /usr/home/daiseys/public_html/chinco-page/listings/images/hotels islandmotorinn.jpg
2019.11.26 14:17 B C:\Chincoteague.com\Webpages\chinco-page-listings\images\hotels\marina-bay-hotel-and-suites copy.jpg --> www.chincoteague.com /usr/home/daiseys/public_html/chinco-page/listings/images/hotels marina-bay-hotel-and-suites copy.jpg
2019.11.26 14:17 B C:\Chincoteague.com\Webpages\chinco-page-listings\images\hotels\marina-bay-hotel-and-suites.jpg --> www.chincoteague.com /usr/home/daiseys/public_html/chinco-page/listings/images/hotels marina-bay-hotel-and-suites.jpg
2019.11.26 14:17 B C:\Chincoteague.com\Webpages\chinco-page-listings\images\hotels\new-anchor-inn-room.jpg --> www.chincoteague.com /usr/home/daiseys/public_html/chinco-page/listings/images/hotels new-anchor-inn-room.jpg
2019.11.26 14:17 B C:\Chincoteague.com\Webpages\chinco-page-listings\images\hotels\refugeinn.jpg --> www.chincoteague.com /usr/home/daiseys/public_html/chinco-page/listings/images/hotels refugeinn.jpg
2019.11.26 14:17 B C:\Chincoteague.com\Webpages\chinco-page-listings\images\hotels\rodeway-inn.jpg --> www.chincoteague.com /usr/home/daiseys/public_html/chinco-page/listings/images/hotels rodeway-inn.jpg
2019.11.26 14:17 B C:\Chincoteague.com\Webpages\chinco-page-listings\images\hotels\sea-shell-motel-banner.jpg --> www.chincoteague.com /usr/home/daiseys/public_html/chinco-page/listings/images/hotels sea-shell-motel-banner.jpg
2019.11.26 14:17 B C:\Chincoteague.com\Webpages\chinco-page-listings\images\hotels\seahawkmotel.jpg --> www.chincoteague.com /usr/home/daiseys/public_html/chinco-page/listings/images/hotels seahawkmotel.jpg
2019.11.26 14:17 B C:\Chincoteague.com\Webpages\chinco-page-listings\images\hotels\snug-harbor.jpg --> www.chincoteague.com /usr/home/daiseys/public_html/chinco-page/listings/images/hotels snug-harbor.jpg
2019.11.26 14:17 B C:\Chincoteague.com\Webpages\chinco-page-listings\images\hotels\waterside-inn-pic.jpg --> www.chincoteague.com /usr/home/daiseys/public_html/chinco-page/listings/images/hotels waterside-inn-pic.jpg
2019.11.26 14:17 B C:\Chincoteague.com\Webpages\chinco-page-listings\images\hotels\WS_FTP.LOG --> www.chincoteague.com /usr/home/daiseys/public_html/chinco-page/listings/images/hotels WS_FTP.LOG
2019.12.21 13:01 B C:\Chincoteague.com\Webpages\new\chinco-page\listings\images\hotels\anchor-inn.jpg --> www.chincoteague.com /usr/home/daiseys/public_html/new/chinco-page/listings/images/hotels anchor-inn.jpg
2019.12.21 13:01 B C:\Chincoteague.com\Webpages\new\chinco-page\listings\images\hotels\assateagueinn.jpg --> www.chincoteague.com /usr/home/daiseys/public_html/new/chinco-page/listings/images/hotels assateagueinn.jpg
2019.12.21 13:01 B C:\Chincoteague.com\Webpages\new\chinco-page\listings\images\hotels\atlantic_shores.jpg --> www.chincoteague.com /usr/home/daiseys/public_html/new/chinco-page/listings/images/hotels atlantic_shores.jpg
2019.12.21 13:01 B C:\Chincoteague.com\Webpages\new\chinco-page\listings\images\hotels\bestwestern.jpg --> www.chincoteague.com /usr/home/daiseys/public_html/new/chinco-page/listings/images/hotels bestwestern.jpg
2019.12.21 13:01 B C:\Chincoteague.com\Webpages\new\chinco-page\listings\images\hotels\birchwoodmotel.jpg --> www.chincoteague.com /usr/home/daiseys/public_html/new/chinco-page/listings/images/hotels birchwoodmotel.jpg
2019.12.21 13:01 B C:\Chincoteague.com\Webpages\new\chinco-page\listings\images\hotels\chincoteague-inn.jpg --> www.chincoteague.com /usr/home/daiseys/public_html/new/chinco-page/listings/images/hotels chincoteague-inn.jpg
2019.12.21 13:01 B C:\Chincoteague.com\Webpages\new\chinco-page\listings\images\hotels\comfort-suites.jpg --> www.chincoteague.com /usr/home/daiseys/public_html/new/chinco-page/listings/images/hotels comfort-suites.jpg
2019.12.21 13:01 B C:\Chincoteague.com\Webpages\new\chinco-page\listings\images\hotels\fairfield-inn-chincoteague.jpg --> www.chincoteague.com /usr/home/daiseys/public_html/new/chinco-page/listings/images/hotels fairfield-inn-chincoteague.jpg
2019.12.21 13:01 B C:\Chincoteague.com\Webpages\new\chinco-page\listings\images\hotels\hamptoninn-listing.jpg --> www.chincoteague.com /usr/home/daiseys/public_html/new/chinco-page/listings/images/hotels hamptoninn-listing.jpg
2019.12.21 13:01 B C:\Chincoteague.com\Webpages\new\chinco-page\listings\images\hotels\holiday-cottages.jpg --> www.chincoteague.com /usr/home/daiseys/public_html/new/chinco-page/listings/images/hotels holiday-cottages.jpg
2019.12.21 13:01 B C:\Chincoteague.com\Webpages\new\chinco-page\listings\images\hotels\islandmotorinn.jpg --> www.chincoteague.com /usr/home/daiseys/public_html/new/chinco-page/listings/images/hotels islandmotorinn.jpg
2019.12.21 13:01 B C:\Chincoteague.com\Webpages\new\chinco-page\listings\images\hotels\marina-bay-hotel-and-suites copy.jpg --> www.chincoteague.com /usr/home/daiseys/public_html/new/chinco-page/listings/images/hotels marina-bay-hotel-and-suites copy.jpg
2019.12.21 13:01 B C:\Chincoteague.com\Webpages\new\chinco-page\listings\images\hotels\marina-bay-hotel-and-suites.jpg --> www.chincoteague.com /usr/home/daiseys/public_html/new/chinco-page/listings/images/hotels marina-bay-hotel-and-suites.jpg
2019.12.21 13:01 B C:\Chincoteague.com\Webpages\new\chinco-page\listings\images\hotels\new-anchor-inn-room.jpg --> www.chincoteague.com /usr/home/daiseys/public_html/new/chinco-page/listings/images/hotels new-anchor-inn-room.jpg
2019.12.21 13:01 B C:\Chincoteague.com\Webpages\new\chinco-page\listings\images\hotels\refugeinn.jpg --> www.chincoteague.com /usr/home/daiseys/public_html/new/chinco-page/listings/images/hotels refugeinn.jpg
2019.12.21 13:01 B C:\Chincoteague.com\Webpages\new\chinco-page\listings\images\hotels\rodeway-inn.jpg --> www.chincoteague.com /usr/home/daiseys/public_html/new/chinco-page/listings/images/hotels rodeway-inn.jpg
2019.12.21 13:01 B C:\Chincoteague.com\Webpages\new\chinco-page\listings\images\hotels\sea-shell-motel-banner.jpg --> www.chincoteague.com /usr/home/daiseys/public_html/new/chinco-page/listings/images/hotels sea-shell-motel-banner.jpg
2019.12.21 13:01 B C:\Chincoteague.com\Webpages\new\chinco-page\listings\images\hotels\seahawkmotel.jpg --> www.chincoteague.com /usr/home/daiseys/public_html/new/chinco-page/listings/images/hotels seahawkmotel.jpg
2019.12.21 13:01 B C:\Chincoteague.com\Webpages\new\chinco-page\listings\images\hotels\snug-harbor.jpg --> www.chincoteague.com /usr/home/daiseys/public_html/new/chinco-page/listings/images/hotels snug-harbor.jpg
2019.12.21 13:01 B C:\Chincoteague.com\Webpages\new\chinco-page\listings\images\hotels\waterside-inn-pic.jpg --> www.chincoteague.com /usr/home/daiseys/public_html/new/chinco-page/listings/images/hotels waterside-inn-pic.jpg
2019.12.21 13:01 B C:\Chincoteague.com\Webpages\new\chinco-page\listings\images\hotels\WS_FTP.LOG --> www.chincoteague.com /usr/home/daiseys/public_html/new/chinco-page/listings/images/hotels WS_FTP.LOG
2020.05.20 21:09 B C:\Chincoteague.com\Webpages\chinco-page\listings\images\hotels\hamptoninn-listing.jpg --> www.chincoteague.com /usr/home/daiseys/public_html/chinco-page/listings/images/hotels hamptoninn-listing.jpg
2020.08.19 17:31 B C:\Chincoteague.com\Webpages\chinco-page\listings\images\hotels\bestwestern.jpg --> www.chincoteague.com /usr/home/daiseys/public_html/chinco-page/listings/images/hotels bestwestern.jpg
