2016.12.12 12:50 B C:\Chincoteague.com\Webpages\chinco-page-listings\images\carryout\chruch-street-produce.jpg --> www.chincoteague.com /usr/home/daiseys/public_html/chinco-page-listings/images/carryout chruch-street-produce.jpg
2016.12.12 12:50 B C:\Chincoteague.com\Webpages\chinco-page-listings\images\carryout\gary-howards-seafood.jpg --> www.chincoteague.com /usr/home/daiseys/public_html/chinco-page-listings/images/carryout gary-howards-seafood.jpg
2016.12.12 12:50 B C:\Chincoteague.com\Webpages\chinco-page-listings\images\carryout\rickys-seafood-and-produce.jpg --> www.chincoteague.com /usr/home/daiseys/public_html/chinco-page-listings/images/carryout rickys-seafood-and-produce.jpg
2016.12.12 12:50 B C:\Chincoteague.com\Webpages\chinco-page-listings\images\carryout\toms-cove-acquafarms.jpg --> www.chincoteague.com /usr/home/daiseys/public_html/chinco-page-listings/images/carryout toms-cove-acquafarms.jpg
2016.12.12 12:51 B C:\Chincoteague.com\Webpages\chinco-page-listings\images\carryout\chruch-street-produce.jpg --> www.chincoteague.com /usr/home/daiseys/public_html/chinco-page-listings/images/carryout chruch-street-produce.jpg
2016.12.12 12:52 B C:\Chincoteague.com\Webpages\chinco-page-listings\images\carryout\church-street-produce.jpg --> www.chincoteague.com /usr/home/daiseys/public_html/chinco-page-listings/images/carryout church-street-produce.jpg
2017.02.28 11:18 B C:\Chincoteague.com\Webpages\chinco-page-listings\images\carryout\jandbs.jpg --> www.chincoteague.com /usr/home/daiseys/public_html/chinco-page-listings/images/carryout jandbs.jpg
2017.11.08 15:11 B C:\Chincoteague.com\Webpages\chinco-page-listings\images\carryout\church-street-produce.jpg --> www.chincoteague.com /usr/home/daiseys/public_html/chinco-page-listings/images/carryout church-street-produce.jpg
2017.11.08 15:11 B C:\Chincoteague.com\Webpages\chinco-page-listings\images\carryout\gary-howards-seafood.jpg --> www.chincoteague.com /usr/home/daiseys/public_html/chinco-page-listings/images/carryout gary-howards-seafood.jpg
2017.11.08 15:11 B C:\Chincoteague.com\Webpages\chinco-page-listings\images\carryout\jandbs.jpg --> www.chincoteague.com /usr/home/daiseys/public_html/chinco-page-listings/images/carryout jandbs.jpg
2017.11.08 15:11 B C:\Chincoteague.com\Webpages\chinco-page-listings\images\carryout\rickys-seafood-and-produce.jpg --> www.chincoteague.com /usr/home/daiseys/public_html/chinco-page-listings/images/carryout rickys-seafood-and-produce.jpg
2017.11.08 15:11 B C:\Chincoteague.com\Webpages\chinco-page-listings\images\carryout\toms-cove-acquafarms.jpg --> www.chincoteague.com /usr/home/daiseys/public_html/chinco-page-listings/images/carryout toms-cove-acquafarms.jpg
2017.11.08 15:17 B C:\Chincoteague.com\Webpages\chinco-page-listings\images\carryout\church-street-produce.jpg --> www.chincoteague.com /usr/home/daiseys/public_html/chinco-page-listings/images/carryout church-street-produce.jpg
2019.11.26 14:15 B C:\Chincoteague.com\Webpages\chinco-page-listings\images\carryout\church-street-produce.jpg --> www.chincoteague.com /usr/home/daiseys/public_html/chinco-page/listings/images/carryout church-street-produce.jpg
2019.11.26 14:15 B C:\Chincoteague.com\Webpages\chinco-page-listings\images\carryout\gary-howards-seafood.jpg --> www.chincoteague.com /usr/home/daiseys/public_html/chinco-page/listings/images/carryout gary-howards-seafood.jpg
2019.11.26 14:15 B C:\Chincoteague.com\Webpages\chinco-page-listings\images\carryout\jandbs.jpg --> www.chincoteague.com /usr/home/daiseys/public_html/chinco-page/listings/images/carryout jandbs.jpg
2019.11.26 14:15 B C:\Chincoteague.com\Webpages\chinco-page-listings\images\carryout\rickys-seafood-and-produce.jpg --> www.chincoteague.com /usr/home/daiseys/public_html/chinco-page/listings/images/carryout rickys-seafood-and-produce.jpg
2019.11.26 14:15 B C:\Chincoteague.com\Webpages\chinco-page-listings\images\carryout\toms-cove-acquafarms.jpg --> www.chincoteague.com /usr/home/daiseys/public_html/chinco-page/listings/images/carryout toms-cove-acquafarms.jpg
2019.11.26 14:15 B C:\Chincoteague.com\Webpages\chinco-page-listings\images\carryout\WS_FTP.LOG --> www.chincoteague.com /usr/home/daiseys/public_html/chinco-page/listings/images/carryout WS_FTP.LOG
2019.12.21 12:59 B C:\Chincoteague.com\Webpages\new\chinco-page\listings\images\carryout\church-street-produce.jpg --> www.chincoteague.com /usr/home/daiseys/public_html/new/chinco-page/listings/images/carryout church-street-produce.jpg
2019.12.21 12:59 B C:\Chincoteague.com\Webpages\new\chinco-page\listings\images\carryout\gary-howards-seafood.jpg --> www.chincoteague.com /usr/home/daiseys/public_html/new/chinco-page/listings/images/carryout gary-howards-seafood.jpg
2019.12.21 12:59 B C:\Chincoteague.com\Webpages\new\chinco-page\listings\images\carryout\jandbs.jpg --> www.chincoteague.com /usr/home/daiseys/public_html/new/chinco-page/listings/images/carryout jandbs.jpg
2019.12.21 12:59 B C:\Chincoteague.com\Webpages\new\chinco-page\listings\images\carryout\rickys-seafood-and-produce.jpg --> www.chincoteague.com /usr/home/daiseys/public_html/new/chinco-page/listings/images/carryout rickys-seafood-and-produce.jpg
2019.12.21 12:59 B C:\Chincoteague.com\Webpages\new\chinco-page\listings\images\carryout\toms-cove-acquafarms.jpg --> www.chincoteague.com /usr/home/daiseys/public_html/new/chinco-page/listings/images/carryout toms-cove-acquafarms.jpg
2019.12.21 12:59 B C:\Chincoteague.com\Webpages\new\chinco-page\listings\images\carryout\WS_FTP.LOG --> www.chincoteague.com /usr/home/daiseys/public_html/new/chinco-page/listings/images/carryout WS_FTP.LOG
