2017.11.07 09:07 B C:\Chincoteague.com\Webpages\chinco-page-listings\images\services\wkpw-logo.jpg --> www.chincoteague.com /usr/home/daiseys/public_html/chinco-page-listings/images/services wkpw-logo.jpg
2017.11.07 09:39 B C:\Chincoteague.com\Webpages\chinco-page-listings\images\services\breland-logo.jpg --> www.chincoteague.com /usr/home/daiseys/public_html/chinco-page-listings/images/services breland-logo.jpg
2017.11.07 09:51 B C:\Chincoteague.com\Webpages\chinco-page-listings\images\services\island-homes-logo.jpg --> www.chincoteague.com /usr/home/daiseys/public_html/chinco-page-listings/images/services island-homes-logo.jpg
2017.11.07 16:19 B C:\Chincoteague.com\Webpages\chinco-page-listings\images\services\bf-logo.jpg --> www.chincoteague.com /usr/home/daiseys/public_html/chinco-page-listings/images/services bf-logo.jpg
2017.11.07 16:44 B C:\Chincoteague.com\Webpages\chinco-page-listings\images\services\jp-logo.jpg --> www.chincoteague.com /usr/home/daiseys/public_html/chinco-page-listings/images/services jp-logo.jpg
2017.11.07 16:51 B C:\Chincoteague.com\Webpages\chinco-page-listings\images\services\breland-logo.jpg --> www.chincoteague.com /usr/home/daiseys/public_html/chinco-page-listings/images/services breland-logo.jpg
2017.11.07 16:51 B C:\Chincoteague.com\Webpages\chinco-page-listings\images\services\island-homes-logo.jpg --> www.chincoteague.com /usr/home/daiseys/public_html/chinco-page-listings/images/services island-homes-logo.jpg
2017.11.07 16:51 B C:\Chincoteague.com\Webpages\chinco-page-listings\images\services\ms-logo.jpg --> www.chincoteague.com /usr/home/daiseys/public_html/chinco-page-listings/images/services ms-logo.jpg
2017.11.07 17:04 B C:\Chincoteague.com\Webpages\chinco-page-listings\images\services\vhi-logo.jpg --> www.chincoteague.com /usr/home/daiseys/public_html/chinco-page-listings/images/services vhi-logo.jpg
2017.11.07 17:21 B C:\Chincoteague.com\Webpages\chinco-page-listings\images\services\srp-logo.jpg --> www.chincoteague.com /usr/home/daiseys/public_html/chinco-page-listings/images/services srp-logo.jpg
2017.11.07 17:24 B C:\Chincoteague.com\Webpages\chinco-page-listings\images\services\srp-logo.jpg --> www.chincoteague.com /usr/home/daiseys/public_html/chinco-page-listings/images/services srp-logo.jpg
2017.11.07 17:25 B C:\Chincoteague.com\Webpages\chinco-page-listings\images\services\srp-logo.jpg --> www.chincoteague.com /usr/home/daiseys/public_html/chinco-page-listings/images/services srp-logo.jpg
2017.11.08 11:04 B C:\Chincoteague.com\Webpages\chinco-page-listings\images\services\cc-logo.jpg --> www.chincoteague.com /usr/home/daiseys/public_html/chinco-page-listings/images/services cc-logo.jpg
2017.11.08 11:08 B C:\Chincoteague.com\Webpages\chinco-page-listings\images\services\island-homes-logo.jpg --> www.chincoteague.com /usr/home/daiseys/public_html/chinco-page-listings/images/services island-homes-logo.jpg
2019.03.31 20:03 B C:\Chincoteague.com\Webpages\chinco-page-listings\images\services\island-Chiropractic-Center.jpg --> www.chincoteague.com /usr/home/daiseys/public_html/chinco-page-listings/images/services island-Chiropractic-Center.jpg
2019.03.31 20:04 B C:\Chincoteague.com\Webpages\chinco-page-listings\images\services\Island-Chiropractic-Center.jpg --> www.chincoteague.com /usr/home/daiseys/public_html/chinco-page-listings/images/services Island-Chiropractic-Center.jpg
2019.04.02 19:02 B C:\Chincoteague.com\Webpages\chinco-page-listings\images\services\Island-Chiropractic-Center.jpg --> www.chincoteague.com /usr/home/daiseys/public_html/chinco-page-listings/images/services Island-Chiropractic-Center.jpg
2019.08.25 14:21 B C:\Chincoteague.com\Webpages\chinco-page-listings\images\services\john-howard-services.jpg --> www.chincoteague.com /usr/home/daiseys/public_html/chinco-page-listings/images/services john-howard-services.jpg
2019.08.25 14:28 B C:\Chincoteague.com\Webpages\chinco-page-listings\images\services\john-howard-services.jpg --> www.chincoteague.com /usr/home/daiseys/public_html/chinco-page-listings/images/services john-howard-services.jpg
2019.11.26 14:18 B C:\Chincoteague.com\Webpages\chinco-page-listings\images\services\bf-logo.jpg --> www.chincoteague.com /usr/home/daiseys/public_html/chinco-page/listings/images/services bf-logo.jpg
2019.11.26 14:18 B C:\Chincoteague.com\Webpages\chinco-page-listings\images\services\breland-logo.jpg --> www.chincoteague.com /usr/home/daiseys/public_html/chinco-page/listings/images/services breland-logo.jpg
2019.11.26 14:18 B C:\Chincoteague.com\Webpages\chinco-page-listings\images\services\cc-logo.jpg --> www.chincoteague.com /usr/home/daiseys/public_html/chinco-page/listings/images/services cc-logo.jpg
2019.11.26 14:18 B C:\Chincoteague.com\Webpages\chinco-page-listings\images\services\Island-Chiropractic-Center.jpg --> www.chincoteague.com /usr/home/daiseys/public_html/chinco-page/listings/images/services Island-Chiropractic-Center.jpg
2019.11.26 14:18 B C:\Chincoteague.com\Webpages\chinco-page-listings\images\services\island-homes-logo.jpg --> www.chincoteague.com /usr/home/daiseys/public_html/chinco-page/listings/images/services island-homes-logo.jpg
2019.11.26 14:18 B C:\Chincoteague.com\Webpages\chinco-page-listings\images\services\john-howard-services.jpg --> www.chincoteague.com /usr/home/daiseys/public_html/chinco-page/listings/images/services john-howard-services.jpg
2019.11.26 14:18 B C:\Chincoteague.com\Webpages\chinco-page-listings\images\services\jp-logo.jpg --> www.chincoteague.com /usr/home/daiseys/public_html/chinco-page/listings/images/services jp-logo.jpg
2019.11.26 14:18 B C:\Chincoteague.com\Webpages\chinco-page-listings\images\services\ms-logo.jpg --> www.chincoteague.com /usr/home/daiseys/public_html/chinco-page/listings/images/services ms-logo.jpg
2019.11.26 14:18 B C:\Chincoteague.com\Webpages\chinco-page-listings\images\services\srp-logo.jpg --> www.chincoteague.com /usr/home/daiseys/public_html/chinco-page/listings/images/services srp-logo.jpg
2019.11.26 14:18 B C:\Chincoteague.com\Webpages\chinco-page-listings\images\services\vhi-logo.jpg --> www.chincoteague.com /usr/home/daiseys/public_html/chinco-page/listings/images/services vhi-logo.jpg
2019.11.26 14:18 B C:\Chincoteague.com\Webpages\chinco-page-listings\images\services\wkpw-logo.jpg --> www.chincoteague.com /usr/home/daiseys/public_html/chinco-page/listings/images/services wkpw-logo.jpg
2019.11.26 14:18 B C:\Chincoteague.com\Webpages\chinco-page-listings\images\services\WS_FTP.LOG --> www.chincoteague.com /usr/home/daiseys/public_html/chinco-page/listings/images/services WS_FTP.LOG
2019.12.21 13:02 B C:\Chincoteague.com\Webpages\new\chinco-page\listings\images\services\bf-logo.jpg --> www.chincoteague.com /usr/home/daiseys/public_html/new/chinco-page/listings/images/services bf-logo.jpg
2019.12.21 13:02 B C:\Chincoteague.com\Webpages\new\chinco-page\listings\images\services\breland-logo.jpg --> www.chincoteague.com /usr/home/daiseys/public_html/new/chinco-page/listings/images/services breland-logo.jpg
2019.12.21 13:02 B C:\Chincoteague.com\Webpages\new\chinco-page\listings\images\services\cc-logo.jpg --> www.chincoteague.com /usr/home/daiseys/public_html/new/chinco-page/listings/images/services cc-logo.jpg
2019.12.21 13:02 B C:\Chincoteague.com\Webpages\new\chinco-page\listings\images\services\Island-Chiropractic-Center.jpg --> www.chincoteague.com /usr/home/daiseys/public_html/new/chinco-page/listings/images/services Island-Chiropractic-Center.jpg
2019.12.21 13:02 B C:\Chincoteague.com\Webpages\new\chinco-page\listings\images\services\island-homes-logo.jpg --> www.chincoteague.com /usr/home/daiseys/public_html/new/chinco-page/listings/images/services island-homes-logo.jpg
2019.12.21 13:02 B C:\Chincoteague.com\Webpages\new\chinco-page\listings\images\services\john-howard-services.jpg --> www.chincoteague.com /usr/home/daiseys/public_html/new/chinco-page/listings/images/services john-howard-services.jpg
2019.12.21 13:02 B C:\Chincoteague.com\Webpages\new\chinco-page\listings\images\services\jp-logo.jpg --> www.chincoteague.com /usr/home/daiseys/public_html/new/chinco-page/listings/images/services jp-logo.jpg
2019.12.21 13:02 B C:\Chincoteague.com\Webpages\new\chinco-page\listings\images\services\ms-logo.jpg --> www.chincoteague.com /usr/home/daiseys/public_html/new/chinco-page/listings/images/services ms-logo.jpg
2019.12.21 13:02 B C:\Chincoteague.com\Webpages\new\chinco-page\listings\images\services\srp-logo.jpg --> www.chincoteague.com /usr/home/daiseys/public_html/new/chinco-page/listings/images/services srp-logo.jpg
2019.12.21 13:02 B C:\Chincoteague.com\Webpages\new\chinco-page\listings\images\services\vhi-logo.jpg --> www.chincoteague.com /usr/home/daiseys/public_html/new/chinco-page/listings/images/services vhi-logo.jpg
2019.12.21 13:02 B C:\Chincoteague.com\Webpages\new\chinco-page\listings\images\services\wkpw-logo.jpg --> www.chincoteague.com /usr/home/daiseys/public_html/new/chinco-page/listings/images/services wkpw-logo.jpg
2019.12.21 13:02 B C:\Chincoteague.com\Webpages\new\chinco-page\listings\images\services\WS_FTP.LOG --> www.chincoteague.com /usr/home/daiseys/public_html/new/chinco-page/listings/images/services WS_FTP.LOG
