2017.03.23 09:49 B C:\Chincoteague.com\Webpages\chinco-page-listings\images\charter-boats\fishtales.jpg --> www.chincoteague.com /usr/home/daiseys/public_html/chinco-page-listings/images/charter-boats fishtales.jpg
2017.03.23 09:49 B C:\Chincoteague.com\Webpages\chinco-page-listings\images\charter-boats\miss-chincoteague-fishing.jpg --> www.chincoteague.com /usr/home/daiseys/public_html/chinco-page-listings/images/charter-boats miss-chincoteague-fishing.jpg
2017.03.23 13:37 B C:\Chincoteague.com\Webpages\chinco-page-listings\images\charter-boats\easternshoreadventurecharters.jpg --> www.chincoteague.com /usr/home/daiseys/public_html/chinco-page-listings/images/charter-boats easternshoreadventurecharters.jpg
2017.03.23 13:38 B C:\Chincoteague.com\Webpages\chinco-page-listings\images\charter-boats\easternshoreadventurecharters.jpg --> www.chincoteague.com /usr/home/daiseys/public_html/chinco-page-listings/images/charter-boats easternshoreadventurecharters.jpg
2017.03.23 13:44 B C:\Chincoteague.com\Webpages\chinco-page-listings\images\charter-boats\goin-deep.gif --> www.chincoteague.com /usr/home/daiseys/public_html/chinco-page-listings/images/charter-boats goin-deep.gif
2017.03.23 13:45 B C:\Chincoteague.com\Webpages\chinco-page-listings\images\charter-boats\islandqueen.jpg --> www.chincoteague.com /usr/home/daiseys/public_html/chinco-page-listings/images/charter-boats islandqueen.jpg
2017.03.23 13:51 B C:\Chincoteague.com\Webpages\chinco-page-listings\images\charter-boats\LTC-Banner.jpg --> www.chincoteague.com /usr/home/daiseys/public_html/chinco-page-listings/images/charter-boats LTC-Banner.jpg
2017.03.23 13:54 B C:\Chincoteague.com\Webpages\chinco-page-listings\images\charter-boats\marshland-charters.jpg --> www.chincoteague.com /usr/home/daiseys/public_html/chinco-page-listings/images/charter-boats marshland-charters.jpg
2017.03.23 15:31 B C:\Chincoteague.com\Webpages\chinco-page-listings\images\charter-boats\pm-charters.jpg --> www.chincoteague.com /usr/home/daiseys/public_html/chinco-page-listings/images/charter-boats pm-charters.jpg
2017.03.23 16:15 B C:\Chincoteague.com\Webpages\chinco-page-listings\images\charter-boats\rumor-has-it.jpg --> www.chincoteague.com /usr/home/daiseys/public_html/chinco-page-listings/images/charter-boats rumor-has-it.jpg
2017.03.23 16:33 B C:\Chincoteague.com\Webpages\chinco-page-listings\images\charter-boats\white-lighting-charters.jpg --> www.chincoteague.com /usr/home/daiseys/public_html/chinco-page-listings/images/charter-boats white-lighting-charters.jpg
2017.03.23 16:40 B C:\Chincoteague.com\Webpages\chinco-page-listings\images\charter-boats\wonderful1b.jpg --> www.chincoteague.com /usr/home/daiseys/public_html/chinco-page-listings/images/charter-boats wonderful1b.jpg
2019.05.26 20:54 B C:\Chincoteague.com\Webpages\chinco-page-listings\images\charter-boats\marshland-charters.jpg --> www.chincoteague.com /usr/home/daiseys/public_html/chinco-page-listings/images/charter-boats marshland-charters.jpg
2019.05.26 20:54 B C:\Chincoteague.com\Webpages\chinco-page-listings\images\charter-boats\marshland-charters.jpg --> www.chincoteague.com /usr/home/daiseys/public_html/chinco-page-listings/images/charter-boats marshland-charters.jpg
2019.05.26 20:59 B C:\Chincoteague.com\Webpages\chinco-page-listings\images\charter-boats\marshland-charters.jpg --> www.chincoteague.com /usr/home/daiseys/public_html/chinco-page-listings/images/charter-boats marshland-charters.jpg
2019.11.26 14:15 B C:\Chincoteague.com\Webpages\chinco-page-listings\images\charter-boats\easternshoreadventurecharters.jpg --> www.chincoteague.com /usr/home/daiseys/public_html/chinco-page/listings/images/charter-boats easternshoreadventurecharters.jpg
2019.11.26 14:15 B C:\Chincoteague.com\Webpages\chinco-page-listings\images\charter-boats\fishtales.jpg --> www.chincoteague.com /usr/home/daiseys/public_html/chinco-page/listings/images/charter-boats fishtales.jpg
2019.11.26 14:15 B C:\Chincoteague.com\Webpages\chinco-page-listings\images\charter-boats\goin-deep.gif --> www.chincoteague.com /usr/home/daiseys/public_html/chinco-page/listings/images/charter-boats goin-deep.gif
2019.11.26 14:15 B C:\Chincoteague.com\Webpages\chinco-page-listings\images\charter-boats\islandqueen.jpg --> www.chincoteague.com /usr/home/daiseys/public_html/chinco-page/listings/images/charter-boats islandqueen.jpg
2019.11.26 14:15 B C:\Chincoteague.com\Webpages\chinco-page-listings\images\charter-boats\LTC-Banner.jpg --> www.chincoteague.com /usr/home/daiseys/public_html/chinco-page/listings/images/charter-boats LTC-Banner.jpg
2019.11.26 14:15 B C:\Chincoteague.com\Webpages\chinco-page-listings\images\charter-boats\marshland-charters.jpg --> www.chincoteague.com /usr/home/daiseys/public_html/chinco-page/listings/images/charter-boats marshland-charters.jpg
2019.11.26 14:15 B C:\Chincoteague.com\Webpages\chinco-page-listings\images\charter-boats\miss-chincoteague-fishing.jpg --> www.chincoteague.com /usr/home/daiseys/public_html/chinco-page/listings/images/charter-boats miss-chincoteague-fishing.jpg
2019.11.26 14:15 B C:\Chincoteague.com\Webpages\chinco-page-listings\images\charter-boats\pm-charters.jpg --> www.chincoteague.com /usr/home/daiseys/public_html/chinco-page/listings/images/charter-boats pm-charters.jpg
2019.11.26 14:15 B C:\Chincoteague.com\Webpages\chinco-page-listings\images\charter-boats\rumor-has-it.jpg --> www.chincoteague.com /usr/home/daiseys/public_html/chinco-page/listings/images/charter-boats rumor-has-it.jpg
2019.11.26 14:15 B C:\Chincoteague.com\Webpages\chinco-page-listings\images\charter-boats\white-lighting-charters.jpg --> www.chincoteague.com /usr/home/daiseys/public_html/chinco-page/listings/images/charter-boats white-lighting-charters.jpg
2019.11.26 14:15 B C:\Chincoteague.com\Webpages\chinco-page-listings\images\charter-boats\wonderful1b.jpg --> www.chincoteague.com /usr/home/daiseys/public_html/chinco-page/listings/images/charter-boats wonderful1b.jpg
2019.11.26 14:15 B C:\Chincoteague.com\Webpages\chinco-page-listings\images\charter-boats\WS_FTP.LOG --> www.chincoteague.com /usr/home/daiseys/public_html/chinco-page/listings/images/charter-boats WS_FTP.LOG
2019.12.21 12:59 B C:\Chincoteague.com\Webpages\new\chinco-page\listings\images\charter-boats\easternshoreadventurecharters.jpg --> www.chincoteague.com /usr/home/daiseys/public_html/new/chinco-page/listings/images/charter-boats easternshoreadventurecharters.jpg
2019.12.21 12:59 B C:\Chincoteague.com\Webpages\new\chinco-page\listings\images\charter-boats\fishtales.jpg --> www.chincoteague.com /usr/home/daiseys/public_html/new/chinco-page/listings/images/charter-boats fishtales.jpg
2019.12.21 12:59 B C:\Chincoteague.com\Webpages\new\chinco-page\listings\images\charter-boats\goin-deep.gif --> www.chincoteague.com /usr/home/daiseys/public_html/new/chinco-page/listings/images/charter-boats goin-deep.gif
2019.12.21 12:59 B C:\Chincoteague.com\Webpages\new\chinco-page\listings\images\charter-boats\islandqueen.jpg --> www.chincoteague.com /usr/home/daiseys/public_html/new/chinco-page/listings/images/charter-boats islandqueen.jpg
2019.12.21 12:59 B C:\Chincoteague.com\Webpages\new\chinco-page\listings\images\charter-boats\LTC-Banner.jpg --> www.chincoteague.com /usr/home/daiseys/public_html/new/chinco-page/listings/images/charter-boats LTC-Banner.jpg
2019.12.21 12:59 B C:\Chincoteague.com\Webpages\new\chinco-page\listings\images\charter-boats\marshland-charters.jpg --> www.chincoteague.com /usr/home/daiseys/public_html/new/chinco-page/listings/images/charter-boats marshland-charters.jpg
2019.12.21 12:59 B C:\Chincoteague.com\Webpages\new\chinco-page\listings\images\charter-boats\miss-chincoteague-fishing.jpg --> www.chincoteague.com /usr/home/daiseys/public_html/new/chinco-page/listings/images/charter-boats miss-chincoteague-fishing.jpg
2019.12.21 12:59 B C:\Chincoteague.com\Webpages\new\chinco-page\listings\images\charter-boats\pm-charters.jpg --> www.chincoteague.com /usr/home/daiseys/public_html/new/chinco-page/listings/images/charter-boats pm-charters.jpg
2019.12.21 12:59 B C:\Chincoteague.com\Webpages\new\chinco-page\listings\images\charter-boats\rumor-has-it.jpg --> www.chincoteague.com /usr/home/daiseys/public_html/new/chinco-page/listings/images/charter-boats rumor-has-it.jpg
2019.12.21 12:59 B C:\Chincoteague.com\Webpages\new\chinco-page\listings\images\charter-boats\white-lighting-charters.jpg --> www.chincoteague.com /usr/home/daiseys/public_html/new/chinco-page/listings/images/charter-boats white-lighting-charters.jpg
2019.12.21 12:59 B C:\Chincoteague.com\Webpages\new\chinco-page\listings\images\charter-boats\wonderful1b.jpg --> www.chincoteague.com /usr/home/daiseys/public_html/new/chinco-page/listings/images/charter-boats wonderful1b.jpg
2019.12.21 12:59 B C:\Chincoteague.com\Webpages\new\chinco-page\listings\images\charter-boats\WS_FTP.LOG --> www.chincoteague.com /usr/home/daiseys/public_html/new/chinco-page/listings/images/charter-boats WS_FTP.LOG
