2020.01.18 20:09 B C:\Chincoteague.com\Webpages\new\chinco-page\images\markers\black.png <-- Chincoteague.com /usr/home/daiseys/public_html/markers black.png
2020.01.18 20:09 B C:\Chincoteague.com\Webpages\new\chinco-page\images\markers\blue.png <-- Chincoteague.com /usr/home/daiseys/public_html/markers blue.png
2020.01.18 20:09 B C:\Chincoteague.com\Webpages\new\chinco-page\images\markers\brown.png <-- Chincoteague.com /usr/home/daiseys/public_html/markers brown.png
2020.01.18 20:09 B C:\Chincoteague.com\Webpages\new\chinco-page\images\markers\gray.png <-- Chincoteague.com /usr/home/daiseys/public_html/markers gray.png
2020.01.18 20:09 B C:\Chincoteague.com\Webpages\new\chinco-page\images\markers\green.png <-- Chincoteague.com /usr/home/daiseys/public_html/markers green.png
2020.01.18 20:09 B C:\Chincoteague.com\Webpages\new\chinco-page\images\markers\light-blue.png <-- Chincoteague.com /usr/home/daiseys/public_html/markers light-blue.png
2020.01.18 20:09 B C:\Chincoteague.com\Webpages\new\chinco-page\images\markers\light-purple.png <-- Chincoteague.com /usr/home/daiseys/public_html/markers light-purple.png
2020.01.18 20:09 B C:\Chincoteague.com\Webpages\new\chinco-page\images\markers\orange.png <-- Chincoteague.com /usr/home/daiseys/public_html/markers orange.png
2020.01.18 20:09 B C:\Chincoteague.com\Webpages\new\chinco-page\images\markers\purple.png <-- Chincoteague.com /usr/home/daiseys/public_html/markers purple.png
2020.01.18 20:09 B C:\Chincoteague.com\Webpages\new\chinco-page\images\markers\red.png <-- Chincoteague.com /usr/home/daiseys/public_html/markers red.png
2020.01.18 20:09 B C:\Chincoteague.com\Webpages\new\chinco-page\images\markers\white.png <-- Chincoteague.com /usr/home/daiseys/public_html/markers white.png
2020.01.18 20:09 B C:\Chincoteague.com\Webpages\new\chinco-page\images\markers\yellow.png <-- Chincoteague.com /usr/home/daiseys/public_html/markers yellow.png
2020.01.18 20:10 B C:\Chincoteague.com\Webpages\new\chinco-page\images\markers\black.png --> www.chincoteague.com /usr/home/daiseys/public_html/new/chinco-page/images/markers black.png
2020.01.18 20:10 B C:\Chincoteague.com\Webpages\new\chinco-page\images\markers\blue.png --> www.chincoteague.com /usr/home/daiseys/public_html/new/chinco-page/images/markers blue.png
2020.01.18 20:10 B C:\Chincoteague.com\Webpages\new\chinco-page\images\markers\brown.png --> www.chincoteague.com /usr/home/daiseys/public_html/new/chinco-page/images/markers brown.png
2020.01.18 20:10 B C:\Chincoteague.com\Webpages\new\chinco-page\images\markers\gray.png --> www.chincoteague.com /usr/home/daiseys/public_html/new/chinco-page/images/markers gray.png
2020.01.18 20:10 B C:\Chincoteague.com\Webpages\new\chinco-page\images\markers\green.png --> www.chincoteague.com /usr/home/daiseys/public_html/new/chinco-page/images/markers green.png
2020.01.18 20:10 B C:\Chincoteague.com\Webpages\new\chinco-page\images\markers\light-blue.png --> www.chincoteague.com /usr/home/daiseys/public_html/new/chinco-page/images/markers light-blue.png
2020.01.18 20:10 B C:\Chincoteague.com\Webpages\new\chinco-page\images\markers\light-purple.png --> www.chincoteague.com /usr/home/daiseys/public_html/new/chinco-page/images/markers light-purple.png
2020.01.18 20:10 B C:\Chincoteague.com\Webpages\new\chinco-page\images\markers\orange.png --> www.chincoteague.com /usr/home/daiseys/public_html/new/chinco-page/images/markers orange.png
2020.01.18 20:10 B C:\Chincoteague.com\Webpages\new\chinco-page\images\markers\purple.png --> www.chincoteague.com /usr/home/daiseys/public_html/new/chinco-page/images/markers purple.png
2020.01.18 20:10 B C:\Chincoteague.com\Webpages\new\chinco-page\images\markers\red.png --> www.chincoteague.com /usr/home/daiseys/public_html/new/chinco-page/images/markers red.png
2020.01.18 20:10 B C:\Chincoteague.com\Webpages\new\chinco-page\images\markers\white.png --> www.chincoteague.com /usr/home/daiseys/public_html/new/chinco-page/images/markers white.png
2020.01.18 20:10 B C:\Chincoteague.com\Webpages\new\chinco-page\images\markers\WS_FTP.LOG --> www.chincoteague.com /usr/home/daiseys/public_html/new/chinco-page/images/markers WS_FTP.LOG
2020.01.18 20:10 B C:\Chincoteague.com\Webpages\new\chinco-page\images\markers\yellow.png --> www.chincoteague.com /usr/home/daiseys/public_html/new/chinco-page/images/markers yellow.png
2020.05.05 17:43 B C:\Chincoteague.com\Webpages\new\chinco-page\images\markers\black.png --> www.chincoteague.com /usr/home/daiseys/public_html/chinco-page/images/markers black.png
2020.05.05 17:43 B C:\Chincoteague.com\Webpages\new\chinco-page\images\markers\blue.png --> www.chincoteague.com /usr/home/daiseys/public_html/chinco-page/images/markers blue.png
2020.05.05 17:44 B C:\Chincoteague.com\Webpages\new\chinco-page\images\markers\brown.png --> www.chincoteague.com /usr/home/daiseys/public_html/chinco-page/images/markers brown.png
2020.05.05 17:44 B C:\Chincoteague.com\Webpages\new\chinco-page\images\markers\gray.png --> www.chincoteague.com /usr/home/daiseys/public_html/chinco-page/images/markers gray.png
2020.05.05 17:44 B C:\Chincoteague.com\Webpages\new\chinco-page\images\markers\green.png --> www.chincoteague.com /usr/home/daiseys/public_html/chinco-page/images/markers green.png
2020.05.05 17:44 B C:\Chincoteague.com\Webpages\new\chinco-page\images\markers\light-blue.png --> www.chincoteague.com /usr/home/daiseys/public_html/chinco-page/images/markers light-blue.png
2020.05.05 17:44 B C:\Chincoteague.com\Webpages\new\chinco-page\images\markers\light-purple.png --> www.chincoteague.com /usr/home/daiseys/public_html/chinco-page/images/markers light-purple.png
2020.05.05 17:44 B C:\Chincoteague.com\Webpages\new\chinco-page\images\markers\orange.png --> www.chincoteague.com /usr/home/daiseys/public_html/chinco-page/images/markers orange.png
2020.05.05 17:44 B C:\Chincoteague.com\Webpages\new\chinco-page\images\markers\purple.png --> www.chincoteague.com /usr/home/daiseys/public_html/chinco-page/images/markers purple.png
2020.05.05 17:44 B C:\Chincoteague.com\Webpages\new\chinco-page\images\markers\red.png --> www.chincoteague.com /usr/home/daiseys/public_html/chinco-page/images/markers red.png
2020.05.05 17:44 B C:\Chincoteague.com\Webpages\new\chinco-page\images\markers\white.png --> www.chincoteague.com /usr/home/daiseys/public_html/chinco-page/images/markers white.png
2020.05.05 17:44 B C:\Chincoteague.com\Webpages\new\chinco-page\images\markers\WS_FTP.LOG --> www.chincoteague.com /usr/home/daiseys/public_html/chinco-page/images/markers WS_FTP.LOG
2020.05.05 17:44 B C:\Chincoteague.com\Webpages\new\chinco-page\images\markers\yellow.png --> www.chincoteague.com /usr/home/daiseys/public_html/chinco-page/images/markers yellow.png
2020.05.05 18:08 B C:\Chincoteague.com\Webpages\new\chinco-page\images\markers\WS_FTP.LOG --> www.chincoteague.com /usr/home/daiseys/public_html/chinco-page/images/markers WS_FTP.LOG
