2019.09.28 17:10 B C:\Chincoteague.com\Webpages\chinco-page\images\banners\comfort-suites-banner1.jpg --> www.chincoteague.com /usr/home/daiseys/public_html/chinco-page/images/banners comfort-suites-banner1.jpg
2019.09.28 17:11 B C:\Chincoteague.com\Webpages\chinco-page\images\banners\fairfield-inn-top-banner.png --> www.chincoteague.com /usr/home/daiseys/public_html/chinco-page/images/banners fairfield-inn-top-banner.png
2019.09.28 17:11 B C:\Chincoteague.com\Webpages\chinco-page\images\banners\hampton-inn-banner.jpg --> www.chincoteague.com /usr/home/daiseys/public_html/chinco-page/images/banners hampton-inn-banner.jpg
2019.09.28 17:11 B C:\Chincoteague.com\Webpages\chinco-page\images\banners\ocean_east_banner.jpg --> www.chincoteague.com /usr/home/daiseys/public_html/chinco-page/images/banners ocean_east_banner.jpg
2019.10.24 20:03 B C:\Chincoteague.com\Webpages\chinco-site\images\banners\assateagueexplorer_small.jpg --> www.chincoteague.com /usr/home/daiseys/public_html/chinco-site/images/banners assateagueexplorer_small.jpg
2019.10.24 20:03 B C:\Chincoteague.com\Webpages\chinco-site\images\banners\comfort-suites-banner1.jpg --> www.chincoteague.com /usr/home/daiseys/public_html/chinco-site/images/banners comfort-suites-banner1.jpg
2019.10.24 20:03 B C:\Chincoteague.com\Webpages\chinco-site\images\banners\daiseys-cruises-banner7.jpg --> www.chincoteague.com /usr/home/daiseys/public_html/chinco-site/images/banners daiseys-cruises-banner7.jpg
2019.10.24 20:03 B C:\Chincoteague.com\Webpages\chinco-site\images\banners\fairfield-inn-top-banner.png --> www.chincoteague.com /usr/home/daiseys/public_html/chinco-site/images/banners fairfield-inn-top-banner.png
2019.10.24 20:03 B C:\Chincoteague.com\Webpages\chinco-site\images\banners\hampton-inn-banner.jpg --> www.chincoteague.com /usr/home/daiseys/public_html/chinco-site/images/banners hampton-inn-banner.jpg
2019.10.24 20:03 B C:\Chincoteague.com\Webpages\chinco-site\images\banners\main-street-merchants-banner.jpg --> www.chincoteague.com /usr/home/daiseys/public_html/chinco-site/images/banners main-street-merchants-banner.jpg
2019.10.24 20:03 B C:\Chincoteague.com\Webpages\chinco-site\images\banners\maui_jacks_banner.jpg --> www.chincoteague.com /usr/home/daiseys/public_html/chinco-site/images/banners maui_jacks_banner.jpg
2019.10.24 20:04 B C:\Chincoteague.com\Webpages\chinco-site\images\banners\ocean_east_banner.jpg --> www.chincoteague.com /usr/home/daiseys/public_html/chinco-site/images/banners ocean_east_banner.jpg
2019.10.24 20:04 B C:\Chincoteague.com\Webpages\chinco-site\images\banners\osprey-nest.jpg --> www.chincoteague.com /usr/home/daiseys/public_html/chinco-site/images/banners osprey-nest.jpg
2019.10.24 20:04 B C:\Chincoteague.com\Webpages\chinco-site\images\banners\wctg-banner.jpg --> www.chincoteague.com /usr/home/daiseys/public_html/chinco-site/images/banners wctg-banner.jpg
2019.12.21 12:44 B C:\Chincoteague.com\Webpages\new\chinco-page\images\banners\assateagueexplorer_small.jpg --> www.chincoteague.com /usr/home/daiseys/public_html/new/chinco-page/images/banners assateagueexplorer_small.jpg
2019.12.21 12:44 B C:\Chincoteague.com\Webpages\new\chinco-page\images\banners\comfort-suites-banner1.jpg --> www.chincoteague.com /usr/home/daiseys/public_html/new/chinco-page/images/banners comfort-suites-banner1.jpg
2019.12.21 12:44 B C:\Chincoteague.com\Webpages\new\chinco-page\images\banners\daiseys-cruises-banner7.jpg --> www.chincoteague.com /usr/home/daiseys/public_html/new/chinco-page/images/banners daiseys-cruises-banner7.jpg
2019.12.21 12:44 B C:\Chincoteague.com\Webpages\new\chinco-page\images\banners\fairfield-inn-top-banner.png --> www.chincoteague.com /usr/home/daiseys/public_html/new/chinco-page/images/banners fairfield-inn-top-banner.png
2019.12.21 12:44 B C:\Chincoteague.com\Webpages\new\chinco-page\images\banners\hampton-inn-banner.jpg --> www.chincoteague.com /usr/home/daiseys/public_html/new/chinco-page/images/banners hampton-inn-banner.jpg
2019.12.21 12:44 B C:\Chincoteague.com\Webpages\new\chinco-page\images\banners\main-street-merchants-banner.jpg --> www.chincoteague.com /usr/home/daiseys/public_html/new/chinco-page/images/banners main-street-merchants-banner.jpg
2019.12.21 12:44 B C:\Chincoteague.com\Webpages\new\chinco-page\images\banners\maui_jacks_banner.jpg --> www.chincoteague.com /usr/home/daiseys/public_html/new/chinco-page/images/banners maui_jacks_banner.jpg
2019.12.21 12:44 B C:\Chincoteague.com\Webpages\new\chinco-page\images\banners\ocean_east_banner.jpg --> www.chincoteague.com /usr/home/daiseys/public_html/new/chinco-page/images/banners ocean_east_banner.jpg
2019.12.21 12:44 B C:\Chincoteague.com\Webpages\new\chinco-page\images\banners\osprey-nest.jpg --> www.chincoteague.com /usr/home/daiseys/public_html/new/chinco-page/images/banners osprey-nest.jpg
2019.12.21 12:44 B C:\Chincoteague.com\Webpages\new\chinco-page\images\banners\wctg-banner.jpg --> www.chincoteague.com /usr/home/daiseys/public_html/new/chinco-page/images/banners wctg-banner.jpg
2019.12.21 12:44 B C:\Chincoteague.com\Webpages\new\chinco-page\images\banners\WS_FTP.LOG --> www.chincoteague.com /usr/home/daiseys/public_html/new/chinco-page/images/banners WS_FTP.LOG
2019.12.21 12:57 B C:\Chincoteague.com\Webpages\new\chinco-page\images\banners\assateagueexplorer_small.jpg --> www.chincoteague.com /usr/home/daiseys/public_html/new/chinco-page/images/banners assateagueexplorer_small.jpg
2019.12.21 12:57 B C:\Chincoteague.com\Webpages\new\chinco-page\images\banners\comfort-suites-banner1.jpg --> www.chincoteague.com /usr/home/daiseys/public_html/new/chinco-page/images/banners comfort-suites-banner1.jpg
2019.12.21 12:57 B C:\Chincoteague.com\Webpages\new\chinco-page\images\banners\daiseys-cruises-banner7.jpg --> www.chincoteague.com /usr/home/daiseys/public_html/new/chinco-page/images/banners daiseys-cruises-banner7.jpg
2019.12.21 12:57 B C:\Chincoteague.com\Webpages\new\chinco-page\images\banners\fairfield-inn-top-banner.png --> www.chincoteague.com /usr/home/daiseys/public_html/new/chinco-page/images/banners fairfield-inn-top-banner.png
2019.12.21 12:57 B C:\Chincoteague.com\Webpages\new\chinco-page\images\banners\hampton-inn-banner.jpg --> www.chincoteague.com /usr/home/daiseys/public_html/new/chinco-page/images/banners hampton-inn-banner.jpg
2019.12.21 12:57 B C:\Chincoteague.com\Webpages\new\chinco-page\images\banners\main-street-merchants-banner.jpg --> www.chincoteague.com /usr/home/daiseys/public_html/new/chinco-page/images/banners main-street-merchants-banner.jpg
2019.12.21 12:57 B C:\Chincoteague.com\Webpages\new\chinco-page\images\banners\maui_jacks_banner.jpg --> www.chincoteague.com /usr/home/daiseys/public_html/new/chinco-page/images/banners maui_jacks_banner.jpg
2019.12.21 12:57 B C:\Chincoteague.com\Webpages\new\chinco-page\images\banners\ocean_east_banner.jpg --> www.chincoteague.com /usr/home/daiseys/public_html/new/chinco-page/images/banners ocean_east_banner.jpg
2019.12.21 12:57 B C:\Chincoteague.com\Webpages\new\chinco-page\images\banners\osprey-nest.jpg --> www.chincoteague.com /usr/home/daiseys/public_html/new/chinco-page/images/banners osprey-nest.jpg
2019.12.21 12:57 B C:\Chincoteague.com\Webpages\new\chinco-page\images\banners\wctg-banner.jpg --> www.chincoteague.com /usr/home/daiseys/public_html/new/chinco-page/images/banners wctg-banner.jpg
2019.12.21 12:57 B C:\Chincoteague.com\Webpages\new\chinco-page\images\banners\WS_FTP.LOG --> www.chincoteague.com /usr/home/daiseys/public_html/new/chinco-page/images/banners WS_FTP.LOG
2020.04.18 15:21 B C:\Chincoteague.com\Webpages\new\chinco-page\images\banners\snug-harbor.jpg --> www.chincoteague.com /usr/home/daiseys/public_html/new/chinco-page/images/banners snug-harbor.jpg
2020.04.18 15:28 B C:\Chincoteague.com\Webpages\new\chinco-page\images\banners\esp-banner.jpg --> www.chincoteague.com /usr/home/daiseys/public_html/new/chinco-page/images/banners esp-banner.jpg
2020.04.18 15:28 B C:\Chincoteague.com\Webpages\new\chinco-page\images\banners\ocean-east-banner2.jpg --> www.chincoteague.com /usr/home/daiseys/public_html/new/chinco-page/images/banners ocean-east-banner2.jpg
2020.04.18 15:29 B C:\Chincoteague.com\Webpages\new\chinco-page\images\banners\koa-banner.jpg --> www.chincoteague.com /usr/home/daiseys/public_html/new/chinco-page/images/banners koa-banner.jpg
2020.04.18 15:55 B C:\Chincoteague.com\Webpages\new\chinco-page\images\banners\anchorinn-banner3.jpg --> www.chincoteague.com /usr/home/daiseys/public_html/new/chinco-page/images/banners anchorinn-banner3.jpg
2020.04.18 15:55 B C:\Chincoteague.com\Webpages\new\chinco-page\images\banners\assateague-explorer-ad.jpg --> www.chincoteague.com /usr/home/daiseys/public_html/new/chinco-page/images/banners assateague-explorer-ad.jpg
2020.04.18 15:55 B C:\Chincoteague.com\Webpages\new\chinco-page\images\banners\assateague-tours.jpg --> www.chincoteague.com /usr/home/daiseys/public_html/new/chinco-page/images/banners assateague-tours.jpg
2020.04.18 15:55 B C:\Chincoteague.com\Webpages\new\chinco-page\images\banners\assateagueexplorer_small.jpg --> www.chincoteague.com /usr/home/daiseys/public_html/new/chinco-page/images/banners assateagueexplorer_small.jpg
2020.04.18 15:55 B C:\Chincoteague.com\Webpages\new\chinco-page\images\banners\barnacle-bills-banner.jpg --> www.chincoteague.com /usr/home/daiseys/public_html/new/chinco-page/images/banners barnacle-bills-banner.jpg
2020.04.18 15:55 B C:\Chincoteague.com\Webpages\new\chinco-page\images\banners\baywatch-banner.jpg --> www.chincoteague.com /usr/home/daiseys/public_html/new/chinco-page/images/banners baywatch-banner.jpg
2020.04.18 15:55 B C:\Chincoteague.com\Webpages\new\chinco-page\images\banners\bike-depot-banner.jpg --> www.chincoteague.com /usr/home/daiseys/public_html/new/chinco-page/images/banners bike-depot-banner.jpg
2020.04.18 15:55 B C:\Chincoteague.com\Webpages\new\chinco-page\images\banners\bwp-banner2.jpg --> www.chincoteague.com /usr/home/daiseys/public_html/new/chinco-page/images/banners bwp-banner2.jpg
2020.04.18 15:55 B C:\Chincoteague.com\Webpages\new\chinco-page\images\banners\captains-quarters-banner.jpg --> www.chincoteague.com /usr/home/daiseys/public_html/new/chinco-page/images/banners captains-quarters-banner.jpg
2020.04.18 15:55 B C:\Chincoteague.com\Webpages\new\chinco-page\images\banners\CaptDansBanner.jpg --> www.chincoteague.com /usr/home/daiseys/public_html/new/chinco-page/images/banners CaptDansBanner.jpg
2020.04.18 15:55 B C:\Chincoteague.com\Webpages\new\chinco-page\images\banners\captsteves-banner2.jpg --> www.chincoteague.com /usr/home/daiseys/public_html/new/chinco-page/images/banners captsteves-banner2.jpg
2020.04.18 15:55 B C:\Chincoteague.com\Webpages\new\chinco-page\images\banners\chinco-resort-vacations.jpg --> www.chincoteague.com /usr/home/daiseys/public_html/new/chinco-page/images/banners chinco-resort-vacations.jpg
2020.04.18 15:55 B C:\Chincoteague.com\Webpages\new\chinco-page\images\banners\chincoteague-inn-banner.jpg --> www.chincoteague.com /usr/home/daiseys/public_html/new/chinco-page/images/banners chincoteague-inn-banner.jpg
2020.04.18 15:55 B C:\Chincoteague.com\Webpages\new\chinco-page\images\banners\comfort-suites-banner1.jpg --> www.chincoteague.com /usr/home/daiseys/public_html/new/chinco-page/images/banners comfort-suites-banner1.jpg
2020.04.18 15:55 B C:\Chincoteague.com\Webpages\new\chinco-page\images\banners\daiseys-cruises-banner7.jpg --> www.chincoteague.com /usr/home/daiseys/public_html/new/chinco-page/images/banners daiseys-cruises-banner7.jpg
2020.04.18 15:55 B C:\Chincoteague.com\Webpages\new\chinco-page\images\banners\deep-hole-creek-banner.jpg --> www.chincoteague.com /usr/home/daiseys/public_html/new/chinco-page/images/banners deep-hole-creek-banner.jpg
2020.04.18 15:55 B C:\Chincoteague.com\Webpages\new\chinco-page\images\banners\delmarva-discovery-center2.jpg --> www.chincoteague.com /usr/home/daiseys/public_html/new/chinco-page/images/banners delmarva-discovery-center2.jpg
2020.04.18 15:55 B C:\Chincoteague.com\Webpages\new\chinco-page\images\banners\dovewinds-banner-1.jpg --> www.chincoteague.com /usr/home/daiseys/public_html/new/chinco-page/images/banners dovewinds-banner-1.jpg
2020.04.18 15:55 B C:\Chincoteague.com\Webpages\new\chinco-page\images\banners\eagles-view.jpg --> www.chincoteague.com /usr/home/daiseys/public_html/new/chinco-page/images/banners eagles-view.jpg
2020.04.18 15:55 B C:\Chincoteague.com\Webpages\new\chinco-page\images\banners\esp-banner.jpg --> www.chincoteague.com /usr/home/daiseys/public_html/new/chinco-page/images/banners esp-banner.jpg
2020.04.18 15:55 B C:\Chincoteague.com\Webpages\new\chinco-page\images\banners\esrbanner.jpg --> www.chincoteague.com /usr/home/daiseys/public_html/new/chinco-page/images/banners esrbanner.jpg
2020.04.18 15:55 B C:\Chincoteague.com\Webpages\new\chinco-page\images\banners\fairfield-inn-banner.jpg --> www.chincoteague.com /usr/home/daiseys/public_html/new/chinco-page/images/banners fairfield-inn-banner.jpg
2020.04.18 15:55 B C:\Chincoteague.com\Webpages\new\chinco-page\images\banners\fairfield-inn-top-banner.png --> www.chincoteague.com /usr/home/daiseys/public_html/new/chinco-page/images/banners fairfield-inn-top-banner.png
2020.04.18 15:55 B C:\Chincoteague.com\Webpages\new\chinco-page\images\banners\fish-tales-banner.jpg --> www.chincoteague.com /usr/home/daiseys/public_html/new/chinco-page/images/banners fish-tales-banner.jpg
2020.04.18 15:55 B C:\Chincoteague.com\Webpages\new\chinco-page\images\banners\GardenAndSea.jpg --> www.chincoteague.com /usr/home/daiseys/public_html/new/chinco-page/images/banners GardenAndSea.jpg
2020.04.18 15:55 B C:\Chincoteague.com\Webpages\new\chinco-page\images\banners\grey-heron-banner.jpg --> www.chincoteague.com /usr/home/daiseys/public_html/new/chinco-page/images/banners grey-heron-banner.jpg
2020.04.18 15:55 B C:\Chincoteague.com\Webpages\new\chinco-page\images\banners\hampton-inn-banner.jpg --> www.chincoteague.com /usr/home/daiseys/public_html/new/chinco-page/images/banners hampton-inn-banner.jpg
2020.04.18 15:55 B C:\Chincoteague.com\Webpages\new\chinco-page\images\banners\harbor-rentals.jpg --> www.chincoteague.com /usr/home/daiseys/public_html/new/chinco-page/images/banners harbor-rentals.jpg
2020.04.18 15:55 B C:\Chincoteague.com\Webpages\new\chinco-page\images\banners\holiday-cottages-banner.jpg --> www.chincoteague.com /usr/home/daiseys/public_html/new/chinco-page/images/banners holiday-cottages-banner.jpg
2020.04.18 15:55 B C:\Chincoteague.com\Webpages\new\chinco-page\images\banners\imh-banner2.jpg --> www.chincoteague.com /usr/home/daiseys/public_html/new/chinco-page/images/banners imh-banner2.jpg
2020.04.18 15:55 B C:\Chincoteague.com\Webpages\new\chinco-page\images\banners\island-getaways-banner.jpg --> www.chincoteague.com /usr/home/daiseys/public_html/new/chinco-page/images/banners island-getaways-banner.jpg
2020.04.18 15:55 B C:\Chincoteague.com\Webpages\new\chinco-page\images\banners\island-resort-banner2.jpg --> www.chincoteague.com /usr/home/daiseys/public_html/new/chinco-page/images/banners island-resort-banner2.jpg
2020.04.18 15:55 B C:\Chincoteague.com\Webpages\new\chinco-page\images\banners\koa-banner.jpg --> www.chincoteague.com /usr/home/daiseys/public_html/new/chinco-page/images/banners koa-banner.jpg
2020.04.18 15:55 B C:\Chincoteague.com\Webpages\new\chinco-page\images\banners\main-street-merchants-banner.jpg --> www.chincoteague.com /usr/home/daiseys/public_html/new/chinco-page/images/banners main-street-merchants-banner.jpg
2020.04.18 15:56 B C:\Chincoteague.com\Webpages\new\chinco-page\images\banners\marina-bay-banner.jpg --> www.chincoteague.com /usr/home/daiseys/public_html/new/chinco-page/images/banners marina-bay-banner.jpg
2020.04.18 15:56 B C:\Chincoteague.com\Webpages\new\chinco-page\images\banners\maui_jacks_banner.jpg --> www.chincoteague.com /usr/home/daiseys/public_html/new/chinco-page/images/banners maui_jacks_banner.jpg
2020.04.18 15:56 B C:\Chincoteague.com\Webpages\new\chinco-page\images\banners\mm-inn-banner.jpg --> www.chincoteague.com /usr/home/daiseys/public_html/new/chinco-page/images/banners mm-inn-banner.jpg
2020.04.18 15:56 B C:\Chincoteague.com\Webpages\new\chinco-page\images\banners\mo_hWNxH.html --> www.chincoteague.com /usr/home/daiseys/public_html/new/chinco-page/images/banners mo_hWNxH.html
2020.04.18 15:56 B C:\Chincoteague.com\Webpages\new\chinco-page\images\banners\moorings-north-banner.jpg --> www.chincoteague.com /usr/home/daiseys/public_html/new/chinco-page/images/banners moorings-north-banner.jpg
2020.04.18 15:56 B C:\Chincoteague.com\Webpages\new\chinco-page\images\banners\ocean-east-banner2.jpg --> www.chincoteague.com /usr/home/daiseys/public_html/new/chinco-page/images/banners ocean-east-banner2.jpg
2020.04.18 15:56 B C:\Chincoteague.com\Webpages\new\chinco-page\images\banners\ocean_east_banner.jpg --> www.chincoteague.com /usr/home/daiseys/public_html/new/chinco-page/images/banners ocean_east_banner.jpg
2020.04.18 15:56 B C:\Chincoteague.com\Webpages\new\chinco-page\images\banners\osprey-nest.jpg --> www.chincoteague.com /usr/home/daiseys/public_html/new/chinco-page/images/banners osprey-nest.jpg
2020.04.18 15:56 B C:\Chincoteague.com\Webpages\new\chinco-page\images\banners\refuge-inn-front-page-banner.jpg --> www.chincoteague.com /usr/home/daiseys/public_html/new/chinco-page/images/banners refuge-inn-front-page-banner.jpg
2020.04.18 15:56 B C:\Chincoteague.com\Webpages\new\chinco-page\images\banners\sea-shell-motel-banner2.jpg --> www.chincoteague.com /usr/home/daiseys/public_html/new/chinco-page/images/banners sea-shell-motel-banner2.jpg
2020.04.18 15:56 B C:\Chincoteague.com\Webpages\new\chinco-page\images\banners\snug-harbor.jpg --> www.chincoteague.com /usr/home/daiseys/public_html/new/chinco-page/images/banners snug-harbor.jpg
2020.04.18 15:56 B C:\Chincoteague.com\Webpages\new\chinco-page\images\banners\sv_banner.jpg --> www.chincoteague.com /usr/home/daiseys/public_html/new/chinco-page/images/banners sv_banner.jpg
2020.04.18 15:56 B C:\Chincoteague.com\Webpages\new\chinco-page\images\banners\TIC_Home_Page_Banner_Ad.png --> www.chincoteague.com /usr/home/daiseys/public_html/new/chinco-page/images/banners TIC_Home_Page_Banner_Ad.png
2020.04.18 15:56 B C:\Chincoteague.com\Webpages\new\chinco-page\images\banners\waterside-inn-banner.jpg --> www.chincoteague.com /usr/home/daiseys/public_html/new/chinco-page/images/banners waterside-inn-banner.jpg
2020.04.18 16:24 B C:\Chincoteague.com\Webpages\new\chinco-page\images\banners\daiseys-cruises-banner8.jpg --> www.chincoteague.com /usr/home/daiseys/public_html/new/chinco-page/images/banners daiseys-cruises-banner8.jpg
2020.04.19 19:49 B C:\Chincoteague.com\Webpages\new\chinco-page\images\banners\chincoteague-inn-banner.jpg --> www.chincoteague.com /usr/home/daiseys/public_html/new/chinco-page/images/banners chincoteague-inn-banner.jpg
2020.04.19 19:49 B C:\Chincoteague.com\Webpages\new\chinco-page\images\banners\waterside-inn-banner.jpg --> www.chincoteague.com /usr/home/daiseys/public_html/new/chinco-page/images/banners waterside-inn-banner.jpg
2020.04.19 19:49 B C:\Chincoteague.com\Webpages\new\chinco-page\images\banners\refuge-inn-front-page-banner.jpg --> www.chincoteague.com /usr/home/daiseys/public_html/new/chinco-page/images/banners refuge-inn-front-page-banner.jpg
2020.04.19 19:49 B C:\Chincoteague.com\Webpages\new\chinco-page\images\banners\moorings-north-banner.jpg --> www.chincoteague.com /usr/home/daiseys/public_html/new/chinco-page/images/banners moorings-north-banner.jpg
2020.04.19 19:49 B C:\Chincoteague.com\Webpages\new\chinco-page\images\banners\koa-banner.jpg --> www.chincoteague.com /usr/home/daiseys/public_html/new/chinco-page/images/banners koa-banner.jpg
2020.04.19 19:49 B C:\Chincoteague.com\Webpages\new\chinco-page\images\banners\island-getaways-banner.jpg --> www.chincoteague.com /usr/home/daiseys/public_html/new/chinco-page/images/banners island-getaways-banner.jpg
2020.04.19 19:49 B C:\Chincoteague.com\Webpages\new\chinco-page\images\banners\harbor-rentals.jpg --> www.chincoteague.com /usr/home/daiseys/public_html/new/chinco-page/images/banners harbor-rentals.jpg
2020.04.19 19:49 B C:\Chincoteague.com\Webpages\new\chinco-page\images\banners\channel-view-banner.jpg --> www.chincoteague.com /usr/home/daiseys/public_html/new/chinco-page/images/banners channel-view-banner.jpg
2020.04.19 19:49 B C:\Chincoteague.com\Webpages\new\chinco-page\images\banners\anchorinn-banner3.jpg --> www.chincoteague.com /usr/home/daiseys/public_html/new/chinco-page/images/banners anchorinn-banner3.jpg
2020.04.19 19:49 B C:\Chincoteague.com\Webpages\new\chinco-page\images\banners\spinnaker-banner.jpg --> www.chincoteague.com /usr/home/daiseys/public_html/new/chinco-page/images/banners spinnaker-banner.jpg
2020.04.19 19:49 B C:\Chincoteague.com\Webpages\new\chinco-page\images\banners\marina-bay.jpg --> www.chincoteague.com /usr/home/daiseys/public_html/new/chinco-page/images/banners marina-bay.jpg
2020.04.20 20:00 B C:\Chincoteague.com\Webpages\new\chinco-page\images\banners\ediv-banner.jpg --> www.chincoteague.com /usr/home/daiseys/public_html/new/chinco-page/images/banners ediv-banner.jpg
2020.04.20 20:14 B C:\Chincoteague.com\Webpages\new\chinco-page\images\banners\igbanner3.jpg --> www.chincoteague.com /usr/home/daiseys/public_html/new/chinco-page/images/banners igbanner3.jpg
2020.04.20 20:27 B C:\Chincoteague.com\Webpages\new\chinco-page\images\banners\ajs1.jpg --> www.chincoteague.com /usr/home/daiseys/public_html/new/chinco-page/images/banners ajs1.jpg
2020.04.20 20:28 B C:\Chincoteague.com\Webpages\new\chinco-page\images\banners\bills-banner.jpg --> www.chincoteague.com /usr/home/daiseys/public_html/new/chinco-page/images/banners bills-banner.jpg
2020.04.20 20:28 B C:\Chincoteague.com\Webpages\new\chinco-page\images\banners\steamers-banner.jpg --> www.chincoteague.com /usr/home/daiseys/public_html/new/chinco-page/images/banners steamers-banner.jpg
2020.04.20 20:28 B C:\Chincoteague.com\Webpages\new\chinco-page\images\banners\dons2.jpg --> www.chincoteague.com /usr/home/daiseys/public_html/new/chinco-page/images/banners dons2.jpg
2020.04.23 20:43 B C:\Chincoteague.com\Webpages\new\chinco-page\images\banners\assateague-explorer-ad.jpg --> www.chincoteague.com /usr/home/daiseys/public_html/new/chinco-page/images/banners assateague-explorer-ad.jpg
2020.04.23 20:43 B C:\Chincoteague.com\Webpages\new\chinco-page\images\banners\captsteves-banner3.jpg --> www.chincoteague.com /usr/home/daiseys/public_html/new/chinco-page/images/banners captsteves-banner3.jpg
2020.04.23 20:44 B C:\Chincoteague.com\Webpages\new\chinco-page\images\banners\daiseys-cruises-banner6.jpg --> www.chincoteague.com /usr/home/daiseys/public_html/new/chinco-page/images/banners daiseys-cruises-banner6.jpg
2020.04.23 20:44 B C:\Chincoteague.com\Webpages\new\chinco-page\images\banners\assateagueexplorer_small_two.jpg --> www.chincoteague.com /usr/home/daiseys/public_html/new/chinco-page/images/banners assateagueexplorer_small_two.jpg
2020.04.23 20:47 B C:\Chincoteague.com\Webpages\new\chinco-page\images\banners\refugegolfbanner.png --> www.chincoteague.com /usr/home/daiseys/public_html/new/chinco-page/images/banners refugegolfbanner.png
2020.04.23 20:47 B C:\Chincoteague.com\Webpages\new\chinco-page\images\banners\saltwater-pony-tours-banner.jpg --> www.chincoteague.com /usr/home/daiseys/public_html/new/chinco-page/images/banners saltwater-pony-tours-banner.jpg
2020.04.23 20:48 B C:\Chincoteague.com\Webpages\new\chinco-page\images\banners\fish-tales-banner.jpg --> www.chincoteague.com /usr/home/daiseys/public_html/new/chinco-page/images/banners fish-tales-banner.jpg
2020.04.23 20:48 B C:\Chincoteague.com\Webpages\new\chinco-page\images\banners\fish-tales-banner2.jpg --> www.chincoteague.com /usr/home/daiseys/public_html/new/chinco-page/images/banners fish-tales-banner2.jpg
2020.05.05 17:36 B C:\Chincoteague.com\Webpages\new\chinco-page\images\banners\ajs1.jpg --> www.chincoteague.com /usr/home/daiseys/public_html/chinco-page/images/banners ajs1.jpg
2020.05.05 17:36 B C:\Chincoteague.com\Webpages\new\chinco-page\images\banners\anchorinn-banner3.jpg --> www.chincoteague.com /usr/home/daiseys/public_html/chinco-page/images/banners anchorinn-banner3.jpg
2020.05.05 17:37 B C:\Chincoteague.com\Webpages\new\chinco-page\images\banners\assateague-explorer-ad.jpg --> www.chincoteague.com /usr/home/daiseys/public_html/chinco-page/images/banners assateague-explorer-ad.jpg
2020.05.05 17:37 B C:\Chincoteague.com\Webpages\new\chinco-page\images\banners\assateague-tours.jpg --> www.chincoteague.com /usr/home/daiseys/public_html/chinco-page/images/banners assateague-tours.jpg
2020.05.05 17:37 B C:\Chincoteague.com\Webpages\new\chinco-page\images\banners\assateagueexplorer_small.jpg --> www.chincoteague.com /usr/home/daiseys/public_html/chinco-page/images/banners assateagueexplorer_small.jpg
2020.05.05 17:37 B C:\Chincoteague.com\Webpages\new\chinco-page\images\banners\assateagueexplorer_small_two.jpg --> www.chincoteague.com /usr/home/daiseys/public_html/chinco-page/images/banners assateagueexplorer_small_two.jpg
2020.05.05 17:37 B C:\Chincoteague.com\Webpages\new\chinco-page\images\banners\barnacle-bills-banner.jpg --> www.chincoteague.com /usr/home/daiseys/public_html/chinco-page/images/banners barnacle-bills-banner.jpg
2020.05.05 17:37 B C:\Chincoteague.com\Webpages\new\chinco-page\images\banners\baywatch-banner.jpg --> www.chincoteague.com /usr/home/daiseys/public_html/chinco-page/images/banners baywatch-banner.jpg
2020.05.05 17:38 B C:\Chincoteague.com\Webpages\new\chinco-page\images\banners\bike-depot-banner.jpg --> www.chincoteague.com /usr/home/daiseys/public_html/chinco-page/images/banners bike-depot-banner.jpg
2020.05.05 17:38 B C:\Chincoteague.com\Webpages\new\chinco-page\images\banners\bills-banner.jpg --> www.chincoteague.com /usr/home/daiseys/public_html/chinco-page/images/banners bills-banner.jpg
2020.05.05 17:38 B C:\Chincoteague.com\Webpages\new\chinco-page\images\banners\bwp-banner2.jpg --> www.chincoteague.com /usr/home/daiseys/public_html/chinco-page/images/banners bwp-banner2.jpg
2020.05.05 17:38 B C:\Chincoteague.com\Webpages\new\chinco-page\images\banners\captains-quarters-banner.jpg --> www.chincoteague.com /usr/home/daiseys/public_html/chinco-page/images/banners captains-quarters-banner.jpg
2020.05.05 17:38 B C:\Chincoteague.com\Webpages\new\chinco-page\images\banners\CaptDansBanner.jpg --> www.chincoteague.com /usr/home/daiseys/public_html/chinco-page/images/banners CaptDansBanner.jpg
2020.05.05 17:39 B C:\Chincoteague.com\Webpages\new\chinco-page\images\banners\captsteves-banner2.jpg --> www.chincoteague.com /usr/home/daiseys/public_html/chinco-page/images/banners captsteves-banner2.jpg
2020.05.05 17:39 B C:\Chincoteague.com\Webpages\new\chinco-page\images\banners\captsteves-banner3.jpg --> www.chincoteague.com /usr/home/daiseys/public_html/chinco-page/images/banners captsteves-banner3.jpg
2020.05.05 17:39 B C:\Chincoteague.com\Webpages\new\chinco-page\images\banners\channel-view-banner.jpg --> www.chincoteague.com /usr/home/daiseys/public_html/chinco-page/images/banners channel-view-banner.jpg
2020.05.05 17:39 B C:\Chincoteague.com\Webpages\new\chinco-page\images\banners\chinco-resort-vacations.jpg --> www.chincoteague.com /usr/home/daiseys/public_html/chinco-page/images/banners chinco-resort-vacations.jpg
2020.05.05 17:39 B C:\Chincoteague.com\Webpages\new\chinco-page\images\banners\chincoteague-inn-banner.jpg --> www.chincoteague.com /usr/home/daiseys/public_html/chinco-page/images/banners chincoteague-inn-banner.jpg
2020.05.05 17:39 B C:\Chincoteague.com\Webpages\new\chinco-page\images\banners\daiseys-cruises-banner6.jpg --> www.chincoteague.com /usr/home/daiseys/public_html/chinco-page/images/banners daiseys-cruises-banner6.jpg
2020.05.05 17:39 B C:\Chincoteague.com\Webpages\new\chinco-page\images\banners\daiseys-cruises-banner7.jpg --> www.chincoteague.com /usr/home/daiseys/public_html/chinco-page/images/banners daiseys-cruises-banner7.jpg
2020.05.05 17:40 B C:\Chincoteague.com\Webpages\new\chinco-page\images\banners\daiseys-cruises-banner8.jpg --> www.chincoteague.com /usr/home/daiseys/public_html/chinco-page/images/banners daiseys-cruises-banner8.jpg
2020.05.05 17:40 B C:\Chincoteague.com\Webpages\new\chinco-page\images\banners\deep-hole-creek-banner.jpg --> www.chincoteague.com /usr/home/daiseys/public_html/chinco-page/images/banners deep-hole-creek-banner.jpg
2020.05.05 17:40 B C:\Chincoteague.com\Webpages\new\chinco-page\images\banners\delmarva-discovery-center2.jpg --> www.chincoteague.com /usr/home/daiseys/public_html/chinco-page/images/banners delmarva-discovery-center2.jpg
2020.05.05 17:40 B C:\Chincoteague.com\Webpages\new\chinco-page\images\banners\dons2.jpg --> www.chincoteague.com /usr/home/daiseys/public_html/chinco-page/images/banners dons2.jpg
2020.05.05 17:40 B C:\Chincoteague.com\Webpages\new\chinco-page\images\banners\dovewinds-banner-1.jpg --> www.chincoteague.com /usr/home/daiseys/public_html/chinco-page/images/banners dovewinds-banner-1.jpg
2020.05.05 17:40 B C:\Chincoteague.com\Webpages\new\chinco-page\images\banners\eagles-view.jpg --> www.chincoteague.com /usr/home/daiseys/public_html/chinco-page/images/banners eagles-view.jpg
2020.05.05 17:40 B C:\Chincoteague.com\Webpages\new\chinco-page\images\banners\ediv-banner.jpg --> www.chincoteague.com /usr/home/daiseys/public_html/chinco-page/images/banners ediv-banner.jpg
2020.05.05 17:40 B C:\Chincoteague.com\Webpages\new\chinco-page\images\banners\esp-banner.jpg --> www.chincoteague.com /usr/home/daiseys/public_html/chinco-page/images/banners esp-banner.jpg
2020.05.05 17:40 B C:\Chincoteague.com\Webpages\new\chinco-page\images\banners\esrbanner.jpg --> www.chincoteague.com /usr/home/daiseys/public_html/chinco-page/images/banners esrbanner.jpg
2020.05.05 17:40 B C:\Chincoteague.com\Webpages\new\chinco-page\images\banners\fairfield-inn-banner.jpg --> www.chincoteague.com /usr/home/daiseys/public_html/chinco-page/images/banners fairfield-inn-banner.jpg
2020.05.05 17:41 B C:\Chincoteague.com\Webpages\new\chinco-page\images\banners\fish-tales-banner.jpg --> www.chincoteague.com /usr/home/daiseys/public_html/chinco-page/images/banners fish-tales-banner.jpg
2020.05.05 17:41 B C:\Chincoteague.com\Webpages\new\chinco-page\images\banners\fish-tales-banner2.jpg --> www.chincoteague.com /usr/home/daiseys/public_html/chinco-page/images/banners fish-tales-banner2.jpg
2020.05.05 17:41 B C:\Chincoteague.com\Webpages\new\chinco-page\images\banners\GardenAndSea.jpg --> www.chincoteague.com /usr/home/daiseys/public_html/chinco-page/images/banners GardenAndSea.jpg
2020.05.05 17:41 B C:\Chincoteague.com\Webpages\new\chinco-page\images\banners\grey-heron-banner.jpg --> www.chincoteague.com /usr/home/daiseys/public_html/chinco-page/images/banners grey-heron-banner.jpg
2020.05.05 17:41 B C:\Chincoteague.com\Webpages\new\chinco-page\images\banners\harbor-rentals.jpg --> www.chincoteague.com /usr/home/daiseys/public_html/chinco-page/images/banners harbor-rentals.jpg
2020.05.05 17:41 B C:\Chincoteague.com\Webpages\new\chinco-page\images\banners\holiday-cottages-banner.jpg --> www.chincoteague.com /usr/home/daiseys/public_html/chinco-page/images/banners holiday-cottages-banner.jpg
2020.05.05 17:41 B C:\Chincoteague.com\Webpages\new\chinco-page\images\banners\igbanner3.jpg --> www.chincoteague.com /usr/home/daiseys/public_html/chinco-page/images/banners igbanner3.jpg
2020.05.05 17:41 B C:\Chincoteague.com\Webpages\new\chinco-page\images\banners\imh-banner2.jpg --> www.chincoteague.com /usr/home/daiseys/public_html/chinco-page/images/banners imh-banner2.jpg
2020.05.05 17:41 B C:\Chincoteague.com\Webpages\new\chinco-page\images\banners\island-getaways-banner.jpg --> www.chincoteague.com /usr/home/daiseys/public_html/chinco-page/images/banners island-getaways-banner.jpg
2020.05.05 17:41 B C:\Chincoteague.com\Webpages\new\chinco-page\images\banners\island-resort-banner2.jpg --> www.chincoteague.com /usr/home/daiseys/public_html/chinco-page/images/banners island-resort-banner2.jpg
2020.05.05 17:41 B C:\Chincoteague.com\Webpages\new\chinco-page\images\banners\koa-banner.jpg --> www.chincoteague.com /usr/home/daiseys/public_html/chinco-page/images/banners koa-banner.jpg
2020.05.05 17:41 B C:\Chincoteague.com\Webpages\new\chinco-page\images\banners\main-street-merchants-banner.jpg --> www.chincoteague.com /usr/home/daiseys/public_html/chinco-page/images/banners main-street-merchants-banner.jpg
2020.05.05 17:41 B C:\Chincoteague.com\Webpages\new\chinco-page\images\banners\marina-bay-banner.jpg --> www.chincoteague.com /usr/home/daiseys/public_html/chinco-page/images/banners marina-bay-banner.jpg
2020.05.05 17:41 B C:\Chincoteague.com\Webpages\new\chinco-page\images\banners\marina-bay.jpg --> www.chincoteague.com /usr/home/daiseys/public_html/chinco-page/images/banners marina-bay.jpg
2020.05.05 17:41 B C:\Chincoteague.com\Webpages\new\chinco-page\images\banners\maui_jacks_banner.jpg --> www.chincoteague.com /usr/home/daiseys/public_html/chinco-page/images/banners maui_jacks_banner.jpg
2020.05.05 17:41 B C:\Chincoteague.com\Webpages\new\chinco-page\images\banners\mm-inn-banner.jpg --> www.chincoteague.com /usr/home/daiseys/public_html/chinco-page/images/banners mm-inn-banner.jpg
2020.05.05 17:41 B C:\Chincoteague.com\Webpages\new\chinco-page\images\banners\mo_hWNxH.html --> www.chincoteague.com /usr/home/daiseys/public_html/chinco-page/images/banners mo_hWNxH.html
2020.05.05 17:41 B C:\Chincoteague.com\Webpages\new\chinco-page\images\banners\moorings-north-banner.jpg --> www.chincoteague.com /usr/home/daiseys/public_html/chinco-page/images/banners moorings-north-banner.jpg
2020.05.05 17:41 B C:\Chincoteague.com\Webpages\new\chinco-page\images\banners\ocean-east-banner2.jpg --> www.chincoteague.com /usr/home/daiseys/public_html/chinco-page/images/banners ocean-east-banner2.jpg
2020.05.05 17:41 B C:\Chincoteague.com\Webpages\new\chinco-page\images\banners\osprey-nest.jpg --> www.chincoteague.com /usr/home/daiseys/public_html/chinco-page/images/banners osprey-nest.jpg
2020.05.05 17:42 B C:\Chincoteague.com\Webpages\new\chinco-page\images\banners\refuge-inn-front-page-banner.jpg --> www.chincoteague.com /usr/home/daiseys/public_html/chinco-page/images/banners refuge-inn-front-page-banner.jpg
2020.05.05 17:42 B C:\Chincoteague.com\Webpages\new\chinco-page\images\banners\refugegolfbanner.png --> www.chincoteague.com /usr/home/daiseys/public_html/chinco-page/images/banners refugegolfbanner.png
2020.05.05 17:42 B C:\Chincoteague.com\Webpages\new\chinco-page\images\banners\saltwater-pony-tours-banner.jpg --> www.chincoteague.com /usr/home/daiseys/public_html/chinco-page/images/banners saltwater-pony-tours-banner.jpg
2020.05.05 17:42 B C:\Chincoteague.com\Webpages\new\chinco-page\images\banners\sea-shell-motel-banner2.jpg --> www.chincoteague.com /usr/home/daiseys/public_html/chinco-page/images/banners sea-shell-motel-banner2.jpg
2020.05.05 17:42 B C:\Chincoteague.com\Webpages\new\chinco-page\images\banners\snug-harbor.jpg --> www.chincoteague.com /usr/home/daiseys/public_html/chinco-page/images/banners snug-harbor.jpg
2020.05.05 17:42 B C:\Chincoteague.com\Webpages\new\chinco-page\images\banners\spinnaker-banner.jpg --> www.chincoteague.com /usr/home/daiseys/public_html/chinco-page/images/banners spinnaker-banner.jpg
2020.05.05 17:42 B C:\Chincoteague.com\Webpages\new\chinco-page\images\banners\steamers-banner.jpg --> www.chincoteague.com /usr/home/daiseys/public_html/chinco-page/images/banners steamers-banner.jpg
2020.05.05 17:42 B C:\Chincoteague.com\Webpages\new\chinco-page\images\banners\sv_banner.jpg --> www.chincoteague.com /usr/home/daiseys/public_html/chinco-page/images/banners sv_banner.jpg
2020.05.05 17:42 B C:\Chincoteague.com\Webpages\new\chinco-page\images\banners\TIC_Home_Page_Banner_Ad.png --> www.chincoteague.com /usr/home/daiseys/public_html/chinco-page/images/banners TIC_Home_Page_Banner_Ad.png
2020.05.05 17:42 B C:\Chincoteague.com\Webpages\new\chinco-page\images\banners\waterside-inn-banner.jpg --> www.chincoteague.com /usr/home/daiseys/public_html/chinco-page/images/banners waterside-inn-banner.jpg
2020.05.05 17:42 B C:\Chincoteague.com\Webpages\new\chinco-page\images\banners\WS_FTP.LOG --> www.chincoteague.com /usr/home/daiseys/public_html/chinco-page/images/banners WS_FTP.LOG
2020.05.05 18:26 B C:\Chincoteague.com\Webpages\new\chinco-page\images\banners\ajs1.jpg --> www.chincoteague.com /usr/home/daiseys/public_html/new/chinco-page/images/banners ajs1.jpg
2020.05.05 18:26 B C:\Chincoteague.com\Webpages\new\chinco-page\images\banners\anchorinn-banner3.jpg --> www.chincoteague.com /usr/home/daiseys/public_html/new/chinco-page/images/banners anchorinn-banner3.jpg
2020.05.05 18:26 B C:\Chincoteague.com\Webpages\new\chinco-page\images\banners\assateague-explorer-ad.jpg --> www.chincoteague.com /usr/home/daiseys/public_html/new/chinco-page/images/banners assateague-explorer-ad.jpg
2020.05.05 18:26 B C:\Chincoteague.com\Webpages\new\chinco-page\images\banners\assateague-tours.jpg --> www.chincoteague.com /usr/home/daiseys/public_html/new/chinco-page/images/banners assateague-tours.jpg
2020.05.05 18:26 B C:\Chincoteague.com\Webpages\new\chinco-page\images\banners\assateagueexplorer_small.jpg --> www.chincoteague.com /usr/home/daiseys/public_html/new/chinco-page/images/banners assateagueexplorer_small.jpg
2020.05.05 18:26 B C:\Chincoteague.com\Webpages\new\chinco-page\images\banners\assateagueexplorer_small_two.jpg --> www.chincoteague.com /usr/home/daiseys/public_html/new/chinco-page/images/banners assateagueexplorer_small_two.jpg
2020.05.05 18:26 B C:\Chincoteague.com\Webpages\new\chinco-page\images\banners\barnacle-bills-banner.jpg --> www.chincoteague.com /usr/home/daiseys/public_html/new/chinco-page/images/banners barnacle-bills-banner.jpg
2020.05.05 18:26 B C:\Chincoteague.com\Webpages\new\chinco-page\images\banners\baywatch-banner.jpg --> www.chincoteague.com /usr/home/daiseys/public_html/new/chinco-page/images/banners baywatch-banner.jpg
2020.05.05 18:26 B C:\Chincoteague.com\Webpages\new\chinco-page\images\banners\bike-depot-banner.jpg --> www.chincoteague.com /usr/home/daiseys/public_html/new/chinco-page/images/banners bike-depot-banner.jpg
2020.05.05 18:26 B C:\Chincoteague.com\Webpages\new\chinco-page\images\banners\bills-banner.jpg --> www.chincoteague.com /usr/home/daiseys/public_html/new/chinco-page/images/banners bills-banner.jpg
2020.05.05 18:26 B C:\Chincoteague.com\Webpages\new\chinco-page\images\banners\bwp-banner2.jpg --> www.chincoteague.com /usr/home/daiseys/public_html/new/chinco-page/images/banners bwp-banner2.jpg
2020.05.05 18:26 B C:\Chincoteague.com\Webpages\new\chinco-page\images\banners\captains-quarters-banner.jpg --> www.chincoteague.com /usr/home/daiseys/public_html/new/chinco-page/images/banners captains-quarters-banner.jpg
2020.05.05 18:26 B C:\Chincoteague.com\Webpages\new\chinco-page\images\banners\CaptDansBanner.jpg --> www.chincoteague.com /usr/home/daiseys/public_html/new/chinco-page/images/banners CaptDansBanner.jpg
2020.05.05 18:26 B C:\Chincoteague.com\Webpages\new\chinco-page\images\banners\captsteves-banner2.jpg --> www.chincoteague.com /usr/home/daiseys/public_html/new/chinco-page/images/banners captsteves-banner2.jpg
2020.05.05 18:26 B C:\Chincoteague.com\Webpages\new\chinco-page\images\banners\captsteves-banner3.jpg --> www.chincoteague.com /usr/home/daiseys/public_html/new/chinco-page/images/banners captsteves-banner3.jpg
2020.05.05 18:26 B C:\Chincoteague.com\Webpages\new\chinco-page\images\banners\channel-view-banner.jpg --> www.chincoteague.com /usr/home/daiseys/public_html/new/chinco-page/images/banners channel-view-banner.jpg
2020.05.05 18:26 B C:\Chincoteague.com\Webpages\new\chinco-page\images\banners\chinco-resort-vacations.jpg --> www.chincoteague.com /usr/home/daiseys/public_html/new/chinco-page/images/banners chinco-resort-vacations.jpg
2020.05.05 18:27 B C:\Chincoteague.com\Webpages\new\chinco-page\images\banners\chincoteague-inn-banner.jpg --> www.chincoteague.com /usr/home/daiseys/public_html/new/chinco-page/images/banners chincoteague-inn-banner.jpg
2020.05.05 18:27 B C:\Chincoteague.com\Webpages\new\chinco-page\images\banners\comfort-suites-banner1.jpg --> www.chincoteague.com /usr/home/daiseys/public_html/new/chinco-page/images/banners comfort-suites-banner1.jpg
2020.05.05 18:27 B C:\Chincoteague.com\Webpages\new\chinco-page\images\banners\daiseys-cruises-banner6.jpg --> www.chincoteague.com /usr/home/daiseys/public_html/new/chinco-page/images/banners daiseys-cruises-banner6.jpg
2020.05.05 18:27 B C:\Chincoteague.com\Webpages\new\chinco-page\images\banners\daiseys-cruises-banner7.jpg --> www.chincoteague.com /usr/home/daiseys/public_html/new/chinco-page/images/banners daiseys-cruises-banner7.jpg
2020.05.05 18:27 B C:\Chincoteague.com\Webpages\new\chinco-page\images\banners\daiseys-cruises-banner8.jpg --> www.chincoteague.com /usr/home/daiseys/public_html/new/chinco-page/images/banners daiseys-cruises-banner8.jpg
2020.05.05 18:27 B C:\Chincoteague.com\Webpages\new\chinco-page\images\banners\deep-hole-creek-banner.jpg --> www.chincoteague.com /usr/home/daiseys/public_html/new/chinco-page/images/banners deep-hole-creek-banner.jpg
2020.05.05 18:27 B C:\Chincoteague.com\Webpages\new\chinco-page\images\banners\delmarva-discovery-center2.jpg --> www.chincoteague.com /usr/home/daiseys/public_html/new/chinco-page/images/banners delmarva-discovery-center2.jpg
2020.05.05 18:27 B C:\Chincoteague.com\Webpages\new\chinco-page\images\banners\dons2.jpg --> www.chincoteague.com /usr/home/daiseys/public_html/new/chinco-page/images/banners dons2.jpg
2020.05.05 18:27 B C:\Chincoteague.com\Webpages\new\chinco-page\images\banners\dovewinds-banner-1.jpg --> www.chincoteague.com /usr/home/daiseys/public_html/new/chinco-page/images/banners dovewinds-banner-1.jpg
2020.05.05 18:27 B C:\Chincoteague.com\Webpages\new\chinco-page\images\banners\eagles-view.jpg --> www.chincoteague.com /usr/home/daiseys/public_html/new/chinco-page/images/banners eagles-view.jpg
2020.05.05 18:27 B C:\Chincoteague.com\Webpages\new\chinco-page\images\banners\ediv-banner.jpg --> www.chincoteague.com /usr/home/daiseys/public_html/new/chinco-page/images/banners ediv-banner.jpg
2020.05.05 18:27 B C:\Chincoteague.com\Webpages\new\chinco-page\images\banners\esp-banner.jpg --> www.chincoteague.com /usr/home/daiseys/public_html/new/chinco-page/images/banners esp-banner.jpg
2020.05.05 18:27 B C:\Chincoteague.com\Webpages\new\chinco-page\images\banners\esrbanner.jpg --> www.chincoteague.com /usr/home/daiseys/public_html/new/chinco-page/images/banners esrbanner.jpg
2020.05.05 18:27 B C:\Chincoteague.com\Webpages\new\chinco-page\images\banners\fairfield-inn-banner.jpg --> www.chincoteague.com /usr/home/daiseys/public_html/new/chinco-page/images/banners fairfield-inn-banner.jpg
2020.05.05 18:27 B C:\Chincoteague.com\Webpages\new\chinco-page\images\banners\fairfield-inn-top-banner.png --> www.chincoteague.com /usr/home/daiseys/public_html/new/chinco-page/images/banners fairfield-inn-top-banner.png
2020.05.05 18:27 B C:\Chincoteague.com\Webpages\new\chinco-page\images\banners\fish-tales-banner.jpg --> www.chincoteague.com /usr/home/daiseys/public_html/new/chinco-page/images/banners fish-tales-banner.jpg
2020.05.05 18:27 B C:\Chincoteague.com\Webpages\new\chinco-page\images\banners\fish-tales-banner2.jpg --> www.chincoteague.com /usr/home/daiseys/public_html/new/chinco-page/images/banners fish-tales-banner2.jpg
2020.05.05 18:27 B C:\Chincoteague.com\Webpages\new\chinco-page\images\banners\GardenAndSea.jpg --> www.chincoteague.com /usr/home/daiseys/public_html/new/chinco-page/images/banners GardenAndSea.jpg
2020.05.05 18:27 B C:\Chincoteague.com\Webpages\new\chinco-page\images\banners\grey-heron-banner.jpg --> www.chincoteague.com /usr/home/daiseys/public_html/new/chinco-page/images/banners grey-heron-banner.jpg
2020.05.05 18:27 B C:\Chincoteague.com\Webpages\new\chinco-page\images\banners\hampton-inn-banner.jpg --> www.chincoteague.com /usr/home/daiseys/public_html/new/chinco-page/images/banners hampton-inn-banner.jpg
2020.05.05 18:27 B C:\Chincoteague.com\Webpages\new\chinco-page\images\banners\harbor-rentals.jpg --> www.chincoteague.com /usr/home/daiseys/public_html/new/chinco-page/images/banners harbor-rentals.jpg
2020.05.05 18:27 B C:\Chincoteague.com\Webpages\new\chinco-page\images\banners\holiday-cottages-banner.jpg --> www.chincoteague.com /usr/home/daiseys/public_html/new/chinco-page/images/banners holiday-cottages-banner.jpg
2020.05.05 18:27 B C:\Chincoteague.com\Webpages\new\chinco-page\images\banners\igbanner3.jpg --> www.chincoteague.com /usr/home/daiseys/public_html/new/chinco-page/images/banners igbanner3.jpg
2020.05.05 18:27 B C:\Chincoteague.com\Webpages\new\chinco-page\images\banners\imh-banner2.jpg --> www.chincoteague.com /usr/home/daiseys/public_html/new/chinco-page/images/banners imh-banner2.jpg
2020.05.05 18:27 B C:\Chincoteague.com\Webpages\new\chinco-page\images\banners\island-getaways-banner.jpg --> www.chincoteague.com /usr/home/daiseys/public_html/new/chinco-page/images/banners island-getaways-banner.jpg
2020.05.05 18:27 B C:\Chincoteague.com\Webpages\new\chinco-page\images\banners\island-resort-banner2.jpg --> www.chincoteague.com /usr/home/daiseys/public_html/new/chinco-page/images/banners island-resort-banner2.jpg
2020.05.05 18:27 B C:\Chincoteague.com\Webpages\new\chinco-page\images\banners\koa-banner.jpg --> www.chincoteague.com /usr/home/daiseys/public_html/new/chinco-page/images/banners koa-banner.jpg
2020.05.05 18:27 B C:\Chincoteague.com\Webpages\new\chinco-page\images\banners\main-street-merchants-banner.jpg --> www.chincoteague.com /usr/home/daiseys/public_html/new/chinco-page/images/banners main-street-merchants-banner.jpg
2020.05.05 18:27 B C:\Chincoteague.com\Webpages\new\chinco-page\images\banners\marina-bay-banner.jpg --> www.chincoteague.com /usr/home/daiseys/public_html/new/chinco-page/images/banners marina-bay-banner.jpg
2020.05.05 18:27 B C:\Chincoteague.com\Webpages\new\chinco-page\images\banners\marina-bay.jpg --> www.chincoteague.com /usr/home/daiseys/public_html/new/chinco-page/images/banners marina-bay.jpg
2020.05.05 18:28 B C:\Chincoteague.com\Webpages\new\chinco-page\images\banners\maui_jacks_banner.jpg --> www.chincoteague.com /usr/home/daiseys/public_html/new/chinco-page/images/banners maui_jacks_banner.jpg
2020.05.05 18:28 B C:\Chincoteague.com\Webpages\new\chinco-page\images\banners\mm-inn-banner.jpg --> www.chincoteague.com /usr/home/daiseys/public_html/new/chinco-page/images/banners mm-inn-banner.jpg
2020.05.05 18:28 B C:\Chincoteague.com\Webpages\new\chinco-page\images\banners\mo_hWNxH.html --> www.chincoteague.com /usr/home/daiseys/public_html/new/chinco-page/images/banners mo_hWNxH.html
2020.05.05 18:28 B C:\Chincoteague.com\Webpages\new\chinco-page\images\banners\moorings-north-banner.jpg --> www.chincoteague.com /usr/home/daiseys/public_html/new/chinco-page/images/banners moorings-north-banner.jpg
2020.05.05 18:28 B C:\Chincoteague.com\Webpages\new\chinco-page\images\banners\ocean-east-banner2.jpg --> www.chincoteague.com /usr/home/daiseys/public_html/new/chinco-page/images/banners ocean-east-banner2.jpg
2020.05.05 18:28 B C:\Chincoteague.com\Webpages\new\chinco-page\images\banners\ocean_east_banner.jpg --> www.chincoteague.com /usr/home/daiseys/public_html/new/chinco-page/images/banners ocean_east_banner.jpg
2020.05.05 18:28 B C:\Chincoteague.com\Webpages\new\chinco-page\images\banners\osprey-nest.jpg --> www.chincoteague.com /usr/home/daiseys/public_html/new/chinco-page/images/banners osprey-nest.jpg
2020.05.05 18:28 B C:\Chincoteague.com\Webpages\new\chinco-page\images\banners\refuge-inn-front-page-banner.jpg --> www.chincoteague.com /usr/home/daiseys/public_html/new/chinco-page/images/banners refuge-inn-front-page-banner.jpg
2020.05.05 18:28 B C:\Chincoteague.com\Webpages\new\chinco-page\images\banners\refugegolfbanner.png --> www.chincoteague.com /usr/home/daiseys/public_html/new/chinco-page/images/banners refugegolfbanner.png
2020.05.05 18:28 B C:\Chincoteague.com\Webpages\new\chinco-page\images\banners\saltwater-pony-tours-banner.jpg --> www.chincoteague.com /usr/home/daiseys/public_html/new/chinco-page/images/banners saltwater-pony-tours-banner.jpg
2020.05.05 18:28 B C:\Chincoteague.com\Webpages\new\chinco-page\images\banners\sea-shell-motel-banner2.jpg --> www.chincoteague.com /usr/home/daiseys/public_html/new/chinco-page/images/banners sea-shell-motel-banner2.jpg
2020.05.05 18:28 B C:\Chincoteague.com\Webpages\new\chinco-page\images\banners\snug-harbor.jpg --> www.chincoteague.com /usr/home/daiseys/public_html/new/chinco-page/images/banners snug-harbor.jpg
2020.05.05 18:28 B C:\Chincoteague.com\Webpages\new\chinco-page\images\banners\spinnaker-banner.jpg --> www.chincoteague.com /usr/home/daiseys/public_html/new/chinco-page/images/banners spinnaker-banner.jpg
2020.05.05 18:28 B C:\Chincoteague.com\Webpages\new\chinco-page\images\banners\steamers-banner.jpg --> www.chincoteague.com /usr/home/daiseys/public_html/new/chinco-page/images/banners steamers-banner.jpg
2020.05.05 18:28 B C:\Chincoteague.com\Webpages\new\chinco-page\images\banners\sv_banner.jpg --> www.chincoteague.com /usr/home/daiseys/public_html/new/chinco-page/images/banners sv_banner.jpg
2020.05.05 18:28 B C:\Chincoteague.com\Webpages\new\chinco-page\images\banners\TIC_Home_Page_Banner_Ad.png --> www.chincoteague.com /usr/home/daiseys/public_html/new/chinco-page/images/banners TIC_Home_Page_Banner_Ad.png
2020.05.05 18:28 B C:\Chincoteague.com\Webpages\new\chinco-page\images\banners\waterside-inn-banner.jpg --> www.chincoteague.com /usr/home/daiseys/public_html/new/chinco-page/images/banners waterside-inn-banner.jpg
2020.05.05 21:13 B C:\Chincoteague.com\Webpages\chinco-page\images\banners\anchorinn-banner3.jpg --> www.chincoteague.com /usr/home/daiseys/public_html/chinco-page/images/banners anchorinn-banner3.jpg
2020.05.06 10:37 B C:\Chincoteague.com\Webpages\chinco-page\images\banners\sea-gate.jpg --> www.chincoteague.com /usr/home/daiseys/public_html/chinco-page/images/banners sea-gate.jpg
2020.05.20 20:48 B C:\Chincoteague.com\Webpages\chinco-page\images\banners\hampton-inn-banner.png --> www.chincoteague.com /usr/home/daiseys/public_html/chinco-page/images/banners hampton-inn-banner.png
2020.07.02 19:34 B C:\Chincoteague.com\Webpages\chinco-page\images\banners\meghan-clarkson.jpg --> www.chincoteague.com /usr/home/daiseys/public_html/chinco-page/images/banners meghan-clarkson.jpg
2020.07.02 19:37 B C:\Chincoteague.com\Webpages\chinco-page\images\banners\meghan-clarkson.jpg --> www.chincoteague.com /usr/home/daiseys/public_html/chinco-page/images/banners meghan-clarkson.jpg
2020.07.07 09:07 B C:\Chincoteague.com\Webpages\chinco-page\images\banners\assateague-adventures.jpg --> www.chincoteague.com /usr/home/daiseys/public_html/chinco-page/images/banners assateague-adventures.jpg
2020.07.07 21:04 B C:\Chincoteague.com\Webpages\chinco-page\images\banners\assateague-adventures.jpg --> www.chincoteague.com /usr/home/daiseys/public_html/chinco-page/images/banners assateague-adventures.jpg
2020.07.07 21:14 B C:\Chincoteague.com\Webpages\chinco-page\images\banners\assateague-adventures.jpg --> www.chincoteague.com /usr/home/daiseys/public_html/chinco-page/images/banners assateague-adventures.jpg
2020.07.08 21:37 B C:\Chincoteague.com\Webpages\chinco-page\images\banners\assateague-adventures.jpg --> www.chincoteague.com /usr/home/daiseys/public_html/chinco-page/images/banners assateague-adventures.jpg
2020.07.09 18:03 B C:\Chincoteague.com\Webpages\chinco-page\images\banners\assateague-adventures.jpg --> www.chincoteague.com /usr/home/daiseys/public_html/chinco-page/images/banners assateague-adventures.jpg
2020.08.21 12:30 B C:\Chincoteague.com\Webpages\chinco-page\images\banners\bwp-banner2.jpg --> www.chincoteague.com /usr/home/daiseys/public_html/chinco-page/images/banners bwp-banner2.jpg
