2017.10.24 17:13 B C:\Chincoteague.com\Webpages\chinco-page-listings\images\real-estate-companies\bbr-logo.jpg --> www.chincoteague.com /usr/home/daiseys/public_html/chinco-page-listings/images/real-estate-companies bbr-logo.jpg
2017.10.25 10:11 B C:\Chincoteague.com\Webpages\chinco-page-listings\images\real-estate-companies\cb-logo.jpg --> www.chincoteague.com /usr/home/daiseys/public_html/chinco-page-listings/images/real-estate-companies cb-logo.jpg
2017.10.25 10:11 B C:\Chincoteague.com\Webpages\chinco-page-listings\images\real-estate-companies\coastal-realty-logo.jpg --> www.chincoteague.com /usr/home/daiseys/public_html/chinco-page-listings/images/real-estate-companies coastal-realty-logo.jpg
2017.10.25 10:11 B C:\Chincoteague.com\Webpages\chinco-page-listings\images\real-estate-companies\dockside-properties-logo.jpg --> www.chincoteague.com /usr/home/daiseys/public_html/chinco-page-listings/images/real-estate-companies dockside-properties-logo.jpg
2017.10.25 10:11 B C:\Chincoteague.com\Webpages\chinco-page-listings\images\real-estate-companies\esp-logo.jpg --> www.chincoteague.com /usr/home/daiseys/public_html/chinco-page-listings/images/real-estate-companies esp-logo.jpg
2017.10.25 10:11 B C:\Chincoteague.com\Webpages\chinco-page-listings\images\real-estate-companies\long-foster-logo.jpg --> www.chincoteague.com /usr/home/daiseys/public_html/chinco-page-listings/images/real-estate-companies long-foster-logo.jpg
2017.10.25 10:11 B C:\Chincoteague.com\Webpages\chinco-page-listings\images\real-estate-companies\ocean-east-logo.jpg --> www.chincoteague.com /usr/home/daiseys/public_html/chinco-page-listings/images/real-estate-companies ocean-east-logo.jpg
2017.10.25 10:11 B C:\Chincoteague.com\Webpages\chinco-page-listings\images\real-estate-companies\seaside-properties-logo.jpg --> www.chincoteague.com /usr/home/daiseys/public_html/chinco-page-listings/images/real-estate-companies seaside-properties-logo.jpg
2017.10.25 11:25 B C:\Chincoteague.com\Webpages\chinco-page-listings\images\real-estate-companies\ocean-east-logo.jpg --> www.chincoteague.com /usr/home/daiseys/public_html/chinco-page-listings/images ocean-east-logo.jpg
2017.10.25 11:25 B C:\Chincoteague.com\Webpages\chinco-page-listings\images\real-estate-companies\ocean-east-logo.jpg --> www.chincoteague.com /usr/home/daiseys/public_html/chinco-page-listings/images/real-estate-companies ocean-east-logo.jpg
2017.10.25 11:26 B C:\Chincoteague.com\Webpages\chinco-page-listings\images\real-estate-companies\ocean-east-logo.jpg --> www.chincoteague.com /usr/home/daiseys/public_html/chinco-page-listings/images/real-estate-companies ocean-east-logo.jpg
2018.01.03 16:30 B C:\Chincoteague.com\Webpages\chinco-page-listings\images\real-estate-companies\bbr-logo.jpg --> www.chincoteague.com /usr/home/daiseys/public_html/chinco-page-listings/images/real-estate-companies bbr-logo.jpg
2018.01.03 16:30 B C:\Chincoteague.com\Webpages\chinco-page-listings\images\real-estate-companies\cb-logo.jpg --> www.chincoteague.com /usr/home/daiseys/public_html/chinco-page-listings/images/real-estate-companies cb-logo.jpg
2018.01.03 16:30 B C:\Chincoteague.com\Webpages\chinco-page-listings\images\real-estate-companies\coastal-realty-logo.jpg --> www.chincoteague.com /usr/home/daiseys/public_html/chinco-page-listings/images/real-estate-companies coastal-realty-logo.jpg
2018.01.03 16:30 B C:\Chincoteague.com\Webpages\chinco-page-listings\images\real-estate-companies\dockside-properties-logo.jpg --> www.chincoteague.com /usr/home/daiseys/public_html/chinco-page-listings/images/real-estate-companies dockside-properties-logo.jpg
2018.01.03 16:30 B C:\Chincoteague.com\Webpages\chinco-page-listings\images\real-estate-companies\esp-logo.jpg --> www.chincoteague.com /usr/home/daiseys/public_html/chinco-page-listings/images/real-estate-companies esp-logo.jpg
2018.01.03 16:30 B C:\Chincoteague.com\Webpages\chinco-page-listings\images\real-estate-companies\Long-and-Foster-Realtors_logo.png --> www.chincoteague.com /usr/home/daiseys/public_html/chinco-page-listings/images/real-estate-companies Long-and-Foster-Realtors_logo.png
2018.01.03 16:31 B C:\Chincoteague.com\Webpages\chinco-page-listings\images\real-estate-companies\long-foster-logo.jpg --> www.chincoteague.com /usr/home/daiseys/public_html/chinco-page-listings/images/real-estate-companies long-foster-logo.jpg
2018.01.03 16:31 B C:\Chincoteague.com\Webpages\chinco-page-listings\images\real-estate-companies\premierlogo.png --> www.chincoteague.com /usr/home/daiseys/public_html/chinco-page-listings/images/real-estate-companies premierlogo.png
2018.01.03 16:31 B C:\Chincoteague.com\Webpages\chinco-page-listings\images\real-estate-companies\seaside-properties-logo.jpg --> www.chincoteague.com /usr/home/daiseys/public_html/chinco-page-listings/images/real-estate-companies seaside-properties-logo.jpg
2018.07.02 13:54 B C:\Chincoteague.com\Webpages\chinco-page-listings\images\real-estate-companies\kwd_logo.jpg --> www.chincoteague.com /usr/home/daiseys/public_html/chinco-page-listings/images/real-estate-companies kwd_logo.jpg
2019.11.26 14:18 B C:\Chincoteague.com\Webpages\chinco-page-listings\images\real-estate-companies\bbr-logo.jpg --> www.chincoteague.com /usr/home/daiseys/public_html/chinco-page/listings/images/real-estate-companies bbr-logo.jpg
2019.11.26 14:18 B C:\Chincoteague.com\Webpages\chinco-page-listings\images\real-estate-companies\cb-logo.jpg --> www.chincoteague.com /usr/home/daiseys/public_html/chinco-page/listings/images/real-estate-companies cb-logo.jpg
2019.11.26 14:18 B C:\Chincoteague.com\Webpages\chinco-page-listings\images\real-estate-companies\coastal-realty-logo.jpg --> www.chincoteague.com /usr/home/daiseys/public_html/chinco-page/listings/images/real-estate-companies coastal-realty-logo.jpg
2019.11.26 14:18 B C:\Chincoteague.com\Webpages\chinco-page-listings\images\real-estate-companies\dockside-properties-logo.jpg --> www.chincoteague.com /usr/home/daiseys/public_html/chinco-page/listings/images/real-estate-companies dockside-properties-logo.jpg
2019.11.26 14:18 B C:\Chincoteague.com\Webpages\chinco-page-listings\images\real-estate-companies\esp-logo.jpg --> www.chincoteague.com /usr/home/daiseys/public_html/chinco-page/listings/images/real-estate-companies esp-logo.jpg
2019.11.26 14:18 B C:\Chincoteague.com\Webpages\chinco-page-listings\images\real-estate-companies\kwd_logo.jpg --> www.chincoteague.com /usr/home/daiseys/public_html/chinco-page/listings/images/real-estate-companies kwd_logo.jpg
2019.11.26 14:18 B C:\Chincoteague.com\Webpages\chinco-page-listings\images\real-estate-companies\Long-and-Foster-Realtors_logo.png --> www.chincoteague.com /usr/home/daiseys/public_html/chinco-page/listings/images/real-estate-companies Long-and-Foster-Realtors_logo.png
2019.11.26 14:18 B C:\Chincoteague.com\Webpages\chinco-page-listings\images\real-estate-companies\premierlogo.png --> www.chincoteague.com /usr/home/daiseys/public_html/chinco-page/listings/images/real-estate-companies premierlogo.png
2019.11.26 14:18 B C:\Chincoteague.com\Webpages\chinco-page-listings\images\real-estate-companies\seaside-properties-logo.jpg --> www.chincoteague.com /usr/home/daiseys/public_html/chinco-page/listings/images/real-estate-companies seaside-properties-logo.jpg
2019.11.26 14:18 B C:\Chincoteague.com\Webpages\chinco-page-listings\images\real-estate-companies\WS_FTP.LOG --> www.chincoteague.com /usr/home/daiseys/public_html/chinco-page/listings/images/real-estate-companies WS_FTP.LOG
2019.12.21 13:02 B C:\Chincoteague.com\Webpages\new\chinco-page\listings\images\real-estate-companies\bbr-logo.jpg --> www.chincoteague.com /usr/home/daiseys/public_html/new/chinco-page/listings/images/real-estate-companies bbr-logo.jpg
2019.12.21 13:02 B C:\Chincoteague.com\Webpages\new\chinco-page\listings\images\real-estate-companies\cb-logo.jpg --> www.chincoteague.com /usr/home/daiseys/public_html/new/chinco-page/listings/images/real-estate-companies cb-logo.jpg
2019.12.21 13:02 B C:\Chincoteague.com\Webpages\new\chinco-page\listings\images\real-estate-companies\coastal-realty-logo.jpg --> www.chincoteague.com /usr/home/daiseys/public_html/new/chinco-page/listings/images/real-estate-companies coastal-realty-logo.jpg
2019.12.21 13:02 B C:\Chincoteague.com\Webpages\new\chinco-page\listings\images\real-estate-companies\dockside-properties-logo.jpg --> www.chincoteague.com /usr/home/daiseys/public_html/new/chinco-page/listings/images/real-estate-companies dockside-properties-logo.jpg
2019.12.21 13:02 B C:\Chincoteague.com\Webpages\new\chinco-page\listings\images\real-estate-companies\esp-logo.jpg --> www.chincoteague.com /usr/home/daiseys/public_html/new/chinco-page/listings/images/real-estate-companies esp-logo.jpg
2019.12.21 13:02 B C:\Chincoteague.com\Webpages\new\chinco-page\listings\images\real-estate-companies\kwd_logo.jpg --> www.chincoteague.com /usr/home/daiseys/public_html/new/chinco-page/listings/images/real-estate-companies kwd_logo.jpg
2019.12.21 13:02 B C:\Chincoteague.com\Webpages\new\chinco-page\listings\images\real-estate-companies\Long-and-Foster-Realtors_logo.png --> www.chincoteague.com /usr/home/daiseys/public_html/new/chinco-page/listings/images/real-estate-companies Long-and-Foster-Realtors_logo.png
2019.12.21 13:02 B C:\Chincoteague.com\Webpages\new\chinco-page\listings\images\real-estate-companies\premierlogo.png --> www.chincoteague.com /usr/home/daiseys/public_html/new/chinco-page/listings/images/real-estate-companies premierlogo.png
2019.12.21 13:02 B C:\Chincoteague.com\Webpages\new\chinco-page\listings\images\real-estate-companies\seaside-properties-logo.jpg --> www.chincoteague.com /usr/home/daiseys/public_html/new/chinco-page/listings/images/real-estate-companies seaside-properties-logo.jpg
2019.12.21 13:02 B C:\Chincoteague.com\Webpages\new\chinco-page\listings\images\real-estate-companies\WS_FTP.LOG --> www.chincoteague.com /usr/home/daiseys/public_html/new/chinco-page/listings/images/real-estate-companies WS_FTP.LOG
