2019.11.26 14:15 B C:\Chincoteague.com\Webpages\chinco-page-listings\images\hotels\original\anchor-inn.jpg --> www.chincoteague.com /usr/home/daiseys/public_html/chinco-page/listings/images/hotels/original anchor-inn.jpg
2019.11.26 14:15 B C:\Chincoteague.com\Webpages\chinco-page-listings\images\hotels\original\assateagueinn.jpg --> www.chincoteague.com /usr/home/daiseys/public_html/chinco-page/listings/images/hotels/original assateagueinn.jpg
2019.11.26 14:15 B C:\Chincoteague.com\Webpages\chinco-page-listings\images\hotels\original\bestwestern.jpg --> www.chincoteague.com /usr/home/daiseys/public_html/chinco-page/listings/images/hotels/original bestwestern.jpg
2019.11.26 14:15 B C:\Chincoteague.com\Webpages\chinco-page-listings\images\hotels\original\birchwoodmotel.jpg --> www.chincoteague.com /usr/home/daiseys/public_html/chinco-page/listings/images/hotels/original birchwoodmotel.jpg
2019.11.26 14:15 B C:\Chincoteague.com\Webpages\chinco-page-listings\images\hotels\original\comfort-suites.jpg --> www.chincoteague.com /usr/home/daiseys/public_html/chinco-page/listings/images/hotels/original comfort-suites.jpg
2019.11.26 14:15 B C:\Chincoteague.com\Webpages\chinco-page-listings\images\hotels\original\dovewinds.jpg --> www.chincoteague.com /usr/home/daiseys/public_html/chinco-page/listings/images/hotels/original dovewinds.jpg
2019.11.26 14:15 B C:\Chincoteague.com\Webpages\chinco-page-listings\images\hotels\original\fairfield-inn-chincoteague.jpg --> www.chincoteague.com /usr/home/daiseys/public_html/chinco-page/listings/images/hotels/original fairfield-inn-chincoteague.jpg
2019.11.26 14:15 B C:\Chincoteague.com\Webpages\chinco-page-listings\images\hotels\original\hamptoninn-listing.jpg --> www.chincoteague.com /usr/home/daiseys/public_html/chinco-page/listings/images/hotels/original hamptoninn-listing.jpg
2019.11.26 14:15 B C:\Chincoteague.com\Webpages\chinco-page-listings\images\hotels\original\holiday-cottages.jpg --> www.chincoteague.com /usr/home/daiseys/public_html/chinco-page/listings/images/hotels/original holiday-cottages.jpg
2019.11.26 14:15 B C:\Chincoteague.com\Webpages\chinco-page-listings\images\hotels\original\IMG_4270.JPG --> www.chincoteague.com /usr/home/daiseys/public_html/chinco-page/listings/images/hotels/original IMG_4270.JPG
2019.11.26 14:15 B C:\Chincoteague.com\Webpages\chinco-page-listings\images\hotels\original\islandmotorinn.jpg --> www.chincoteague.com /usr/home/daiseys/public_html/chinco-page/listings/images/hotels/original islandmotorinn.jpg
2019.11.26 14:15 B C:\Chincoteague.com\Webpages\chinco-page-listings\images\hotels\original\marina-bay-hotel-and-suites.jpg --> www.chincoteague.com /usr/home/daiseys/public_html/chinco-page/listings/images/hotels/original marina-bay-hotel-and-suites.jpg
2019.11.26 14:15 B C:\Chincoteague.com\Webpages\chinco-page-listings\images\hotels\original\marina-bay-logo.png --> www.chincoteague.com /usr/home/daiseys/public_html/chinco-page/listings/images/hotels/original marina-bay-logo.png
2019.11.26 14:15 B C:\Chincoteague.com\Webpages\chinco-page-listings\images\hotels\original\new-anchor-inn-room.jpg --> www.chincoteague.com /usr/home/daiseys/public_html/chinco-page/listings/images/hotels/original new-anchor-inn-room.jpg
2019.11.26 14:17 B C:\Chincoteague.com\Webpages\chinco-page-listings\images\hotels\original\PJH_7666 copy.JPG --> www.chincoteague.com /usr/home/daiseys/public_html/chinco-page/listings/images/hotels/original PJH_7666 copy.JPG
2019.11.26 14:17 B C:\Chincoteague.com\Webpages\chinco-page-listings\images\hotels\original\refugeinn.jpg --> www.chincoteague.com /usr/home/daiseys/public_html/chinco-page/listings/images/hotels/original refugeinn.jpg
2019.11.26 14:17 B C:\Chincoteague.com\Webpages\chinco-page-listings\images\hotels\original\rodeway-inn.jpg --> www.chincoteague.com /usr/home/daiseys/public_html/chinco-page/listings/images/hotels/original rodeway-inn.jpg
2019.11.26 14:17 B C:\Chincoteague.com\Webpages\chinco-page-listings\images\hotels\original\sea-shell-motel-banner.jpg --> www.chincoteague.com /usr/home/daiseys/public_html/chinco-page/listings/images/hotels/original sea-shell-motel-banner.jpg
2019.11.26 14:17 B C:\Chincoteague.com\Webpages\chinco-page-listings\images\hotels\original\seahawkmotel.jpg --> www.chincoteague.com /usr/home/daiseys/public_html/chinco-page/listings/images/hotels/original seahawkmotel.jpg
2019.11.26 14:17 B C:\Chincoteague.com\Webpages\chinco-page-listings\images\hotels\original\snug-harbor.jpg --> www.chincoteague.com /usr/home/daiseys/public_html/chinco-page/listings/images/hotels/original snug-harbor.jpg
2019.11.26 14:17 B C:\Chincoteague.com\Webpages\chinco-page-listings\images\hotels\original\waterside-inn-pic.jpg --> www.chincoteague.com /usr/home/daiseys/public_html/chinco-page/listings/images/hotels/original waterside-inn-pic.jpg
2019.12.21 12:59 B C:\Chincoteague.com\Webpages\new\chinco-page\listings\images\hotels\original\anchor-inn.jpg --> www.chincoteague.com /usr/home/daiseys/public_html/new/chinco-page/listings/images/hotels/original anchor-inn.jpg
2019.12.21 12:59 B C:\Chincoteague.com\Webpages\new\chinco-page\listings\images\hotels\original\assateagueinn.jpg --> www.chincoteague.com /usr/home/daiseys/public_html/new/chinco-page/listings/images/hotels/original assateagueinn.jpg
2019.12.21 12:59 B C:\Chincoteague.com\Webpages\new\chinco-page\listings\images\hotels\original\bestwestern.jpg --> www.chincoteague.com /usr/home/daiseys/public_html/new/chinco-page/listings/images/hotels/original bestwestern.jpg
2019.12.21 12:59 B C:\Chincoteague.com\Webpages\new\chinco-page\listings\images\hotels\original\birchwoodmotel.jpg --> www.chincoteague.com /usr/home/daiseys/public_html/new/chinco-page/listings/images/hotels/original birchwoodmotel.jpg
2019.12.21 12:59 B C:\Chincoteague.com\Webpages\new\chinco-page\listings\images\hotels\original\comfort-suites.jpg --> www.chincoteague.com /usr/home/daiseys/public_html/new/chinco-page/listings/images/hotels/original comfort-suites.jpg
2019.12.21 12:59 B C:\Chincoteague.com\Webpages\new\chinco-page\listings\images\hotels\original\dovewinds.jpg --> www.chincoteague.com /usr/home/daiseys/public_html/new/chinco-page/listings/images/hotels/original dovewinds.jpg
2019.12.21 12:59 B C:\Chincoteague.com\Webpages\new\chinco-page\listings\images\hotels\original\fairfield-inn-chincoteague.jpg --> www.chincoteague.com /usr/home/daiseys/public_html/new/chinco-page/listings/images/hotels/original fairfield-inn-chincoteague.jpg
2019.12.21 12:59 B C:\Chincoteague.com\Webpages\new\chinco-page\listings\images\hotels\original\hamptoninn-listing.jpg --> www.chincoteague.com /usr/home/daiseys/public_html/new/chinco-page/listings/images/hotels/original hamptoninn-listing.jpg
2019.12.21 12:59 B C:\Chincoteague.com\Webpages\new\chinco-page\listings\images\hotels\original\holiday-cottages.jpg --> www.chincoteague.com /usr/home/daiseys/public_html/new/chinco-page/listings/images/hotels/original holiday-cottages.jpg
2019.12.21 13:00 B C:\Chincoteague.com\Webpages\new\chinco-page\listings\images\hotels\original\IMG_4270.JPG --> www.chincoteague.com /usr/home/daiseys/public_html/new/chinco-page/listings/images/hotels/original IMG_4270.JPG
2019.12.21 13:00 B C:\Chincoteague.com\Webpages\new\chinco-page\listings\images\hotels\original\islandmotorinn.jpg --> www.chincoteague.com /usr/home/daiseys/public_html/new/chinco-page/listings/images/hotels/original islandmotorinn.jpg
2019.12.21 13:00 B C:\Chincoteague.com\Webpages\new\chinco-page\listings\images\hotels\original\marina-bay-hotel-and-suites.jpg --> www.chincoteague.com /usr/home/daiseys/public_html/new/chinco-page/listings/images/hotels/original marina-bay-hotel-and-suites.jpg
2019.12.21 13:00 B C:\Chincoteague.com\Webpages\new\chinco-page\listings\images\hotels\original\marina-bay-logo.png --> www.chincoteague.com /usr/home/daiseys/public_html/new/chinco-page/listings/images/hotels/original marina-bay-logo.png
2019.12.21 13:00 B C:\Chincoteague.com\Webpages\new\chinco-page\listings\images\hotels\original\new-anchor-inn-room.jpg --> www.chincoteague.com /usr/home/daiseys/public_html/new/chinco-page/listings/images/hotels/original new-anchor-inn-room.jpg
2019.12.21 13:01 B C:\Chincoteague.com\Webpages\new\chinco-page\listings\images\hotels\original\PJH_7666 copy.JPG --> www.chincoteague.com /usr/home/daiseys/public_html/new/chinco-page/listings/images/hotels/original PJH_7666 copy.JPG
2019.12.21 13:01 B C:\Chincoteague.com\Webpages\new\chinco-page\listings\images\hotels\original\refugeinn.jpg --> www.chincoteague.com /usr/home/daiseys/public_html/new/chinco-page/listings/images/hotels/original refugeinn.jpg
2019.12.21 13:01 B C:\Chincoteague.com\Webpages\new\chinco-page\listings\images\hotels\original\rodeway-inn.jpg --> www.chincoteague.com /usr/home/daiseys/public_html/new/chinco-page/listings/images/hotels/original rodeway-inn.jpg
2019.12.21 13:01 B C:\Chincoteague.com\Webpages\new\chinco-page\listings\images\hotels\original\sea-shell-motel-banner.jpg --> www.chincoteague.com /usr/home/daiseys/public_html/new/chinco-page/listings/images/hotels/original sea-shell-motel-banner.jpg
2019.12.21 13:01 B C:\Chincoteague.com\Webpages\new\chinco-page\listings\images\hotels\original\seahawkmotel.jpg --> www.chincoteague.com /usr/home/daiseys/public_html/new/chinco-page/listings/images/hotels/original seahawkmotel.jpg
2019.12.21 13:01 B C:\Chincoteague.com\Webpages\new\chinco-page\listings\images\hotels\original\snug-harbor.jpg --> www.chincoteague.com /usr/home/daiseys/public_html/new/chinco-page/listings/images/hotels/original snug-harbor.jpg
2019.12.21 13:01 B C:\Chincoteague.com\Webpages\new\chinco-page\listings\images\hotels\original\waterside-inn-pic.jpg --> www.chincoteague.com /usr/home/daiseys/public_html/new/chinco-page/listings/images/hotels/original waterside-inn-pic.jpg
2019.12.21 13:01 B C:\Chincoteague.com\Webpages\new\chinco-page\listings\images\hotels\original\WS_FTP.LOG --> www.chincoteague.com /usr/home/daiseys/public_html/new/chinco-page/listings/images/hotels/original WS_FTP.LOG
