2016.12.08 16:04 B C:\Chincoteague.com\Webpages\chinco-page-listings\images\campgrounds\maddox.jpg --> www.chincoteague.com /usr/home/daiseys/public_html/chinco-page-listings/images/campgrounds maddox.jpg
2016.12.08 16:04 B C:\Chincoteague.com\Webpages\chinco-page-listings\images\campgrounds\pinegrove.jpg --> www.chincoteague.com /usr/home/daiseys/public_html/chinco-page-listings/images/campgrounds pinegrove.jpg
2016.12.08 16:04 B C:\Chincoteague.com\Webpages\chinco-page-listings\images\campgrounds\tomscove.jpg --> www.chincoteague.com /usr/home/daiseys/public_html/chinco-page-listings/images/campgrounds tomscove.jpg
2017.04.22 20:31 B C:\Chincoteague.com\Webpages\chinco-page-listings\images\campgrounds\koa.jpg --> www.chincoteague.com /usr/home/daiseys/public_html/chinco-page-listings/images/campgrounds koa.jpg
2017.04.22 20:34 B C:\Chincoteague.com\Webpages\chinco-page-listings\images\campgrounds\koa.jpg --> www.chincoteague.com /usr/home/daiseys/public_html/chinco-page-listings/images/campgrounds koa.jpg
2017.11.08 14:48 B C:\Chincoteague.com\Webpages\chinco-page-listings\images\campgrounds\koa.jpg --> www.chincoteague.com /usr/home/daiseys/public_html/chinco-page-listings/images/campgrounds koa.jpg
2017.11.08 14:48 B C:\Chincoteague.com\Webpages\chinco-page-listings\images\campgrounds\pinegrove.jpg --> www.chincoteague.com /usr/home/daiseys/public_html/chinco-page-listings/images/campgrounds pinegrove.jpg
2017.11.08 14:48 B C:\Chincoteague.com\Webpages\chinco-page-listings\images\campgrounds\tomscove.jpg --> www.chincoteague.com /usr/home/daiseys/public_html/chinco-page-listings/images/campgrounds tomscove.jpg
2017.11.08 14:52 B C:\Chincoteague.com\Webpages\chinco-page-listings\images\campgrounds\koa.jpg --> www.chincoteague.com /usr/home/daiseys/public_html/chinco-page-listings/images/campgrounds koa.jpg
2017.11.08 14:53 B C:\Chincoteague.com\Webpages\chinco-page-listings\images\campgrounds\pinegrove.jpg --> www.chincoteague.com /usr/home/daiseys/public_html/chinco-page-listings/images/campgrounds pinegrove.jpg
2017.11.08 14:53 B C:\Chincoteague.com\Webpages\chinco-page-listings\images\campgrounds\tomscove.jpg --> www.chincoteague.com /usr/home/daiseys/public_html/chinco-page-listings/images/campgrounds tomscove.jpg
2017.11.08 14:53 B C:\Chincoteague.com\Webpages\chinco-page-listings\images\campgrounds\pinegrove.jpg --> www.chincoteague.com /usr/home/daiseys/public_html/chinco-page-listings/images/campgrounds pinegrove.jpg
2019.11.26 14:15 B C:\Chincoteague.com\Webpages\chinco-page-listings\images\campgrounds\koa.jpg --> www.chincoteague.com /usr/home/daiseys/public_html/chinco-page/listings/images/campgrounds koa.jpg
2019.11.26 14:15 B C:\Chincoteague.com\Webpages\chinco-page-listings\images\campgrounds\pinegrove.jpg --> www.chincoteague.com /usr/home/daiseys/public_html/chinco-page/listings/images/campgrounds pinegrove.jpg
2019.11.26 14:15 B C:\Chincoteague.com\Webpages\chinco-page-listings\images\campgrounds\tomscove.jpg --> www.chincoteague.com /usr/home/daiseys/public_html/chinco-page/listings/images/campgrounds tomscove.jpg
2019.11.26 14:15 B C:\Chincoteague.com\Webpages\chinco-page-listings\images\campgrounds\WS_FTP.LOG --> www.chincoteague.com /usr/home/daiseys/public_html/chinco-page/listings/images/campgrounds WS_FTP.LOG
2019.12.21 12:59 B C:\Chincoteague.com\Webpages\new\chinco-page\listings\images\campgrounds\koa.jpg --> www.chincoteague.com /usr/home/daiseys/public_html/new/chinco-page/listings/images/campgrounds koa.jpg
2019.12.21 12:59 B C:\Chincoteague.com\Webpages\new\chinco-page\listings\images\campgrounds\pinegrove.jpg --> www.chincoteague.com /usr/home/daiseys/public_html/new/chinco-page/listings/images/campgrounds pinegrove.jpg
2019.12.21 12:59 B C:\Chincoteague.com\Webpages\new\chinco-page\listings\images\campgrounds\tomscove.jpg --> www.chincoteague.com /usr/home/daiseys/public_html/new/chinco-page/listings/images/campgrounds tomscove.jpg
2019.12.21 12:59 B C:\Chincoteague.com\Webpages\new\chinco-page\listings\images\campgrounds\WS_FTP.LOG --> www.chincoteague.com /usr/home/daiseys/public_html/new/chinco-page/listings/images/campgrounds WS_FTP.LOG
