2019.09.28 16:57 B C:\Chincoteague.com\Webpages\chinco-page\php\chinco-page-top.php --> www.chincoteague.com /usr/home/daiseys/public_html/chinco-page/php chinco-page-top.php
2019.09.28 17:09 B C:\Chincoteague.com\Webpages\chinco-page\php\chinco-page-top.php --> www.chincoteague.com /usr/home/daiseys/public_html/chinco-page/php chinco-page-top.php
2019.09.28 17:10 B C:\Chincoteague.com\Webpages\chinco-page\php\chinco-page-top.php --> www.chincoteague.com /usr/home/daiseys/public_html/chinco-page/php chinco-page-top.php
2019.09.28 17:23 B C:\Chincoteague.com\Webpages\chinco-page\php\chinco-page-top.php --> www.chincoteague.com /usr/home/daiseys/public_html/chinco-page/php chinco-page-top.php
2019.09.28 17:25 B C:\Chincoteague.com\Webpages\chinco-page\php\chinco-page-top.php --> www.chincoteague.com /usr/home/daiseys/public_html/chinco-page/php chinco-page-top.php
2019.09.28 17:28 B C:\Chincoteague.com\Webpages\chinco-page\php\chinco-page-top.php --> www.chincoteague.com /usr/home/daiseys/public_html/chinco-page/php chinco-page-top.php
2019.09.28 17:30 B C:\Chincoteague.com\Webpages\chinco-page\php\chinco-page-top.php --> www.chincoteague.com /usr/home/daiseys/public_html/chinco-page/php chinco-page-top.php
2019.09.28 17:32 B C:\Chincoteague.com\Webpages\chinco-page\php\chinco-page-top.php --> www.chincoteague.com /usr/home/daiseys/public_html/chinco-page/php chinco-page-top.php
2019.09.28 17:33 B C:\Chincoteague.com\Webpages\chinco-page\php\chinco-page-top.php --> www.chincoteague.com /usr/home/daiseys/public_html/chinco-page/php chinco-page-top.php
2019.09.28 17:34 B C:\Chincoteague.com\Webpages\chinco-page\php\chinco-page-top.php --> www.chincoteague.com /usr/home/daiseys/public_html/chinco-page/php chinco-page-top.php
2019.09.28 17:35 B C:\Chincoteague.com\Webpages\chinco-page\php\chinco-page-top.php --> www.chincoteague.com /usr/home/daiseys/public_html/chinco-page/php chinco-page-top.php
2019.09.28 17:41 B C:\Chincoteague.com\Webpages\chinco-page\php\chinco-page-top.php --> www.chincoteague.com /usr/home/daiseys/public_html/chinco-page/php chinco-page-top.php
2019.09.28 17:43 B C:\Chincoteague.com\Webpages\chinco-page\php\chinco-page-top.php --> www.chincoteague.com /usr/home/daiseys/public_html/chinco-page/php chinco-page-top.php
2019.09.28 17:45 B C:\Chincoteague.com\Webpages\chinco-page\php\chinco-page-top.php --> www.chincoteague.com /usr/home/daiseys/public_html/chinco-page/php chinco-page-top.php
2019.09.28 18:11 B C:\Chincoteague.com\Webpages\chinco-page\php\frontpage-events.php --> www.chincoteague.com /usr/home/daiseys/public_html/chinco-page/php frontpage-events.php
2019.09.28 18:16 B C:\Chincoteague.com\Webpages\chinco-page\php\frontpage-events.php --> www.chincoteague.com /usr/home/daiseys/public_html/chinco-page/php frontpage-events.php
2019.09.28 18:21 B C:\Chincoteague.com\Webpages\chinco-page\php\chinco-page-top.php --> www.chincoteague.com /usr/home/daiseys/public_html/chinco-page/php chinco-page-top.php
2019.09.28 18:23 B C:\Chincoteague.com\Webpages\chinco-page\php\chinco-page-top.php --> www.chincoteague.com /usr/home/daiseys/public_html/chinco-page/php chinco-page-top.php
2019.09.28 19:12 B C:\Chincoteague.com\Webpages\chinco-page\php\chinco-page-top.php --> www.chincoteague.com /usr/home/daiseys/public_html/chinco-page/php chinco-page-top.php
2019.09.28 19:16 B C:\Chincoteague.com\Webpages\chinco-page\php\chinco-page-top.php --> www.chincoteague.com /usr/home/daiseys/public_html/chinco-page/php chinco-page-top.php
2019.09.28 19:17 B C:\Chincoteague.com\Webpages\chinco-page\php\chinco-page-top.php --> www.chincoteague.com /usr/home/daiseys/public_html/chinco-page/php chinco-page-top.php
2019.09.28 19:23 B C:\Chincoteague.com\Webpages\chinco-page\php\chinco-page-top.php --> www.chincoteague.com /usr/home/daiseys/public_html/chinco-page/php chinco-page-top.php
2019.09.28 20:10 B C:\Chincoteague.com\Webpages\chinco-page\php\chinco-page-top.php --> www.chincoteague.com /usr/home/daiseys/public_html/chinco-page/php chinco-page-top.php
2019.09.28 20:12 B C:\Chincoteague.com\Webpages\chinco-page\php\chinco-page-top.php --> www.chincoteague.com /usr/home/daiseys/public_html/chinco-page/php chinco-page-top.php
2019.09.28 20:22 B C:\Chincoteague.com\Webpages\chinco-page\php\chinco-page-top.php --> www.chincoteague.com /usr/home/daiseys/public_html/chinco-page/php chinco-page-top.php
2019.09.28 20:23 B C:\Chincoteague.com\Webpages\chinco-page\php\chinco-page-top.php --> www.chincoteague.com /usr/home/daiseys/public_html/chinco-page/php chinco-page-top.php
2019.09.29 07:49 B C:\Chincoteague.com\Webpages\chinco-page\php\chinco-page-top.php --> www.chincoteague.com /usr/home/daiseys/public_html/chinco-page/php chinco-page-top.php
2019.09.29 08:35 B C:\Chincoteague.com\Webpages\chinco-page\php\chinco-page-top.php --> www.chincoteague.com /usr/home/daiseys/public_html/chinco-page/php chinco-page-top.php
2019.09.29 08:36 B C:\Chincoteague.com\Webpages\chinco-page\php\chinco-page-top.php --> www.chincoteague.com /usr/home/daiseys/public_html/chinco-page/php chinco-page-top.php
2019.09.29 08:37 B C:\Chincoteague.com\Webpages\chinco-page\php\chinco-page-top.php --> www.chincoteague.com /usr/home/daiseys/public_html/chinco-page/php chinco-page-top.php
2019.09.29 09:03 B C:\Chincoteague.com\Webpages\chinco-page\php\chinco-page-top.php --> www.chincoteague.com /usr/home/daiseys/public_html/chinco-page/php chinco-page-top.php
2019.10.16 18:24 B C:\Chincoteague.com\Webpages\chinco-site\php\page-top.php --> www.chincoteague.com /usr/home/daiseys/public_html/chinco-site/php page-top.php
2019.10.16 18:29 B C:\Chincoteague.com\Webpages\chinco-site\php\page-top.php --> www.chincoteague.com /usr/home/daiseys/public_html/chinco-site/php page-top.php
2019.10.16 18:31 B C:\Chincoteague.com\Webpages\chinco-site\php\page-top.php --> www.chincoteague.com /usr/home/daiseys/public_html/chinco-site/php page-top.php
2019.10.16 18:46 B C:\Chincoteague.com\Webpages\chinco-site\php\page-top2.php --> www.chincoteague.com /usr/home/daiseys/public_html/chinco-site/php page-top2.php
2019.10.16 18:50 B C:\Chincoteague.com\Webpages\chinco-site\php\page-top2.php --> www.chincoteague.com /usr/home/daiseys/public_html/chinco-site/php page-top2.php
2019.10.16 18:50 B C:\Chincoteague.com\Webpages\chinco-site\php\page-top2.php --> www.chincoteague.com /usr/home/daiseys/public_html/chinco-site/php page-top2.php
2019.10.16 18:52 B C:\Chincoteague.com\Webpages\chinco-site\php\page-top2.php --> www.chincoteague.com /usr/home/daiseys/public_html/chinco-site/php page-top2.php
2019.10.16 18:53 B C:\Chincoteague.com\Webpages\chinco-site\php\page-top2.php --> www.chincoteague.com /usr/home/daiseys/public_html/chinco-site/php page-top2.php
2019.10.16 18:56 B C:\Chincoteague.com\Webpages\chinco-site\php\page-top2.php --> www.chincoteague.com /usr/home/daiseys/public_html/chinco-site/php page-top2.php
2019.10.16 18:56 B C:\Chincoteague.com\Webpages\chinco-site\php\page-top2.php --> www.chincoteague.com /usr/home/daiseys/public_html/chinco-site/php page-top2.php
2019.10.16 18:57 B C:\Chincoteague.com\Webpages\chinco-site\php\page-top2.php --> www.chincoteague.com /usr/home/daiseys/public_html/chinco-site/php page-top2.php
2019.10.16 19:00 B C:\Chincoteague.com\Webpages\chinco-site\php\page-top2.php --> www.chincoteague.com /usr/home/daiseys/public_html/chinco-site/php page-top2.php
2019.10.16 19:09 B C:\Chincoteague.com\Webpages\chinco-site\php\page-top2.php --> www.chincoteague.com /usr/home/daiseys/public_html/chinco-site/php page-top2.php
2019.10.16 19:10 B C:\Chincoteague.com\Webpages\chinco-site\php\page-top2.php --> www.chincoteague.com /usr/home/daiseys/public_html/chinco-site/php page-top2.php
2019.10.16 19:11 B C:\Chincoteague.com\Webpages\chinco-site\php\page-top2.php --> www.chincoteague.com /usr/home/daiseys/public_html/chinco-site/php page-top2.php
2019.10.16 19:28 B C:\Chincoteague.com\Webpages\chinco-site\php\page-top2.php --> www.chincoteague.com /usr/home/daiseys/public_html/chinco-site/php page-top2.php
2019.10.16 19:30 B C:\Chincoteague.com\Webpages\chinco-site\php\page-top2.php --> www.chincoteague.com /usr/home/daiseys/public_html/chinco-site/php page-top2.php
2019.10.16 19:32 B C:\Chincoteague.com\Webpages\chinco-site\php\page-top2.php --> www.chincoteague.com /usr/home/daiseys/public_html/chinco-site/php page-top2.php
2019.10.16 19:35 B C:\Chincoteague.com\Webpages\chinco-site\php\page-top2.php --> www.chincoteague.com /usr/home/daiseys/public_html/chinco-site/php page-top2.php
2019.10.16 19:37 B C:\Chincoteague.com\Webpages\chinco-site\php\page-top2.php --> www.chincoteague.com /usr/home/daiseys/public_html/chinco-site/php page-top2.php
2019.10.16 19:41 B C:\Chincoteague.com\Webpages\chinco-site\php\page-top2.php --> www.chincoteague.com /usr/home/daiseys/public_html/chinco-site/php page-top2.php
2019.10.16 20:15 B C:\Chincoteague.com\Webpages\chinco-site\php\page-top2.php --> www.chincoteague.com /usr/home/daiseys/public_html/chinco-site/php page-top2.php
2019.10.16 20:17 B C:\Chincoteague.com\Webpages\chinco-site\php\page-top2.php --> www.chincoteague.com /usr/home/daiseys/public_html/chinco-site/php page-top2.php
2019.10.16 20:17 B C:\Chincoteague.com\Webpages\chinco-site\php\page-top2.php --> www.chincoteague.com /usr/home/daiseys/public_html/chinco-site/php page-top2.php
2019.10.16 20:18 B C:\Chincoteague.com\Webpages\chinco-site\php\page-top2.php --> www.chincoteague.com /usr/home/daiseys/public_html/chinco-site/php page-top2.php
2019.10.16 20:19 B C:\Chincoteague.com\Webpages\chinco-site\php\page-top2.php --> www.chincoteague.com /usr/home/daiseys/public_html/chinco-site/php page-top2.php
2019.10.16 20:23 B C:\Chincoteague.com\Webpages\chinco-site\php\page-top2.php --> www.chincoteague.com /usr/home/daiseys/public_html/chinco-site/php page-top2.php
2019.10.16 20:24 B C:\Chincoteague.com\Webpages\chinco-site\php\page-top2.php --> www.chincoteague.com /usr/home/daiseys/public_html/chinco-site/php page-top2.php
2019.10.16 20:24 B C:\Chincoteague.com\Webpages\chinco-site\php\page-top2.php --> www.chincoteague.com /usr/home/daiseys/public_html/chinco-site/php page-top2.php
2019.10.19 20:23 B C:\Chincoteague.com\Webpages\chinco-site\php\page-top.php --> www.chincoteague.com /usr/home/daiseys/public_html/chinco-site/php page-top.php
2019.10.19 20:41 B C:\Chincoteague.com\Webpages\chinco-site\php\page-top.php --> www.chincoteague.com /usr/home/daiseys/public_html/chinco-site/php page-top.php
2019.10.19 20:42 B C:\Chincoteague.com\Webpages\chinco-site\php\page-top.php --> www.chincoteague.com /usr/home/daiseys/public_html/chinco-site/php page-top.php
2019.10.19 20:46 B C:\Chincoteague.com\Webpages\chinco-site\php\page-top.php --> www.chincoteague.com /usr/home/daiseys/public_html/chinco-site/php page-top.php
2019.10.19 20:47 B C:\Chincoteague.com\Webpages\chinco-site\php\page-top.php --> www.chincoteague.com /usr/home/daiseys/public_html/chinco-site/php page-top.php
2019.10.19 20:49 B C:\Chincoteague.com\Webpages\chinco-site\php\page-top.php --> www.chincoteague.com /usr/home/daiseys/public_html/chinco-site/php page-top.php
2019.10.19 20:50 B C:\Chincoteague.com\Webpages\chinco-site\php\page-top.php --> www.chincoteague.com /usr/home/daiseys/public_html/chinco-site/php page-top.php
2019.10.19 20:51 B C:\Chincoteague.com\Webpages\chinco-site\php\page-top.php --> www.chincoteague.com /usr/home/daiseys/public_html/chinco-site/php page-top.php
2019.10.19 20:52 B C:\Chincoteague.com\Webpages\chinco-site\php\page-top.php --> www.chincoteague.com /usr/home/daiseys/public_html/chinco-site/php page-top.php
2019.10.19 20:53 B C:\Chincoteague.com\Webpages\chinco-site\php\page-top.php --> www.chincoteague.com /usr/home/daiseys/public_html/chinco-site/php page-top.php
2019.10.19 20:55 B C:\Chincoteague.com\Webpages\chinco-site\php\page-top.php --> www.chincoteague.com /usr/home/daiseys/public_html/chinco-site/php page-top.php
2019.10.21 21:08 B C:\Chincoteague.com\Webpages\chinco-site\php\page-top.php --> www.chincoteague.com /usr/home/daiseys/public_html/chinco-site/php page-top.php
2019.10.21 21:10 B C:\Chincoteague.com\Webpages\chinco-site\php\frontpage-events.php --> www.chincoteague.com /usr/home/daiseys/public_html frontpage-events.php
2019.10.22 20:16 B C:\Chincoteague.com\Webpages\chinco-site\php\page-top.php --> www.chincoteague.com /usr/home/daiseys/public_html/chinco-site/php page-top.php
2019.10.22 20:51 B C:\Chincoteague.com\Webpages\chinco-site\php\page-top.php --> www.chincoteague.com /usr/home/daiseys/public_html/chinco-site/php page-top.php
2019.10.22 21:00 B C:\Chincoteague.com\Webpages\chinco-site\php\page-top.php --> www.chincoteague.com /usr/home/daiseys/public_html/chinco-site/php page-top.php
2019.10.22 21:03 B C:\Chincoteague.com\Webpages\chinco-site\php\page-top.php --> www.chincoteague.com /usr/home/daiseys/public_html/chinco-site/php page-top.php
2019.10.28 14:24 B C:\Chincoteague.com\Webpages\chinco-site\php\rocket-launches.php --> www.chincoteague.com /usr/home/daiseys/public_html/chinco-site/php rocket-launches.php
2019.10.28 17:30 B C:\Chincoteague.com\Webpages\chinco-site\php\rocket-launches.php --> www.chincoteague.com /usr/home/daiseys/public_html/chinco-site/php rocket-launches.php
2019.10.28 19:12 B C:\Chincoteague.com\Webpages\chinco-page\php\page-top.php --> www.chincoteague.com /usr/home/daiseys/public_html/chinco-page/php page-top.php
2019.10.28 19:21 B C:\Chincoteague.com\Webpages\chinco-page\php\page-bottom.php --> www.chincoteague.com /usr/home/daiseys/public_html/chinco-page/php page-bottom.php
2019.10.28 19:24 B C:\Chincoteague.com\Webpages\chinco-page\php\page-bottom.php --> www.chincoteague.com /usr/home/daiseys/public_html/chinco-page/php page-bottom.php
2019.10.28 19:38 B C:\Chincoteague.com\Webpages\chinco-page\php\page-bottom.php --> www.chincoteague.com /usr/home/daiseys/public_html/chinco-page/php page-bottom.php
2019.10.28 19:39 B C:\Chincoteague.com\Webpages\chinco-page\php\page-bottom.php --> www.chincoteague.com /usr/home/daiseys/public_html/chinco-page/php page-bottom.php
2019.10.28 19:40 B C:\Chincoteague.com\Webpages\chinco-page\php\page-bottom.php --> www.chincoteague.com /usr/home/daiseys/public_html/chinco-page/php page-bottom.php
2019.10.28 19:43 B C:\Chincoteague.com\Webpages\chinco-page\php\page-bottom.php --> www.chincoteague.com /usr/home/daiseys/public_html/chinco-page/php page-bottom.php
2019.10.28 19:46 B C:\Chincoteague.com\Webpages\chinco-page\php\page-bottom.php --> www.chincoteague.com /usr/home/daiseys/public_html/chinco-page/php page-bottom.php
2019.10.28 19:53 B C:\Chincoteague.com\Webpages\chinco-page\php\page-bottom.php --> www.chincoteague.com /usr/home/daiseys/public_html/chinco-page/php page-bottom.php
2019.10.29 19:50 B C:\Chincoteague.com\Webpages\chinco-page\php\page-top2.php --> www.chincoteague.com /usr/home/daiseys/public_html/chinco-page/php page-top2.php
2019.11.02 10:58 B C:\Chincoteague.com\Webpages\chinco-page\php\page-top.php --> www.chincoteague.com /usr/home/daiseys/public_html/chinco-page/php page-top.php
2019.11.02 11:03 B C:\Chincoteague.com\Webpages\chinco-page\php\page-top.php --> www.chincoteague.com /usr/home/daiseys/public_html/chinco-page/php page-top.php
2019.11.02 11:04 B C:\Chincoteague.com\Webpages\chinco-page\php\page-top.php --> www.chincoteague.com /usr/home/daiseys/public_html/chinco-page/php page-top.php
2019.11.02 11:09 B C:\Chincoteague.com\Webpages\chinco-page\php\page-top.php --> www.chincoteague.com /usr/home/daiseys/public_html/chinco-page/php page-top.php
2019.11.07 19:32 B C:\Chincoteague.com\Webpages\chinco-page\php\page-top.php --> www.chincoteague.com /usr/home/daiseys/public_html/chinco-page/php page-top.php
2019.11.07 19:35 B C:\Chincoteague.com\Webpages\chinco-page\php\page-top.php --> www.chincoteague.com /usr/home/daiseys/public_html/chinco-page/php page-top.php
2019.11.07 19:44 B C:\Chincoteague.com\Webpages\chinco-page\php\page-top.php --> www.chincoteague.com /usr/home/daiseys/public_html/chinco-page/php page-top.php
2019.11.09 19:01 B C:\Chincoteague.com\Webpages\chinco-page\php\page-top.php --> www.chincoteague.com /usr/home/daiseys/public_html/chinco-page/php page-top.php
2019.11.09 19:03 B C:\Chincoteague.com\Webpages\chinco-page\php\page-top.php --> www.chincoteague.com /usr/home/daiseys/public_html/chinco-page/php page-top.php
2019.11.09 19:34 B C:\Chincoteague.com\Webpages\chinco-page\php\page-bottom.php --> www.chincoteague.com /usr/home/daiseys/public_html/chinco-page/php page-bottom.php
2019.11.09 19:45 B C:\Chincoteague.com\Webpages\chinco-page\php\page-bottom.php --> www.chincoteague.com /usr/home/daiseys/public_html/chinco-page/php page-bottom.php
2019.11.09 19:46 B C:\Chincoteague.com\Webpages\chinco-page\php\page-bottom.php --> www.chincoteague.com /usr/home/daiseys/public_html/chinco-page/php page-bottom.php
2019.11.09 20:00 B C:\Chincoteague.com\Webpages\chinco-page\php\page-top.php --> www.chincoteague.com /usr/home/daiseys/public_html/chinco-page/php page-top.php
2019.11.09 20:09 B C:\Chincoteague.com\Webpages\chinco-page\php\page-top.php --> www.chincoteague.com /usr/home/daiseys/public_html/chinco-page/php page-top.php
2019.11.09 20:26 B C:\Chincoteague.com\Webpages\chinco-page\php\page-top.php --> www.chincoteague.com /usr/home/daiseys/public_html/chinco-page/php page-top.php
2019.11.09 20:27 B C:\Chincoteague.com\Webpages\chinco-page\php\page-top.php --> www.chincoteague.com /usr/home/daiseys/public_html/chinco-page/php page-top.php
2019.11.09 20:30 B C:\Chincoteague.com\Webpages\chinco-page\php\page-top.php --> www.chincoteague.com /usr/home/daiseys/public_html/chinco-page/php page-top.php
2019.11.09 20:44 B C:\Chincoteague.com\Webpages\chinco-page\php\page-top.php --> www.chincoteague.com /usr/home/daiseys/public_html/chinco-page/php page-top.php
2019.11.09 21:03 B C:\Chincoteague.com\Webpages\chinco-page\php\page-bottom.php --> www.chincoteague.com /usr/home/daiseys/public_html/chinco-page page-bottom.php
2019.11.09 21:03 B C:\Chincoteague.com\Webpages\chinco-page\php\page-bottom.php --> www.chincoteague.com /usr/home/daiseys/public_html/chinco-page/php page-bottom.php
2019.11.09 21:05 B C:\Chincoteague.com\Webpages\chinco-page\php\page-top.php --> www.chincoteague.com /usr/home/daiseys/public_html/chinco-page/php page-top.php
2019.11.09 21:07 B C:\Chincoteague.com\Webpages\chinco-page\php\page-bottom.php --> www.chincoteague.com /usr/home/daiseys/public_html/chinco-page/php page-bottom.php
2019.11.10 13:03 B C:\Chincoteague.com\Webpages\chinco-page\php\page-top.php --> www.chincoteague.com /usr/home/daiseys/public_html/chinco-page/php page-top.php
2019.11.10 17:46 B C:\Chincoteague.com\Webpages\chinco-page\php\page-bottom.php --> www.chincoteague.com /usr/home/daiseys/public_html/chinco-page/php page-bottom.php
2019.11.10 18:31 B C:\Chincoteague.com\Webpages\chinco-page\php\page-top.php --> www.chincoteague.com /usr/home/daiseys/public_html/chinco-page/php page-top.php
2019.11.10 18:32 B C:\Chincoteague.com\Webpages\chinco-page\php\page-top.php --> www.chincoteague.com /usr/home/daiseys/public_html/chinco-page/php page-top.php
2019.11.10 18:33 B C:\Chincoteague.com\Webpages\chinco-page\php\page-top.php --> www.chincoteague.com /usr/home/daiseys/public_html/chinco-page/php page-top.php
2019.11.25 11:45 B C:\Chincoteague.com\Webpages\chinco-page\php\page-top.php --> www.chincoteague.com /usr/home/daiseys/public_html/chinco-page/php page-top.php
2019.11.25 11:53 B C:\Chincoteague.com\Webpages\chinco-page\php\page-top.php --> www.chincoteague.com /usr/home/daiseys/public_html/chinco-page/php page-top.php
2019.11.25 12:09 B C:\Chincoteague.com\Webpages\chinco-page\php\page-top.php --> www.chincoteague.com /usr/home/daiseys/public_html/chinco-page/php page-top.php
2019.11.25 12:11 B C:\Chincoteague.com\Webpages\chinco-page\php\page-top.php --> www.chincoteague.com /usr/home/daiseys/public_html/chinco-page/php page-top.php
2019.11.25 17:34 B C:\Chincoteague.com\Webpages\chinco-page\php\page-top.php --> www.chincoteague.com /usr/home/daiseys/public_html/chinco-page/php page-top.php
2019.11.25 17:37 B C:\Chincoteague.com\Webpages\chinco-page\php\page-top.php --> www.chincoteague.com /usr/home/daiseys/public_html/chinco-page/php page-top.php
2019.11.25 17:39 B C:\Chincoteague.com\Webpages\chinco-page\php\page-top.php --> www.chincoteague.com /usr/home/daiseys/public_html/chinco-page/php page-top.php
2019.11.25 17:55 B C:\Chincoteague.com\Webpages\chinco-page\php\page-top.php --> www.chincoteague.com /usr/home/daiseys/public_html/chinco-page/php page-top.php
2019.11.25 18:36 B C:\Chincoteague.com\Webpages\chinco-page\php\page-top.php --> www.chincoteague.com /usr/home/daiseys/public_html/chinco-page/php page-top.php
2019.11.25 19:06 B C:\Chincoteague.com\Webpages\chinco-page\php\page-top.php --> www.chincoteague.com /usr/home/daiseys/public_html/chinco-page/php page-top.php
2019.11.25 19:13 B C:\Chincoteague.com\Webpages\chinco-page\php\page-top.php --> www.chincoteague.com /usr/home/daiseys/public_html/chinco-page/php page-top.php
2019.11.25 19:25 B C:\Chincoteague.com\Webpages\chinco-page\php\page-bottom.php --> www.chincoteague.com /usr/home/daiseys/public_html/chinco-page/php page-bottom.php
2019.11.25 20:23 B C:\Chincoteague.com\Webpages\chinco-page\php\page-top.php --> www.chincoteague.com /usr/home/daiseys/public_html/chinco-page/php page-top.php
2019.11.26 09:34 B C:\Chincoteague.com\Webpages\chinco-page\php\page-top.php --> www.chincoteague.com /usr/home/daiseys/public_html/chinco-page/php page-top.php
2019.11.26 09:43 B C:\Chincoteague.com\Webpages\chinco-page\php\page-bottom.php --> www.chincoteague.com /usr/home/daiseys/public_html/chinco-page/php page-bottom.php
2019.11.26 09:51 B C:\Chincoteague.com\Webpages\chinco-page\php\page-bottom.php --> www.chincoteague.com /usr/home/daiseys/public_html/chinco-page/php page-bottom.php
2019.11.26 09:52 B C:\Chincoteague.com\Webpages\chinco-page\php\page-top.php --> www.chincoteague.com /usr/home/daiseys/public_html/chinco-page/php page-top.php
2019.11.26 09:58 B C:\Chincoteague.com\Webpages\chinco-page\php\page-top.php --> www.chincoteague.com /usr/home/daiseys/public_html/chinco-page/php page-top.php
2019.11.26 10:00 B C:\Chincoteague.com\Webpages\chinco-page\php\page-top.php --> www.chincoteague.com /usr/home/daiseys/public_html/chinco-page/php page-top.php
2019.11.26 10:02 B C:\Chincoteague.com\Webpages\chinco-page\php\page-top.php --> www.chincoteague.com /usr/home/daiseys/public_html/chinco-page/php page-top.php
2019.11.26 10:03 B C:\Chincoteague.com\Webpages\chinco-page\php\page-top.php --> www.chincoteague.com /usr/home/daiseys/public_html/chinco-page/php page-top.php
2019.11.26 10:37 B C:\Chincoteague.com\Webpages\chinco-page\php\page-top.php --> www.chincoteague.com /usr/home/daiseys/public_html/chinco-page/php page-top.php
2019.11.26 13:46 B C:\Chincoteague.com\Webpages\chinco-page\php\functions.php --> www.chincoteague.com /usr/home/daiseys/public_html/chinco-page/php functions.php
2019.11.26 13:48 B C:\Chincoteague.com\Webpages\chinco-page\php\functions.php --> www.chincoteague.com /usr/home/daiseys/public_html/chinco-page/php functions.php
2019.11.26 13:48 B C:\Chincoteague.com\Webpages\chinco-page\php\page-top.php --> www.chincoteague.com /usr/home/daiseys/public_html/chinco-page/php page-top.php
2019.11.26 14:00 B C:\Chincoteague.com\Webpages\chinco-page\php\functions.php --> www.chincoteague.com /usr/home/daiseys/public_html/chinco-page/php functions.php
2019.11.26 14:00 B C:\Chincoteague.com\Webpages\chinco-page\php\page-top.php --> www.chincoteague.com /usr/home/daiseys/public_html/chinco-page/php page-top.php
2019.11.26 14:25 B C:\Chincoteague.com\Webpages\chinco-page\php\functions.php --> www.chincoteague.com /usr/home/daiseys/public_html/chinco-page/php functions.php
2019.11.26 15:26 B C:\Chincoteague.com\Webpages\chinco-page\php\functions.php --> www.chincoteague.com /usr/home/daiseys/public_html/chinco-page/php functions.php
2019.11.26 15:29 B C:\Chincoteague.com\Webpages\chinco-page\php\page-top.php --> www.chincoteague.com /usr/home/daiseys/public_html/chinco-page/php page-top.php
2019.11.26 15:29 B C:\Chincoteague.com\Webpages\chinco-page\php\page-top.php --> www.chincoteague.com /usr/home/daiseys/public_html/chinco-page/php page-top.php
2019.11.26 15:32 B C:\Chincoteague.com\Webpages\chinco-page\php\functions.php --> www.chincoteague.com /usr/home/daiseys/public_html/chinco-page/php functions.php
2019.11.26 15:34 B C:\Chincoteague.com\Webpages\chinco-page\php\functions.php --> www.chincoteague.com /usr/home/daiseys/public_html/chinco-page/php functions.php
2019.11.26 15:35 B C:\Chincoteague.com\Webpages\chinco-page\php\functions.php --> www.chincoteague.com /usr/home/daiseys/public_html/chinco-page/php functions.php
2019.11.26 15:37 B C:\Chincoteague.com\Webpages\chinco-page\php\functions.php --> www.chincoteague.com /usr/home/daiseys/public_html/chinco-page/php functions.php
2019.11.26 15:39 B C:\Chincoteague.com\Webpages\chinco-page\php\functions.php --> www.chincoteague.com /usr/home/daiseys/public_html/chinco-page/php functions.php
2019.11.26 15:40 B C:\Chincoteague.com\Webpages\chinco-page\php\functions.php --> www.chincoteague.com /usr/home/daiseys/public_html/chinco-page/php functions.php
2019.11.26 15:41 B C:\Chincoteague.com\Webpages\chinco-page\php\functions.php --> www.chincoteague.com /usr/home/daiseys/public_html/chinco-page/php functions.php
2019.11.26 15:43 B C:\Chincoteague.com\Webpages\chinco-page\php\functions.php --> www.chincoteague.com /usr/home/daiseys/public_html/chinco-page/php functions.php
2019.11.26 15:47 B C:\Chincoteague.com\Webpages\chinco-page\php\functions.php --> www.chincoteague.com /usr/home/daiseys/public_html/chinco-page/php functions.php
2019.11.26 15:49 B C:\Chincoteague.com\Webpages\chinco-page\php\functions.php --> www.chincoteague.com /usr/home/daiseys/public_html/chinco-page/php functions.php
2019.11.26 15:56 B C:\Chincoteague.com\Webpages\chinco-page\php\functions.php --> www.chincoteague.com /usr/home/daiseys/public_html/chinco-page/php functions.php
2019.11.26 16:02 B C:\Chincoteague.com\Webpages\chinco-page\php\functions.php --> www.chincoteague.com /usr/home/daiseys/public_html/chinco-page/php functions.php
2019.11.29 16:31 B C:\Chincoteague.com\Webpages\chinco-page\php\page-top.php --> www.chincoteague.com /usr/home/daiseys/public_html/chinco-page/php page-top.php
2019.11.29 16:50 B C:\Chincoteague.com\Webpages\chinco-page\php\page-top.php --> www.chincoteague.com /usr/home/daiseys/public_html/chinco-page/php page-top.php
2019.11.29 17:49 B C:\Chincoteague.com\Webpages\chinco-page\php\page-top.php --> www.chincoteague.com /usr/home/daiseys/public_html/chinco-page/php page-top.php
2019.12.01 21:00 B C:\Chincoteague.com\Webpages\chinco-page\php\page-top.php --> www.chincoteague.com /usr/home/daiseys/public_html/chinco-page/php page-top.php
2019.12.01 21:01 B C:\Chincoteague.com\Webpages\chinco-page\php\page-top.php --> www.chincoteague.com /usr/home/daiseys/public_html/chinco-page/php page-top.php
2019.12.01 21:02 B C:\Chincoteague.com\Webpages\chinco-page\php\page-top.php --> www.chincoteague.com /usr/home/daiseys/public_html/chinco-page/php page-top.php
2019.12.02 14:43 B C:\Chincoteague.com\Webpages\chinco-page\php\page-top.php --> www.chincoteague.com /usr/home/daiseys/public_html/chinco-page/php page-top.php
2019.12.02 20:47 B C:\Chincoteague.com\Webpages\chinco-page\php\page-top.php --> www.chincoteague.com /usr/home/daiseys/public_html/chinco-page/php page-top.php
2019.12.02 20:50 B C:\Chincoteague.com\Webpages\chinco-page\php\page-top.php --> www.chincoteague.com /usr/home/daiseys/public_html/chinco-page/php page-top.php
2019.12.03 19:45 B C:\Chincoteague.com\Webpages\chinco-page\php\page-top.php --> www.chincoteague.com /usr/home/daiseys/public_html/chinco-page/php page-top.php
2019.12.03 19:52 B C:\Chincoteague.com\Webpages\chinco-page\php\page-top.php --> www.chincoteague.com /usr/home/daiseys/public_html/chinco-page/php page-top.php
2019.12.03 20:19 B C:\Chincoteague.com\Webpages\chinco-page\php\page-top.php --> www.chincoteague.com /usr/home/daiseys/public_html/chinco-page/php page-top.php
2019.12.03 20:29 B C:\Chincoteague.com\Webpages\chinco-page\php\page-top.php --> www.chincoteague.com /usr/home/daiseys/public_html/chinco-page/php page-top.php
2019.12.03 20:31 B C:\Chincoteague.com\Webpages\chinco-page\php\page-bottom.php --> www.chincoteague.com /usr/home/daiseys/public_html/chinco-page/php page-bottom.php
2019.12.21 13:04 B C:\Chincoteague.com\Webpages\new\chinco-page\php\chincoMap-backup.js --> www.chincoteague.com /usr/home/daiseys/public_html/new/chinco-page/php chincoMap-backup.js
2019.12.21 13:04 B C:\Chincoteague.com\Webpages\new\chinco-page\php\frontpage-events.php --> www.chincoteague.com /usr/home/daiseys/public_html/new/chinco-page/php frontpage-events.php
2019.12.21 13:04 B C:\Chincoteague.com\Webpages\new\chinco-page\php\functions.php --> www.chincoteague.com /usr/home/daiseys/public_html/new/chinco-page/php functions.php
2019.12.21 13:04 B C:\Chincoteague.com\Webpages\new\chinco-page\php\page-bottom.php --> www.chincoteague.com /usr/home/daiseys/public_html/new/chinco-page/php page-bottom.php
2019.12.21 13:04 B C:\Chincoteague.com\Webpages\new\chinco-page\php\page-top-backup.php --> www.chincoteague.com /usr/home/daiseys/public_html/new/chinco-page/php page-top-backup.php
2019.12.21 13:04 B C:\Chincoteague.com\Webpages\new\chinco-page\php\page-top.php --> www.chincoteague.com /usr/home/daiseys/public_html/new/chinco-page/php page-top.php
2019.12.21 13:04 B C:\Chincoteague.com\Webpages\new\chinco-page\php\rocket-launches.php --> www.chincoteague.com /usr/home/daiseys/public_html/new/chinco-page/php rocket-launches.php
2019.12.21 13:04 B C:\Chincoteague.com\Webpages\new\chinco-page\php\wp-config_backup.php --> www.chincoteague.com /usr/home/daiseys/public_html/new/chinco-page/php wp-config_backup.php
2019.12.21 13:04 B C:\Chincoteague.com\Webpages\new\chinco-page\php\WS_FTP.LOG --> www.chincoteague.com /usr/home/daiseys/public_html/new/chinco-page/php WS_FTP.LOG
2019.12.21 14:49 B C:\Chincoteague.com\Webpages\new\chinco-page\php\page-top.php --> www.chincoteague.com /usr/home/daiseys/public_html/new/chinco-page/php page-top.php
2019.12.21 14:50 B C:\Chincoteague.com\Webpages\new\chinco-page\php\page-top.php --> www.chincoteague.com /usr/home/daiseys/public_html/new/chinco-page/php page-top.php
2019.12.21 14:53 B C:\Chincoteague.com\Webpages\new\chinco-page\php\page-top.php --> www.chincoteague.com /usr/home/daiseys/public_html/new/chinco-page/php page-top.php
2019.12.21 14:57 B C:\Chincoteague.com\Webpages\new\chinco-page\php\page-top.php --> www.chincoteague.com /usr/home/daiseys/public_html/new/chinco-page/php page-top.php
2019.12.21 15:11 B C:\Chincoteague.com\Webpages\new\chinco-page\php\page-top.php --> www.chincoteague.com /usr/home/daiseys/public_html/new/chinco-page/php page-top.php
2019.12.21 15:22 B C:\Chincoteague.com\Webpages\new\chinco-page\php\page-top.php --> www.chincoteague.com /usr/home/daiseys/public_html/new/chinco-page/php page-top.php
2019.12.21 15:23 B C:\Chincoteague.com\Webpages\new\chinco-page\php\page-top.php --> www.chincoteague.com /usr/home/daiseys/public_html/new/chinco-page/php page-top.php
2019.12.21 15:32 B C:\Chincoteague.com\Webpages\new\chinco-page\php\page-top.php --> www.chincoteague.com /usr/home/daiseys/public_html/new/chinco-page/php page-top.php
2019.12.22 18:11 B C:\Chincoteague.com\Webpages\new\chinco-page\php\frontpage-events.php --> www.chincoteague.com /usr/home/daiseys/public_html/new/chinco-page/php frontpage-events.php
2019.12.22 18:12 B C:\Chincoteague.com\Webpages\new\chinco-page\php\frontpage-events.php --> www.chincoteague.com /usr/home/daiseys/public_html/new/chinco-page/php frontpage-events.php
2019.12.22 18:22 B C:\Chincoteague.com\Webpages\new\chinco-page\php\page-top.php --> www.chincoteague.com /usr/home/daiseys/public_html/new/chinco-page/php page-top.php
2019.12.22 18:25 B C:\Chincoteague.com\Webpages\new\chinco-page\php\page-top.php --> www.chincoteague.com /usr/home/daiseys/public_html/new/chinco-page/php page-top.php
2019.12.22 18:34 B C:\Chincoteague.com\Webpages\new\chinco-page\php\page-top.php --> www.chincoteague.com /usr/home/daiseys/public_html/new/chinco-page/php page-top.php
2019.12.22 18:35 B C:\Chincoteague.com\Webpages\new\chinco-page\php\page-top.php --> www.chincoteague.com /usr/home/daiseys/public_html/new/chinco-page/php page-top.php
2019.12.22 18:37 B C:\Chincoteague.com\Webpages\new\chinco-page\php\page-top.php --> www.chincoteague.com /usr/home/daiseys/public_html/new/chinco-page/php page-top.php
2019.12.22 18:39 B C:\Chincoteague.com\Webpages\new\chinco-page\php\page-top.php --> www.chincoteague.com /usr/home/daiseys/public_html/new/chinco-page/php page-top.php
2019.12.22 18:40 B C:\Chincoteague.com\Webpages\new\chinco-page\php\page-top.php --> www.chincoteague.com /usr/home/daiseys/public_html/new/chinco-page/php page-top.php
2019.12.22 18:41 B C:\Chincoteague.com\Webpages\new\chinco-page\php\page-top.php --> www.chincoteague.com /usr/home/daiseys/public_html/new/chinco-page/php page-top.php
2019.12.22 19:06 B C:\Chincoteague.com\Webpages\new\chinco-page\php\page-top.php --> www.chincoteague.com /usr/home/daiseys/public_html/new/chinco-page/php page-top.php
2019.12.22 19:07 B C:\Chincoteague.com\Webpages\new\chinco-page\php\page-top.php --> www.chincoteague.com /usr/home/daiseys/public_html/new/chinco-page/php page-top.php
2019.12.22 19:18 B C:\Chincoteague.com\Webpages\new\chinco-page\php\page-top.php --> www.chincoteague.com /usr/home/daiseys/public_html/new/chinco-page/php page-top.php
2019.12.22 19:48 B C:\Chincoteague.com\Webpages\new\chinco-page\php\page-top_backup.php --> www.chincoteague.com /usr/home/daiseys/public_html/new/chinco-page/php page-top_backup.php
2019.12.22 19:55 B C:\Chincoteague.com\Webpages\new\chinco-page\php\page-top_backup.php --> www.chincoteague.com /usr/home/daiseys/public_html/new/chinco-page/php page-top_backup.php
2019.12.23 09:58 B C:\Chincoteague.com\Webpages\new\chinco-page\php\page-top.php --> www.chincoteague.com /usr/home/daiseys/public_html/new/chinco-page/php page-top.php
2019.12.23 09:59 B C:\Chincoteague.com\Webpages\new\chinco-page\php\page-top.php --> www.chincoteague.com /usr/home/daiseys/public_html/new/chinco-page/php page-top.php
2019.12.27 15:03 B C:\Chincoteague.com\Webpages\new\chinco-page\php\page-bottom.php --> www.chincoteague.com /usr/home/daiseys/public_html/new/chinco-page/php page-bottom.php
2019.12.27 15:13 B C:\Chincoteague.com\Webpages\new\chinco-page\php\frontpage-events.php --> www.chincoteague.com /usr/home/daiseys/public_html/new/chinco-page/php frontpage-events.php
2019.12.27 15:14 B C:\Chincoteague.com\Webpages\new\chinco-page\php\rocket-launches.php --> www.chincoteague.com /usr/home/daiseys/public_html/new/chinco-page/php rocket-launches.php
2020.01.05 15:09 B C:\Chincoteague.com\Webpages\new\chinco-page\php\page-top.php --> www.chincoteague.com /usr/home/daiseys/public_html/new/chinco-page/php page-top.php
2020.01.11 18:10 B C:\Chincoteague.com\Webpages\new\chinco-page\php\page-top.php --> www.chincoteague.com /usr/home/daiseys/public_html/new/chinco-page/php page-top.php
2020.01.11 20:19 B C:\Chincoteague.com\Webpages\new\chinco-page\php\page-top.php --> www.chincoteague.com /usr/home/daiseys/public_html/new/chinco-page/php page-top.php
2020.01.11 20:47 B C:\Chincoteague.com\Webpages\new\chinco-page\php\page-top.php --> www.chincoteague.com /usr/home/daiseys/public_html/new/chinco-page/php page-top.php
2020.01.15 19:18 B C:\Chincoteague.com\Webpages\new\chinco-page\php\page-top.php --> www.chincoteague.com /usr/home/daiseys/public_html/new/chinco-page/php page-top.php
2020.01.15 19:22 B C:\Chincoteague.com\Webpages\new\chinco-page\php\page-top.php --> www.chincoteague.com /usr/home/daiseys/public_html/new/chinco-page/php page-top.php
2020.01.15 19:31 B C:\Chincoteague.com\Webpages\new\chinco-page\php\page-top.php --> www.chincoteague.com /usr/home/daiseys/public_html/new/chinco-page/php page-top.php
2020.01.15 19:37 B C:\Chincoteague.com\Webpages\new\chinco-page\php\page-top.php --> www.chincoteague.com /usr/home/daiseys/public_html/new/chinco-page/php page-top.php
2020.01.15 19:40 B C:\Chincoteague.com\Webpages\new\chinco-page\php\page-bottom.php --> www.chincoteague.com /usr/home/daiseys/public_html/new/chinco-page/php page-bottom.php
2020.01.15 20:20 B C:\Chincoteague.com\Webpages\new\chinco-page\php\page-top.php --> www.chincoteague.com /usr/home/daiseys/public_html/new/chinco-page/php page-top.php
2020.01.15 20:43 B C:\Chincoteague.com\Webpages\new\chinco-page\php\page-top.php --> www.chincoteague.com /usr/home/daiseys/public_html/new/chinco-page/php page-top.php
2020.01.15 20:46 B C:\Chincoteague.com\Webpages\new\chinco-page\php\page-top.php --> www.chincoteague.com /usr/home/daiseys/public_html/new/chinco-page/php page-top.php
2020.01.15 20:47 B C:\Chincoteague.com\Webpages\new\chinco-page\php\page-top.php --> www.chincoteague.com /usr/home/daiseys/public_html/new/chinco-page/php page-top.php
2020.01.16 20:36 B C:\Chincoteague.com\Webpages\new\chinco-page\php\page-top-test.php --> www.chincoteague.com /usr/home/daiseys/public_html/new/chinco-page/php page-top-test.php
2020.01.16 20:53 B C:\Chincoteague.com\Webpages\new\chinco-page\php\page-top-test.php --> www.chincoteague.com /usr/home/daiseys/public_html/new/chinco-page/php page-top-test.php
2020.01.16 20:54 B C:\Chincoteague.com\Webpages\new\chinco-page\php\page-top-test.php --> www.chincoteague.com /usr/home/daiseys/public_html/new/chinco-page/php page-top-test.php
2020.01.16 20:57 B C:\Chincoteague.com\Webpages\new\chinco-page\php\page-top-test.php --> www.chincoteague.com /usr/home/daiseys/public_html/new/chinco-page/php page-top-test.php
2020.01.16 20:59 B C:\Chincoteague.com\Webpages\new\chinco-page\php\page-top-test.php --> www.chincoteague.com /usr/home/daiseys/public_html/new/chinco-page/php page-top-test.php
2020.01.17 17:43 B C:\Chincoteague.com\Webpages\new\chinco-page\php\page-top-test.php --> www.chincoteague.com /usr/home/daiseys/public_html/new/chinco-page/php page-top-test.php
2020.01.17 17:45 B C:\Chincoteague.com\Webpages\new\chinco-page\php\page-top-test.php --> www.chincoteague.com /usr/home/daiseys/public_html/new/chinco-page/php page-top-test.php
2020.01.17 19:50 B C:\Chincoteague.com\Webpages\new\chinco-page\php\page-top-test.php --> www.chincoteague.com /usr/home/daiseys/public_html/new/chinco-page/php page-top-test.php
2020.01.17 19:53 B C:\Chincoteague.com\Webpages\new\chinco-page\php\page-top-test.php --> www.chincoteague.com /usr/home/daiseys/public_html/new/chinco-page/php page-top-test.php
2020.01.17 19:55 B C:\Chincoteague.com\Webpages\new\chinco-page\php\page-top-test.php --> www.chincoteague.com /usr/home/daiseys/public_html/new/chinco-page/php page-top-test.php
2020.01.18 19:28 A C:\Chincoteague.com\Webpages\new\chinco-page\php\page-top-test.php --> www.chincoteague.com /usr/home/daiseys/public_html/new/chinco-page/php page-top-test.php
2020.01.18 19:28 A C:\Chincoteague.com\Webpages\new\chinco-page\php\page-top-test.php <-- Chincoteague.com /usr/home/daiseys/public_html/new/chinco-page/php page-top-test.php
2020.02.07 19:58 B C:\Chincoteague.com\Webpages\new\chinco-page\php\page-top.php --> www.chincoteague.com /usr/home/daiseys/public_html/new/chinco-page/php page-top.php
2020.03.29 12:31 B C:\Chincoteague.com\Webpages\new\chinco-page\php\page-top.php --> www.chincoteague.com /usr/home/daiseys/public_html/new/chinco-page/php page-top.php
2020.04.18 16:41 B C:\Chincoteague.com\Webpages\new\chinco-page\php\page-top.php --> www.chincoteague.com /usr/home/daiseys/public_html/new/chinco-page/php page-top.php
2020.04.18 16:44 B C:\Chincoteague.com\Webpages\new\chinco-page\php\rocket-launches.php --> www.chincoteague.com /usr/home/daiseys/public_html/new/chinco-page/php rocket-launches.php
2020.04.23 09:44 B C:\Chincoteague.com\Webpages\new\chinco-page\php\show-listings.php --> www.chincoteague.com /usr/home/daiseys/public_html/new/chinco-page/php show-listings.php
2020.04.23 09:44 B C:\Chincoteague.com\Webpages\new\chinco-page\php\functions.php <-- Chincoteague.com /usr/home/daiseys/public_html/new/chinco-page/php functions.php
2020.04.23 09:45 B C:\Chincoteague.com\Webpages\new\chinco-page\php\page-top.php --> www.chincoteague.com /usr/home/daiseys/public_html/new/chinco-page/php page-top.php
2020.04.23 09:56 B C:\Chincoteague.com\Webpages\new\chinco-page\php\show-listings.php --> www.chincoteague.com /usr/home/daiseys/public_html/new/chinco-page/php show-listings.php
2020.04.23 09:57 B C:\Chincoteague.com\Webpages\new\chinco-page\php\show-listings.php --> www.chincoteague.com /usr/home/daiseys/public_html/new/chinco-page/php show-listings.php
2020.04.23 09:57 B C:\Chincoteague.com\Webpages\new\chinco-page\php\page-top.php --> www.chincoteague.com /usr/home/daiseys/public_html/new/chinco-page/php page-top.php
2020.04.23 10:00 B C:\Chincoteague.com\Webpages\new\chinco-page\php\show-listings.php --> www.chincoteague.com /usr/home/daiseys/public_html/new/chinco-page/php show-listings.php
2020.04.23 10:00 B C:\Chincoteague.com\Webpages\new\chinco-page\php\show-listings.php --> www.chincoteague.com /usr/home/daiseys/public_html/new/chinco-page/php show-listings.php
2020.04.23 19:57 B C:\Chincoteague.com\Webpages\new\chinco-page\php\show-listings.php --> www.chincoteague.com /usr/home/daiseys/public_html/new/chinco-page/php show-listings.php
2020.04.28 19:52 B C:\Chincoteague.com\Webpages\new\chinco-page\php\page-top.php --> www.chincoteague.com /usr/home/daiseys/public_html/new/chinco-page/php page-top.php
2020.04.28 21:08 B C:\Chincoteague.com\Webpages\new\chinco-page\php\page-top.php --> www.chincoteague.com /usr/home/daiseys/public_html/new/chinco-page/php page-top.php
2020.04.30 19:16 B C:\Chincoteague.com\Webpages\new\chinco-page\php\page-top.php --> www.chincoteague.com /usr/home/daiseys/public_html/new/chinco-page/php page-top.php
2020.04.30 19:18 B C:\Chincoteague.com\Webpages\new\chinco-page\php\page-top.php --> www.chincoteague.com /usr/home/daiseys/public_html/new/chinco-page/php page-top.php
2020.04.30 19:42 B C:\Chincoteague.com\Webpages\new\chinco-page\php\page-bottom.php --> www.chincoteague.com /usr/home/daiseys/public_html/new/chinco-page/php page-bottom.php
2020.04.30 19:47 B C:\Chincoteague.com\Webpages\new\chinco-page\php\page-top.php --> www.chincoteague.com /usr/home/daiseys/public_html/new/chinco-page/php page-top.php
2020.04.30 19:50 B C:\Chincoteague.com\Webpages\new\chinco-page\php\page-top.php --> www.chincoteague.com /usr/home/daiseys/public_html/new/chinco-page/php page-top.php
2020.04.30 19:51 B C:\Chincoteague.com\Webpages\new\chinco-page\php\page-top.php --> www.chincoteague.com /usr/home/daiseys/public_html/new/chinco-page/php page-top.php
2020.04.30 19:51 B C:\Chincoteague.com\Webpages\new\chinco-page\php\page-top.php --> www.chincoteague.com /usr/home/daiseys/public_html/new/chinco-page/php page-top.php
2020.05.03 18:11 B C:\Chincoteague.com\Webpages\new\chinco-page\php\page-top.php --> www.chincoteague.com /usr/home/daiseys/public_html/new/chinco-page/php page-top.php
2020.05.05 18:37 B C:\Chincoteague.com\Webpages\new\chinco-page\php\frontpage-events.php --> www.chincoteague.com /usr/home/daiseys/public_html/chinco-page/php frontpage-events.php
2020.05.05 18:37 B C:\Chincoteague.com\Webpages\new\chinco-page\php\functions.php --> www.chincoteague.com /usr/home/daiseys/public_html/chinco-page/php functions.php
2020.05.05 18:37 B C:\Chincoteague.com\Webpages\new\chinco-page\php\page-bottom.php --> www.chincoteague.com /usr/home/daiseys/public_html/chinco-page/php page-bottom.php
2020.05.05 18:37 B C:\Chincoteague.com\Webpages\new\chinco-page\php\page-top.php --> www.chincoteague.com /usr/home/daiseys/public_html/chinco-page/php page-top.php
2020.05.05 18:37 B C:\Chincoteague.com\Webpages\new\chinco-page\php\rocket-launches.php --> www.chincoteague.com /usr/home/daiseys/public_html/chinco-page/php rocket-launches.php
2020.05.05 18:37 B C:\Chincoteague.com\Webpages\new\chinco-page\php\show-listings.php --> www.chincoteague.com /usr/home/daiseys/public_html/chinco-page/php show-listings.php
2020.05.05 18:54 B C:\Chincoteague.com\Webpages\chinco-page\php\frontpage-events.php --> www.chincoteague.com /usr/home/daiseys/public_html/chinco-page/php frontpage-events.php
2020.05.20 20:50 B C:\Chincoteague.com\Webpages\chinco-page\php\page-top.php --> www.chincoteague.com /usr/home/daiseys/public_html/chinco-page/php page-top.php
2020.05.20 21:27 B C:\Chincoteague.com\Webpages\chinco-page\php\page-top.php --> www.chincoteague.com /usr/home/daiseys/public_html/chinco-page/php page-top.php
2020.07.02 20:18 B C:\Chincoteague.com\Webpages\chinco-page\php\page-top.php --> www.chincoteague.com /usr/home/daiseys/public_html/chinco-page/php page-top.php
2020.07.02 21:02 B C:\Chincoteague.com\Webpages\chinco-page\php\page-top.php --> www.chincoteague.com /usr/home/daiseys/public_html/chinco-page/php page-top.php
